[17.236s] Invoking command in '/home/suho/final/my_package': PYTHONPATH=/home/suho/final/build/my_package/prefix_override:/home/suho/final/install/my_package/lib/python3.8/site-packages:${PYTHONPATH} /usr/bin/python3 setup.py egg_info --egg-base ../build/my_package build --build-base /home/suho/final/build/my_package/build install --record /home/suho/final/build/my_package/install.log --install-scripts $base/lib/my_package --single-version-externally-managed
[18.936s] running egg_info
[18.937s] writing ../build/my_package/my_package.egg-info/PKG-INFO
[18.947s] writing dependency_links to ../build/my_package/my_package.egg-info/dependency_links.txt
[18.985s] writing entry points to ../build/my_package/my_package.egg-info/entry_points.txt
[18.985s] writing requirements to ../build/my_package/my_package.egg-info/requires.txt
[19.003s] writing top-level names to ../build/my_package/my_package.egg-info/top_level.txt
[19.332s] reading manifest file '../build/my_package/my_package.egg-info/SOURCES.txt'
[19.354s] writing manifest file '../build/my_package/my_package.egg-info/SOURCES.txt'
[19.363s] running build
[19.364s] running build_py
[19.382s] copying my_package/flask_node.py -> /home/suho/final/build/my_package/build/lib/my_package
[19.383s] running install
[19.407s] running install_lib
[19.410s] copying /home/suho/final/build/my_package/build/lib/my_package/flask_node.py -> /home/suho/final/install/my_package/lib/python3.8/site-packages/my_package
[19.412s] byte-compiling /home/suho/final/install/my_package/lib/python3.8/site-packages/my_package/flask_node.py to flask_node.cpython-38.pyc
[19.525s] running install_data
[19.525s] running install_egg_info
[19.525s] removing '/home/suho/final/install/my_package/lib/python3.8/site-packages/my_package-0.0.0-py3.8.egg-info' (and everything under it)
[19.526s] Copying ../build/my_package/my_package.egg-info to /home/suho/final/install/my_package/lib/python3.8/site-packages/my_package-0.0.0-py3.8.egg-info
[19.526s] running install_scripts
[19.739s] Installing control_node script to /home/suho/final/install/my_package/lib/my_package
[19.780s] Installing flask_node script to /home/suho/final/install/my_package/lib/my_package
[19.782s] Installing monitor_node script to /home/suho/final/install/my_package/lib/my_package
[19.782s] Installing motor_node script to /home/suho/final/install/my_package/lib/my_package
[19.782s] Installing sensor_node script to /home/suho/final/install/my_package/lib/my_package
[19.799s] writing list of installed files to '/home/suho/final/build/my_package/install.log'
[20.099s] Invoked command in '/home/suho/final/my_package' returned '0': PYTHONPATH=/home/suho/final/build/my_package/prefix_override:/home/suho/final/install/my_package/lib/python3.8/site-packages:${PYTHONPATH} /usr/bin/python3 setup.py egg_info --egg-base ../build/my_package build --build-base /home/suho/final/build/my_package/build install --record /home/suho/final/build/my_package/install.log --install-scripts $base/lib/my_package --single-version-externally-managed
