[12.185s] DEBUG:colcon:Command line arguments: ['/usr/bin/colcon', 'build', '--packages-select', 'my_package']
[12.185s] DEBUG:colcon:Parsed command line arguments: Namespace(allow_overriding=[], ament_cmake_args=None, base_paths=['.'], build_base='build', catkin_cmake_args=None, catkin_skip_building_tests=False, cmake_args=None, cmake_clean_cache=False, cmake_clean_first=False, cmake_force_configure=False, cmake_target=None, cmake_target_skip_unavailable=False, continue_on_error=False, event_handlers=None, executor='parallel', ignore_user_meta=False, install_base='install', log_base=None, log_level=None, main=<bound method BuildVerb.main of <colcon_core.verb.build.BuildVerb object at 0x7f0653fb4a90>>, merge_install=False, metas=['./colcon.meta'], packages_above=None, packages_above_and_dependencies=None, packages_above_depth=None, packages_end=None, packages_ignore=None, packages_ignore_regex=None, packages_select=['my_package'], packages_select_build_failed=False, packages_select_by_dep=None, packages_select_regex=None, packages_select_test_failures=False, packages_skip=None, packages_skip_build_finished=False, packages_skip_by_dep=None, packages_skip_regex=None, packages_skip_test_passed=False, packages_skip_up_to=None, packages_start=None, packages_up_to=None, packages_up_to_regex=None, parallel_workers=6, paths=None, symlink_install=False, test_result_base=None, verb_extension=<colcon_core.verb.build.BuildVerb object at 0x7f0653fb4a90>, verb_name='build', verb_parser=<colcon_defaults.argument_parser.defaults.DefaultArgumentsDecorator object at 0x7f0653c8d7f0>)
[12.712s] Level 1:colcon.colcon_core.package_discovery:discover_packages(colcon_meta) check parameters
[12.712s] Level 1:colcon.colcon_core.package_discovery:discover_packages(recursive) check parameters
[12.712s] Level 1:colcon.colcon_core.package_discovery:discover_packages(ignore) check parameters
[12.712s] Level 1:colcon.colcon_core.package_discovery:discover_packages(path) check parameters
[12.713s] Level 1:colcon.colcon_core.package_discovery:discover_packages(colcon_meta) discover
[12.713s] Level 1:colcon.colcon_core.package_discovery:discover_packages(recursive) discover
[12.713s] INFO:colcon.colcon_core.package_discovery:Crawling recursively for packages in '/home/suho/final'
[12.713s] Level 1:colcon.colcon_core.package_identification:_identify(.) by extensions ['ignore', 'ignore_ament_install']
[12.714s] Level 1:colcon.colcon_core.package_identification:_identify(.) by extension 'ignore'
[12.715s] Level 1:colcon.colcon_core.package_identification:_identify(.) by extension 'ignore_ament_install'
[12.715s] Level 1:colcon.colcon_core.package_identification:_identify(.) by extensions ['colcon_pkg']
[12.715s] Level 1:colcon.colcon_core.package_identification:_identify(.) by extension 'colcon_pkg'
[12.715s] Level 1:colcon.colcon_core.package_identification:_identify(.) by extensions ['colcon_meta']
[12.715s] Level 1:colcon.colcon_core.package_identification:_identify(.) by extension 'colcon_meta'
[12.715s] Level 1:colcon.colcon_core.package_identification:_identify(.) by extensions ['ros']
[12.716s] Level 1:colcon.colcon_core.package_identification:_identify(.) by extension 'ros'
[12.747s] Level 1:colcon.colcon_core.package_identification:_identify(.) by extensions ['cmake', 'python']
[12.747s] Level 1:colcon.colcon_core.package_identification:_identify(.) by extension 'cmake'
[12.748s] Level 1:colcon.colcon_core.package_identification:_identify(.) by extension 'python'
[12.749s] Level 1:colcon.colcon_core.package_identification:_identify(.) by extensions ['python_setup_py']
[12.749s] Level 1:colcon.colcon_core.package_identification:_identify(.) by extension 'python_setup_py'
[12.753s] Level 1:colcon.colcon_core.package_identification:_identify(build) by extensions ['ignore', 'ignore_ament_install']
[12.753s] Level 1:colcon.colcon_core.package_identification:_identify(build) by extension 'ignore'
[12.754s] Level 1:colcon.colcon_core.package_identification:_identify(build) ignored
[12.757s] Level 1:colcon.colcon_core.package_identification:_identify(install) by extensions ['ignore', 'ignore_ament_install']
[12.758s] Level 1:colcon.colcon_core.package_identification:_identify(install) by extension 'ignore'
[12.759s] Level 1:colcon.colcon_core.package_identification:_identify(install) ignored
[12.759s] Level 1:colcon.colcon_core.package_identification:_identify(log) by extensions ['ignore', 'ignore_ament_install']
[12.760s] Level 1:colcon.colcon_core.package_identification:_identify(log) by extension 'ignore'
[12.760s] Level 1:colcon.colcon_core.package_identification:_identify(log) ignored
[12.760s] Level 1:colcon.colcon_core.package_identification:_identify(my_package) by extensions ['ignore', 'ignore_ament_install']
[12.761s] Level 1:colcon.colcon_core.package_identification:_identify(my_package) by extension 'ignore'
[12.761s] Level 1:colcon.colcon_core.package_identification:_identify(my_package) by extension 'ignore_ament_install'
[12.762s] Level 1:colcon.colcon_core.package_identification:_identify(my_package) by extensions ['colcon_pkg']
[12.762s] Level 1:colcon.colcon_core.package_identification:_identify(my_package) by extension 'colcon_pkg'
[12.763s] Level 1:colcon.colcon_core.package_identification:_identify(my_package) by extensions ['colcon_meta']
[12.763s] Level 1:colcon.colcon_core.package_identification:_identify(my_package) by extension 'colcon_meta'
[12.763s] Level 1:colcon.colcon_core.package_identification:_identify(my_package) by extensions ['ros']
[12.763s] Level 1:colcon.colcon_core.package_identification:_identify(my_package) by extension 'ros'
[12.771s] DEBUG:colcon.colcon_core.package_identification:Package 'my_package' with type 'ros.ament_python' and name 'my_package'
[12.772s] Level 1:colcon.colcon_core.package_discovery:discover_packages(recursive) using defaults
[12.772s] Level 1:colcon.colcon_core.package_discovery:discover_packages(ignore) discover
[12.773s] Level 1:colcon.colcon_core.package_discovery:discover_packages(ignore) using defaults
[12.773s] Level 1:colcon.colcon_core.package_discovery:discover_packages(path) discover
[12.773s] Level 1:colcon.colcon_core.package_discovery:discover_packages(path) using defaults
[14.049s] Level 1:colcon.colcon_core.package_discovery:discover_packages(prefix_path) check parameters
[14.049s] Level 1:colcon.colcon_core.package_discovery:discover_packages(prefix_path) discover
[14.306s] Level 1:colcon.colcon_core.package_discovery:discover_packages(prefix_path) using defaults
[14.700s] Level 5:colcon.colcon_core.verb:set package 'my_package' build argument 'cmake_args' from command line to 'None'
[14.700s] Level 5:colcon.colcon_core.verb:set package 'my_package' build argument 'cmake_target' from command line to 'None'
[14.700s] Level 5:colcon.colcon_core.verb:set package 'my_package' build argument 'cmake_target_skip_unavailable' from command line to 'False'
[14.700s] Level 5:colcon.colcon_core.verb:set package 'my_package' build argument 'cmake_clean_cache' from command line to 'False'
[14.701s] Level 5:colcon.colcon_core.verb:set package 'my_package' build argument 'cmake_clean_first' from command line to 'False'
[14.701s] Level 5:colcon.colcon_core.verb:set package 'my_package' build argument 'cmake_force_configure' from command line to 'False'
[14.701s] Level 5:colcon.colcon_core.verb:set package 'my_package' build argument 'ament_cmake_args' from command line to 'None'
[14.701s] Level 5:colcon.colcon_core.verb:set package 'my_package' build argument 'catkin_cmake_args' from command line to 'None'
[14.701s] Level 5:colcon.colcon_core.verb:set package 'my_package' build argument 'catkin_skip_building_tests' from command line to 'False'
[14.701s] DEBUG:colcon.colcon_core.verb:Building package 'my_package' with the following arguments: {'ament_cmake_args': None, 'build_base': '/home/suho/final/build/my_package', 'catkin_cmake_args': None, 'catkin_skip_building_tests': False, 'cmake_args': None, 'cmake_clean_cache': False, 'cmake_clean_first': False, 'cmake_force_configure': False, 'cmake_target': None, 'cmake_target_skip_unavailable': False, 'install_base': '/home/suho/final/install/my_package', 'merge_install': False, 'path': '/home/suho/final/my_package', 'symlink_install': False, 'test_result_base': None}
[14.909s] INFO:colcon.colcon_core.executor:Executing jobs using 'parallel' executor
[15.145s] DEBUG:colcon.colcon_parallel_executor.executor.parallel:run_until_complete
[15.149s] INFO:colcon.colcon_ros.task.ament_python.build:Building ROS package in '/home/suho/final/my_package' with build type 'ament_python'
[15.150s] Level 1:colcon.colcon_core.shell:create_environment_hook('my_package', 'ament_prefix_path')
[15.502s] INFO:colcon.colcon_core.plugin_system:Skipping extension 'colcon_core.shell.bat': Not used on non-Windows systems
[15.535s] INFO:colcon.colcon_core.shell:Creating environment hook '/home/suho/final/install/my_package/share/my_package/hook/ament_prefix_path.ps1'
[15.556s] INFO:colcon.colcon_core.shell:Creating environment descriptor '/home/suho/final/install/my_package/share/my_package/hook/ament_prefix_path.dsv'
[15.561s] INFO:colcon.colcon_core.shell:Creating environment hook '/home/suho/final/install/my_package/share/my_package/hook/ament_prefix_path.sh'
[15.944s] INFO:colcon.colcon_core.shell:Skip shell extension 'powershell' for command environment: Not usable outside of PowerShell
[15.944s] DEBUG:colcon.colcon_core.shell:Skip shell extension 'dsv' for command environment
[17.775s] INFO:colcon.colcon_core.task.python.build:Building Python package in '/home/suho/final/my_package'
[18.574s] INFO:colcon.colcon_core.shell:Skip shell extension 'powershell' for command environment: Not usable outside of PowerShell
[18.574s] DEBUG:colcon.colcon_core.shell:Skip shell extension 'dsv' for command environment
[20.859s] DEBUG:colcon.colcon_core.event_handler.log_command:Invoking command in '/home/suho/final/my_package': PYTHONPATH=/home/suho/final/build/my_package/prefix_override:/home/suho/final/install/my_package/lib/python3.8/site-packages: /usr/bin/python3 setup.py egg_info --egg-base ../build/my_package build --build-base /home/suho/final/build/my_package/build install --record /home/suho/final/build/my_package/install.log --install-scripts $base/lib/my_package --single-version-externally-managed
[22.917s] DEBUG:colcon.colcon_core.event_handler.log_command:Invoked command in '/home/suho/final/my_package' returned '0': PYTHONPATH=/home/suho/final/build/my_package/prefix_override:/home/suho/final/install/my_package/lib/python3.8/site-packages: /usr/bin/python3 setup.py egg_info --egg-base ../build/my_package build --build-base /home/suho/final/build/my_package/build install --record /home/suho/final/build/my_package/install.log --install-scripts $base/lib/my_package --single-version-externally-managed
[23.435s] Level 1:colcon.colcon_core.environment:checking '/home/suho/final/install/my_package' for CMake module files
[23.437s] Level 1:colcon.colcon_core.environment:checking '/home/suho/final/install/my_package' for CMake config files
[23.442s] Level 1:colcon.colcon_core.environment:checking '/home/suho/final/install/my_package/lib'
[23.443s] Level 1:colcon.colcon_core.environment:checking '/home/suho/final/install/my_package/bin'
[23.444s] Level 1:colcon.colcon_core.environment:checking '/home/suho/final/install/my_package/lib/pkgconfig/my_package.pc'
[23.444s] Level 1:colcon.colcon_core.environment:checking '/home/suho/final/install/my_package/lib/python3.8/site-packages'
[23.445s] Level 1:colcon.colcon_core.shell:create_environment_hook('my_package', 'pythonpath')
[23.706s] INFO:colcon.colcon_core.shell:Creating environment hook '/home/suho/final/install/my_package/share/my_package/hook/pythonpath.ps1'
[23.711s] INFO:colcon.colcon_core.shell:Creating environment descriptor '/home/suho/final/install/my_package/share/my_package/hook/pythonpath.dsv'
[23.712s] INFO:colcon.colcon_core.shell:Creating environment hook '/home/suho/final/install/my_package/share/my_package/hook/pythonpath.sh'
[23.715s] Level 1:colcon.colcon_core.environment:checking '/home/suho/final/install/my_package/bin'
[23.716s] Level 1:colcon.colcon_core.environment:create_environment_scripts_only(my_package)
[23.969s] INFO:colcon.colcon_core.shell:Creating package script '/home/suho/final/install/my_package/share/my_package/package.ps1'
[23.973s] INFO:colcon.colcon_core.shell:Creating package descriptor '/home/suho/final/install/my_package/share/my_package/package.dsv'
[23.976s] INFO:colcon.colcon_core.shell:Creating package script '/home/suho/final/install/my_package/share/my_package/package.sh'
[23.978s] INFO:colcon.colcon_core.shell:Creating package script '/home/suho/final/install/my_package/share/my_package/package.bash'
[23.981s] INFO:colcon.colcon_core.shell:Creating package script '/home/suho/final/install/my_package/share/my_package/package.zsh'
[23.984s] Level 1:colcon.colcon_core.environment:create_file_with_runtime_dependencies(/home/suho/final/install/my_package/share/colcon-core/packages/my_package)
[23.985s] DEBUG:colcon.colcon_parallel_executor.executor.parallel:closing loop
[23.996s] DEBUG:colcon.colcon_parallel_executor.executor.parallel:loop closed
[24.014s] DEBUG:colcon.colcon_parallel_executor.executor.parallel:run_until_complete finished with '0'
[24.014s] DEBUG:colcon.colcon_core.event_reactor:joining thread
[24.471s] INFO:colcon.colcon_core.plugin_system:Skipping extension 'colcon_notification.desktop_notification.terminal_notifier': Not used on non-Darwin systems
[24.472s] INFO:colcon.colcon_core.plugin_system:Skipping extension 'colcon_notification.desktop_notification.win32': Not used on non-Windows systems
[24.472s] INFO:colcon.colcon_notification.desktop_notification:Sending desktop notification using 'notify2'
[24.539s] DEBUG:colcon.colcon_core.event_reactor:joined thread
[24.831s] INFO:colcon.colcon_core.shell:Creating prefix script '/home/suho/final/install/local_setup.ps1'
[24.835s] INFO:colcon.colcon_core.shell:Creating prefix util module '/home/suho/final/install/_local_setup_util_ps1.py'
[24.841s] INFO:colcon.colcon_core.shell:Creating prefix chain script '/home/suho/final/install/setup.ps1'
[25.051s] INFO:colcon.colcon_core.shell:Creating prefix script '/home/suho/final/install/local_setup.sh'
[25.055s] INFO:colcon.colcon_core.shell:Creating prefix util module '/home/suho/final/install/_local_setup_util_sh.py'
[25.062s] INFO:colcon.colcon_core.shell:Creating prefix chain script '/home/suho/final/install/setup.sh'
[25.289s] INFO:colcon.colcon_core.shell:Creating prefix script '/home/suho/final/install/local_setup.bash'
[25.294s] INFO:colcon.colcon_core.shell:Creating prefix chain script '/home/suho/final/install/setup.bash'
[25.497s] INFO:colcon.colcon_core.shell:Creating prefix script '/home/suho/final/install/local_setup.zsh'
[25.500s] INFO:colcon.colcon_core.shell:Creating prefix chain script '/home/suho/final/install/setup.zsh'
