[13.117s] DEBUG:colcon:Command line arguments: ['/usr/bin/colcon', 'build', '--packages-select', 'my_package']
[13.118s] DEBUG:colcon:Parsed command line arguments: Namespace(allow_overriding=[], ament_cmake_args=None, base_paths=['.'], build_base='build', catkin_cmake_args=None, catkin_skip_building_tests=False, cmake_args=None, cmake_clean_cache=False, cmake_clean_first=False, cmake_force_configure=False, cmake_target=None, cmake_target_skip_unavailable=False, continue_on_error=False, event_handlers=None, executor='parallel', ignore_user_meta=False, install_base='install', log_base=None, log_level=None, main=<bound method BuildVerb.main of <colcon_core.verb.build.BuildVerb object at 0x7f63735fca90>>, merge_install=False, metas=['./colcon.meta'], packages_above=None, packages_above_and_dependencies=None, packages_above_depth=None, packages_end=None, packages_ignore=None, packages_ignore_regex=None, packages_select=['my_package'], packages_select_build_failed=False, packages_select_by_dep=None, packages_select_regex=None, packages_select_test_failures=False, packages_skip=None, packages_skip_build_finished=False, packages_skip_by_dep=None, packages_skip_regex=None, packages_skip_test_passed=False, packages_skip_up_to=None, packages_start=None, packages_up_to=None, packages_up_to_regex=None, parallel_workers=6, paths=None, symlink_install=False, test_result_base=None, verb_extension=<colcon_core.verb.build.BuildVerb object at 0x7f63735fca90>, verb_name='build', verb_parser=<colcon_defaults.argument_parser.defaults.DefaultArgumentsDecorator object at 0x7f63732d67c0>)
[13.666s] Level 1:colcon.colcon_core.package_discovery:discover_packages(colcon_meta) check parameters
[13.668s] Level 1:colcon.colcon_core.package_discovery:discover_packages(recursive) check parameters
[13.668s] Level 1:colcon.colcon_core.package_discovery:discover_packages(ignore) check parameters
[13.668s] Level 1:colcon.colcon_core.package_discovery:discover_packages(path) check parameters
[13.668s] Level 1:colcon.colcon_core.package_discovery:discover_packages(colcon_meta) discover
[13.668s] Level 1:colcon.colcon_core.package_discovery:discover_packages(recursive) discover
[13.669s] INFO:colcon.colcon_core.package_discovery:Crawling recursively for packages in '/home/suho/final'
[13.669s] Level 1:colcon.colcon_core.package_identification:_identify(.) by extensions ['ignore', 'ignore_ament_install']
[13.669s] Level 1:colcon.colcon_core.package_identification:_identify(.) by extension 'ignore'
[13.670s] Level 1:colcon.colcon_core.package_identification:_identify(.) by extension 'ignore_ament_install'
[13.670s] Level 1:colcon.colcon_core.package_identification:_identify(.) by extensions ['colcon_pkg']
[13.670s] Level 1:colcon.colcon_core.package_identification:_identify(.) by extension 'colcon_pkg'
[13.670s] Level 1:colcon.colcon_core.package_identification:_identify(.) by extensions ['colcon_meta']
[13.670s] Level 1:colcon.colcon_core.package_identification:_identify(.) by extension 'colcon_meta'
[13.670s] Level 1:colcon.colcon_core.package_identification:_identify(.) by extensions ['ros']
[13.670s] Level 1:colcon.colcon_core.package_identification:_identify(.) by extension 'ros'
[13.704s] Level 1:colcon.colcon_core.package_identification:_identify(.) by extensions ['cmake', 'python']
[13.705s] Level 1:colcon.colcon_core.package_identification:_identify(.) by extension 'cmake'
[13.716s] Level 1:colcon.colcon_core.package_identification:_identify(.) by extension 'python'
[13.716s] DEBUG:colcon.colcon_core.package_identification:Package '.' with type 'cmake' and name 'my_package'
[13.716s] Level 1:colcon.colcon_core.package_discovery:discover_packages(recursive) using defaults
[13.717s] Level 1:colcon.colcon_core.package_discovery:discover_packages(ignore) discover
[13.717s] Level 1:colcon.colcon_core.package_discovery:discover_packages(ignore) using defaults
[13.717s] Level 1:colcon.colcon_core.package_discovery:discover_packages(path) discover
[13.717s] Level 1:colcon.colcon_core.package_discovery:discover_packages(path) using defaults
[15.482s] Level 1:colcon.colcon_core.package_discovery:discover_packages(prefix_path) check parameters
[15.482s] Level 1:colcon.colcon_core.package_discovery:discover_packages(prefix_path) discover
[16.120s] Level 1:colcon.colcon_core.package_discovery:discover_packages(prefix_path) using defaults
[16.948s] Level 5:colcon.colcon_core.verb:set package 'my_package' build argument 'cmake_args' from command line to 'None'
[16.948s] Level 5:colcon.colcon_core.verb:set package 'my_package' build argument 'cmake_target' from command line to 'None'
[16.948s] Level 5:colcon.colcon_core.verb:set package 'my_package' build argument 'cmake_target_skip_unavailable' from command line to 'False'
[16.948s] Level 5:colcon.colcon_core.verb:set package 'my_package' build argument 'cmake_clean_cache' from command line to 'False'
[16.949s] Level 5:colcon.colcon_core.verb:set package 'my_package' build argument 'cmake_clean_first' from command line to 'False'
[16.949s] Level 5:colcon.colcon_core.verb:set package 'my_package' build argument 'cmake_force_configure' from command line to 'False'
[16.949s] Level 5:colcon.colcon_core.verb:set package 'my_package' build argument 'ament_cmake_args' from command line to 'None'
[16.949s] Level 5:colcon.colcon_core.verb:set package 'my_package' build argument 'catkin_cmake_args' from command line to 'None'
[16.949s] Level 5:colcon.colcon_core.verb:set package 'my_package' build argument 'catkin_skip_building_tests' from command line to 'False'
[16.949s] DEBUG:colcon.colcon_core.verb:Building package 'my_package' with the following arguments: {'ament_cmake_args': None, 'build_base': '/home/suho/final/build/my_package', 'catkin_cmake_args': None, 'catkin_skip_building_tests': False, 'cmake_args': None, 'cmake_clean_cache': False, 'cmake_clean_first': False, 'cmake_force_configure': False, 'cmake_target': None, 'cmake_target_skip_unavailable': False, 'install_base': '/home/suho/final/install/my_package', 'merge_install': False, 'path': '/home/suho/final', 'symlink_install': False, 'test_result_base': None}
[17.169s] INFO:colcon.colcon_core.executor:Executing jobs using 'parallel' executor
[17.486s] DEBUG:colcon.colcon_parallel_executor.executor.parallel:run_until_complete
[17.487s] INFO:colcon.colcon_cmake.task.cmake.build:Building CMake package in '/home/suho/final'
[18.316s] INFO:colcon.colcon_core.plugin_system:Skipping extension 'colcon_core.shell.bat': Not used on non-Windows systems
[18.323s] INFO:colcon.colcon_core.shell:Skip shell extension 'powershell' for command environment: Not usable outside of PowerShell
[18.333s] DEBUG:colcon.colcon_core.shell:Skip shell extension 'dsv' for command environment
[19.593s] DEBUG:colcon.colcon_core.event_handler.log_command:Invoking command in '/home/suho/final/build/my_package': /usr/bin/cmake /home/suho/final -DCMAKE_INSTALL_PREFIX=/home/suho/final/install/my_package
[41.916s] DEBUG:colcon.colcon_core.event_handler.log_command:Invoked command in '/home/suho/final/build/my_package' returned '1': /usr/bin/cmake /home/suho/final -DCMAKE_INSTALL_PREFIX=/home/suho/final/install/my_package
[41.937s] DEBUG:colcon.colcon_parallel_executor.executor.parallel:closing loop
[41.997s] DEBUG:colcon.colcon_parallel_executor.executor.parallel:loop closed
[41.997s] DEBUG:colcon.colcon_parallel_executor.executor.parallel:run_until_complete finished with '1'
[42.010s] DEBUG:colcon.colcon_core.event_reactor:joining thread
[42.301s] INFO:colcon.colcon_core.plugin_system:Skipping extension 'colcon_notification.desktop_notification.terminal_notifier': Not used on non-Darwin systems
[42.301s] INFO:colcon.colcon_core.plugin_system:Skipping extension 'colcon_notification.desktop_notification.win32': Not used on non-Windows systems
[42.301s] INFO:colcon.colcon_notification.desktop_notification:Sending desktop notification using 'notify2'
[42.370s] DEBUG:colcon.colcon_core.event_reactor:joined thread
[42.888s] INFO:colcon.colcon_core.shell:Creating prefix script '/home/suho/final/install/local_setup.ps1'
[42.892s] INFO:colcon.colcon_core.shell:Creating prefix util module '/home/suho/final/install/_local_setup_util_ps1.py'
[42.896s] INFO:colcon.colcon_core.shell:Creating prefix chain script '/home/suho/final/install/setup.ps1'
[43.102s] INFO:colcon.colcon_core.shell:Creating prefix script '/home/suho/final/install/local_setup.sh'
[43.118s] INFO:colcon.colcon_core.shell:Creating prefix util module '/home/suho/final/install/_local_setup_util_sh.py'
[43.136s] INFO:colcon.colcon_core.shell:Creating prefix chain script '/home/suho/final/install/setup.sh'
[43.347s] INFO:colcon.colcon_core.shell:Creating prefix script '/home/suho/final/install/local_setup.bash'
[43.352s] INFO:colcon.colcon_core.shell:Creating prefix chain script '/home/suho/final/install/setup.bash'
[43.601s] INFO:colcon.colcon_core.shell:Creating prefix script '/home/suho/final/install/local_setup.zsh'
[43.604s] INFO:colcon.colcon_core.shell:Creating prefix chain script '/home/suho/final/install/setup.zsh'
