[45.682s] DEBUG:colcon:Command line arguments: ['/usr/bin/colcon', 'build', '--packages-select', 'my_package']
[45.682s] DEBUG:colcon:Parsed command line arguments: Namespace(allow_overriding=[], ament_cmake_args=None, base_paths=['.'], build_base='build', catkin_cmake_args=None, catkin_skip_building_tests=False, cmake_args=None, cmake_clean_cache=False, cmake_clean_first=False, cmake_force_configure=False, cmake_target=None, cmake_target_skip_unavailable=False, continue_on_error=False, event_handlers=None, executor='parallel', ignore_user_meta=False, install_base='install', log_base=None, log_level=None, main=<bound method BuildVerb.main of <colcon_core.verb.build.BuildVerb object at 0x7f4426821e20>>, merge_install=False, metas=['./colcon.meta'], packages_above=None, packages_above_and_dependencies=None, packages_above_depth=None, packages_end=None, packages_ignore=None, packages_ignore_regex=None, packages_select=['my_package'], packages_select_build_failed=False, packages_select_by_dep=None, packages_select_regex=None, packages_select_test_failures=False, packages_skip=None, packages_skip_build_finished=False, packages_skip_by_dep=None, packages_skip_regex=None, packages_skip_test_passed=False, packages_skip_up_to=None, packages_start=None, packages_up_to=None, packages_up_to_regex=None, parallel_workers=6, paths=None, symlink_install=False, test_result_base=None, verb_extension=<colcon_core.verb.build.BuildVerb object at 0x7f4426821e20>, verb_name='build', verb_parser=<colcon_defaults.argument_parser.defaults.DefaultArgumentsDecorator object at 0x7f44265250d0>)
[47.928s] Level 1:colcon.colcon_core.package_discovery:discover_packages(colcon_meta) check parameters
[47.929s] Level 1:colcon.colcon_core.package_discovery:discover_packages(recursive) check parameters
[47.932s] Level 1:colcon.colcon_core.package_discovery:discover_packages(ignore) check parameters
[47.932s] Level 1:colcon.colcon_core.package_discovery:discover_packages(path) check parameters
[47.932s] Level 1:colcon.colcon_core.package_discovery:discover_packages(colcon_meta) discover
[47.932s] Level 1:colcon.colcon_core.package_discovery:discover_packages(recursive) discover
[47.933s] INFO:colcon.colcon_core.package_discovery:Crawling recursively for packages in '/home/suho/final'
[47.933s] Level 1:colcon.colcon_core.package_identification:_identify(.) by extensions ['ignore', 'ignore_ament_install']
[47.934s] Level 1:colcon.colcon_core.package_identification:_identify(.) by extension 'ignore'
[47.934s] Level 1:colcon.colcon_core.package_identification:_identify(.) by extension 'ignore_ament_install'
[47.934s] Level 1:colcon.colcon_core.package_identification:_identify(.) by extensions ['colcon_pkg']
[47.934s] Level 1:colcon.colcon_core.package_identification:_identify(.) by extension 'colcon_pkg'
[47.934s] Level 1:colcon.colcon_core.package_identification:_identify(.) by extensions ['colcon_meta']
[47.934s] Level 1:colcon.colcon_core.package_identification:_identify(.) by extension 'colcon_meta'
[47.935s] Level 1:colcon.colcon_core.package_identification:_identify(.) by extensions ['ros']
[47.935s] Level 1:colcon.colcon_core.package_identification:_identify(.) by extension 'ros'
[48.011s] Level 1:colcon.colcon_core.package_identification:_identify(.) by extensions ['cmake', 'python']
[48.023s] Level 1:colcon.colcon_core.package_identification:_identify(.) by extension 'cmake'
[48.041s] Level 1:colcon.colcon_core.package_identification:_identify(.) by extension 'python'
[48.041s] Level 1:colcon.colcon_core.package_identification:_identify(.) by extensions ['python_setup_py']
[48.041s] Level 1:colcon.colcon_core.package_identification:_identify(.) by extension 'python_setup_py'
[48.042s] Level 1:colcon.colcon_core.package_identification:_identify(build) by extensions ['ignore', 'ignore_ament_install']
[48.042s] Level 1:colcon.colcon_core.package_identification:_identify(build) by extension 'ignore'
[48.042s] Level 1:colcon.colcon_core.package_identification:_identify(build) ignored
[48.042s] Level 1:colcon.colcon_core.package_identification:_identify(install) by extensions ['ignore', 'ignore_ament_install']
[48.043s] Level 1:colcon.colcon_core.package_identification:_identify(install) by extension 'ignore'
[48.043s] Level 1:colcon.colcon_core.package_identification:_identify(install) ignored
[48.048s] Level 1:colcon.colcon_core.package_identification:_identify(log) by extensions ['ignore', 'ignore_ament_install']
[48.049s] Level 1:colcon.colcon_core.package_identification:_identify(log) by extension 'ignore'
[48.049s] Level 1:colcon.colcon_core.package_identification:_identify(log) ignored
[48.049s] Level 1:colcon.colcon_core.package_identification:_identify(my_package) by extensions ['ignore', 'ignore_ament_install']
[48.051s] Level 1:colcon.colcon_core.package_identification:_identify(my_package) by extension 'ignore'
[48.063s] Level 1:colcon.colcon_core.package_identification:_identify(my_package) by extension 'ignore_ament_install'
[48.063s] Level 1:colcon.colcon_core.package_identification:_identify(my_package) by extensions ['colcon_pkg']
[48.063s] Level 1:colcon.colcon_core.package_identification:_identify(my_package) by extension 'colcon_pkg'
[48.069s] Level 1:colcon.colcon_core.package_identification:_identify(my_package) by extensions ['colcon_meta']
[48.070s] Level 1:colcon.colcon_core.package_identification:_identify(my_package) by extension 'colcon_meta'
[48.075s] Level 1:colcon.colcon_core.package_identification:_identify(my_package) by extensions ['ros']
[48.081s] Level 1:colcon.colcon_core.package_identification:_identify(my_package) by extension 'ros'
[48.111s] DEBUG:colcon.colcon_core.package_identification:Package 'my_package' with type 'ros.ament_python' and name 'my_package'
[48.111s] Level 1:colcon.colcon_core.package_discovery:discover_packages(recursive) using defaults
[48.111s] Level 1:colcon.colcon_core.package_discovery:discover_packages(ignore) discover
[48.111s] Level 1:colcon.colcon_core.package_discovery:discover_packages(ignore) using defaults
[48.111s] Level 1:colcon.colcon_core.package_discovery:discover_packages(path) discover
[48.134s] Level 1:colcon.colcon_core.package_discovery:discover_packages(path) using defaults
[51.928s] Level 1:colcon.colcon_core.package_discovery:discover_packages(prefix_path) check parameters
[51.928s] Level 1:colcon.colcon_core.package_discovery:discover_packages(prefix_path) discover
[53.195s] DEBUG:colcon.colcon_installed_package_information.package_discovery:Found 1 installed packages in /home/suho/final/install
[53.913s] DEBUG:colcon.colcon_installed_package_information.package_discovery:Found 329 installed packages in /opt/ros/foxy
[53.948s] Level 1:colcon.colcon_core.package_discovery:discover_packages(prefix_path) using defaults
[56.388s] Level 5:colcon.colcon_core.verb:set package 'my_package' build argument 'cmake_args' from command line to 'None'
[56.388s] Level 5:colcon.colcon_core.verb:set package 'my_package' build argument 'cmake_target' from command line to 'None'
[56.389s] Level 5:colcon.colcon_core.verb:set package 'my_package' build argument 'cmake_target_skip_unavailable' from command line to 'False'
[56.389s] Level 5:colcon.colcon_core.verb:set package 'my_package' build argument 'cmake_clean_cache' from command line to 'False'
[56.389s] Level 5:colcon.colcon_core.verb:set package 'my_package' build argument 'cmake_clean_first' from command line to 'False'
[56.389s] Level 5:colcon.colcon_core.verb:set package 'my_package' build argument 'cmake_force_configure' from command line to 'False'
[56.389s] Level 5:colcon.colcon_core.verb:set package 'my_package' build argument 'ament_cmake_args' from command line to 'None'
[56.389s] Level 5:colcon.colcon_core.verb:set package 'my_package' build argument 'catkin_cmake_args' from command line to 'None'
[56.389s] Level 5:colcon.colcon_core.verb:set package 'my_package' build argument 'catkin_skip_building_tests' from command line to 'False'
[56.389s] DEBUG:colcon.colcon_core.verb:Building package 'my_package' with the following arguments: {'ament_cmake_args': None, 'build_base': '/home/suho/final/build/my_package', 'catkin_cmake_args': None, 'catkin_skip_building_tests': False, 'cmake_args': None, 'cmake_clean_cache': False, 'cmake_clean_first': False, 'cmake_force_configure': False, 'cmake_target': None, 'cmake_target_skip_unavailable': False, 'install_base': '/home/suho/final/install/my_package', 'merge_install': False, 'path': '/home/suho/final/my_package', 'symlink_install': False, 'test_result_base': None}
[57.150s] INFO:colcon.colcon_core.executor:Executing jobs using 'parallel' executor
[57.656s] DEBUG:colcon.colcon_parallel_executor.executor.parallel:run_until_complete
[57.668s] INFO:colcon.colcon_ros.task.ament_python.build:Building ROS package in '/home/suho/final/my_package' with build type 'ament_python'
[57.668s] Level 1:colcon.colcon_core.shell:create_environment_hook('my_package', 'ament_prefix_path')
[59.414s] INFO:colcon.colcon_core.plugin_system:Skipping extension 'colcon_core.shell.bat': Not used on non-Windows systems
[59.415s] INFO:colcon.colcon_core.shell:Creating environment hook '/home/suho/final/install/my_package/share/my_package/hook/ament_prefix_path.ps1'
[59.424s] INFO:colcon.colcon_core.shell:Creating environment descriptor '/home/suho/final/install/my_package/share/my_package/hook/ament_prefix_path.dsv'
[59.432s] INFO:colcon.colcon_core.shell:Creating environment hook '/home/suho/final/install/my_package/share/my_package/hook/ament_prefix_path.sh'
[61.126s] INFO:colcon.colcon_core.shell:Skip shell extension 'powershell' for command environment: Not usable outside of PowerShell
[61.130s] DEBUG:colcon.colcon_core.shell:Skip shell extension 'dsv' for command environment
[68.424s] INFO:colcon.colcon_core.task.python.build:Building Python package in '/home/suho/final/my_package'
[70.222s] INFO:colcon.colcon_core.shell:Skip shell extension 'powershell' for command environment: Not usable outside of PowerShell
[70.228s] DEBUG:colcon.colcon_core.shell:Skip shell extension 'dsv' for command environment
[78.631s] DEBUG:colcon.colcon_core.event_handler.log_command:Invoking command in '/home/suho/final/my_package': PYTHONPATH=/home/suho/final/build/my_package/prefix_override:/home/suho/final/install/my_package/lib/python3.8/site-packages:${PYTHONPATH} /usr/bin/python3 setup.py egg_info --egg-base ../build/my_package build --build-base /home/suho/final/build/my_package/build install --record /home/suho/final/build/my_package/install.log --install-scripts $base/lib/my_package --single-version-externally-managed
[82.059s] DEBUG:colcon.colcon_core.event_handler.log_command:Invoked command in '/home/suho/final/my_package' returned '0': PYTHONPATH=/home/suho/final/build/my_package/prefix_override:/home/suho/final/install/my_package/lib/python3.8/site-packages:${PYTHONPATH} /usr/bin/python3 setup.py egg_info --egg-base ../build/my_package build --build-base /home/suho/final/build/my_package/build install --record /home/suho/final/build/my_package/install.log --install-scripts $base/lib/my_package --single-version-externally-managed
[83.785s] Level 1:colcon.colcon_core.environment:checking '/home/suho/final/install/my_package' for CMake module files
[83.786s] Level 1:colcon.colcon_core.environment:checking '/home/suho/final/install/my_package' for CMake config files
[83.797s] Level 1:colcon.colcon_core.environment:checking '/home/suho/final/install/my_package/lib'
[83.798s] Level 1:colcon.colcon_core.environment:checking '/home/suho/final/install/my_package/bin'
[83.798s] Level 1:colcon.colcon_core.environment:checking '/home/suho/final/install/my_package/lib/pkgconfig/my_package.pc'
[83.798s] Level 1:colcon.colcon_core.environment:checking '/home/suho/final/install/my_package/lib/python3.8/site-packages'
[83.804s] Level 1:colcon.colcon_core.shell:create_environment_hook('my_package', 'pythonpath')
[85.229s] INFO:colcon.colcon_core.shell:Creating environment hook '/home/suho/final/install/my_package/share/my_package/hook/pythonpath.ps1'
[85.258s] INFO:colcon.colcon_core.shell:Creating environment descriptor '/home/suho/final/install/my_package/share/my_package/hook/pythonpath.dsv'
[85.293s] INFO:colcon.colcon_core.shell:Creating environment hook '/home/suho/final/install/my_package/share/my_package/hook/pythonpath.sh'
[85.309s] Level 1:colcon.colcon_core.environment:checking '/home/suho/final/install/my_package/bin'
[85.320s] Level 1:colcon.colcon_core.environment:create_environment_scripts_only(my_package)
[87.113s] INFO:colcon.colcon_core.shell:Creating package script '/home/suho/final/install/my_package/share/my_package/package.ps1'
[87.124s] INFO:colcon.colcon_core.shell:Creating package descriptor '/home/suho/final/install/my_package/share/my_package/package.dsv'
[87.163s] INFO:colcon.colcon_core.shell:Creating package script '/home/suho/final/install/my_package/share/my_package/package.sh'
[87.181s] INFO:colcon.colcon_core.shell:Creating package script '/home/suho/final/install/my_package/share/my_package/package.bash'
[87.228s] INFO:colcon.colcon_core.shell:Creating package script '/home/suho/final/install/my_package/share/my_package/package.zsh'
[87.310s] Level 1:colcon.colcon_core.environment:create_file_with_runtime_dependencies(/home/suho/final/install/my_package/share/colcon-core/packages/my_package)
[87.361s] DEBUG:colcon.colcon_parallel_executor.executor.parallel:closing loop
[87.433s] DEBUG:colcon.colcon_parallel_executor.executor.parallel:loop closed
[87.445s] DEBUG:colcon.colcon_parallel_executor.executor.parallel:run_until_complete finished with '0'
[87.450s] DEBUG:colcon.colcon_core.event_reactor:joining thread
[88.632s] INFO:colcon.colcon_core.plugin_system:Skipping extension 'colcon_notification.desktop_notification.terminal_notifier': Not used on non-Darwin systems
[88.632s] INFO:colcon.colcon_core.plugin_system:Skipping extension 'colcon_notification.desktop_notification.win32': Not used on non-Windows systems
[88.632s] INFO:colcon.colcon_notification.desktop_notification:Sending desktop notification using 'notify2'
[88.999s] DEBUG:colcon.colcon_core.event_reactor:joined thread
[89.485s] INFO:colcon.colcon_core.shell:Creating prefix script '/home/suho/final/install/local_setup.ps1'
[89.506s] INFO:colcon.colcon_core.shell:Creating prefix util module '/home/suho/final/install/_local_setup_util_ps1.py'
[89.518s] INFO:colcon.colcon_core.shell:Creating prefix chain script '/home/suho/final/install/setup.ps1'
[90.663s] INFO:colcon.colcon_core.shell:Creating prefix script '/home/suho/final/install/local_setup.sh'
[90.690s] INFO:colcon.colcon_core.shell:Creating prefix util module '/home/suho/final/install/_local_setup_util_sh.py'
[90.710s] INFO:colcon.colcon_core.shell:Creating prefix chain script '/home/suho/final/install/setup.sh'
[91.759s] INFO:colcon.colcon_core.shell:Creating prefix script '/home/suho/final/install/local_setup.bash'
[91.775s] INFO:colcon.colcon_core.shell:Creating prefix chain script '/home/suho/final/install/setup.bash'
[92.682s] INFO:colcon.colcon_core.shell:Creating prefix script '/home/suho/final/install/local_setup.zsh'
[92.729s] INFO:colcon.colcon_core.shell:Creating prefix chain script '/home/suho/final/install/setup.zsh'
