[16.108s] DEBUG:colcon:Command line arguments: ['/usr/bin/colcon', 'build', '--packages-select', 'my_package']
[16.109s] DEBUG:colcon:Parsed command line arguments: Namespace(allow_overriding=[], ament_cmake_args=None, base_paths=['.'], build_base='build', catkin_cmake_args=None, catkin_skip_building_tests=False, cmake_args=None, cmake_clean_cache=False, cmake_clean_first=False, cmake_force_configure=False, cmake_target=None, cmake_target_skip_unavailable=False, continue_on_error=False, event_handlers=None, executor='parallel', ignore_user_meta=False, install_base='install', log_base=None, log_level=None, main=<bound method BuildVerb.main of <colcon_core.verb.build.BuildVerb object at 0x7f0abdf2be20>>, merge_install=False, metas=['./colcon.meta'], packages_above=None, packages_above_and_dependencies=None, packages_above_depth=None, packages_end=None, packages_ignore=None, packages_ignore_regex=None, packages_select=['my_package'], packages_select_build_failed=False, packages_select_by_dep=None, packages_select_regex=None, packages_select_test_failures=False, packages_skip=None, packages_skip_build_finished=False, packages_skip_by_dep=None, packages_skip_regex=None, packages_skip_test_passed=False, packages_skip_up_to=None, packages_start=None, packages_up_to=None, packages_up_to_regex=None, parallel_workers=6, paths=None, symlink_install=False, test_result_base=None, verb_extension=<colcon_core.verb.build.BuildVerb object at 0x7f0abdf2be20>, verb_name='build', verb_parser=<colcon_defaults.argument_parser.defaults.DefaultArgumentsDecorator object at 0x7f0abdd27fa0>)
[16.765s] Level 1:colcon.colcon_core.package_discovery:discover_packages(colcon_meta) check parameters
[16.768s] Level 1:colcon.colcon_core.package_discovery:discover_packages(recursive) check parameters
[16.768s] Level 1:colcon.colcon_core.package_discovery:discover_packages(ignore) check parameters
[16.768s] Level 1:colcon.colcon_core.package_discovery:discover_packages(path) check parameters
[16.768s] Level 1:colcon.colcon_core.package_discovery:discover_packages(colcon_meta) discover
[16.769s] Level 1:colcon.colcon_core.package_discovery:discover_packages(recursive) discover
[16.769s] INFO:colcon.colcon_core.package_discovery:Crawling recursively for packages in '/home/suho/final'
[16.769s] Level 1:colcon.colcon_core.package_identification:_identify(.) by extensions ['ignore', 'ignore_ament_install']
[16.770s] Level 1:colcon.colcon_core.package_identification:_identify(.) by extension 'ignore'
[16.770s] Level 1:colcon.colcon_core.package_identification:_identify(.) by extension 'ignore_ament_install'
[16.771s] Level 1:colcon.colcon_core.package_identification:_identify(.) by extensions ['colcon_pkg']
[16.771s] Level 1:colcon.colcon_core.package_identification:_identify(.) by extension 'colcon_pkg'
[16.772s] Level 1:colcon.colcon_core.package_identification:_identify(.) by extensions ['colcon_meta']
[16.772s] Level 1:colcon.colcon_core.package_identification:_identify(.) by extension 'colcon_meta'
[16.772s] Level 1:colcon.colcon_core.package_identification:_identify(.) by extensions ['ros']
[16.772s] Level 1:colcon.colcon_core.package_identification:_identify(.) by extension 'ros'
[16.807s] Level 1:colcon.colcon_core.package_identification:_identify(.) by extensions ['cmake', 'python']
[16.807s] Level 1:colcon.colcon_core.package_identification:_identify(.) by extension 'cmake'
[16.807s] Level 1:colcon.colcon_core.package_identification:_identify(.) by extension 'python'
[16.808s] Level 1:colcon.colcon_core.package_identification:_identify(.) by extensions ['python_setup_py']
[16.808s] Level 1:colcon.colcon_core.package_identification:_identify(.) by extension 'python_setup_py'
[16.808s] Level 1:colcon.colcon_core.package_identification:_identify(action) by extensions ['ignore', 'ignore_ament_install']
[16.808s] Level 1:colcon.colcon_core.package_identification:_identify(action) by extension 'ignore'
[16.808s] Level 1:colcon.colcon_core.package_identification:_identify(action) by extension 'ignore_ament_install'
[16.808s] Level 1:colcon.colcon_core.package_identification:_identify(action) by extensions ['colcon_pkg']
[16.808s] Level 1:colcon.colcon_core.package_identification:_identify(action) by extension 'colcon_pkg'
[16.809s] Level 1:colcon.colcon_core.package_identification:_identify(action) by extensions ['colcon_meta']
[16.809s] Level 1:colcon.colcon_core.package_identification:_identify(action) by extension 'colcon_meta'
[16.809s] Level 1:colcon.colcon_core.package_identification:_identify(action) by extensions ['ros']
[16.809s] Level 1:colcon.colcon_core.package_identification:_identify(action) by extension 'ros'
[16.809s] Level 1:colcon.colcon_core.package_identification:_identify(action) by extensions ['cmake', 'python']
[16.809s] Level 1:colcon.colcon_core.package_identification:_identify(action) by extension 'cmake'
[16.810s] Level 1:colcon.colcon_core.package_identification:_identify(action) by extension 'python'
[16.810s] Level 1:colcon.colcon_core.package_identification:_identify(action) by extensions ['python_setup_py']
[16.810s] Level 1:colcon.colcon_core.package_identification:_identify(action) by extension 'python_setup_py'
[16.810s] Level 1:colcon.colcon_core.package_identification:_identify(build) by extensions ['ignore', 'ignore_ament_install']
[16.810s] Level 1:colcon.colcon_core.package_identification:_identify(build) by extension 'ignore'
[16.810s] Level 1:colcon.colcon_core.package_identification:_identify(build) ignored
[16.811s] Level 1:colcon.colcon_core.package_identification:_identify(install) by extensions ['ignore', 'ignore_ament_install']
[16.812s] Level 1:colcon.colcon_core.package_identification:_identify(install) by extension 'ignore'
[16.812s] Level 1:colcon.colcon_core.package_identification:_identify(install) ignored
[16.812s] Level 1:colcon.colcon_core.package_identification:_identify(log) by extensions ['ignore', 'ignore_ament_install']
[16.812s] Level 1:colcon.colcon_core.package_identification:_identify(log) by extension 'ignore'
[16.812s] Level 1:colcon.colcon_core.package_identification:_identify(log) ignored
[16.813s] Level 1:colcon.colcon_core.package_identification:_identify(my_package) by extensions ['ignore', 'ignore_ament_install']
[16.813s] Level 1:colcon.colcon_core.package_identification:_identify(my_package) by extension 'ignore'
[16.813s] Level 1:colcon.colcon_core.package_identification:_identify(my_package) by extension 'ignore_ament_install'
[16.813s] Level 1:colcon.colcon_core.package_identification:_identify(my_package) by extensions ['colcon_pkg']
[16.813s] Level 1:colcon.colcon_core.package_identification:_identify(my_package) by extension 'colcon_pkg'
[16.813s] Level 1:colcon.colcon_core.package_identification:_identify(my_package) by extensions ['colcon_meta']
[16.813s] Level 1:colcon.colcon_core.package_identification:_identify(my_package) by extension 'colcon_meta'
[16.813s] Level 1:colcon.colcon_core.package_identification:_identify(my_package) by extensions ['ros']
[16.813s] Level 1:colcon.colcon_core.package_identification:_identify(my_package) by extension 'ros'
[16.822s] DEBUG:colcon.colcon_core.package_identification:Package 'my_package' with type 'ros.ament_python' and name 'my_package'
[16.822s] Level 1:colcon.colcon_core.package_discovery:discover_packages(recursive) using defaults
[16.823s] Level 1:colcon.colcon_core.package_discovery:discover_packages(ignore) discover
[16.823s] Level 1:colcon.colcon_core.package_discovery:discover_packages(ignore) using defaults
[16.823s] Level 1:colcon.colcon_core.package_discovery:discover_packages(path) discover
[16.823s] Level 1:colcon.colcon_core.package_discovery:discover_packages(path) using defaults
[18.227s] Level 1:colcon.colcon_core.package_discovery:discover_packages(prefix_path) check parameters
[18.228s] Level 1:colcon.colcon_core.package_discovery:discover_packages(prefix_path) discover
[18.822s] DEBUG:colcon.colcon_installed_package_information.package_discovery:Found 1 installed packages in /home/suho/final/install
[19.111s] DEBUG:colcon.colcon_installed_package_information.package_discovery:Found 329 installed packages in /opt/ros/foxy
[19.117s] Level 1:colcon.colcon_core.package_discovery:discover_packages(prefix_path) using defaults
[20.143s] Level 5:colcon.colcon_core.verb:set package 'my_package' build argument 'cmake_args' from command line to 'None'
[20.143s] Level 5:colcon.colcon_core.verb:set package 'my_package' build argument 'cmake_target' from command line to 'None'
[20.143s] Level 5:colcon.colcon_core.verb:set package 'my_package' build argument 'cmake_target_skip_unavailable' from command line to 'False'
[20.143s] Level 5:colcon.colcon_core.verb:set package 'my_package' build argument 'cmake_clean_cache' from command line to 'False'
[20.144s] Level 5:colcon.colcon_core.verb:set package 'my_package' build argument 'cmake_clean_first' from command line to 'False'
[20.144s] Level 5:colcon.colcon_core.verb:set package 'my_package' build argument 'cmake_force_configure' from command line to 'False'
[20.144s] Level 5:colcon.colcon_core.verb:set package 'my_package' build argument 'ament_cmake_args' from command line to 'None'
[20.144s] Level 5:colcon.colcon_core.verb:set package 'my_package' build argument 'catkin_cmake_args' from command line to 'None'
[20.144s] Level 5:colcon.colcon_core.verb:set package 'my_package' build argument 'catkin_skip_building_tests' from command line to 'False'
[20.144s] DEBUG:colcon.colcon_core.verb:Building package 'my_package' with the following arguments: {'ament_cmake_args': None, 'build_base': '/home/suho/final/build/my_package', 'catkin_cmake_args': None, 'catkin_skip_building_tests': False, 'cmake_args': None, 'cmake_clean_cache': False, 'cmake_clean_first': False, 'cmake_force_configure': False, 'cmake_target': None, 'cmake_target_skip_unavailable': False, 'install_base': '/home/suho/final/install/my_package', 'merge_install': False, 'path': '/home/suho/final/my_package', 'symlink_install': False, 'test_result_base': None}
[20.413s] INFO:colcon.colcon_core.executor:Executing jobs using 'parallel' executor
[20.709s] DEBUG:colcon.colcon_parallel_executor.executor.parallel:run_until_complete
[20.710s] INFO:colcon.colcon_ros.task.ament_python.build:Building ROS package in '/home/suho/final/my_package' with build type 'ament_python'
[20.711s] Level 1:colcon.colcon_core.shell:create_environment_hook('my_package', 'ament_prefix_path')
[21.275s] INFO:colcon.colcon_core.plugin_system:Skipping extension 'colcon_core.shell.bat': Not used on non-Windows systems
[21.276s] INFO:colcon.colcon_core.shell:Creating environment hook '/home/suho/final/install/my_package/share/my_package/hook/ament_prefix_path.ps1'
[21.294s] INFO:colcon.colcon_core.shell:Creating environment descriptor '/home/suho/final/install/my_package/share/my_package/hook/ament_prefix_path.dsv'
[21.356s] INFO:colcon.colcon_core.shell:Creating environment hook '/home/suho/final/install/my_package/share/my_package/hook/ament_prefix_path.sh'
[22.314s] INFO:colcon.colcon_core.shell:Skip shell extension 'powershell' for command environment: Not usable outside of PowerShell
[22.314s] DEBUG:colcon.colcon_core.shell:Skip shell extension 'dsv' for command environment
[24.325s] INFO:colcon.colcon_core.task.python.build:Building Python package in '/home/suho/final/my_package'
[24.754s] INFO:colcon.colcon_core.shell:Skip shell extension 'powershell' for command environment: Not usable outside of PowerShell
[24.764s] DEBUG:colcon.colcon_core.shell:Skip shell extension 'dsv' for command environment
[27.162s] DEBUG:colcon.colcon_core.event_handler.log_command:Invoking command in '/home/suho/final/my_package': PYTHONPATH=/home/suho/final/build/my_package/prefix_override:/home/suho/final/install/my_package/lib/python3.8/site-packages:${PYTHONPATH} /usr/bin/python3 setup.py egg_info --egg-base ../build/my_package build --build-base /home/suho/final/build/my_package/build install --record /home/suho/final/build/my_package/install.log --install-scripts $base/lib/my_package --single-version-externally-managed
[28.477s] DEBUG:colcon.colcon_core.event_handler.log_command:Invoked command in '/home/suho/final/my_package' returned '0': PYTHONPATH=/home/suho/final/build/my_package/prefix_override:/home/suho/final/install/my_package/lib/python3.8/site-packages:${PYTHONPATH} /usr/bin/python3 setup.py egg_info --egg-base ../build/my_package build --build-base /home/suho/final/build/my_package/build install --record /home/suho/final/build/my_package/install.log --install-scripts $base/lib/my_package --single-version-externally-managed
[28.825s] Level 1:colcon.colcon_core.environment:checking '/home/suho/final/install/my_package' for CMake module files
[28.827s] Level 1:colcon.colcon_core.environment:checking '/home/suho/final/install/my_package' for CMake config files
[28.829s] Level 1:colcon.colcon_core.environment:checking '/home/suho/final/install/my_package/lib'
[28.830s] Level 1:colcon.colcon_core.environment:checking '/home/suho/final/install/my_package/bin'
[28.830s] Level 1:colcon.colcon_core.environment:checking '/home/suho/final/install/my_package/lib/pkgconfig/my_package.pc'
[28.830s] Level 1:colcon.colcon_core.environment:checking '/home/suho/final/install/my_package/lib/python3.8/site-packages'
[28.831s] Level 1:colcon.colcon_core.shell:create_environment_hook('my_package', 'pythonpath')
[29.501s] INFO:colcon.colcon_core.shell:Creating environment hook '/home/suho/final/install/my_package/share/my_package/hook/pythonpath.ps1'
[29.505s] INFO:colcon.colcon_core.shell:Creating environment descriptor '/home/suho/final/install/my_package/share/my_package/hook/pythonpath.dsv'
[29.507s] INFO:colcon.colcon_core.shell:Creating environment hook '/home/suho/final/install/my_package/share/my_package/hook/pythonpath.sh'
[29.511s] Level 1:colcon.colcon_core.environment:checking '/home/suho/final/install/my_package/bin'
[29.511s] Level 1:colcon.colcon_core.environment:create_environment_scripts_only(my_package)
[29.943s] INFO:colcon.colcon_core.shell:Creating package script '/home/suho/final/install/my_package/share/my_package/package.ps1'
[29.977s] INFO:colcon.colcon_core.shell:Creating package descriptor '/home/suho/final/install/my_package/share/my_package/package.dsv'
[29.989s] INFO:colcon.colcon_core.shell:Creating package script '/home/suho/final/install/my_package/share/my_package/package.sh'
[30.004s] INFO:colcon.colcon_core.shell:Creating package script '/home/suho/final/install/my_package/share/my_package/package.bash'
[30.014s] INFO:colcon.colcon_core.shell:Creating package script '/home/suho/final/install/my_package/share/my_package/package.zsh'
[30.036s] Level 1:colcon.colcon_core.environment:create_file_with_runtime_dependencies(/home/suho/final/install/my_package/share/colcon-core/packages/my_package)
[30.056s] DEBUG:colcon.colcon_parallel_executor.executor.parallel:closing loop
[30.085s] DEBUG:colcon.colcon_parallel_executor.executor.parallel:loop closed
[30.086s] DEBUG:colcon.colcon_parallel_executor.executor.parallel:run_until_complete finished with '0'
[30.086s] DEBUG:colcon.colcon_core.event_reactor:joining thread
[30.475s] INFO:colcon.colcon_core.plugin_system:Skipping extension 'colcon_notification.desktop_notification.terminal_notifier': Not used on non-Darwin systems
[30.476s] INFO:colcon.colcon_core.plugin_system:Skipping extension 'colcon_notification.desktop_notification.win32': Not used on non-Windows systems
[30.476s] INFO:colcon.colcon_notification.desktop_notification:Sending desktop notification using 'notify2'
[30.540s] DEBUG:colcon.colcon_core.event_reactor:joined thread
[30.830s] INFO:colcon.colcon_core.shell:Creating prefix script '/home/suho/final/install/local_setup.ps1'
[30.836s] INFO:colcon.colcon_core.shell:Creating prefix util module '/home/suho/final/install/_local_setup_util_ps1.py'
[30.840s] INFO:colcon.colcon_core.shell:Creating prefix chain script '/home/suho/final/install/setup.ps1'
[31.123s] INFO:colcon.colcon_core.shell:Creating prefix script '/home/suho/final/install/local_setup.sh'
[31.127s] INFO:colcon.colcon_core.shell:Creating prefix util module '/home/suho/final/install/_local_setup_util_sh.py'
[31.129s] INFO:colcon.colcon_core.shell:Creating prefix chain script '/home/suho/final/install/setup.sh'
[31.414s] INFO:colcon.colcon_core.shell:Creating prefix script '/home/suho/final/install/local_setup.bash'
[31.417s] INFO:colcon.colcon_core.shell:Creating prefix chain script '/home/suho/final/install/setup.bash'
[31.687s] INFO:colcon.colcon_core.shell:Creating prefix script '/home/suho/final/install/local_setup.zsh'
[31.690s] INFO:colcon.colcon_core.shell:Creating prefix chain script '/home/suho/final/install/setup.zsh'
