[4.811s] Invoking command in '/home/suho/final/my_package': PYTHONPATH=/home/suho/final/build/my_package/prefix_override:/home/suho/final/install/my_package/lib/python3.8/site-packages:${PYTHONPATH} /usr/bin/python3 setup.py egg_info --egg-base ../build/my_package build --build-base /home/suho/final/build/my_package/build install --record /home/suho/final/build/my_package/install.log --install-scripts $base/lib/my_package --single-version-externally-managed
[5.368s] running egg_info
[5.423s] writing ../build/my_package/my_package.egg-info/PKG-INFO
[5.424s] writing dependency_links to ../build/my_package/my_package.egg-info/dependency_links.txt
[5.424s] writing entry points to ../build/my_package/my_package.egg-info/entry_points.txt
[5.424s] writing requirements to ../build/my_package/my_package.egg-info/requires.txt
[5.425s] writing top-level names to ../build/my_package/my_package.egg-info/top_level.txt
[5.503s] reading manifest file '../build/my_package/my_package.egg-info/SOURCES.txt'
[5.530s] writing manifest file '../build/my_package/my_package.egg-info/SOURCES.txt'
[5.561s] running build
[5.561s] running build_py
[5.561s] copying my_package/motor_node.py -> /home/suho/final/build/my_package/build/lib/my_package
[5.561s] running install
[5.561s] running install_lib
[5.562s] copying /home/suho/final/build/my_package/build/lib/my_package/motor_node.py -> /home/suho/final/install/my_package/lib/python3.8/site-packages/my_package
[5.562s] byte-compiling /home/suho/final/install/my_package/lib/python3.8/site-packages/my_package/motor_node.py to motor_node.cpython-38.pyc
[5.603s] running install_data
[5.603s] running install_egg_info
[5.603s] removing '/home/suho/final/install/my_package/lib/python3.8/site-packages/my_package-0.0.0-py3.8.egg-info' (and everything under it)
[5.603s] Copying ../build/my_package/my_package.egg-info to /home/suho/final/install/my_package/lib/python3.8/site-packages/my_package-0.0.0-py3.8.egg-info
[5.603s] running install_scripts
[5.640s] Installing control_node script to /home/suho/final/install/my_package/lib/my_package
[5.653s] Installing flask_node script to /home/suho/final/install/my_package/lib/my_package
[5.654s] Installing monitor_node script to /home/suho/final/install/my_package/lib/my_package
[5.692s] Installing motor_node script to /home/suho/final/install/my_package/lib/my_package
[5.693s] Installing sensor_node script to /home/suho/final/install/my_package/lib/my_package
[5.706s] writing list of installed files to '/home/suho/final/build/my_package/install.log'
[5.836s] Invoked command in '/home/suho/final/my_package' returned '0': PYTHONPATH=/home/suho/final/build/my_package/prefix_override:/home/suho/final/install/my_package/lib/python3.8/site-packages:${PYTHONPATH} /usr/bin/python3 setup.py egg_info --egg-base ../build/my_package build --build-base /home/suho/final/build/my_package/build install --record /home/suho/final/build/my_package/install.log --install-scripts $base/lib/my_package --single-version-externally-managed
