[5.417s] Invoking command in '/home/suho/final/my_package': PYTHONPATH=/home/suho/final/build/my_package/prefix_override:/home/suho/final/install/my_package/lib/python3.8/site-packages:${PYTHONPATH} /usr/bin/python3 setup.py egg_info --egg-base ../build/my_package build --build-base /home/suho/final/build/my_package/build install --record /home/suho/final/build/my_package/install.log --install-scripts $base/lib/my_package --single-version-externally-managed
[5.937s] running egg_info
[5.939s] writing ../build/my_package/my_package.egg-info/PKG-INFO
[5.943s] writing dependency_links to ../build/my_package/my_package.egg-info/dependency_links.txt
[5.945s] writing entry points to ../build/my_package/my_package.egg-info/entry_points.txt
[5.972s] writing requirements to ../build/my_package/my_package.egg-info/requires.txt
[5.973s] writing top-level names to ../build/my_package/my_package.egg-info/top_level.txt
[6.341s] reading manifest file '../build/my_package/my_package.egg-info/SOURCES.txt'
[6.346s] writing manifest file '../build/my_package/my_package.egg-info/SOURCES.txt'
[6.346s] running build
[6.346s] running build_py
[6.346s] copying my_package/motor_node.py -> /home/suho/final/build/my_package/build/lib/my_package
[6.346s] copying my_package/monitor_node.py -> /home/suho/final/build/my_package/build/lib/my_package
[6.347s] copying my_package/control_node.py -> /home/suho/final/build/my_package/build/lib/my_package
[6.347s] running install
[6.362s] running install_lib
[6.379s] copying /home/suho/final/build/my_package/build/lib/my_package/motor_node.py -> /home/suho/final/install/my_package/lib/python3.8/site-packages/my_package
[6.380s] copying /home/suho/final/build/my_package/build/lib/my_package/monitor_node.py -> /home/suho/final/install/my_package/lib/python3.8/site-packages/my_package
[6.381s] copying /home/suho/final/build/my_package/build/lib/my_package/control_node.py -> /home/suho/final/install/my_package/lib/python3.8/site-packages/my_package
[6.418s] byte-compiling /home/suho/final/install/my_package/lib/python3.8/site-packages/my_package/motor_node.py to motor_node.cpython-38.pyc
[6.441s] byte-compiling /home/suho/final/install/my_package/lib/python3.8/site-packages/my_package/monitor_node.py to monitor_node.cpython-38.pyc
[6.514s] byte-compiling /home/suho/final/install/my_package/lib/python3.8/site-packages/my_package/control_node.py to control_node.cpython-38.pyc
[6.532s] running install_data
[6.533s] running install_egg_info
[6.535s] removing '/home/suho/final/install/my_package/lib/python3.8/site-packages/my_package-0.0.0-py3.8.egg-info' (and everything under it)
[6.560s] Copying ../build/my_package/my_package.egg-info to /home/suho/final/install/my_package/lib/python3.8/site-packages/my_package-0.0.0-py3.8.egg-info
[6.560s] running install_scripts
[6.653s] Installing control_node script to /home/suho/final/install/my_package/lib/my_package
[6.663s] Installing flask_node script to /home/suho/final/install/my_package/lib/my_package
[6.685s] Installing monitor_node script to /home/suho/final/install/my_package/lib/my_package
[6.693s] Installing motor_node script to /home/suho/final/install/my_package/lib/my_package
[6.694s] Installing sensor_node script to /home/suho/final/install/my_package/lib/my_package
[6.694s] writing list of installed files to '/home/suho/final/build/my_package/install.log'
[6.751s] Invoked command in '/home/suho/final/my_package' returned '0': PYTHONPATH=/home/suho/final/build/my_package/prefix_override:/home/suho/final/install/my_package/lib/python3.8/site-packages:${PYTHONPATH} /usr/bin/python3 setup.py egg_info --egg-base ../build/my_package build --build-base /home/suho/final/build/my_package/build install --record /home/suho/final/build/my_package/install.log --install-scripts $base/lib/my_package --single-version-externally-managed
