[17.123s] Invoking command in '/home/suho/final/my_package': PYTHONPATH=/home/suho/final/build/my_package/prefix_override:/home/suho/final/install/my_package/lib/python3.8/site-packages:${PYTHONPATH} /usr/bin/python3 setup.py egg_info --egg-base ../build/my_package build --build-base /home/suho/final/build/my_package/build install --record /home/suho/final/build/my_package/install.log --install-scripts $base/lib/my_package --single-version-externally-managed
[19.067s] running egg_info
[19.070s] writing ../build/my_package/my_package.egg-info/PKG-INFO
[19.178s] writing dependency_links to ../build/my_package/my_package.egg-info/dependency_links.txt
[19.209s] writing entry points to ../build/my_package/my_package.egg-info/entry_points.txt
[19.209s] writing requirements to ../build/my_package/my_package.egg-info/requires.txt
[19.224s] writing top-level names to ../build/my_package/my_package.egg-info/top_level.txt
[19.594s] reading manifest file '../build/my_package/my_package.egg-info/SOURCES.txt'
[19.594s] writing manifest file '../build/my_package/my_package.egg-info/SOURCES.txt'
[19.687s] running build
[19.696s] running build_py
[19.697s] copying my_package/sensor_node.py -> /home/suho/final/build/my_package/build/lib/my_package
[19.697s] copying my_package/control_node.py -> /home/suho/final/build/my_package/build/lib/my_package
[19.704s] running install
[19.747s] running install_lib
[19.853s] copying /home/suho/final/build/my_package/build/lib/my_package/sensor_node.py -> /home/suho/final/install/my_package/lib/python3.8/site-packages/my_package
[19.854s] copying /home/suho/final/build/my_package/build/lib/my_package/control_node.py -> /home/suho/final/install/my_package/lib/python3.8/site-packages/my_package
[19.855s] byte-compiling /home/suho/final/install/my_package/lib/python3.8/site-packages/my_package/sensor_node.py to sensor_node.cpython-38.pyc
[19.855s] byte-compiling /home/suho/final/install/my_package/lib/python3.8/site-packages/my_package/control_node.py to control_node.cpython-38.pyc
[19.863s] running install_data
[19.871s] running install_egg_info
[19.872s] removing '/home/suho/final/install/my_package/lib/python3.8/site-packages/my_package-0.0.0-py3.8.egg-info' (and everything under it)
[19.872s] Copying ../build/my_package/my_package.egg-info to /home/suho/final/install/my_package/lib/python3.8/site-packages/my_package-0.0.0-py3.8.egg-info
[19.897s] running install_scripts
[20.163s] Installing control_node script to /home/suho/final/install/my_package/lib/my_package
[20.220s] Installing flask_node script to /home/suho/final/install/my_package/lib/my_package
[20.280s] Installing monitor_node script to /home/suho/final/install/my_package/lib/my_package
[20.455s] Installing motor_node script to /home/suho/final/install/my_package/lib/my_package
[20.456s] Installing sensor_node script to /home/suho/final/install/my_package/lib/my_package
[20.494s] writing list of installed files to '/home/suho/final/build/my_package/install.log'
[20.796s] Invoked command in '/home/suho/final/my_package' returned '0': PYTHONPATH=/home/suho/final/build/my_package/prefix_override:/home/suho/final/install/my_package/lib/python3.8/site-packages:${PYTHONPATH} /usr/bin/python3 setup.py egg_info --egg-base ../build/my_package build --build-base /home/suho/final/build/my_package/build install --record /home/suho/final/build/my_package/install.log --install-scripts $base/lib/my_package --single-version-externally-managed
