[11.955s] DEBUG:colcon:Command line arguments: ['/usr/bin/colcon', 'build', '--packages-select', 'my_package']
[11.955s] DEBUG:colcon:Parsed command line arguments: Namespace(allow_overriding=[], ament_cmake_args=None, base_paths=['.'], build_base='build', catkin_cmake_args=None, catkin_skip_building_tests=False, cmake_args=None, cmake_clean_cache=False, cmake_clean_first=False, cmake_force_configure=False, cmake_target=None, cmake_target_skip_unavailable=False, continue_on_error=False, event_handlers=None, executor='parallel', ignore_user_meta=False, install_base='install', log_base=None, log_level=None, main=<bound method BuildVerb.main of <colcon_core.verb.build.BuildVerb object at 0x7fbed204fa90>>, merge_install=False, metas=['./colcon.meta'], packages_above=None, packages_above_and_dependencies=None, packages_above_depth=None, packages_end=None, packages_ignore=None, packages_ignore_regex=None, packages_select=['my_package'], packages_select_build_failed=False, packages_select_by_dep=None, packages_select_regex=None, packages_select_test_failures=False, packages_skip=None, packages_skip_build_finished=False, packages_skip_by_dep=None, packages_skip_regex=None, packages_skip_test_passed=False, packages_skip_up_to=None, packages_start=None, packages_up_to=None, packages_up_to_regex=None, parallel_workers=6, paths=None, symlink_install=False, test_result_base=None, verb_extension=<colcon_core.verb.build.BuildVerb object at 0x7fbed204fa90>, verb_name='build', verb_parser=<colcon_defaults.argument_parser.defaults.DefaultArgumentsDecorator object at 0x7fbed1d297f0>)
[12.503s] Level 1:colcon.colcon_core.package_discovery:discover_packages(colcon_meta) check parameters
[12.504s] Level 1:colcon.colcon_core.package_discovery:discover_packages(recursive) check parameters
[12.504s] Level 1:colcon.colcon_core.package_discovery:discover_packages(ignore) check parameters
[12.504s] Level 1:colcon.colcon_core.package_discovery:discover_packages(path) check parameters
[12.504s] Level 1:colcon.colcon_core.package_discovery:discover_packages(colcon_meta) discover
[12.504s] Level 1:colcon.colcon_core.package_discovery:discover_packages(recursive) discover
[12.504s] INFO:colcon.colcon_core.package_discovery:Crawling recursively for packages in '/home/suho/final'
[12.505s] Level 1:colcon.colcon_core.package_identification:_identify(.) by extensions ['ignore', 'ignore_ament_install']
[12.505s] Level 1:colcon.colcon_core.package_identification:_identify(.) by extension 'ignore'
[12.505s] Level 1:colcon.colcon_core.package_identification:_identify(.) by extension 'ignore_ament_install'
[12.505s] Level 1:colcon.colcon_core.package_identification:_identify(.) by extensions ['colcon_pkg']
[12.506s] Level 1:colcon.colcon_core.package_identification:_identify(.) by extension 'colcon_pkg'
[12.506s] Level 1:colcon.colcon_core.package_identification:_identify(.) by extensions ['colcon_meta']
[12.506s] Level 1:colcon.colcon_core.package_identification:_identify(.) by extension 'colcon_meta'
[12.507s] Level 1:colcon.colcon_core.package_identification:_identify(.) by extensions ['ros']
[12.507s] Level 1:colcon.colcon_core.package_identification:_identify(.) by extension 'ros'
[12.539s] Level 1:colcon.colcon_core.package_identification:_identify(.) by extensions ['cmake', 'python']
[12.540s] Level 1:colcon.colcon_core.package_identification:_identify(.) by extension 'cmake'
[12.541s] Level 1:colcon.colcon_core.package_identification:_identify(.) by extension 'python'
[12.541s] Level 1:colcon.colcon_core.package_identification:_identify(.) by extensions ['python_setup_py']
[12.541s] Level 1:colcon.colcon_core.package_identification:_identify(.) by extension 'python_setup_py'
[12.541s] Level 1:colcon.colcon_core.package_identification:_identify(action) by extensions ['ignore', 'ignore_ament_install']
[12.541s] Level 1:colcon.colcon_core.package_identification:_identify(action) by extension 'ignore'
[12.542s] Level 1:colcon.colcon_core.package_identification:_identify(action) by extension 'ignore_ament_install'
[12.542s] Level 1:colcon.colcon_core.package_identification:_identify(action) by extensions ['colcon_pkg']
[12.542s] Level 1:colcon.colcon_core.package_identification:_identify(action) by extension 'colcon_pkg'
[12.543s] Level 1:colcon.colcon_core.package_identification:_identify(action) by extensions ['colcon_meta']
[12.543s] Level 1:colcon.colcon_core.package_identification:_identify(action) by extension 'colcon_meta'
[12.543s] Level 1:colcon.colcon_core.package_identification:_identify(action) by extensions ['ros']
[12.543s] Level 1:colcon.colcon_core.package_identification:_identify(action) by extension 'ros'
[12.543s] Level 1:colcon.colcon_core.package_identification:_identify(action) by extensions ['cmake', 'python']
[12.543s] Level 1:colcon.colcon_core.package_identification:_identify(action) by extension 'cmake'
[12.543s] Level 1:colcon.colcon_core.package_identification:_identify(action) by extension 'python'
[12.543s] Level 1:colcon.colcon_core.package_identification:_identify(action) by extensions ['python_setup_py']
[12.543s] Level 1:colcon.colcon_core.package_identification:_identify(action) by extension 'python_setup_py'
[12.544s] Level 1:colcon.colcon_core.package_identification:_identify(build) by extensions ['ignore', 'ignore_ament_install']
[12.545s] Level 1:colcon.colcon_core.package_identification:_identify(build) by extension 'ignore'
[12.546s] Level 1:colcon.colcon_core.package_identification:_identify(build) ignored
[12.546s] Level 1:colcon.colcon_core.package_identification:_identify(install) by extensions ['ignore', 'ignore_ament_install']
[12.546s] Level 1:colcon.colcon_core.package_identification:_identify(install) by extension 'ignore'
[12.547s] Level 1:colcon.colcon_core.package_identification:_identify(install) ignored
[12.547s] Level 1:colcon.colcon_core.package_identification:_identify(log) by extensions ['ignore', 'ignore_ament_install']
[12.547s] Level 1:colcon.colcon_core.package_identification:_identify(log) by extension 'ignore'
[12.547s] Level 1:colcon.colcon_core.package_identification:_identify(log) ignored
[12.548s] Level 1:colcon.colcon_core.package_identification:_identify(my_package) by extensions ['ignore', 'ignore_ament_install']
[12.548s] Level 1:colcon.colcon_core.package_identification:_identify(my_package) by extension 'ignore'
[12.548s] Level 1:colcon.colcon_core.package_identification:_identify(my_package) by extension 'ignore_ament_install'
[12.549s] Level 1:colcon.colcon_core.package_identification:_identify(my_package) by extensions ['colcon_pkg']
[12.553s] Level 1:colcon.colcon_core.package_identification:_identify(my_package) by extension 'colcon_pkg'
[12.553s] Level 1:colcon.colcon_core.package_identification:_identify(my_package) by extensions ['colcon_meta']
[12.554s] Level 1:colcon.colcon_core.package_identification:_identify(my_package) by extension 'colcon_meta'
[12.554s] Level 1:colcon.colcon_core.package_identification:_identify(my_package) by extensions ['ros']
[12.554s] Level 1:colcon.colcon_core.package_identification:_identify(my_package) by extension 'ros'
[12.562s] DEBUG:colcon.colcon_core.package_identification:Package 'my_package' with type 'ros.ament_python' and name 'my_package'
[12.563s] Level 1:colcon.colcon_core.package_discovery:discover_packages(recursive) using defaults
[12.563s] Level 1:colcon.colcon_core.package_discovery:discover_packages(ignore) discover
[12.563s] Level 1:colcon.colcon_core.package_discovery:discover_packages(ignore) using defaults
[12.563s] Level 1:colcon.colcon_core.package_discovery:discover_packages(path) discover
[12.563s] Level 1:colcon.colcon_core.package_discovery:discover_packages(path) using defaults
[13.682s] Level 1:colcon.colcon_core.package_discovery:discover_packages(prefix_path) check parameters
[13.682s] Level 1:colcon.colcon_core.package_discovery:discover_packages(prefix_path) discover
[13.897s] Level 1:colcon.colcon_core.package_discovery:discover_packages(prefix_path) using defaults
[14.334s] Level 5:colcon.colcon_core.verb:set package 'my_package' build argument 'cmake_args' from command line to 'None'
[14.334s] Level 5:colcon.colcon_core.verb:set package 'my_package' build argument 'cmake_target' from command line to 'None'
[14.334s] Level 5:colcon.colcon_core.verb:set package 'my_package' build argument 'cmake_target_skip_unavailable' from command line to 'False'
[14.334s] Level 5:colcon.colcon_core.verb:set package 'my_package' build argument 'cmake_clean_cache' from command line to 'False'
[14.334s] Level 5:colcon.colcon_core.verb:set package 'my_package' build argument 'cmake_clean_first' from command line to 'False'
[14.334s] Level 5:colcon.colcon_core.verb:set package 'my_package' build argument 'cmake_force_configure' from command line to 'False'
[14.334s] Level 5:colcon.colcon_core.verb:set package 'my_package' build argument 'ament_cmake_args' from command line to 'None'
[14.335s] Level 5:colcon.colcon_core.verb:set package 'my_package' build argument 'catkin_cmake_args' from command line to 'None'
[14.335s] Level 5:colcon.colcon_core.verb:set package 'my_package' build argument 'catkin_skip_building_tests' from command line to 'False'
[14.335s] DEBUG:colcon.colcon_core.verb:Building package 'my_package' with the following arguments: {'ament_cmake_args': None, 'build_base': '/home/suho/final/build/my_package', 'catkin_cmake_args': None, 'catkin_skip_building_tests': False, 'cmake_args': None, 'cmake_clean_cache': False, 'cmake_clean_first': False, 'cmake_force_configure': False, 'cmake_target': None, 'cmake_target_skip_unavailable': False, 'install_base': '/home/suho/final/install/my_package', 'merge_install': False, 'path': '/home/suho/final/my_package', 'symlink_install': False, 'test_result_base': None}
[14.559s] INFO:colcon.colcon_core.executor:Executing jobs using 'parallel' executor
[14.772s] DEBUG:colcon.colcon_parallel_executor.executor.parallel:run_until_complete
[14.774s] INFO:colcon.colcon_ros.task.ament_python.build:Building ROS package in '/home/suho/final/my_package' with build type 'ament_python'
[14.776s] Level 1:colcon.colcon_core.shell:create_environment_hook('my_package', 'ament_prefix_path')
[15.028s] INFO:colcon.colcon_core.plugin_system:Skipping extension 'colcon_core.shell.bat': Not used on non-Windows systems
[15.029s] INFO:colcon.colcon_core.shell:Creating environment hook '/home/suho/final/install/my_package/share/my_package/hook/ament_prefix_path.ps1'
[15.032s] INFO:colcon.colcon_core.shell:Creating environment descriptor '/home/suho/final/install/my_package/share/my_package/hook/ament_prefix_path.dsv'
[15.035s] INFO:colcon.colcon_core.shell:Creating environment hook '/home/suho/final/install/my_package/share/my_package/hook/ament_prefix_path.sh'
[15.250s] INFO:colcon.colcon_core.shell:Skip shell extension 'powershell' for command environment: Not usable outside of PowerShell
[15.251s] DEBUG:colcon.colcon_core.shell:Skip shell extension 'dsv' for command environment
[16.774s] INFO:colcon.colcon_core.task.python.build:Building Python package in '/home/suho/final/my_package'
[17.017s] INFO:colcon.colcon_core.shell:Skip shell extension 'powershell' for command environment: Not usable outside of PowerShell
[17.018s] DEBUG:colcon.colcon_core.shell:Skip shell extension 'dsv' for command environment
[19.281s] DEBUG:colcon.colcon_core.event_handler.log_command:Invoking command in '/home/suho/final/my_package': PYTHONPATH=/home/suho/final/build/my_package/prefix_override:/home/suho/final/install/my_package/lib/python3.8/site-packages: /usr/bin/python3 setup.py egg_info --egg-base ../build/my_package build --build-base /home/suho/final/build/my_package/build install --record /home/suho/final/build/my_package/install.log --install-scripts $base/lib/my_package --single-version-externally-managed
[20.622s] DEBUG:colcon.colcon_core.event_handler.log_command:Invoked command in '/home/suho/final/my_package' returned '0': PYTHONPATH=/home/suho/final/build/my_package/prefix_override:/home/suho/final/install/my_package/lib/python3.8/site-packages: /usr/bin/python3 setup.py egg_info --egg-base ../build/my_package build --build-base /home/suho/final/build/my_package/build install --record /home/suho/final/build/my_package/install.log --install-scripts $base/lib/my_package --single-version-externally-managed
[21.215s] Level 1:colcon.colcon_core.environment:checking '/home/suho/final/install/my_package' for CMake module files
[21.216s] Level 1:colcon.colcon_core.environment:checking '/home/suho/final/install/my_package' for CMake config files
[21.218s] Level 1:colcon.colcon_core.environment:checking '/home/suho/final/install/my_package/lib'
[21.219s] Level 1:colcon.colcon_core.environment:checking '/home/suho/final/install/my_package/bin'
[21.219s] Level 1:colcon.colcon_core.environment:checking '/home/suho/final/install/my_package/lib/pkgconfig/my_package.pc'
[21.220s] Level 1:colcon.colcon_core.environment:checking '/home/suho/final/install/my_package/lib/python3.8/site-packages'
[21.220s] Level 1:colcon.colcon_core.shell:create_environment_hook('my_package', 'pythonpath')
[21.902s] INFO:colcon.colcon_core.shell:Creating environment hook '/home/suho/final/install/my_package/share/my_package/hook/pythonpath.ps1'
[21.904s] INFO:colcon.colcon_core.shell:Creating environment descriptor '/home/suho/final/install/my_package/share/my_package/hook/pythonpath.dsv'
[21.906s] INFO:colcon.colcon_core.shell:Creating environment hook '/home/suho/final/install/my_package/share/my_package/hook/pythonpath.sh'
[21.908s] Level 1:colcon.colcon_core.environment:checking '/home/suho/final/install/my_package/bin'
[21.908s] Level 1:colcon.colcon_core.environment:create_environment_scripts_only(my_package)
[22.148s] INFO:colcon.colcon_core.shell:Creating package script '/home/suho/final/install/my_package/share/my_package/package.ps1'
[22.151s] INFO:colcon.colcon_core.shell:Creating package descriptor '/home/suho/final/install/my_package/share/my_package/package.dsv'
[22.155s] INFO:colcon.colcon_core.shell:Creating package script '/home/suho/final/install/my_package/share/my_package/package.sh'
[22.218s] INFO:colcon.colcon_core.shell:Creating package script '/home/suho/final/install/my_package/share/my_package/package.bash'
[22.243s] INFO:colcon.colcon_core.shell:Creating package script '/home/suho/final/install/my_package/share/my_package/package.zsh'
[22.256s] Level 1:colcon.colcon_core.environment:create_file_with_runtime_dependencies(/home/suho/final/install/my_package/share/colcon-core/packages/my_package)
[22.303s] DEBUG:colcon.colcon_parallel_executor.executor.parallel:closing loop
[22.315s] DEBUG:colcon.colcon_parallel_executor.executor.parallel:loop closed
[22.325s] DEBUG:colcon.colcon_parallel_executor.executor.parallel:run_until_complete finished with '0'
[22.325s] DEBUG:colcon.colcon_core.event_reactor:joining thread
[22.637s] INFO:colcon.colcon_core.plugin_system:Skipping extension 'colcon_notification.desktop_notification.terminal_notifier': Not used on non-Darwin systems
[22.637s] INFO:colcon.colcon_core.plugin_system:Skipping extension 'colcon_notification.desktop_notification.win32': Not used on non-Windows systems
[22.637s] INFO:colcon.colcon_notification.desktop_notification:Sending desktop notification using 'notify2'
[22.723s] DEBUG:colcon.colcon_core.event_reactor:joined thread
[23.157s] INFO:colcon.colcon_core.shell:Creating prefix script '/home/suho/final/install/local_setup.ps1'
[23.162s] INFO:colcon.colcon_core.shell:Creating prefix util module '/home/suho/final/install/_local_setup_util_ps1.py'
[23.169s] INFO:colcon.colcon_core.shell:Creating prefix chain script '/home/suho/final/install/setup.ps1'
[23.371s] INFO:colcon.colcon_core.shell:Creating prefix script '/home/suho/final/install/local_setup.sh'
[23.384s] INFO:colcon.colcon_core.shell:Creating prefix util module '/home/suho/final/install/_local_setup_util_sh.py'
[23.387s] INFO:colcon.colcon_core.shell:Creating prefix chain script '/home/suho/final/install/setup.sh'
[23.605s] INFO:colcon.colcon_core.shell:Creating prefix script '/home/suho/final/install/local_setup.bash'
[23.608s] INFO:colcon.colcon_core.shell:Creating prefix chain script '/home/suho/final/install/setup.bash'
[23.829s] INFO:colcon.colcon_core.shell:Creating prefix script '/home/suho/final/install/local_setup.zsh'
[23.832s] INFO:colcon.colcon_core.shell:Creating prefix chain script '/home/suho/final/install/setup.zsh'
