[6.299s] Invoking command in '/home/suho/final/my_package': PYTHONPATH=/home/suho/final/build/my_package/prefix_override:/home/suho/final/install/my_package/lib/python3.8/site-packages:${PYTHONPATH} /usr/bin/python3 setup.py egg_info --egg-base ../build/my_package build --build-base /home/suho/final/build/my_package/build install --record /home/suho/final/build/my_package/install.log --install-scripts $base/lib/my_package --single-version-externally-managed
[7.525s] running egg_info
[7.560s] writing ../build/my_package/my_package.egg-info/PKG-INFO
[7.599s] writing dependency_links to ../build/my_package/my_package.egg-info/dependency_links.txt
[7.599s] writing entry points to ../build/my_package/my_package.egg-info/entry_points.txt
[7.599s] writing requirements to ../build/my_package/my_package.egg-info/requires.txt
[7.613s] writing top-level names to ../build/my_package/my_package.egg-info/top_level.txt
[8.016s] reading manifest file '../build/my_package/my_package.egg-info/SOURCES.txt'
[8.026s] writing manifest file '../build/my_package/my_package.egg-info/SOURCES.txt'
[8.032s] running build
[8.032s] running build_py
[8.032s] copying my_package/my_node.py -> /home/suho/final/build/my_package/build/lib/my_package
[8.032s] copying my_package/motor_node.py -> /home/suho/final/build/my_package/build/lib/my_package
[8.050s] copying my_package/sensor_node.py -> /home/suho/final/build/my_package/build/lib/my_package
[8.051s] copying my_package/monitor_node.py -> /home/suho/final/build/my_package/build/lib/my_package
[8.051s] copying my_package/control_node.py -> /home/suho/final/build/my_package/build/lib/my_package
[8.072s] running install
[8.078s] running install_lib
[8.088s] copying /home/suho/final/build/my_package/build/lib/my_package/my_node.py -> /home/suho/final/install/my_package/lib/python3.8/site-packages/my_package
[8.088s] copying /home/suho/final/build/my_package/build/lib/my_package/motor_node.py -> /home/suho/final/install/my_package/lib/python3.8/site-packages/my_package
[8.089s] copying /home/suho/final/build/my_package/build/lib/my_package/sensor_node.py -> /home/suho/final/install/my_package/lib/python3.8/site-packages/my_package
[8.089s] copying /home/suho/final/build/my_package/build/lib/my_package/monitor_node.py -> /home/suho/final/install/my_package/lib/python3.8/site-packages/my_package
[8.089s] copying /home/suho/final/build/my_package/build/lib/my_package/control_node.py -> /home/suho/final/install/my_package/lib/python3.8/site-packages/my_package
[8.089s] byte-compiling /home/suho/final/install/my_package/lib/python3.8/site-packages/my_package/my_node.py to my_node.cpython-38.pyc
[8.092s] byte-compiling /home/suho/final/install/my_package/lib/python3.8/site-packages/my_package/motor_node.py to motor_node.cpython-38.pyc
[8.105s] byte-compiling /home/suho/final/install/my_package/lib/python3.8/site-packages/my_package/sensor_node.py to sensor_node.cpython-38.pyc
[8.105s]   File "/home/suho/final/install/my_package/lib/python3.8/site-packages/my_package/control_node.py", line 27
[8.106s]     
[8.106s]     ^
[8.106s] SyntaxError: unexpected EOF while parsing
[8.106s] 
[8.106s] byte-compiling /home/suho/final/install/my_package/lib/python3.8/site-packages/my_package/monitor_node.py to monitor_node.cpython-38.pyc
[8.106s] byte-compiling /home/suho/final/install/my_package/lib/python3.8/site-packages/my_package/control_node.py to control_node.cpython-38.pyc
[8.107s] running install_data
[8.107s] running install_egg_info
[8.108s] removing '/home/suho/final/install/my_package/lib/python3.8/site-packages/my_package-0.0.0-py3.8.egg-info' (and everything under it)
[8.108s] Copying ../build/my_package/my_package.egg-info to /home/suho/final/install/my_package/lib/python3.8/site-packages/my_package-0.0.0-py3.8.egg-info
[8.109s] running install_scripts
[8.245s] Installing control_node script to /home/suho/final/install/my_package/lib/my_package
[8.251s] Installing monitor_node script to /home/suho/final/install/my_package/lib/my_package
[8.251s] Installing motor_node script to /home/suho/final/install/my_package/lib/my_package
[8.252s] Installing my_node script to /home/suho/final/install/my_package/lib/my_package
[8.252s] Installing sensor_node script to /home/suho/final/install/my_package/lib/my_package
[8.252s] writing list of installed files to '/home/suho/final/build/my_package/install.log'
[8.407s] Invoked command in '/home/suho/final/my_package' returned '0': PYTHONPATH=/home/suho/final/build/my_package/prefix_override:/home/suho/final/install/my_package/lib/python3.8/site-packages:${PYTHONPATH} /usr/bin/python3 setup.py egg_info --egg-base ../build/my_package build --build-base /home/suho/final/build/my_package/build install --record /home/suho/final/build/my_package/install.log --install-scripts $base/lib/my_package --single-version-externally-managed
