[12.929s] DEBUG:colcon:Command line arguments: ['/usr/bin/colcon', 'build']
[12.929s] DEBUG:colcon:Parsed command line arguments: Namespace(allow_overriding=[], ament_cmake_args=None, base_paths=['.'], build_base='build', catkin_cmake_args=None, catkin_skip_building_tests=False, cmake_args=None, cmake_clean_cache=False, cmake_clean_first=False, cmake_force_configure=False, cmake_target=None, cmake_target_skip_unavailable=False, continue_on_error=False, event_handlers=None, executor='parallel', ignore_user_meta=False, install_base='install', log_base=None, log_level=None, main=<bound method BuildVerb.main of <colcon_core.verb.build.BuildVerb object at 0x7fb71815e670>>, merge_install=False, metas=['./colcon.meta'], packages_above=None, packages_above_and_dependencies=None, packages_above_depth=None, packages_end=None, packages_ignore=None, packages_ignore_regex=None, packages_select=None, packages_select_build_failed=False, packages_select_by_dep=None, packages_select_regex=None, packages_select_test_failures=False, packages_skip=None, packages_skip_build_finished=False, packages_skip_by_dep=None, packages_skip_regex=None, packages_skip_test_passed=False, packages_skip_up_to=None, packages_start=None, packages_up_to=None, packages_up_to_regex=None, parallel_workers=6, paths=None, symlink_install=False, test_result_base=None, verb_extension=<colcon_core.verb.build.BuildVerb object at 0x7fb71815e670>, verb_name='build', verb_parser=<colcon_defaults.argument_parser.defaults.DefaultArgumentsDecorator object at 0x7fb717d316a0>)
[13.471s] Level 1:colcon.colcon_core.package_discovery:discover_packages(colcon_meta) check parameters
[13.471s] Level 1:colcon.colcon_core.package_discovery:discover_packages(recursive) check parameters
[13.471s] Level 1:colcon.colcon_core.package_discovery:discover_packages(ignore) check parameters
[13.472s] Level 1:colcon.colcon_core.package_discovery:discover_packages(path) check parameters
[13.472s] Level 1:colcon.colcon_core.package_discovery:discover_packages(colcon_meta) discover
[13.472s] Level 1:colcon.colcon_core.package_discovery:discover_packages(recursive) discover
[13.472s] INFO:colcon.colcon_core.package_discovery:Crawling recursively for packages in '/home/suho/final'
[13.472s] Level 1:colcon.colcon_core.package_identification:_identify(.) by extensions ['ignore', 'ignore_ament_install']
[13.472s] Level 1:colcon.colcon_core.package_identification:_identify(.) by extension 'ignore'
[13.472s] Level 1:colcon.colcon_core.package_identification:_identify(.) by extension 'ignore_ament_install'
[13.473s] Level 1:colcon.colcon_core.package_identification:_identify(.) by extensions ['colcon_pkg']
[13.473s] Level 1:colcon.colcon_core.package_identification:_identify(.) by extension 'colcon_pkg'
[13.473s] Level 1:colcon.colcon_core.package_identification:_identify(.) by extensions ['colcon_meta']
[13.476s] Level 1:colcon.colcon_core.package_identification:_identify(.) by extension 'colcon_meta'
[13.477s] Level 1:colcon.colcon_core.package_identification:_identify(.) by extensions ['ros']
[13.477s] Level 1:colcon.colcon_core.package_identification:_identify(.) by extension 'ros'
[13.498s] Level 1:colcon.colcon_core.package_identification:_identify(.) by extensions ['cmake', 'python']
[13.499s] Level 1:colcon.colcon_core.package_identification:_identify(.) by extension 'cmake'
[13.499s] Level 1:colcon.colcon_core.package_identification:_identify(.) by extension 'python'
[13.499s] Level 1:colcon.colcon_core.package_identification:_identify(.) by extensions ['python_setup_py']
[13.499s] Level 1:colcon.colcon_core.package_identification:_identify(.) by extension 'python_setup_py'
[13.499s] Level 1:colcon.colcon_core.package_identification:_identify(build) by extensions ['ignore', 'ignore_ament_install']
[13.500s] Level 1:colcon.colcon_core.package_identification:_identify(build) by extension 'ignore'
[13.500s] Level 1:colcon.colcon_core.package_identification:_identify(build) ignored
[13.507s] Level 1:colcon.colcon_core.package_identification:_identify(install) by extensions ['ignore', 'ignore_ament_install']
[13.508s] Level 1:colcon.colcon_core.package_identification:_identify(install) by extension 'ignore'
[13.508s] Level 1:colcon.colcon_core.package_identification:_identify(install) ignored
[13.509s] Level 1:colcon.colcon_core.package_identification:_identify(log) by extensions ['ignore', 'ignore_ament_install']
[13.509s] Level 1:colcon.colcon_core.package_identification:_identify(log) by extension 'ignore'
[13.509s] Level 1:colcon.colcon_core.package_identification:_identify(log) ignored
[13.509s] Level 1:colcon.colcon_core.package_identification:_identify(my_package) by extensions ['ignore', 'ignore_ament_install']
[13.510s] Level 1:colcon.colcon_core.package_identification:_identify(my_package) by extension 'ignore'
[13.510s] Level 1:colcon.colcon_core.package_identification:_identify(my_package) by extension 'ignore_ament_install'
[13.510s] Level 1:colcon.colcon_core.package_identification:_identify(my_package) by extensions ['colcon_pkg']
[13.510s] Level 1:colcon.colcon_core.package_identification:_identify(my_package) by extension 'colcon_pkg'
[13.510s] Level 1:colcon.colcon_core.package_identification:_identify(my_package) by extensions ['colcon_meta']
[13.514s] Level 1:colcon.colcon_core.package_identification:_identify(my_package) by extension 'colcon_meta'
[13.514s] Level 1:colcon.colcon_core.package_identification:_identify(my_package) by extensions ['ros']
[13.515s] Level 1:colcon.colcon_core.package_identification:_identify(my_package) by extension 'ros'
[13.519s] DEBUG:colcon.colcon_core.package_identification:Package 'my_package' with type 'ros.ament_python' and name 'my_package'
[13.520s] Level 1:colcon.colcon_core.package_discovery:discover_packages(recursive) using defaults
[13.520s] Level 1:colcon.colcon_core.package_discovery:discover_packages(ignore) discover
[13.520s] Level 1:colcon.colcon_core.package_discovery:discover_packages(ignore) using defaults
[13.520s] Level 1:colcon.colcon_core.package_discovery:discover_packages(path) discover
[13.520s] Level 1:colcon.colcon_core.package_discovery:discover_packages(path) using defaults
[14.563s] Level 1:colcon.colcon_core.package_discovery:discover_packages(prefix_path) check parameters
[14.563s] Level 1:colcon.colcon_core.package_discovery:discover_packages(prefix_path) discover
[15.024s] DEBUG:colcon.colcon_installed_package_information.package_discovery:Found 2 installed packages in /home/suho/gcamp_ros2_ws/install
[15.234s] DEBUG:colcon.colcon_installed_package_information.package_discovery:Found 307 installed packages in /opt/ros/foxy
[15.238s] Level 1:colcon.colcon_core.package_discovery:discover_packages(prefix_path) using defaults
[15.911s] Level 5:colcon.colcon_core.verb:set package 'my_package' build argument 'cmake_args' from command line to 'None'
[15.912s] Level 5:colcon.colcon_core.verb:set package 'my_package' build argument 'cmake_target' from command line to 'None'
[15.912s] Level 5:colcon.colcon_core.verb:set package 'my_package' build argument 'cmake_target_skip_unavailable' from command line to 'False'
[15.912s] Level 5:colcon.colcon_core.verb:set package 'my_package' build argument 'cmake_clean_cache' from command line to 'False'
[15.912s] Level 5:colcon.colcon_core.verb:set package 'my_package' build argument 'cmake_clean_first' from command line to 'False'
[15.912s] Level 5:colcon.colcon_core.verb:set package 'my_package' build argument 'cmake_force_configure' from command line to 'False'
[15.912s] Level 5:colcon.colcon_core.verb:set package 'my_package' build argument 'ament_cmake_args' from command line to 'None'
[15.912s] Level 5:colcon.colcon_core.verb:set package 'my_package' build argument 'catkin_cmake_args' from command line to 'None'
[15.912s] Level 5:colcon.colcon_core.verb:set package 'my_package' build argument 'catkin_skip_building_tests' from command line to 'False'
[15.912s] DEBUG:colcon.colcon_core.verb:Building package 'my_package' with the following arguments: {'ament_cmake_args': None, 'build_base': '/home/suho/final/build/my_package', 'catkin_cmake_args': None, 'catkin_skip_building_tests': False, 'cmake_args': None, 'cmake_clean_cache': False, 'cmake_clean_first': False, 'cmake_force_configure': False, 'cmake_target': None, 'cmake_target_skip_unavailable': False, 'install_base': '/home/suho/final/install/my_package', 'merge_install': False, 'path': '/home/suho/final/my_package', 'symlink_install': False, 'test_result_base': None}
[16.162s] INFO:colcon.colcon_core.executor:Executing jobs using 'parallel' executor
[16.424s] DEBUG:colcon.colcon_parallel_executor.executor.parallel:run_until_complete
[16.425s] INFO:colcon.colcon_ros.task.ament_python.build:Building ROS package in '/home/suho/final/my_package' with build type 'ament_python'
[16.426s] Level 1:colcon.colcon_core.shell:create_environment_hook('my_package', 'ament_prefix_path')
[16.794s] INFO:colcon.colcon_core.plugin_system:Skipping extension 'colcon_core.shell.bat': Not used on non-Windows systems
[16.795s] INFO:colcon.colcon_core.shell:Creating environment hook '/home/suho/final/install/my_package/share/my_package/hook/ament_prefix_path.ps1'
[16.844s] INFO:colcon.colcon_core.shell:Creating environment descriptor '/home/suho/final/install/my_package/share/my_package/hook/ament_prefix_path.dsv'
[16.856s] INFO:colcon.colcon_core.shell:Creating environment hook '/home/suho/final/install/my_package/share/my_package/hook/ament_prefix_path.sh'
[17.154s] INFO:colcon.colcon_core.shell:Skip shell extension 'powershell' for command environment: Not usable outside of PowerShell
[17.155s] DEBUG:colcon.colcon_core.shell:Skip shell extension 'dsv' for command environment
[19.416s] INFO:colcon.colcon_core.task.python.build:Building Python package in '/home/suho/final/my_package'
[19.792s] INFO:colcon.colcon_core.shell:Skip shell extension 'powershell' for command environment: Not usable outside of PowerShell
[19.793s] DEBUG:colcon.colcon_core.shell:Skip shell extension 'dsv' for command environment
[22.726s] DEBUG:colcon.colcon_core.event_handler.log_command:Invoking command in '/home/suho/final/my_package': PYTHONPATH=/home/suho/final/build/my_package/prefix_override:/home/suho/final/install/my_package/lib/python3.8/site-packages:${PYTHONPATH} /usr/bin/python3 setup.py egg_info --egg-base ../build/my_package build --build-base /home/suho/final/build/my_package/build install --record /home/suho/final/build/my_package/install.log --install-scripts $base/lib/my_package --single-version-externally-managed
[24.982s] DEBUG:colcon.colcon_core.event_handler.log_command:Invoked command in '/home/suho/final/my_package' returned '0': PYTHONPATH=/home/suho/final/build/my_package/prefix_override:/home/suho/final/install/my_package/lib/python3.8/site-packages:${PYTHONPATH} /usr/bin/python3 setup.py egg_info --egg-base ../build/my_package build --build-base /home/suho/final/build/my_package/build install --record /home/suho/final/build/my_package/install.log --install-scripts $base/lib/my_package --single-version-externally-managed
[25.700s] Level 1:colcon.colcon_core.environment:checking '/home/suho/final/install/my_package' for CMake module files
[25.703s] Level 1:colcon.colcon_core.environment:checking '/home/suho/final/install/my_package' for CMake config files
[25.706s] Level 1:colcon.colcon_core.environment:checking '/home/suho/final/install/my_package/lib'
[25.708s] Level 1:colcon.colcon_core.environment:checking '/home/suho/final/install/my_package/bin'
[25.734s] Level 1:colcon.colcon_core.environment:checking '/home/suho/final/install/my_package/lib/pkgconfig/my_package.pc'
[25.735s] Level 1:colcon.colcon_core.environment:checking '/home/suho/final/install/my_package/lib/python3.8/site-packages'
[25.735s] Level 1:colcon.colcon_core.shell:create_environment_hook('my_package', 'pythonpath')
[26.100s] INFO:colcon.colcon_core.shell:Creating environment hook '/home/suho/final/install/my_package/share/my_package/hook/pythonpath.ps1'
[26.104s] INFO:colcon.colcon_core.shell:Creating environment descriptor '/home/suho/final/install/my_package/share/my_package/hook/pythonpath.dsv'
[26.107s] INFO:colcon.colcon_core.shell:Creating environment hook '/home/suho/final/install/my_package/share/my_package/hook/pythonpath.sh'
[26.124s] Level 1:colcon.colcon_core.environment:checking '/home/suho/final/install/my_package/bin'
[26.125s] Level 1:colcon.colcon_core.environment:create_environment_scripts_only(my_package)
[26.593s] INFO:colcon.colcon_core.shell:Creating package script '/home/suho/final/install/my_package/share/my_package/package.ps1'
[26.597s] INFO:colcon.colcon_core.shell:Creating package descriptor '/home/suho/final/install/my_package/share/my_package/package.dsv'
[26.601s] INFO:colcon.colcon_core.shell:Creating package script '/home/suho/final/install/my_package/share/my_package/package.sh'
[26.605s] INFO:colcon.colcon_core.shell:Creating package script '/home/suho/final/install/my_package/share/my_package/package.bash'
[26.616s] INFO:colcon.colcon_core.shell:Creating package script '/home/suho/final/install/my_package/share/my_package/package.zsh'
[26.620s] Level 1:colcon.colcon_core.environment:create_file_with_runtime_dependencies(/home/suho/final/install/my_package/share/colcon-core/packages/my_package)
[26.631s] DEBUG:colcon.colcon_parallel_executor.executor.parallel:closing loop
[26.643s] DEBUG:colcon.colcon_parallel_executor.executor.parallel:loop closed
[26.643s] DEBUG:colcon.colcon_parallel_executor.executor.parallel:run_until_complete finished with '0'
[26.644s] DEBUG:colcon.colcon_core.event_reactor:joining thread
[27.025s] INFO:colcon.colcon_core.plugin_system:Skipping extension 'colcon_notification.desktop_notification.terminal_notifier': Not used on non-Darwin systems
[27.026s] INFO:colcon.colcon_core.plugin_system:Skipping extension 'colcon_notification.desktop_notification.win32': Not used on non-Windows systems
[27.031s] INFO:colcon.colcon_notification.desktop_notification:Sending desktop notification using 'notify2'
[27.124s] DEBUG:colcon.colcon_core.event_reactor:joined thread
[27.560s] INFO:colcon.colcon_core.shell:Creating prefix script '/home/suho/final/install/local_setup.ps1'
[27.616s] INFO:colcon.colcon_core.shell:Creating prefix util module '/home/suho/final/install/_local_setup_util_ps1.py'
[27.621s] INFO:colcon.colcon_core.shell:Creating prefix chain script '/home/suho/final/install/setup.ps1'
[27.916s] INFO:colcon.colcon_core.shell:Creating prefix script '/home/suho/final/install/local_setup.sh'
[27.920s] INFO:colcon.colcon_core.shell:Creating prefix util module '/home/suho/final/install/_local_setup_util_sh.py'
[27.928s] INFO:colcon.colcon_core.shell:Creating prefix chain script '/home/suho/final/install/setup.sh'
[28.263s] INFO:colcon.colcon_core.shell:Creating prefix script '/home/suho/final/install/local_setup.bash'
[28.273s] INFO:colcon.colcon_core.shell:Creating prefix chain script '/home/suho/final/install/setup.bash'
[28.622s] INFO:colcon.colcon_core.shell:Creating prefix script '/home/suho/final/install/local_setup.zsh'
[28.630s] INFO:colcon.colcon_core.shell:Creating prefix chain script '/home/suho/final/install/setup.zsh'
