[5.208s] Invoking command in '/home/suho/final/my_package': PYTHONPATH=/home/suho/final/build/my_package/prefix_override:/home/suho/final/install/my_package/lib/python3.8/site-packages:${PYTHONPATH} /usr/bin/python3 setup.py egg_info --egg-base ../build/my_package build --build-base /home/suho/final/build/my_package/build install --record /home/suho/final/build/my_package/install.log --install-scripts $base/lib/my_package --single-version-externally-managed
[5.672s] running egg_info
[5.697s] writing ../build/my_package/my_package.egg-info/PKG-INFO
[5.731s] writing dependency_links to ../build/my_package/my_package.egg-info/dependency_links.txt
[5.736s] writing entry points to ../build/my_package/my_package.egg-info/entry_points.txt
[5.749s] writing requirements to ../build/my_package/my_package.egg-info/requires.txt
[5.749s] writing top-level names to ../build/my_package/my_package.egg-info/top_level.txt
[5.847s] reading manifest file '../build/my_package/my_package.egg-info/SOURCES.txt'
[5.860s] writing manifest file '../build/my_package/my_package.egg-info/SOURCES.txt'
[5.860s] running build
[5.860s] running build_py
[5.861s] copying my_package/flask_node.py -> /home/suho/final/build/my_package/build/lib/my_package
[5.861s] copying my_package/control_node.py -> /home/suho/final/build/my_package/build/lib/my_package
[5.862s] running install
[5.865s] running install_lib
[5.868s] copying /home/suho/final/build/my_package/build/lib/my_package/flask_node.py -> /home/suho/final/install/my_package/lib/python3.8/site-packages/my_package
[5.868s] copying /home/suho/final/build/my_package/build/lib/my_package/control_node.py -> /home/suho/final/install/my_package/lib/python3.8/site-packages/my_package
[5.869s] byte-compiling /home/suho/final/install/my_package/lib/python3.8/site-packages/my_package/flask_node.py to flask_node.cpython-38.pyc
[5.909s] byte-compiling /home/suho/final/install/my_package/lib/python3.8/site-packages/my_package/control_node.py to control_node.cpython-38.pyc
[5.945s] running install_data
[5.946s] running install_egg_info
[5.946s] removing '/home/suho/final/install/my_package/lib/python3.8/site-packages/my_package-0.0.0-py3.8.egg-info' (and everything under it)
[5.946s] Copying ../build/my_package/my_package.egg-info to /home/suho/final/install/my_package/lib/python3.8/site-packages/my_package-0.0.0-py3.8.egg-info
[5.946s] running install_scripts
[6.032s] Installing control_node script to /home/suho/final/install/my_package/lib/my_package
[6.062s] Installing flask_node script to /home/suho/final/install/my_package/lib/my_package
[6.062s] Installing monitor_node script to /home/suho/final/install/my_package/lib/my_package
[6.062s] Installing motor_node script to /home/suho/final/install/my_package/lib/my_package
[6.062s] Installing sensor_node script to /home/suho/final/install/my_package/lib/my_package
[6.064s] writing list of installed files to '/home/suho/final/build/my_package/install.log'
[6.155s] Invoked command in '/home/suho/final/my_package' returned '0': PYTHONPATH=/home/suho/final/build/my_package/prefix_override:/home/suho/final/install/my_package/lib/python3.8/site-packages:${PYTHONPATH} /usr/bin/python3 setup.py egg_info --egg-base ../build/my_package build --build-base /home/suho/final/build/my_package/build install --record /home/suho/final/build/my_package/install.log --install-scripts $base/lib/my_package --single-version-externally-managed
