[7.487s] Invoking command in '/home/suho/final/my_package': PYTHONPATH=/home/suho/final/build/my_package/prefix_override:/home/suho/final/install/my_package/lib/python3.8/site-packages:${PYTHONPATH} /usr/bin/python3 setup.py egg_info --egg-base ../build/my_package build --build-base /home/suho/final/build/my_package/build install --record /home/suho/final/build/my_package/install.log --install-scripts $base/lib/my_package --single-version-externally-managed
[8.450s] running egg_info
[8.452s] writing ../build/my_package/my_package.egg-info/PKG-INFO
[8.475s] writing dependency_links to ../build/my_package/my_package.egg-info/dependency_links.txt
[8.501s] writing entry points to ../build/my_package/my_package.egg-info/entry_points.txt
[8.516s] writing requirements to ../build/my_package/my_package.egg-info/requires.txt
[8.516s] writing top-level names to ../build/my_package/my_package.egg-info/top_level.txt
[8.664s] reading manifest file '../build/my_package/my_package.egg-info/SOURCES.txt'
[8.665s] writing manifest file '../build/my_package/my_package.egg-info/SOURCES.txt'
[8.665s] running build
[8.667s] running build_py
[8.668s] copying my_package/monitor_node.py -> /home/suho/final/build/my_package/build/lib/my_package
[8.670s] running install
[8.697s] running install_lib
[8.704s] copying /home/suho/final/build/my_package/build/lib/my_package/monitor_node.py -> /home/suho/final/install/my_package/lib/python3.8/site-packages/my_package
[8.709s] byte-compiling /home/suho/final/install/my_package/lib/python3.8/site-packages/my_package/monitor_node.py to monitor_node.cpython-38.pyc
[8.716s] running install_data
[8.719s] running install_egg_info
[8.755s] removing '/home/suho/final/install/my_package/lib/python3.8/site-packages/my_package-0.0.0-py3.8.egg-info' (and everything under it)
[8.760s] Copying ../build/my_package/my_package.egg-info to /home/suho/final/install/my_package/lib/python3.8/site-packages/my_package-0.0.0-py3.8.egg-info
[8.762s] running install_scripts
[8.865s] Installing control_node script to /home/suho/final/install/my_package/lib/my_package
[8.865s] Installing flask_node script to /home/suho/final/install/my_package/lib/my_package
[8.865s] Installing monitor_node script to /home/suho/final/install/my_package/lib/my_package
[8.865s] Installing motor_node script to /home/suho/final/install/my_package/lib/my_package
[8.865s] Installing sensor_node script to /home/suho/final/install/my_package/lib/my_package
[8.875s] writing list of installed files to '/home/suho/final/build/my_package/install.log'
[9.031s] Invoked command in '/home/suho/final/my_package' returned '0': PYTHONPATH=/home/suho/final/build/my_package/prefix_override:/home/suho/final/install/my_package/lib/python3.8/site-packages:${PYTHONPATH} /usr/bin/python3 setup.py egg_info --egg-base ../build/my_package build --build-base /home/suho/final/build/my_package/build install --record /home/suho/final/build/my_package/install.log --install-scripts $base/lib/my_package --single-version-externally-managed
