[10.646s] DEBUG:colcon:Command line arguments: ['/usr/bin/colcon', 'build', '--packages-select', 'my_package']
[10.646s] DEBUG:colcon:Parsed command line arguments: Namespace(allow_overriding=[], ament_cmake_args=None, base_paths=['.'], build_base='build', catkin_cmake_args=None, catkin_skip_building_tests=False, cmake_args=None, cmake_clean_cache=False, cmake_clean_first=False, cmake_force_configure=False, cmake_target=None, cmake_target_skip_unavailable=False, continue_on_error=False, event_handlers=None, executor='parallel', ignore_user_meta=False, install_base='install', log_base=None, log_level=None, main=<bound method BuildVerb.main of <colcon_core.verb.build.BuildVerb object at 0x7fef3a4d3e20>>, merge_install=False, metas=['./colcon.meta'], packages_above=None, packages_above_and_dependencies=None, packages_above_depth=None, packages_end=None, packages_ignore=None, packages_ignore_regex=None, packages_select=['my_package'], packages_select_build_failed=False, packages_select_by_dep=None, packages_select_regex=None, packages_select_test_failures=False, packages_skip=None, packages_skip_build_finished=False, packages_skip_by_dep=None, packages_skip_regex=None, packages_skip_test_passed=False, packages_skip_up_to=None, packages_start=None, packages_up_to=None, packages_up_to_regex=None, parallel_workers=6, paths=None, symlink_install=False, test_result_base=None, verb_extension=<colcon_core.verb.build.BuildVerb object at 0x7fef3a4d3e20>, verb_name='build', verb_parser=<colcon_defaults.argument_parser.defaults.DefaultArgumentsDecorator object at 0x7fef3a2cfd60>)
[11.116s] Level 1:colcon.colcon_core.package_discovery:discover_packages(colcon_meta) check parameters
[11.116s] Level 1:colcon.colcon_core.package_discovery:discover_packages(recursive) check parameters
[11.116s] Level 1:colcon.colcon_core.package_discovery:discover_packages(ignore) check parameters
[11.116s] Level 1:colcon.colcon_core.package_discovery:discover_packages(path) check parameters
[11.117s] Level 1:colcon.colcon_core.package_discovery:discover_packages(colcon_meta) discover
[11.117s] Level 1:colcon.colcon_core.package_discovery:discover_packages(recursive) discover
[11.117s] INFO:colcon.colcon_core.package_discovery:Crawling recursively for packages in '/home/suho/final'
[11.117s] Level 1:colcon.colcon_core.package_identification:_identify(.) by extensions ['ignore', 'ignore_ament_install']
[11.117s] Level 1:colcon.colcon_core.package_identification:_identify(.) by extension 'ignore'
[11.118s] Level 1:colcon.colcon_core.package_identification:_identify(.) by extension 'ignore_ament_install'
[11.118s] Level 1:colcon.colcon_core.package_identification:_identify(.) by extensions ['colcon_pkg']
[11.118s] Level 1:colcon.colcon_core.package_identification:_identify(.) by extension 'colcon_pkg'
[11.118s] Level 1:colcon.colcon_core.package_identification:_identify(.) by extensions ['colcon_meta']
[11.118s] Level 1:colcon.colcon_core.package_identification:_identify(.) by extension 'colcon_meta'
[11.118s] Level 1:colcon.colcon_core.package_identification:_identify(.) by extensions ['ros']
[11.118s] Level 1:colcon.colcon_core.package_identification:_identify(.) by extension 'ros'
[11.138s] Level 1:colcon.colcon_core.package_identification:_identify(.) by extensions ['cmake', 'python']
[11.139s] Level 1:colcon.colcon_core.package_identification:_identify(.) by extension 'cmake'
[11.139s] Level 1:colcon.colcon_core.package_identification:_identify(.) by extension 'python'
[11.139s] Level 1:colcon.colcon_core.package_identification:_identify(.) by extensions ['python_setup_py']
[11.139s] Level 1:colcon.colcon_core.package_identification:_identify(.) by extension 'python_setup_py'
[11.139s] Level 1:colcon.colcon_core.package_identification:_identify(build) by extensions ['ignore', 'ignore_ament_install']
[11.139s] Level 1:colcon.colcon_core.package_identification:_identify(build) by extension 'ignore'
[11.140s] Level 1:colcon.colcon_core.package_identification:_identify(build) ignored
[11.140s] Level 1:colcon.colcon_core.package_identification:_identify(install) by extensions ['ignore', 'ignore_ament_install']
[11.140s] Level 1:colcon.colcon_core.package_identification:_identify(install) by extension 'ignore'
[11.140s] Level 1:colcon.colcon_core.package_identification:_identify(install) ignored
[11.140s] Level 1:colcon.colcon_core.package_identification:_identify(log) by extensions ['ignore', 'ignore_ament_install']
[11.140s] Level 1:colcon.colcon_core.package_identification:_identify(log) by extension 'ignore'
[11.141s] Level 1:colcon.colcon_core.package_identification:_identify(log) ignored
[11.141s] Level 1:colcon.colcon_core.package_identification:_identify(my_package) by extensions ['ignore', 'ignore_ament_install']
[11.141s] Level 1:colcon.colcon_core.package_identification:_identify(my_package) by extension 'ignore'
[11.141s] Level 1:colcon.colcon_core.package_identification:_identify(my_package) by extension 'ignore_ament_install'
[11.141s] Level 1:colcon.colcon_core.package_identification:_identify(my_package) by extensions ['colcon_pkg']
[11.141s] Level 1:colcon.colcon_core.package_identification:_identify(my_package) by extension 'colcon_pkg'
[11.141s] Level 1:colcon.colcon_core.package_identification:_identify(my_package) by extensions ['colcon_meta']
[11.141s] Level 1:colcon.colcon_core.package_identification:_identify(my_package) by extension 'colcon_meta'
[11.145s] Level 1:colcon.colcon_core.package_identification:_identify(my_package) by extensions ['ros']
[11.145s] Level 1:colcon.colcon_core.package_identification:_identify(my_package) by extension 'ros'
[11.152s] DEBUG:colcon.colcon_core.package_identification:Package 'my_package' with type 'ros.ament_python' and name 'my_package'
[11.153s] Level 1:colcon.colcon_core.package_discovery:discover_packages(recursive) using defaults
[11.153s] Level 1:colcon.colcon_core.package_discovery:discover_packages(ignore) discover
[11.155s] Level 1:colcon.colcon_core.package_discovery:discover_packages(ignore) using defaults
[11.155s] Level 1:colcon.colcon_core.package_discovery:discover_packages(path) discover
[11.155s] Level 1:colcon.colcon_core.package_discovery:discover_packages(path) using defaults
[12.186s] Level 1:colcon.colcon_core.package_discovery:discover_packages(prefix_path) check parameters
[12.187s] Level 1:colcon.colcon_core.package_discovery:discover_packages(prefix_path) discover
[12.577s] DEBUG:colcon.colcon_installed_package_information.package_discovery:Found 1 installed packages in /home/suho/final/install
[12.753s] DEBUG:colcon.colcon_installed_package_information.package_discovery:Found 329 installed packages in /opt/ros/foxy
[12.757s] Level 1:colcon.colcon_core.package_discovery:discover_packages(prefix_path) using defaults
[13.318s] Level 5:colcon.colcon_core.verb:set package 'my_package' build argument 'cmake_args' from command line to 'None'
[13.318s] Level 5:colcon.colcon_core.verb:set package 'my_package' build argument 'cmake_target' from command line to 'None'
[13.318s] Level 5:colcon.colcon_core.verb:set package 'my_package' build argument 'cmake_target_skip_unavailable' from command line to 'False'
[13.318s] Level 5:colcon.colcon_core.verb:set package 'my_package' build argument 'cmake_clean_cache' from command line to 'False'
[13.318s] Level 5:colcon.colcon_core.verb:set package 'my_package' build argument 'cmake_clean_first' from command line to 'False'
[13.318s] Level 5:colcon.colcon_core.verb:set package 'my_package' build argument 'cmake_force_configure' from command line to 'False'
[13.318s] Level 5:colcon.colcon_core.verb:set package 'my_package' build argument 'ament_cmake_args' from command line to 'None'
[13.318s] Level 5:colcon.colcon_core.verb:set package 'my_package' build argument 'catkin_cmake_args' from command line to 'None'
[13.318s] Level 5:colcon.colcon_core.verb:set package 'my_package' build argument 'catkin_skip_building_tests' from command line to 'False'
[13.318s] DEBUG:colcon.colcon_core.verb:Building package 'my_package' with the following arguments: {'ament_cmake_args': None, 'build_base': '/home/suho/final/build/my_package', 'catkin_cmake_args': None, 'catkin_skip_building_tests': False, 'cmake_args': None, 'cmake_clean_cache': False, 'cmake_clean_first': False, 'cmake_force_configure': False, 'cmake_target': None, 'cmake_target_skip_unavailable': False, 'install_base': '/home/suho/final/install/my_package', 'merge_install': False, 'path': '/home/suho/final/my_package', 'symlink_install': False, 'test_result_base': None}
[13.499s] INFO:colcon.colcon_core.executor:Executing jobs using 'parallel' executor
[13.683s] DEBUG:colcon.colcon_parallel_executor.executor.parallel:run_until_complete
[13.693s] INFO:colcon.colcon_ros.task.ament_python.build:Building ROS package in '/home/suho/final/my_package' with build type 'ament_python'
[13.693s] Level 1:colcon.colcon_core.shell:create_environment_hook('my_package', 'ament_prefix_path')
[14.007s] INFO:colcon.colcon_core.plugin_system:Skipping extension 'colcon_core.shell.bat': Not used on non-Windows systems
[14.007s] INFO:colcon.colcon_core.shell:Creating environment hook '/home/suho/final/install/my_package/share/my_package/hook/ament_prefix_path.ps1'
[14.013s] INFO:colcon.colcon_core.shell:Creating environment descriptor '/home/suho/final/install/my_package/share/my_package/hook/ament_prefix_path.dsv'
[14.016s] INFO:colcon.colcon_core.shell:Creating environment hook '/home/suho/final/install/my_package/share/my_package/hook/ament_prefix_path.sh'
[14.319s] INFO:colcon.colcon_core.shell:Skip shell extension 'powershell' for command environment: Not usable outside of PowerShell
[14.320s] DEBUG:colcon.colcon_core.shell:Skip shell extension 'dsv' for command environment
[15.912s] INFO:colcon.colcon_core.task.python.build:Building Python package in '/home/suho/final/my_package'
[16.283s] INFO:colcon.colcon_core.shell:Skip shell extension 'powershell' for command environment: Not usable outside of PowerShell
[16.283s] DEBUG:colcon.colcon_core.shell:Skip shell extension 'dsv' for command environment
[18.328s] DEBUG:colcon.colcon_core.event_handler.log_command:Invoking command in '/home/suho/final/my_package': PYTHONPATH=/home/suho/final/build/my_package/prefix_override:/home/suho/final/install/my_package/lib/python3.8/site-packages:${PYTHONPATH} /usr/bin/python3 setup.py egg_info --egg-base ../build/my_package build --build-base /home/suho/final/build/my_package/build install --record /home/suho/final/build/my_package/install.log --install-scripts $base/lib/my_package --single-version-externally-managed
[19.349s] DEBUG:colcon.colcon_core.event_handler.log_command:Invoked command in '/home/suho/final/my_package' returned '0': PYTHONPATH=/home/suho/final/build/my_package/prefix_override:/home/suho/final/install/my_package/lib/python3.8/site-packages:${PYTHONPATH} /usr/bin/python3 setup.py egg_info --egg-base ../build/my_package build --build-base /home/suho/final/build/my_package/build install --record /home/suho/final/build/my_package/install.log --install-scripts $base/lib/my_package --single-version-externally-managed
[19.675s] Level 1:colcon.colcon_core.environment:checking '/home/suho/final/install/my_package' for CMake module files
[19.676s] Level 1:colcon.colcon_core.environment:checking '/home/suho/final/install/my_package' for CMake config files
[19.682s] Level 1:colcon.colcon_core.environment:checking '/home/suho/final/install/my_package/lib'
[19.682s] Level 1:colcon.colcon_core.environment:checking '/home/suho/final/install/my_package/bin'
[19.687s] Level 1:colcon.colcon_core.environment:checking '/home/suho/final/install/my_package/lib/pkgconfig/my_package.pc'
[19.687s] Level 1:colcon.colcon_core.environment:checking '/home/suho/final/install/my_package/lib/python3.8/site-packages'
[19.688s] Level 1:colcon.colcon_core.shell:create_environment_hook('my_package', 'pythonpath')
[20.043s] INFO:colcon.colcon_core.shell:Creating environment hook '/home/suho/final/install/my_package/share/my_package/hook/pythonpath.ps1'
[20.044s] INFO:colcon.colcon_core.shell:Creating environment descriptor '/home/suho/final/install/my_package/share/my_package/hook/pythonpath.dsv'
[20.059s] INFO:colcon.colcon_core.shell:Creating environment hook '/home/suho/final/install/my_package/share/my_package/hook/pythonpath.sh'
[20.061s] Level 1:colcon.colcon_core.environment:checking '/home/suho/final/install/my_package/bin'
[20.061s] Level 1:colcon.colcon_core.environment:create_environment_scripts_only(my_package)
[20.359s] INFO:colcon.colcon_core.shell:Creating package script '/home/suho/final/install/my_package/share/my_package/package.ps1'
[20.362s] INFO:colcon.colcon_core.shell:Creating package descriptor '/home/suho/final/install/my_package/share/my_package/package.dsv'
[20.370s] INFO:colcon.colcon_core.shell:Creating package script '/home/suho/final/install/my_package/share/my_package/package.sh'
[20.374s] INFO:colcon.colcon_core.shell:Creating package script '/home/suho/final/install/my_package/share/my_package/package.bash'
[20.382s] INFO:colcon.colcon_core.shell:Creating package script '/home/suho/final/install/my_package/share/my_package/package.zsh'
[20.398s] Level 1:colcon.colcon_core.environment:create_file_with_runtime_dependencies(/home/suho/final/install/my_package/share/colcon-core/packages/my_package)
[20.409s] DEBUG:colcon.colcon_parallel_executor.executor.parallel:closing loop
[20.410s] DEBUG:colcon.colcon_parallel_executor.executor.parallel:loop closed
[20.410s] DEBUG:colcon.colcon_parallel_executor.executor.parallel:run_until_complete finished with '0'
[20.410s] DEBUG:colcon.colcon_core.event_reactor:joining thread
[20.668s] INFO:colcon.colcon_core.plugin_system:Skipping extension 'colcon_notification.desktop_notification.terminal_notifier': Not used on non-Darwin systems
[20.669s] INFO:colcon.colcon_core.plugin_system:Skipping extension 'colcon_notification.desktop_notification.win32': Not used on non-Windows systems
[20.669s] INFO:colcon.colcon_notification.desktop_notification:Sending desktop notification using 'notify2'
[20.763s] DEBUG:colcon.colcon_core.event_reactor:joined thread
[21.030s] INFO:colcon.colcon_core.shell:Creating prefix script '/home/suho/final/install/local_setup.ps1'
[21.032s] INFO:colcon.colcon_core.shell:Creating prefix util module '/home/suho/final/install/_local_setup_util_ps1.py'
[21.037s] INFO:colcon.colcon_core.shell:Creating prefix chain script '/home/suho/final/install/setup.ps1'
[21.219s] INFO:colcon.colcon_core.shell:Creating prefix script '/home/suho/final/install/local_setup.sh'
[21.220s] INFO:colcon.colcon_core.shell:Creating prefix util module '/home/suho/final/install/_local_setup_util_sh.py'
[21.225s] INFO:colcon.colcon_core.shell:Creating prefix chain script '/home/suho/final/install/setup.sh'
[21.410s] INFO:colcon.colcon_core.shell:Creating prefix script '/home/suho/final/install/local_setup.bash'
[21.414s] INFO:colcon.colcon_core.shell:Creating prefix chain script '/home/suho/final/install/setup.bash'
[21.627s] INFO:colcon.colcon_core.shell:Creating prefix script '/home/suho/final/install/local_setup.zsh'
[21.628s] INFO:colcon.colcon_core.shell:Creating prefix chain script '/home/suho/final/install/setup.zsh'
