[6.972s] Invoking command in '/home/suho/final/my_package': PYTHONPATH=/home/suho/final/build/my_package/prefix_override:/home/suho/final/install/my_package/lib/python3.8/site-packages:${PYTHONPATH} /usr/bin/python3 setup.py egg_info --egg-base ../build/my_package build --build-base /home/suho/final/build/my_package/build install --record /home/suho/final/build/my_package/install.log --install-scripts $base/lib/my_package --single-version-externally-managed
[7.711s] running egg_info
[7.778s] writing ../build/my_package/my_package.egg-info/PKG-INFO
[7.778s] writing dependency_links to ../build/my_package/my_package.egg-info/dependency_links.txt
[7.779s] writing entry points to ../build/my_package/my_package.egg-info/entry_points.txt
[7.779s] writing requirements to ../build/my_package/my_package.egg-info/requires.txt
[7.826s] writing top-level names to ../build/my_package/my_package.egg-info/top_level.txt
[7.939s] reading manifest file '../build/my_package/my_package.egg-info/SOURCES.txt'
[7.985s] writing manifest file '../build/my_package/my_package.egg-info/SOURCES.txt'
[7.987s] running build
[7.987s] running build_py
[7.987s] running install
[7.988s] running install_lib
[7.988s] running install_data
[7.991s] running install_egg_info
[7.992s] removing '/home/suho/final/install/my_package/lib/python3.8/site-packages/my_package-0.0.0-py3.8.egg-info' (and everything under it)
[7.992s] Copying ../build/my_package/my_package.egg-info to /home/suho/final/install/my_package/lib/python3.8/site-packages/my_package-0.0.0-py3.8.egg-info
[7.992s] running install_scripts
[8.080s] Installing control_node script to /home/suho/final/install/my_package/lib/my_package
[8.080s] Installing flask_node script to /home/suho/final/install/my_package/lib/my_package
[8.081s] Installing monitor_node script to /home/suho/final/install/my_package/lib/my_package
[8.113s] Installing motor_node script to /home/suho/final/install/my_package/lib/my_package
[8.114s] Installing sensor_node script to /home/suho/final/install/my_package/lib/my_package
[8.114s] writing list of installed files to '/home/suho/final/build/my_package/install.log'
[8.241s] Invoked command in '/home/suho/final/my_package' returned '0': PYTHONPATH=/home/suho/final/build/my_package/prefix_override:/home/suho/final/install/my_package/lib/python3.8/site-packages:${PYTHONPATH} /usr/bin/python3 setup.py egg_info --egg-base ../build/my_package build --build-base /home/suho/final/build/my_package/build install --record /home/suho/final/build/my_package/install.log --install-scripts $base/lib/my_package --single-version-externally-managed
