[16.174s] DEBUG:colcon:Command line arguments: ['/usr/bin/colcon', 'build', '--packages-select', 'my_package']
[16.174s] DEBUG:colcon:Parsed command line arguments: Namespace(allow_overriding=[], ament_cmake_args=None, base_paths=['.'], build_base='build', catkin_cmake_args=None, catkin_skip_building_tests=False, cmake_args=None, cmake_clean_cache=False, cmake_clean_first=False, cmake_force_configure=False, cmake_target=None, cmake_target_skip_unavailable=False, continue_on_error=False, event_handlers=None, executor='parallel', ignore_user_meta=False, install_base='install', log_base=None, log_level=None, main=<bound method BuildVerb.main of <colcon_core.verb.build.BuildVerb object at 0x7ff4be6dce20>>, merge_install=False, metas=['./colcon.meta'], packages_above=None, packages_above_and_dependencies=None, packages_above_depth=None, packages_end=None, packages_ignore=None, packages_ignore_regex=None, packages_select=['my_package'], packages_select_build_failed=False, packages_select_by_dep=None, packages_select_regex=None, packages_select_test_failures=False, packages_skip=None, packages_skip_build_finished=False, packages_skip_by_dep=None, packages_skip_regex=None, packages_skip_test_passed=False, packages_skip_up_to=None, packages_start=None, packages_up_to=None, packages_up_to_regex=None, parallel_workers=6, paths=None, symlink_install=False, test_result_base=None, verb_extension=<colcon_core.verb.build.BuildVerb object at 0x7ff4be6dce20>, verb_name='build', verb_parser=<colcon_defaults.argument_parser.defaults.DefaultArgumentsDecorator object at 0x7ff4be3de760>)
[16.801s] Level 1:colcon.colcon_core.package_discovery:discover_packages(colcon_meta) check parameters
[16.802s] Level 1:colcon.colcon_core.package_discovery:discover_packages(recursive) check parameters
[16.802s] Level 1:colcon.colcon_core.package_discovery:discover_packages(ignore) check parameters
[16.802s] Level 1:colcon.colcon_core.package_discovery:discover_packages(path) check parameters
[16.802s] Level 1:colcon.colcon_core.package_discovery:discover_packages(colcon_meta) discover
[16.802s] Level 1:colcon.colcon_core.package_discovery:discover_packages(recursive) discover
[16.802s] INFO:colcon.colcon_core.package_discovery:Crawling recursively for packages in '/home/suho/final'
[16.803s] Level 1:colcon.colcon_core.package_identification:_identify(.) by extensions ['ignore', 'ignore_ament_install']
[16.803s] Level 1:colcon.colcon_core.package_identification:_identify(.) by extension 'ignore'
[16.803s] Level 1:colcon.colcon_core.package_identification:_identify(.) by extension 'ignore_ament_install'
[16.803s] Level 1:colcon.colcon_core.package_identification:_identify(.) by extensions ['colcon_pkg']
[16.803s] Level 1:colcon.colcon_core.package_identification:_identify(.) by extension 'colcon_pkg'
[16.803s] Level 1:colcon.colcon_core.package_identification:_identify(.) by extensions ['colcon_meta']
[16.804s] Level 1:colcon.colcon_core.package_identification:_identify(.) by extension 'colcon_meta'
[16.804s] Level 1:colcon.colcon_core.package_identification:_identify(.) by extensions ['ros']
[16.804s] Level 1:colcon.colcon_core.package_identification:_identify(.) by extension 'ros'
[16.848s] Level 1:colcon.colcon_core.package_identification:_identify(.) by extensions ['cmake', 'python']
[16.849s] Level 1:colcon.colcon_core.package_identification:_identify(.) by extension 'cmake'
[16.850s] Level 1:colcon.colcon_core.package_identification:_identify(.) by extension 'python'
[16.850s] Level 1:colcon.colcon_core.package_identification:_identify(.) by extensions ['python_setup_py']
[16.851s] Level 1:colcon.colcon_core.package_identification:_identify(.) by extension 'python_setup_py'
[16.851s] Level 1:colcon.colcon_core.package_identification:_identify(build) by extensions ['ignore', 'ignore_ament_install']
[16.852s] Level 1:colcon.colcon_core.package_identification:_identify(build) by extension 'ignore'
[16.853s] Level 1:colcon.colcon_core.package_identification:_identify(build) ignored
[16.854s] Level 1:colcon.colcon_core.package_identification:_identify(install) by extensions ['ignore', 'ignore_ament_install']
[16.856s] Level 1:colcon.colcon_core.package_identification:_identify(install) by extension 'ignore'
[16.856s] Level 1:colcon.colcon_core.package_identification:_identify(install) ignored
[16.857s] Level 1:colcon.colcon_core.package_identification:_identify(log) by extensions ['ignore', 'ignore_ament_install']
[16.858s] Level 1:colcon.colcon_core.package_identification:_identify(log) by extension 'ignore'
[16.858s] Level 1:colcon.colcon_core.package_identification:_identify(log) ignored
[16.859s] Level 1:colcon.colcon_core.package_identification:_identify(my_package) by extensions ['ignore', 'ignore_ament_install']
[16.862s] Level 1:colcon.colcon_core.package_identification:_identify(my_package) by extension 'ignore'
[16.863s] Level 1:colcon.colcon_core.package_identification:_identify(my_package) by extension 'ignore_ament_install'
[16.863s] Level 1:colcon.colcon_core.package_identification:_identify(my_package) by extensions ['colcon_pkg']
[16.864s] Level 1:colcon.colcon_core.package_identification:_identify(my_package) by extension 'colcon_pkg'
[16.864s] Level 1:colcon.colcon_core.package_identification:_identify(my_package) by extensions ['colcon_meta']
[16.871s] Level 1:colcon.colcon_core.package_identification:_identify(my_package) by extension 'colcon_meta'
[16.871s] Level 1:colcon.colcon_core.package_identification:_identify(my_package) by extensions ['ros']
[16.871s] Level 1:colcon.colcon_core.package_identification:_identify(my_package) by extension 'ros'
[16.877s] DEBUG:colcon.colcon_core.package_identification:Package 'my_package' with type 'ros.ament_python' and name 'my_package'
[16.877s] Level 1:colcon.colcon_core.package_discovery:discover_packages(recursive) using defaults
[16.878s] Level 1:colcon.colcon_core.package_discovery:discover_packages(ignore) discover
[16.878s] Level 1:colcon.colcon_core.package_discovery:discover_packages(ignore) using defaults
[16.878s] Level 1:colcon.colcon_core.package_discovery:discover_packages(path) discover
[16.878s] Level 1:colcon.colcon_core.package_discovery:discover_packages(path) using defaults
[18.528s] Level 1:colcon.colcon_core.package_discovery:discover_packages(prefix_path) check parameters
[18.529s] Level 1:colcon.colcon_core.package_discovery:discover_packages(prefix_path) discover
[18.971s] DEBUG:colcon.colcon_installed_package_information.package_discovery:Found 1 installed packages in /home/suho/final/install
[19.238s] DEBUG:colcon.colcon_installed_package_information.package_discovery:Found 329 installed packages in /opt/ros/foxy
[19.241s] Level 1:colcon.colcon_core.package_discovery:discover_packages(prefix_path) using defaults
[19.824s] Level 5:colcon.colcon_core.verb:set package 'my_package' build argument 'cmake_args' from command line to 'None'
[19.825s] Level 5:colcon.colcon_core.verb:set package 'my_package' build argument 'cmake_target' from command line to 'None'
[19.825s] Level 5:colcon.colcon_core.verb:set package 'my_package' build argument 'cmake_target_skip_unavailable' from command line to 'False'
[19.825s] Level 5:colcon.colcon_core.verb:set package 'my_package' build argument 'cmake_clean_cache' from command line to 'False'
[19.825s] Level 5:colcon.colcon_core.verb:set package 'my_package' build argument 'cmake_clean_first' from command line to 'False'
[19.825s] Level 5:colcon.colcon_core.verb:set package 'my_package' build argument 'cmake_force_configure' from command line to 'False'
[19.825s] Level 5:colcon.colcon_core.verb:set package 'my_package' build argument 'ament_cmake_args' from command line to 'None'
[19.825s] Level 5:colcon.colcon_core.verb:set package 'my_package' build argument 'catkin_cmake_args' from command line to 'None'
[19.826s] Level 5:colcon.colcon_core.verb:set package 'my_package' build argument 'catkin_skip_building_tests' from command line to 'False'
[19.826s] DEBUG:colcon.colcon_core.verb:Building package 'my_package' with the following arguments: {'ament_cmake_args': None, 'build_base': '/home/suho/final/build/my_package', 'catkin_cmake_args': None, 'catkin_skip_building_tests': False, 'cmake_args': None, 'cmake_clean_cache': False, 'cmake_clean_first': False, 'cmake_force_configure': False, 'cmake_target': None, 'cmake_target_skip_unavailable': False, 'install_base': '/home/suho/final/install/my_package', 'merge_install': False, 'path': '/home/suho/final/my_package', 'symlink_install': False, 'test_result_base': None}
[20.028s] INFO:colcon.colcon_core.executor:Executing jobs using 'parallel' executor
[20.294s] DEBUG:colcon.colcon_parallel_executor.executor.parallel:run_until_complete
[20.296s] INFO:colcon.colcon_ros.task.ament_python.build:Building ROS package in '/home/suho/final/my_package' with build type 'ament_python'
[20.297s] Level 1:colcon.colcon_core.shell:create_environment_hook('my_package', 'ament_prefix_path')
[20.562s] INFO:colcon.colcon_core.plugin_system:Skipping extension 'colcon_core.shell.bat': Not used on non-Windows systems
[20.563s] INFO:colcon.colcon_core.shell:Creating environment hook '/home/suho/final/install/my_package/share/my_package/hook/ament_prefix_path.ps1'
[20.571s] INFO:colcon.colcon_core.shell:Creating environment descriptor '/home/suho/final/install/my_package/share/my_package/hook/ament_prefix_path.dsv'
[20.573s] INFO:colcon.colcon_core.shell:Creating environment hook '/home/suho/final/install/my_package/share/my_package/hook/ament_prefix_path.sh'
[20.827s] INFO:colcon.colcon_core.shell:Skip shell extension 'powershell' for command environment: Not usable outside of PowerShell
[20.833s] DEBUG:colcon.colcon_core.shell:Skip shell extension 'dsv' for command environment
[22.852s] INFO:colcon.colcon_core.task.python.build:Building Python package in '/home/suho/final/my_package'
[23.225s] INFO:colcon.colcon_core.shell:Skip shell extension 'powershell' for command environment: Not usable outside of PowerShell
[23.225s] DEBUG:colcon.colcon_core.shell:Skip shell extension 'dsv' for command environment
[25.112s] DEBUG:colcon.colcon_core.event_handler.log_command:Invoking command in '/home/suho/final/my_package': PYTHONPATH=/home/suho/final/build/my_package/prefix_override:/home/suho/final/install/my_package/lib/python3.8/site-packages:${PYTHONPATH} /usr/bin/python3 setup.py egg_info --egg-base ../build/my_package build --build-base /home/suho/final/build/my_package/build install --record /home/suho/final/build/my_package/install.log --install-scripts $base/lib/my_package --single-version-externally-managed
[26.144s] DEBUG:colcon.colcon_core.event_handler.log_command:Invoked command in '/home/suho/final/my_package' returned '0': PYTHONPATH=/home/suho/final/build/my_package/prefix_override:/home/suho/final/install/my_package/lib/python3.8/site-packages:${PYTHONPATH} /usr/bin/python3 setup.py egg_info --egg-base ../build/my_package build --build-base /home/suho/final/build/my_package/build install --record /home/suho/final/build/my_package/install.log --install-scripts $base/lib/my_package --single-version-externally-managed
[26.749s] Level 1:colcon.colcon_core.environment:checking '/home/suho/final/install/my_package' for CMake module files
[26.774s] Level 1:colcon.colcon_core.environment:checking '/home/suho/final/install/my_package' for CMake config files
[26.795s] Level 1:colcon.colcon_core.environment:checking '/home/suho/final/install/my_package/lib'
[26.816s] Level 1:colcon.colcon_core.environment:checking '/home/suho/final/install/my_package/bin'
[26.817s] Level 1:colcon.colcon_core.environment:checking '/home/suho/final/install/my_package/lib/pkgconfig/my_package.pc'
[26.817s] Level 1:colcon.colcon_core.environment:checking '/home/suho/final/install/my_package/lib/python3.8/site-packages'
[26.817s] Level 1:colcon.colcon_core.shell:create_environment_hook('my_package', 'pythonpath')
[27.233s] INFO:colcon.colcon_core.shell:Creating environment hook '/home/suho/final/install/my_package/share/my_package/hook/pythonpath.ps1'
[27.247s] INFO:colcon.colcon_core.shell:Creating environment descriptor '/home/suho/final/install/my_package/share/my_package/hook/pythonpath.dsv'
[27.249s] INFO:colcon.colcon_core.shell:Creating environment hook '/home/suho/final/install/my_package/share/my_package/hook/pythonpath.sh'
[27.294s] Level 1:colcon.colcon_core.environment:checking '/home/suho/final/install/my_package/bin'
[27.294s] Level 1:colcon.colcon_core.environment:create_environment_scripts_only(my_package)
[27.640s] INFO:colcon.colcon_core.shell:Creating package script '/home/suho/final/install/my_package/share/my_package/package.ps1'
[27.854s] INFO:colcon.colcon_core.shell:Creating package descriptor '/home/suho/final/install/my_package/share/my_package/package.dsv'
[27.872s] INFO:colcon.colcon_core.shell:Creating package script '/home/suho/final/install/my_package/share/my_package/package.sh'
[27.899s] INFO:colcon.colcon_core.shell:Creating package script '/home/suho/final/install/my_package/share/my_package/package.bash'
[27.912s] INFO:colcon.colcon_core.shell:Creating package script '/home/suho/final/install/my_package/share/my_package/package.zsh'
[27.916s] Level 1:colcon.colcon_core.environment:create_file_with_runtime_dependencies(/home/suho/final/install/my_package/share/colcon-core/packages/my_package)
[27.927s] DEBUG:colcon.colcon_parallel_executor.executor.parallel:closing loop
[27.947s] DEBUG:colcon.colcon_parallel_executor.executor.parallel:loop closed
[27.947s] DEBUG:colcon.colcon_parallel_executor.executor.parallel:run_until_complete finished with '0'
[27.947s] DEBUG:colcon.colcon_core.event_reactor:joining thread
[28.230s] INFO:colcon.colcon_core.plugin_system:Skipping extension 'colcon_notification.desktop_notification.terminal_notifier': Not used on non-Darwin systems
[28.231s] INFO:colcon.colcon_core.plugin_system:Skipping extension 'colcon_notification.desktop_notification.win32': Not used on non-Windows systems
[28.231s] INFO:colcon.colcon_notification.desktop_notification:Sending desktop notification using 'notify2'
[28.317s] DEBUG:colcon.colcon_core.event_reactor:joined thread
[28.629s] INFO:colcon.colcon_core.shell:Creating prefix script '/home/suho/final/install/local_setup.ps1'
[28.638s] INFO:colcon.colcon_core.shell:Creating prefix util module '/home/suho/final/install/_local_setup_util_ps1.py'
[28.669s] INFO:colcon.colcon_core.shell:Creating prefix chain script '/home/suho/final/install/setup.ps1'
[28.912s] INFO:colcon.colcon_core.shell:Creating prefix script '/home/suho/final/install/local_setup.sh'
[28.920s] INFO:colcon.colcon_core.shell:Creating prefix util module '/home/suho/final/install/_local_setup_util_sh.py'
[28.929s] INFO:colcon.colcon_core.shell:Creating prefix chain script '/home/suho/final/install/setup.sh'
[29.141s] INFO:colcon.colcon_core.shell:Creating prefix script '/home/suho/final/install/local_setup.bash'
[29.156s] INFO:colcon.colcon_core.shell:Creating prefix chain script '/home/suho/final/install/setup.bash'
[29.360s] INFO:colcon.colcon_core.shell:Creating prefix script '/home/suho/final/install/local_setup.zsh'
[29.362s] INFO:colcon.colcon_core.shell:Creating prefix chain script '/home/suho/final/install/setup.zsh'
