[6.311s] Invoking command in '/home/suho/final/my_package': PYTHONPATH=/home/suho/final/build/my_package/prefix_override:/home/suho/final/install/my_package/lib/python3.8/site-packages:${PYTHONPATH} /usr/bin/python3 setup.py egg_info --egg-base ../build/my_package build --build-base /home/suho/final/build/my_package/build install --record /home/suho/final/build/my_package/install.log --install-scripts $base/lib/my_package --single-version-externally-managed
[7.096s] running egg_info
[7.113s] creating ../build/my_package/my_package.egg-info
[7.114s] writing ../build/my_package/my_package.egg-info/PKG-INFO
[7.114s] writing dependency_links to ../build/my_package/my_package.egg-info/dependency_links.txt
[7.115s] writing entry points to ../build/my_package/my_package.egg-info/entry_points.txt
[7.128s] writing requirements to ../build/my_package/my_package.egg-info/requires.txt
[7.128s] writing top-level names to ../build/my_package/my_package.egg-info/top_level.txt
[7.173s] writing manifest file '../build/my_package/my_package.egg-info/SOURCES.txt'
[7.379s] reading manifest file '../build/my_package/my_package.egg-info/SOURCES.txt'
[7.383s] writing manifest file '../build/my_package/my_package.egg-info/SOURCES.txt'
[7.414s] running build
[7.416s] running build_py
[7.417s] creating /home/suho/final/build/my_package/build
[7.417s] creating /home/suho/final/build/my_package/build/lib
[7.417s] creating /home/suho/final/build/my_package/build/lib/my_package
[7.419s] copying my_package/my_node.py -> /home/suho/final/build/my_package/build/lib/my_package
[7.419s] copying my_package/__init__.py -> /home/suho/final/build/my_package/build/lib/my_package
[7.419s] running install
[7.420s] running install_lib
[7.423s] creating /home/suho/final/install/my_package/lib/python3.8/site-packages/my_package
[7.442s] copying /home/suho/final/build/my_package/build/lib/my_package/my_node.py -> /home/suho/final/install/my_package/lib/python3.8/site-packages/my_package
[7.445s] copying /home/suho/final/build/my_package/build/lib/my_package/__init__.py -> /home/suho/final/install/my_package/lib/python3.8/site-packages/my_package
[7.447s] byte-compiling /home/suho/final/install/my_package/lib/python3.8/site-packages/my_package/my_node.py to my_node.cpython-38.pyc
[7.454s] byte-compiling /home/suho/final/install/my_package/lib/python3.8/site-packages/my_package/__init__.py to __init__.cpython-38.pyc
[7.456s] running install_data
[7.485s] creating /home/suho/final/install/my_package/share/ament_index
[7.485s] creating /home/suho/final/install/my_package/share/ament_index/resource_index
[7.486s] creating /home/suho/final/install/my_package/share/ament_index/resource_index/packages
[7.486s] copying resource/my_package -> /home/suho/final/install/my_package/share/ament_index/resource_index/packages
[7.486s] copying package.xml -> /home/suho/final/install/my_package/share/my_package
[7.486s] running install_egg_info
[7.501s] Copying ../build/my_package/my_package.egg-info to /home/suho/final/install/my_package/lib/python3.8/site-packages/my_package-0.0.0-py3.8.egg-info
[7.587s] running install_scripts
[7.634s] Installing my_node script to /home/suho/final/install/my_package/lib/my_package
[7.647s] writing list of installed files to '/home/suho/final/build/my_package/install.log'
[7.747s] Invoked command in '/home/suho/final/my_package' returned '0': PYTHONPATH=/home/suho/final/build/my_package/prefix_override:/home/suho/final/install/my_package/lib/python3.8/site-packages:${PYTHONPATH} /usr/bin/python3 setup.py egg_info --egg-base ../build/my_package build --build-base /home/suho/final/build/my_package/build install --record /home/suho/final/build/my_package/install.log --install-scripts $base/lib/my_package --single-version-externally-managed
