[9.242s] Invoking command in '/home/suho/final/my_package': PYTHONPATH=/home/suho/final/build/my_package/prefix_override:/home/suho/final/install/my_package/lib/python3.8/site-packages:${PYTHONPATH} /usr/bin/python3 setup.py egg_info --egg-base ../build/my_package build --build-base /home/suho/final/build/my_package/build install --record /home/suho/final/build/my_package/install.log --install-scripts $base/lib/my_package --single-version-externally-managed
[10.134s] running egg_info
[10.166s] writing ../build/my_package/my_package.egg-info/PKG-INFO
[10.170s] writing dependency_links to ../build/my_package/my_package.egg-info/dependency_links.txt
[10.170s] writing entry points to ../build/my_package/my_package.egg-info/entry_points.txt
[10.173s] writing requirements to ../build/my_package/my_package.egg-info/requires.txt
[10.173s] writing top-level names to ../build/my_package/my_package.egg-info/top_level.txt
[10.368s] reading manifest file '../build/my_package/my_package.egg-info/SOURCES.txt'
[10.394s] writing manifest file '../build/my_package/my_package.egg-info/SOURCES.txt'
[10.395s] running build
[10.395s] running build_py
[10.395s] copying my_package/sensor_node.py -> /home/suho/final/build/my_package/build/lib/my_package
[10.395s] running install
[10.396s] running install_lib
[10.399s] copying /home/suho/final/build/my_package/build/lib/my_package/sensor_node.py -> /home/suho/final/install/my_package/lib/python3.8/site-packages/my_package
[10.399s] byte-compiling /home/suho/final/install/my_package/lib/python3.8/site-packages/my_package/sensor_node.py to sensor_node.cpython-38.pyc
[10.405s] running install_data
[10.405s] running install_egg_info
[10.452s] removing '/home/suho/final/install/my_package/lib/python3.8/site-packages/my_package-0.0.0-py3.8.egg-info' (and everything under it)
[10.503s] Copying ../build/my_package/my_package.egg-info to /home/suho/final/install/my_package/lib/python3.8/site-packages/my_package-0.0.0-py3.8.egg-info
[10.503s] running install_scripts
[10.596s] Installing my_node script to /home/suho/final/install/my_package/lib/my_package
[10.617s] Installing sensor_node script to /home/suho/final/install/my_package/lib/my_package
[10.628s] writing list of installed files to '/home/suho/final/build/my_package/install.log'
[10.912s] Invoked command in '/home/suho/final/my_package' returned '0': PYTHONPATH=/home/suho/final/build/my_package/prefix_override:/home/suho/final/install/my_package/lib/python3.8/site-packages:${PYTHONPATH} /usr/bin/python3 setup.py egg_info --egg-base ../build/my_package build --build-base /home/suho/final/build/my_package/build install --record /home/suho/final/build/my_package/install.log --install-scripts $base/lib/my_package --single-version-externally-managed
