[8.109s] Invoking command in '/home/suho/final/my_package': PYTHONPATH=/home/suho/final/build/my_package/prefix_override:/home/suho/final/install/my_package/lib/python3.8/site-packages:${PYTHONPATH} /usr/bin/python3 setup.py egg_info --egg-base ../build/my_package build --build-base /home/suho/final/build/my_package/build install --record /home/suho/final/build/my_package/install.log --install-scripts $base/lib/my_package --single-version-externally-managed
[8.795s] running egg_info
[8.845s] writing ../build/my_package/my_package.egg-info/PKG-INFO
[8.846s] writing dependency_links to ../build/my_package/my_package.egg-info/dependency_links.txt
[8.846s] writing entry points to ../build/my_package/my_package.egg-info/entry_points.txt
[8.848s] writing requirements to ../build/my_package/my_package.egg-info/requires.txt
[8.906s] writing top-level names to ../build/my_package/my_package.egg-info/top_level.txt
[8.996s] reading manifest file '../build/my_package/my_package.egg-info/SOURCES.txt'
[9.017s] writing manifest file '../build/my_package/my_package.egg-info/SOURCES.txt'
[9.034s] running build
[9.069s] running build_py
[9.069s] running install
[9.095s] running install_lib
[9.095s] running install_data
[9.099s] running install_egg_info
[9.099s] removing '/home/suho/final/install/my_package/lib/python3.8/site-packages/my_package-0.0.0-py3.8.egg-info' (and everything under it)
[9.099s] Copying ../build/my_package/my_package.egg-info to /home/suho/final/install/my_package/lib/python3.8/site-packages/my_package-0.0.0-py3.8.egg-info
[9.102s] running install_scripts
[9.345s] Installing control_node script to /home/suho/final/install/my_package/lib/my_package
[9.346s] Installing monitor_node script to /home/suho/final/install/my_package/lib/my_package
[9.346s] Installing motor_node script to /home/suho/final/install/my_package/lib/my_package
[9.346s] Installing my_node script to /home/suho/final/install/my_package/lib/my_package
[9.346s] Installing sensor_node script to /home/suho/final/install/my_package/lib/my_package
[9.375s] writing list of installed files to '/home/suho/final/build/my_package/install.log'
[9.609s] Invoked command in '/home/suho/final/my_package' returned '0': PYTHONPATH=/home/suho/final/build/my_package/prefix_override:/home/suho/final/install/my_package/lib/python3.8/site-packages:${PYTHONPATH} /usr/bin/python3 setup.py egg_info --egg-base ../build/my_package build --build-base /home/suho/final/build/my_package/build install --record /home/suho/final/build/my_package/install.log --install-scripts $base/lib/my_package --single-version-externally-managed
