[35.468s] DEBUG:colcon:Command line arguments: ['/usr/bin/colcon', 'build', '--packages-select', 'my_package']
[35.497s] DEBUG:colcon:Parsed command line arguments: Namespace(allow_overriding=[], ament_cmake_args=None, base_paths=['.'], build_base='build', catkin_cmake_args=None, catkin_skip_building_tests=False, cmake_args=None, cmake_clean_cache=False, cmake_clean_first=False, cmake_force_configure=False, cmake_target=None, cmake_target_skip_unavailable=False, continue_on_error=False, event_handlers=None, executor='parallel', ignore_user_meta=False, install_base='install', log_base=None, log_level=None, main=<bound method BuildVerb.main of <colcon_core.verb.build.BuildVerb object at 0x7fed13a91e20>>, merge_install=False, metas=['./colcon.meta'], packages_above=None, packages_above_and_dependencies=None, packages_above_depth=None, packages_end=None, packages_ignore=None, packages_ignore_regex=None, packages_select=['my_package'], packages_select_build_failed=False, packages_select_by_dep=None, packages_select_regex=None, packages_select_test_failures=False, packages_skip=None, packages_skip_build_finished=False, packages_skip_by_dep=None, packages_skip_regex=None, packages_skip_test_passed=False, packages_skip_up_to=None, packages_start=None, packages_up_to=None, packages_up_to_regex=None, parallel_workers=6, paths=None, symlink_install=False, test_result_base=None, verb_extension=<colcon_core.verb.build.BuildVerb object at 0x7fed13a91e20>, verb_name='build', verb_parser=<colcon_defaults.argument_parser.defaults.DefaultArgumentsDecorator object at 0x7fed13791a00>)
[37.235s] Level 1:colcon.colcon_core.package_discovery:discover_packages(colcon_meta) check parameters
[37.246s] Level 1:colcon.colcon_core.package_discovery:discover_packages(recursive) check parameters
[37.246s] Level 1:colcon.colcon_core.package_discovery:discover_packages(ignore) check parameters
[37.246s] Level 1:colcon.colcon_core.package_discovery:discover_packages(path) check parameters
[37.246s] Level 1:colcon.colcon_core.package_discovery:discover_packages(colcon_meta) discover
[37.246s] Level 1:colcon.colcon_core.package_discovery:discover_packages(recursive) discover
[37.247s] INFO:colcon.colcon_core.package_discovery:Crawling recursively for packages in '/home/suho/final'
[37.247s] Level 1:colcon.colcon_core.package_identification:_identify(.) by extensions ['ignore', 'ignore_ament_install']
[37.247s] Level 1:colcon.colcon_core.package_identification:_identify(.) by extension 'ignore'
[37.247s] Level 1:colcon.colcon_core.package_identification:_identify(.) by extension 'ignore_ament_install'
[37.247s] Level 1:colcon.colcon_core.package_identification:_identify(.) by extensions ['colcon_pkg']
[37.247s] Level 1:colcon.colcon_core.package_identification:_identify(.) by extension 'colcon_pkg'
[37.258s] Level 1:colcon.colcon_core.package_identification:_identify(.) by extensions ['colcon_meta']
[37.258s] Level 1:colcon.colcon_core.package_identification:_identify(.) by extension 'colcon_meta'
[37.258s] Level 1:colcon.colcon_core.package_identification:_identify(.) by extensions ['ros']
[37.259s] Level 1:colcon.colcon_core.package_identification:_identify(.) by extension 'ros'
[37.327s] Level 1:colcon.colcon_core.package_identification:_identify(.) by extensions ['cmake', 'python']
[37.328s] Level 1:colcon.colcon_core.package_identification:_identify(.) by extension 'cmake'
[37.328s] Level 1:colcon.colcon_core.package_identification:_identify(.) by extension 'python'
[37.328s] Level 1:colcon.colcon_core.package_identification:_identify(.) by extensions ['python_setup_py']
[37.328s] Level 1:colcon.colcon_core.package_identification:_identify(.) by extension 'python_setup_py'
[37.329s] Level 1:colcon.colcon_core.package_identification:_identify(build) by extensions ['ignore', 'ignore_ament_install']
[37.345s] Level 1:colcon.colcon_core.package_identification:_identify(build) by extension 'ignore'
[37.345s] Level 1:colcon.colcon_core.package_identification:_identify(build) ignored
[37.345s] Level 1:colcon.colcon_core.package_identification:_identify(install) by extensions ['ignore', 'ignore_ament_install']
[37.346s] Level 1:colcon.colcon_core.package_identification:_identify(install) by extension 'ignore'
[37.346s] Level 1:colcon.colcon_core.package_identification:_identify(install) ignored
[37.346s] Level 1:colcon.colcon_core.package_identification:_identify(log) by extensions ['ignore', 'ignore_ament_install']
[37.347s] Level 1:colcon.colcon_core.package_identification:_identify(log) by extension 'ignore'
[37.347s] Level 1:colcon.colcon_core.package_identification:_identify(log) ignored
[37.347s] Level 1:colcon.colcon_core.package_identification:_identify(my_package) by extensions ['ignore', 'ignore_ament_install']
[37.348s] Level 1:colcon.colcon_core.package_identification:_identify(my_package) by extension 'ignore'
[37.348s] Level 1:colcon.colcon_core.package_identification:_identify(my_package) by extension 'ignore_ament_install'
[37.348s] Level 1:colcon.colcon_core.package_identification:_identify(my_package) by extensions ['colcon_pkg']
[37.354s] Level 1:colcon.colcon_core.package_identification:_identify(my_package) by extension 'colcon_pkg'
[37.354s] Level 1:colcon.colcon_core.package_identification:_identify(my_package) by extensions ['colcon_meta']
[37.354s] Level 1:colcon.colcon_core.package_identification:_identify(my_package) by extension 'colcon_meta'
[37.354s] Level 1:colcon.colcon_core.package_identification:_identify(my_package) by extensions ['ros']
[37.354s] Level 1:colcon.colcon_core.package_identification:_identify(my_package) by extension 'ros'
[37.371s] DEBUG:colcon.colcon_core.package_identification:Package 'my_package' with type 'ros.ament_python' and name 'my_package'
[37.371s] Level 1:colcon.colcon_core.package_discovery:discover_packages(recursive) using defaults
[37.372s] Level 1:colcon.colcon_core.package_discovery:discover_packages(ignore) discover
[37.372s] Level 1:colcon.colcon_core.package_discovery:discover_packages(ignore) using defaults
[37.372s] Level 1:colcon.colcon_core.package_discovery:discover_packages(path) discover
[37.372s] Level 1:colcon.colcon_core.package_discovery:discover_packages(path) using defaults
[40.716s] Level 1:colcon.colcon_core.package_discovery:discover_packages(prefix_path) check parameters
[40.726s] Level 1:colcon.colcon_core.package_discovery:discover_packages(prefix_path) discover
[42.329s] DEBUG:colcon.colcon_installed_package_information.package_discovery:Found 1 installed packages in /home/suho/final/install
[42.982s] DEBUG:colcon.colcon_installed_package_information.package_discovery:Found 329 installed packages in /opt/ros/foxy
[42.993s] Level 1:colcon.colcon_core.package_discovery:discover_packages(prefix_path) using defaults
[44.924s] Level 5:colcon.colcon_core.verb:set package 'my_package' build argument 'cmake_args' from command line to 'None'
[44.946s] Level 5:colcon.colcon_core.verb:set package 'my_package' build argument 'cmake_target' from command line to 'None'
[44.946s] Level 5:colcon.colcon_core.verb:set package 'my_package' build argument 'cmake_target_skip_unavailable' from command line to 'False'
[44.946s] Level 5:colcon.colcon_core.verb:set package 'my_package' build argument 'cmake_clean_cache' from command line to 'False'
[44.946s] Level 5:colcon.colcon_core.verb:set package 'my_package' build argument 'cmake_clean_first' from command line to 'False'
[44.946s] Level 5:colcon.colcon_core.verb:set package 'my_package' build argument 'cmake_force_configure' from command line to 'False'
[44.946s] Level 5:colcon.colcon_core.verb:set package 'my_package' build argument 'ament_cmake_args' from command line to 'None'
[44.946s] Level 5:colcon.colcon_core.verb:set package 'my_package' build argument 'catkin_cmake_args' from command line to 'None'
[44.947s] Level 5:colcon.colcon_core.verb:set package 'my_package' build argument 'catkin_skip_building_tests' from command line to 'False'
[44.947s] DEBUG:colcon.colcon_core.verb:Building package 'my_package' with the following arguments: {'ament_cmake_args': None, 'build_base': '/home/suho/final/build/my_package', 'catkin_cmake_args': None, 'catkin_skip_building_tests': False, 'cmake_args': None, 'cmake_clean_cache': False, 'cmake_clean_first': False, 'cmake_force_configure': False, 'cmake_target': None, 'cmake_target_skip_unavailable': False, 'install_base': '/home/suho/final/install/my_package', 'merge_install': False, 'path': '/home/suho/final/my_package', 'symlink_install': False, 'test_result_base': None}
[45.773s] INFO:colcon.colcon_core.executor:Executing jobs using 'parallel' executor
[46.200s] DEBUG:colcon.colcon_parallel_executor.executor.parallel:run_until_complete
[46.212s] INFO:colcon.colcon_ros.task.ament_python.build:Building ROS package in '/home/suho/final/my_package' with build type 'ament_python'
[46.212s] Level 1:colcon.colcon_core.shell:create_environment_hook('my_package', 'ament_prefix_path')
[47.486s] INFO:colcon.colcon_core.plugin_system:Skipping extension 'colcon_core.shell.bat': Not used on non-Windows systems
[47.487s] INFO:colcon.colcon_core.shell:Creating environment hook '/home/suho/final/install/my_package/share/my_package/hook/ament_prefix_path.ps1'
[47.502s] INFO:colcon.colcon_core.shell:Creating environment descriptor '/home/suho/final/install/my_package/share/my_package/hook/ament_prefix_path.dsv'
[47.518s] INFO:colcon.colcon_core.shell:Creating environment hook '/home/suho/final/install/my_package/share/my_package/hook/ament_prefix_path.sh'
[48.918s] INFO:colcon.colcon_core.shell:Skip shell extension 'powershell' for command environment: Not usable outside of PowerShell
[48.933s] DEBUG:colcon.colcon_core.shell:Skip shell extension 'dsv' for command environment
[54.804s] INFO:colcon.colcon_core.task.python.build:Building Python package in '/home/suho/final/my_package'
[56.311s] INFO:colcon.colcon_core.shell:Skip shell extension 'powershell' for command environment: Not usable outside of PowerShell
[56.321s] DEBUG:colcon.colcon_core.shell:Skip shell extension 'dsv' for command environment
[63.451s] DEBUG:colcon.colcon_core.event_handler.log_command:Invoking command in '/home/suho/final/my_package': PYTHONPATH=/home/suho/final/build/my_package/prefix_override:/home/suho/final/install/my_package/lib/python3.8/site-packages:${PYTHONPATH} /usr/bin/python3 setup.py egg_info --egg-base ../build/my_package build --build-base /home/suho/final/build/my_package/build install --record /home/suho/final/build/my_package/install.log --install-scripts $base/lib/my_package --single-version-externally-managed
[66.314s] DEBUG:colcon.colcon_core.event_handler.log_command:Invoked command in '/home/suho/final/my_package' returned '0': PYTHONPATH=/home/suho/final/build/my_package/prefix_override:/home/suho/final/install/my_package/lib/python3.8/site-packages:${PYTHONPATH} /usr/bin/python3 setup.py egg_info --egg-base ../build/my_package build --build-base /home/suho/final/build/my_package/build install --record /home/suho/final/build/my_package/install.log --install-scripts $base/lib/my_package --single-version-externally-managed
[67.540s] Level 1:colcon.colcon_core.environment:checking '/home/suho/final/install/my_package' for CMake module files
[67.550s] Level 1:colcon.colcon_core.environment:checking '/home/suho/final/install/my_package' for CMake config files
[67.554s] Level 1:colcon.colcon_core.environment:checking '/home/suho/final/install/my_package/lib'
[67.590s] Level 1:colcon.colcon_core.environment:checking '/home/suho/final/install/my_package/bin'
[67.591s] Level 1:colcon.colcon_core.environment:checking '/home/suho/final/install/my_package/lib/pkgconfig/my_package.pc'
[67.591s] Level 1:colcon.colcon_core.environment:checking '/home/suho/final/install/my_package/lib/python3.8/site-packages'
[67.592s] Level 1:colcon.colcon_core.shell:create_environment_hook('my_package', 'pythonpath')
[68.855s] INFO:colcon.colcon_core.shell:Creating environment hook '/home/suho/final/install/my_package/share/my_package/hook/pythonpath.ps1'
[68.863s] INFO:colcon.colcon_core.shell:Creating environment descriptor '/home/suho/final/install/my_package/share/my_package/hook/pythonpath.dsv'
[68.905s] INFO:colcon.colcon_core.shell:Creating environment hook '/home/suho/final/install/my_package/share/my_package/hook/pythonpath.sh'
[68.917s] Level 1:colcon.colcon_core.environment:checking '/home/suho/final/install/my_package/bin'
[68.917s] Level 1:colcon.colcon_core.environment:create_environment_scripts_only(my_package)
[70.287s] INFO:colcon.colcon_core.shell:Creating package script '/home/suho/final/install/my_package/share/my_package/package.ps1'
[70.296s] INFO:colcon.colcon_core.shell:Creating package descriptor '/home/suho/final/install/my_package/share/my_package/package.dsv'
[70.310s] INFO:colcon.colcon_core.shell:Creating package script '/home/suho/final/install/my_package/share/my_package/package.sh'
[70.318s] INFO:colcon.colcon_core.shell:Creating package script '/home/suho/final/install/my_package/share/my_package/package.bash'
[70.333s] INFO:colcon.colcon_core.shell:Creating package script '/home/suho/final/install/my_package/share/my_package/package.zsh'
[70.372s] Level 1:colcon.colcon_core.environment:create_file_with_runtime_dependencies(/home/suho/final/install/my_package/share/colcon-core/packages/my_package)
[70.373s] DEBUG:colcon.colcon_parallel_executor.executor.parallel:closing loop
[70.382s] DEBUG:colcon.colcon_parallel_executor.executor.parallel:loop closed
[70.382s] DEBUG:colcon.colcon_parallel_executor.executor.parallel:run_until_complete finished with '0'
[70.382s] DEBUG:colcon.colcon_core.event_reactor:joining thread
[71.384s] INFO:colcon.colcon_core.plugin_system:Skipping extension 'colcon_notification.desktop_notification.terminal_notifier': Not used on non-Darwin systems
[71.386s] INFO:colcon.colcon_core.plugin_system:Skipping extension 'colcon_notification.desktop_notification.win32': Not used on non-Windows systems
[71.386s] INFO:colcon.colcon_notification.desktop_notification:Sending desktop notification using 'notify2'
[71.630s] DEBUG:colcon.colcon_core.event_reactor:joined thread
[72.544s] INFO:colcon.colcon_core.shell:Creating prefix script '/home/suho/final/install/local_setup.ps1'
[72.565s] INFO:colcon.colcon_core.shell:Creating prefix util module '/home/suho/final/install/_local_setup_util_ps1.py'
[72.614s] INFO:colcon.colcon_core.shell:Creating prefix chain script '/home/suho/final/install/setup.ps1'
[73.339s] INFO:colcon.colcon_core.shell:Creating prefix script '/home/suho/final/install/local_setup.sh'
[73.343s] INFO:colcon.colcon_core.shell:Creating prefix util module '/home/suho/final/install/_local_setup_util_sh.py'
[73.363s] INFO:colcon.colcon_core.shell:Creating prefix chain script '/home/suho/final/install/setup.sh'
[73.936s] INFO:colcon.colcon_core.shell:Creating prefix script '/home/suho/final/install/local_setup.bash'
[73.967s] INFO:colcon.colcon_core.shell:Creating prefix chain script '/home/suho/final/install/setup.bash'
[74.947s] INFO:colcon.colcon_core.shell:Creating prefix script '/home/suho/final/install/local_setup.zsh'
[74.962s] INFO:colcon.colcon_core.shell:Creating prefix chain script '/home/suho/final/install/setup.zsh'
