[32.548s] DEBUG:colcon:Command line arguments: ['/usr/bin/colcon', 'build', '--packages-select', 'my_package']
[32.548s] DEBUG:colcon:Parsed command line arguments: Namespace(allow_overriding=[], ament_cmake_args=None, base_paths=['.'], build_base='build', catkin_cmake_args=None, catkin_skip_building_tests=False, cmake_args=None, cmake_clean_cache=False, cmake_clean_first=False, cmake_force_configure=False, cmake_target=None, cmake_target_skip_unavailable=False, continue_on_error=False, event_handlers=None, executor='parallel', ignore_user_meta=False, install_base='install', log_base=None, log_level=None, main=<bound method BuildVerb.main of <colcon_core.verb.build.BuildVerb object at 0x7f8dae99ca90>>, merge_install=False, metas=['./colcon.meta'], packages_above=None, packages_above_and_dependencies=None, packages_above_depth=None, packages_end=None, packages_ignore=None, packages_ignore_regex=None, packages_select=['my_package'], packages_select_build_failed=False, packages_select_by_dep=None, packages_select_regex=None, packages_select_test_failures=False, packages_skip=None, packages_skip_build_finished=False, packages_skip_by_dep=None, packages_skip_regex=None, packages_skip_test_passed=False, packages_skip_up_to=None, packages_start=None, packages_up_to=None, packages_up_to_regex=None, parallel_workers=6, paths=None, symlink_install=False, test_result_base=None, verb_extension=<colcon_core.verb.build.BuildVerb object at 0x7f8dae99ca90>, verb_name='build', verb_parser=<colcon_defaults.argument_parser.defaults.DefaultArgumentsDecorator object at 0x7f8dae6776d0>)
[33.002s] Level 1:colcon.colcon_core.package_discovery:discover_packages(colcon_meta) check parameters
[33.003s] Level 1:colcon.colcon_core.package_discovery:discover_packages(recursive) check parameters
[33.003s] Level 1:colcon.colcon_core.package_discovery:discover_packages(ignore) check parameters
[33.003s] Level 1:colcon.colcon_core.package_discovery:discover_packages(path) check parameters
[33.003s] Level 1:colcon.colcon_core.package_discovery:discover_packages(colcon_meta) discover
[33.008s] Level 1:colcon.colcon_core.package_discovery:discover_packages(recursive) discover
[33.009s] INFO:colcon.colcon_core.package_discovery:Crawling recursively for packages in '/home/suho/final'
[33.009s] Level 1:colcon.colcon_core.package_identification:_identify(.) by extensions ['ignore', 'ignore_ament_install']
[33.009s] Level 1:colcon.colcon_core.package_identification:_identify(.) by extension 'ignore'
[33.010s] Level 1:colcon.colcon_core.package_identification:_identify(.) by extension 'ignore_ament_install'
[33.016s] Level 1:colcon.colcon_core.package_identification:_identify(.) by extensions ['colcon_pkg']
[33.016s] Level 1:colcon.colcon_core.package_identification:_identify(.) by extension 'colcon_pkg'
[33.017s] Level 1:colcon.colcon_core.package_identification:_identify(.) by extensions ['colcon_meta']
[33.017s] Level 1:colcon.colcon_core.package_identification:_identify(.) by extension 'colcon_meta'
[33.018s] Level 1:colcon.colcon_core.package_identification:_identify(.) by extensions ['ros']
[33.018s] Level 1:colcon.colcon_core.package_identification:_identify(.) by extension 'ros'
[33.181s] Level 1:colcon.colcon_core.package_identification:_identify(.) by extensions ['cmake', 'python']
[33.181s] Level 1:colcon.colcon_core.package_identification:_identify(.) by extension 'cmake'
[33.207s] Level 1:colcon.colcon_core.package_identification:_identify(.) by extension 'python'
[33.208s] Level 1:colcon.colcon_core.package_identification:_identify(.) by extensions ['python_setup_py']
[33.208s] Level 1:colcon.colcon_core.package_identification:_identify(.) by extension 'python_setup_py'
[33.208s] Level 1:colcon.colcon_core.package_identification:_identify(build) by extensions ['ignore', 'ignore_ament_install']
[33.214s] Level 1:colcon.colcon_core.package_identification:_identify(build) by extension 'ignore'
[33.214s] Level 1:colcon.colcon_core.package_identification:_identify(build) ignored
[33.215s] Level 1:colcon.colcon_core.package_identification:_identify(install) by extensions ['ignore', 'ignore_ament_install']
[33.215s] Level 1:colcon.colcon_core.package_identification:_identify(install) by extension 'ignore'
[33.215s] Level 1:colcon.colcon_core.package_identification:_identify(install) ignored
[33.221s] Level 1:colcon.colcon_core.package_identification:_identify(log) by extensions ['ignore', 'ignore_ament_install']
[33.234s] Level 1:colcon.colcon_core.package_identification:_identify(log) by extension 'ignore'
[33.234s] Level 1:colcon.colcon_core.package_identification:_identify(log) ignored
[33.235s] Level 1:colcon.colcon_core.package_identification:_identify(my_package) by extensions ['ignore', 'ignore_ament_install']
[33.241s] Level 1:colcon.colcon_core.package_identification:_identify(my_package) by extension 'ignore'
[33.241s] Level 1:colcon.colcon_core.package_identification:_identify(my_package) by extension 'ignore_ament_install'
[33.242s] Level 1:colcon.colcon_core.package_identification:_identify(my_package) by extensions ['colcon_pkg']
[33.242s] Level 1:colcon.colcon_core.package_identification:_identify(my_package) by extension 'colcon_pkg'
[33.242s] Level 1:colcon.colcon_core.package_identification:_identify(my_package) by extensions ['colcon_meta']
[33.242s] Level 1:colcon.colcon_core.package_identification:_identify(my_package) by extension 'colcon_meta'
[33.249s] Level 1:colcon.colcon_core.package_identification:_identify(my_package) by extensions ['ros']
[33.249s] Level 1:colcon.colcon_core.package_identification:_identify(my_package) by extension 'ros'
[33.259s] DEBUG:colcon.colcon_core.package_identification:Package 'my_package' with type 'ros.ament_python' and name 'my_package'
[33.269s] Level 1:colcon.colcon_core.package_discovery:discover_packages(recursive) using defaults
[33.269s] Level 1:colcon.colcon_core.package_discovery:discover_packages(ignore) discover
[33.269s] Level 1:colcon.colcon_core.package_discovery:discover_packages(ignore) using defaults
[33.269s] Level 1:colcon.colcon_core.package_discovery:discover_packages(path) discover
[33.269s] Level 1:colcon.colcon_core.package_discovery:discover_packages(path) using defaults
[37.681s] Level 1:colcon.colcon_core.package_discovery:discover_packages(prefix_path) check parameters
[37.681s] Level 1:colcon.colcon_core.package_discovery:discover_packages(prefix_path) discover
[38.350s] Level 1:colcon.colcon_core.package_discovery:discover_packages(prefix_path) using defaults
[39.833s] Level 5:colcon.colcon_core.verb:set package 'my_package' build argument 'cmake_args' from command line to 'None'
[39.842s] Level 5:colcon.colcon_core.verb:set package 'my_package' build argument 'cmake_target' from command line to 'None'
[39.842s] Level 5:colcon.colcon_core.verb:set package 'my_package' build argument 'cmake_target_skip_unavailable' from command line to 'False'
[39.842s] Level 5:colcon.colcon_core.verb:set package 'my_package' build argument 'cmake_clean_cache' from command line to 'False'
[39.842s] Level 5:colcon.colcon_core.verb:set package 'my_package' build argument 'cmake_clean_first' from command line to 'False'
[39.842s] Level 5:colcon.colcon_core.verb:set package 'my_package' build argument 'cmake_force_configure' from command line to 'False'
[39.842s] Level 5:colcon.colcon_core.verb:set package 'my_package' build argument 'ament_cmake_args' from command line to 'None'
[39.842s] Level 5:colcon.colcon_core.verb:set package 'my_package' build argument 'catkin_cmake_args' from command line to 'None'
[39.842s] Level 5:colcon.colcon_core.verb:set package 'my_package' build argument 'catkin_skip_building_tests' from command line to 'False'
[39.842s] DEBUG:colcon.colcon_core.verb:Building package 'my_package' with the following arguments: {'ament_cmake_args': None, 'build_base': '/home/suho/final/build/my_package', 'catkin_cmake_args': None, 'catkin_skip_building_tests': False, 'cmake_args': None, 'cmake_clean_cache': False, 'cmake_clean_first': False, 'cmake_force_configure': False, 'cmake_target': None, 'cmake_target_skip_unavailable': False, 'install_base': '/home/suho/final/install/my_package', 'merge_install': False, 'path': '/home/suho/final/my_package', 'symlink_install': False, 'test_result_base': None}
[40.673s] INFO:colcon.colcon_core.executor:Executing jobs using 'parallel' executor
[41.595s] DEBUG:colcon.colcon_parallel_executor.executor.parallel:run_until_complete
[41.605s] INFO:colcon.colcon_ros.task.ament_python.build:Building ROS package in '/home/suho/final/my_package' with build type 'ament_python'
[41.611s] Level 1:colcon.colcon_core.shell:create_environment_hook('my_package', 'ament_prefix_path')
[42.704s] INFO:colcon.colcon_core.plugin_system:Skipping extension 'colcon_core.shell.bat': Not used on non-Windows systems
[42.704s] INFO:colcon.colcon_core.shell:Creating environment hook '/home/suho/final/install/my_package/share/my_package/hook/ament_prefix_path.ps1'
[42.727s] INFO:colcon.colcon_core.shell:Creating environment descriptor '/home/suho/final/install/my_package/share/my_package/hook/ament_prefix_path.dsv'
[42.741s] INFO:colcon.colcon_core.shell:Creating environment hook '/home/suho/final/install/my_package/share/my_package/hook/ament_prefix_path.sh'
[43.923s] INFO:colcon.colcon_core.shell:Skip shell extension 'powershell' for command environment: Not usable outside of PowerShell
[43.923s] DEBUG:colcon.colcon_core.shell:Skip shell extension 'dsv' for command environment
[48.381s] INFO:colcon.colcon_core.task.python.build:Building Python package in '/home/suho/final/my_package'
[49.574s] INFO:colcon.colcon_core.shell:Skip shell extension 'powershell' for command environment: Not usable outside of PowerShell
[49.575s] DEBUG:colcon.colcon_core.shell:Skip shell extension 'dsv' for command environment
[54.700s] DEBUG:colcon.colcon_core.event_handler.log_command:Invoking command in '/home/suho/final/my_package': PYTHONPATH=/home/suho/final/build/my_package/prefix_override:/home/suho/final/install/my_package/lib/python3.8/site-packages: /usr/bin/python3 setup.py egg_info --egg-base ../build/my_package build --build-base /home/suho/final/build/my_package/build install --record /home/suho/final/build/my_package/install.log --install-scripts $base/lib/my_package --single-version-externally-managed
[58.064s] DEBUG:colcon.colcon_core.event_handler.log_command:Invoked command in '/home/suho/final/my_package' returned '0': PYTHONPATH=/home/suho/final/build/my_package/prefix_override:/home/suho/final/install/my_package/lib/python3.8/site-packages: /usr/bin/python3 setup.py egg_info --egg-base ../build/my_package build --build-base /home/suho/final/build/my_package/build install --record /home/suho/final/build/my_package/install.log --install-scripts $base/lib/my_package --single-version-externally-managed
[59.244s] Level 1:colcon.colcon_core.environment:checking '/home/suho/final/install/my_package' for CMake module files
[59.246s] Level 1:colcon.colcon_core.environment:checking '/home/suho/final/install/my_package' for CMake config files
[59.271s] Level 1:colcon.colcon_core.environment:checking '/home/suho/final/install/my_package/lib'
[59.272s] Level 1:colcon.colcon_core.environment:checking '/home/suho/final/install/my_package/bin'
[59.272s] Level 1:colcon.colcon_core.environment:checking '/home/suho/final/install/my_package/lib/pkgconfig/my_package.pc'
[59.273s] Level 1:colcon.colcon_core.environment:checking '/home/suho/final/install/my_package/lib/python3.8/site-packages'
[59.273s] Level 1:colcon.colcon_core.shell:create_environment_hook('my_package', 'pythonpath')
[60.427s] INFO:colcon.colcon_core.shell:Creating environment hook '/home/suho/final/install/my_package/share/my_package/hook/pythonpath.ps1'
[60.456s] INFO:colcon.colcon_core.shell:Creating environment descriptor '/home/suho/final/install/my_package/share/my_package/hook/pythonpath.dsv'
[60.461s] INFO:colcon.colcon_core.shell:Creating environment hook '/home/suho/final/install/my_package/share/my_package/hook/pythonpath.sh'
[60.476s] Level 1:colcon.colcon_core.environment:checking '/home/suho/final/install/my_package/bin'
[60.476s] Level 1:colcon.colcon_core.environment:create_environment_scripts_only(my_package)
[61.820s] INFO:colcon.colcon_core.shell:Creating package script '/home/suho/final/install/my_package/share/my_package/package.ps1'
[61.861s] INFO:colcon.colcon_core.shell:Creating package descriptor '/home/suho/final/install/my_package/share/my_package/package.dsv'
[61.882s] INFO:colcon.colcon_core.shell:Creating package script '/home/suho/final/install/my_package/share/my_package/package.sh'
[61.901s] INFO:colcon.colcon_core.shell:Creating package script '/home/suho/final/install/my_package/share/my_package/package.bash'
[61.905s] INFO:colcon.colcon_core.shell:Creating package script '/home/suho/final/install/my_package/share/my_package/package.zsh'
[61.926s] Level 1:colcon.colcon_core.environment:create_file_with_runtime_dependencies(/home/suho/final/install/my_package/share/colcon-core/packages/my_package)
[61.927s] DEBUG:colcon.colcon_parallel_executor.executor.parallel:closing loop
[61.943s] DEBUG:colcon.colcon_parallel_executor.executor.parallel:loop closed
[61.943s] DEBUG:colcon.colcon_parallel_executor.executor.parallel:run_until_complete finished with '0'
[61.943s] DEBUG:colcon.colcon_core.event_reactor:joining thread
[62.947s] INFO:colcon.colcon_core.plugin_system:Skipping extension 'colcon_notification.desktop_notification.terminal_notifier': Not used on non-Darwin systems
[62.956s] INFO:colcon.colcon_core.plugin_system:Skipping extension 'colcon_notification.desktop_notification.win32': Not used on non-Windows systems
[62.956s] INFO:colcon.colcon_notification.desktop_notification:Sending desktop notification using 'notify2'
[63.511s] DEBUG:colcon.colcon_core.event_reactor:joined thread
[64.438s] INFO:colcon.colcon_core.shell:Creating prefix script '/home/suho/final/install/local_setup.ps1'
[64.466s] INFO:colcon.colcon_core.shell:Creating prefix util module '/home/suho/final/install/_local_setup_util_ps1.py'
[64.489s] INFO:colcon.colcon_core.shell:Creating prefix chain script '/home/suho/final/install/setup.ps1'
[65.043s] INFO:colcon.colcon_core.shell:Creating prefix script '/home/suho/final/install/local_setup.sh'
[65.085s] INFO:colcon.colcon_core.shell:Creating prefix util module '/home/suho/final/install/_local_setup_util_sh.py'
[65.111s] INFO:colcon.colcon_core.shell:Creating prefix chain script '/home/suho/final/install/setup.sh'
[65.942s] INFO:colcon.colcon_core.shell:Creating prefix script '/home/suho/final/install/local_setup.bash'
[65.955s] INFO:colcon.colcon_core.shell:Creating prefix chain script '/home/suho/final/install/setup.bash'
[66.716s] INFO:colcon.colcon_core.shell:Creating prefix script '/home/suho/final/install/local_setup.zsh'
[66.747s] INFO:colcon.colcon_core.shell:Creating prefix chain script '/home/suho/final/install/setup.zsh'
