[11.470s] DEBUG:colcon:Command line arguments: ['/usr/bin/colcon', 'build', '--packages-select', 'my_package']
[11.470s] DEBUG:colcon:Parsed command line arguments: Namespace(allow_overriding=[], ament_cmake_args=None, base_paths=['.'], build_base='build', catkin_cmake_args=None, catkin_skip_building_tests=False, cmake_args=None, cmake_clean_cache=False, cmake_clean_first=False, cmake_force_configure=False, cmake_target=None, cmake_target_skip_unavailable=False, continue_on_error=False, event_handlers=None, executor='parallel', ignore_user_meta=False, install_base='install', log_base=None, log_level=None, main=<bound method BuildVerb.main of <colcon_core.verb.build.BuildVerb object at 0x7f9babb11400>>, merge_install=False, metas=['./colcon.meta'], packages_above=None, packages_above_and_dependencies=None, packages_above_depth=None, packages_end=None, packages_ignore=None, packages_ignore_regex=None, packages_select=['my_package'], packages_select_build_failed=False, packages_select_by_dep=None, packages_select_regex=None, packages_select_test_failures=False, packages_skip=None, packages_skip_build_finished=False, packages_skip_by_dep=None, packages_skip_regex=None, packages_skip_test_passed=False, packages_skip_up_to=None, packages_start=None, packages_up_to=None, packages_up_to_regex=None, parallel_workers=6, paths=None, symlink_install=False, test_result_base=None, verb_extension=<colcon_core.verb.build.BuildVerb object at 0x7f9babb11400>, verb_name='build', verb_parser=<colcon_defaults.argument_parser.defaults.DefaultArgumentsDecorator object at 0x7f9bab7c57f0>)
[11.891s] Level 1:colcon.colcon_core.package_discovery:discover_packages(colcon_meta) check parameters
[11.892s] Level 1:colcon.colcon_core.package_discovery:discover_packages(recursive) check parameters
[11.892s] Level 1:colcon.colcon_core.package_discovery:discover_packages(ignore) check parameters
[11.892s] Level 1:colcon.colcon_core.package_discovery:discover_packages(path) check parameters
[11.892s] Level 1:colcon.colcon_core.package_discovery:discover_packages(colcon_meta) discover
[11.892s] Level 1:colcon.colcon_core.package_discovery:discover_packages(recursive) discover
[11.892s] INFO:colcon.colcon_core.package_discovery:Crawling recursively for packages in '/home/suho/final'
[11.892s] Level 1:colcon.colcon_core.package_identification:_identify(.) by extensions ['ignore', 'ignore_ament_install']
[11.893s] Level 1:colcon.colcon_core.package_identification:_identify(.) by extension 'ignore'
[11.894s] Level 1:colcon.colcon_core.package_identification:_identify(.) by extension 'ignore_ament_install'
[11.894s] Level 1:colcon.colcon_core.package_identification:_identify(.) by extensions ['colcon_pkg']
[11.894s] Level 1:colcon.colcon_core.package_identification:_identify(.) by extension 'colcon_pkg'
[11.894s] Level 1:colcon.colcon_core.package_identification:_identify(.) by extensions ['colcon_meta']
[11.895s] Level 1:colcon.colcon_core.package_identification:_identify(.) by extension 'colcon_meta'
[11.895s] Level 1:colcon.colcon_core.package_identification:_identify(.) by extensions ['ros']
[11.895s] Level 1:colcon.colcon_core.package_identification:_identify(.) by extension 'ros'
[11.946s] Level 1:colcon.colcon_core.package_identification:_identify(.) by extensions ['cmake', 'python']
[11.947s] Level 1:colcon.colcon_core.package_identification:_identify(.) by extension 'cmake'
[11.947s] Level 1:colcon.colcon_core.package_identification:_identify(.) by extension 'python'
[11.948s] Level 1:colcon.colcon_core.package_identification:_identify(.) by extensions ['python_setup_py']
[11.948s] Level 1:colcon.colcon_core.package_identification:_identify(.) by extension 'python_setup_py'
[11.948s] Level 1:colcon.colcon_core.package_identification:_identify(build) by extensions ['ignore', 'ignore_ament_install']
[11.949s] Level 1:colcon.colcon_core.package_identification:_identify(build) by extension 'ignore'
[11.950s] Level 1:colcon.colcon_core.package_identification:_identify(build) ignored
[11.951s] Level 1:colcon.colcon_core.package_identification:_identify(install) by extensions ['ignore', 'ignore_ament_install']
[11.951s] Level 1:colcon.colcon_core.package_identification:_identify(install) by extension 'ignore'
[11.951s] Level 1:colcon.colcon_core.package_identification:_identify(install) ignored
[11.952s] Level 1:colcon.colcon_core.package_identification:_identify(log) by extensions ['ignore', 'ignore_ament_install']
[11.952s] Level 1:colcon.colcon_core.package_identification:_identify(log) by extension 'ignore'
[11.952s] Level 1:colcon.colcon_core.package_identification:_identify(log) ignored
[11.953s] Level 1:colcon.colcon_core.package_identification:_identify(my_package) by extensions ['ignore', 'ignore_ament_install']
[11.953s] Level 1:colcon.colcon_core.package_identification:_identify(my_package) by extension 'ignore'
[11.953s] Level 1:colcon.colcon_core.package_identification:_identify(my_package) by extension 'ignore_ament_install'
[11.954s] Level 1:colcon.colcon_core.package_identification:_identify(my_package) by extensions ['colcon_pkg']
[11.954s] Level 1:colcon.colcon_core.package_identification:_identify(my_package) by extension 'colcon_pkg'
[11.954s] Level 1:colcon.colcon_core.package_identification:_identify(my_package) by extensions ['colcon_meta']
[11.954s] Level 1:colcon.colcon_core.package_identification:_identify(my_package) by extension 'colcon_meta'
[11.954s] Level 1:colcon.colcon_core.package_identification:_identify(my_package) by extensions ['ros']
[11.954s] Level 1:colcon.colcon_core.package_identification:_identify(my_package) by extension 'ros'
[11.961s] DEBUG:colcon.colcon_core.package_identification:Package 'my_package' with type 'ros.ament_python' and name 'my_package'
[11.962s] Level 1:colcon.colcon_core.package_discovery:discover_packages(recursive) using defaults
[11.962s] Level 1:colcon.colcon_core.package_discovery:discover_packages(ignore) discover
[11.962s] Level 1:colcon.colcon_core.package_discovery:discover_packages(ignore) using defaults
[11.962s] Level 1:colcon.colcon_core.package_discovery:discover_packages(path) discover
[11.962s] Level 1:colcon.colcon_core.package_discovery:discover_packages(path) using defaults
[12.987s] Level 1:colcon.colcon_core.package_discovery:discover_packages(prefix_path) check parameters
[12.987s] Level 1:colcon.colcon_core.package_discovery:discover_packages(prefix_path) discover
[13.422s] DEBUG:colcon.colcon_installed_package_information.package_discovery:Found 1 installed packages in /home/suho/final/install
[13.423s] Level 1:colcon.colcon_core.package_discovery:discover_packages(prefix_path) using defaults
[13.857s] Level 5:colcon.colcon_core.verb:set package 'my_package' build argument 'cmake_args' from command line to 'None'
[13.857s] Level 5:colcon.colcon_core.verb:set package 'my_package' build argument 'cmake_target' from command line to 'None'
[13.857s] Level 5:colcon.colcon_core.verb:set package 'my_package' build argument 'cmake_target_skip_unavailable' from command line to 'False'
[13.857s] Level 5:colcon.colcon_core.verb:set package 'my_package' build argument 'cmake_clean_cache' from command line to 'False'
[13.857s] Level 5:colcon.colcon_core.verb:set package 'my_package' build argument 'cmake_clean_first' from command line to 'False'
[13.857s] Level 5:colcon.colcon_core.verb:set package 'my_package' build argument 'cmake_force_configure' from command line to 'False'
[13.857s] Level 5:colcon.colcon_core.verb:set package 'my_package' build argument 'ament_cmake_args' from command line to 'None'
[13.858s] Level 5:colcon.colcon_core.verb:set package 'my_package' build argument 'catkin_cmake_args' from command line to 'None'
[13.858s] Level 5:colcon.colcon_core.verb:set package 'my_package' build argument 'catkin_skip_building_tests' from command line to 'False'
[13.858s] DEBUG:colcon.colcon_core.verb:Building package 'my_package' with the following arguments: {'ament_cmake_args': None, 'build_base': '/home/suho/final/build/my_package', 'catkin_cmake_args': None, 'catkin_skip_building_tests': False, 'cmake_args': None, 'cmake_clean_cache': False, 'cmake_clean_first': False, 'cmake_force_configure': False, 'cmake_target': None, 'cmake_target_skip_unavailable': False, 'install_base': '/home/suho/final/install/my_package', 'merge_install': False, 'path': '/home/suho/final/my_package', 'symlink_install': False, 'test_result_base': None}
[14.051s] INFO:colcon.colcon_core.executor:Executing jobs using 'parallel' executor
[14.284s] DEBUG:colcon.colcon_parallel_executor.executor.parallel:run_until_complete
[14.286s] INFO:colcon.colcon_ros.task.ament_python.build:Building ROS package in '/home/suho/final/my_package' with build type 'ament_python'
[14.287s] Level 1:colcon.colcon_core.shell:create_environment_hook('my_package', 'ament_prefix_path')
[14.518s] INFO:colcon.colcon_core.plugin_system:Skipping extension 'colcon_core.shell.bat': Not used on non-Windows systems
[14.519s] INFO:colcon.colcon_core.shell:Creating environment hook '/home/suho/final/install/my_package/share/my_package/hook/ament_prefix_path.ps1'
[14.524s] INFO:colcon.colcon_core.shell:Creating environment descriptor '/home/suho/final/install/my_package/share/my_package/hook/ament_prefix_path.dsv'
[14.529s] INFO:colcon.colcon_core.shell:Creating environment hook '/home/suho/final/install/my_package/share/my_package/hook/ament_prefix_path.sh'
[14.757s] INFO:colcon.colcon_core.shell:Skip shell extension 'powershell' for command environment: Not usable outside of PowerShell
[14.758s] DEBUG:colcon.colcon_core.shell:Skip shell extension 'dsv' for command environment
[16.478s] INFO:colcon.colcon_core.task.python.build:Building Python package in '/home/suho/final/my_package'
[16.936s] INFO:colcon.colcon_core.shell:Skip shell extension 'powershell' for command environment: Not usable outside of PowerShell
[16.936s] DEBUG:colcon.colcon_core.shell:Skip shell extension 'dsv' for command environment
[18.956s] DEBUG:colcon.colcon_core.event_handler.log_command:Invoking command in '/home/suho/final/my_package': PYTHONPATH=/home/suho/final/build/my_package/prefix_override:/home/suho/final/install/my_package/lib/python3.8/site-packages:${PYTHONPATH} /usr/bin/python3 setup.py egg_info --egg-base ../build/my_package build --build-base /home/suho/final/build/my_package/build install --record /home/suho/final/build/my_package/install.log --install-scripts $base/lib/my_package --single-version-externally-managed
[20.342s] DEBUG:colcon.colcon_core.event_handler.log_command:Invoked command in '/home/suho/final/my_package' returned '0': PYTHONPATH=/home/suho/final/build/my_package/prefix_override:/home/suho/final/install/my_package/lib/python3.8/site-packages:${PYTHONPATH} /usr/bin/python3 setup.py egg_info --egg-base ../build/my_package build --build-base /home/suho/final/build/my_package/build install --record /home/suho/final/build/my_package/install.log --install-scripts $base/lib/my_package --single-version-externally-managed
[21.057s] Level 1:colcon.colcon_core.environment:checking '/home/suho/final/install/my_package' for CMake module files
[21.060s] Level 1:colcon.colcon_core.environment:checking '/home/suho/final/install/my_package' for CMake config files
[21.063s] Level 1:colcon.colcon_core.environment:checking '/home/suho/final/install/my_package/lib'
[21.064s] Level 1:colcon.colcon_core.environment:checking '/home/suho/final/install/my_package/bin'
[21.067s] Level 1:colcon.colcon_core.environment:checking '/home/suho/final/install/my_package/lib/pkgconfig/my_package.pc'
[21.068s] Level 1:colcon.colcon_core.environment:checking '/home/suho/final/install/my_package/lib/python3.8/site-packages'
[21.069s] Level 1:colcon.colcon_core.shell:create_environment_hook('my_package', 'pythonpath')
[21.333s] INFO:colcon.colcon_core.shell:Creating environment hook '/home/suho/final/install/my_package/share/my_package/hook/pythonpath.ps1'
[21.360s] INFO:colcon.colcon_core.shell:Creating environment descriptor '/home/suho/final/install/my_package/share/my_package/hook/pythonpath.dsv'
[21.363s] INFO:colcon.colcon_core.shell:Creating environment hook '/home/suho/final/install/my_package/share/my_package/hook/pythonpath.sh'
[21.367s] Level 1:colcon.colcon_core.environment:checking '/home/suho/final/install/my_package/bin'
[21.367s] Level 1:colcon.colcon_core.environment:create_environment_scripts_only(my_package)
[22.153s] INFO:colcon.colcon_core.shell:Creating package script '/home/suho/final/install/my_package/share/my_package/package.ps1'
[22.167s] INFO:colcon.colcon_core.shell:Creating package descriptor '/home/suho/final/install/my_package/share/my_package/package.dsv'
[22.181s] INFO:colcon.colcon_core.shell:Creating package script '/home/suho/final/install/my_package/share/my_package/package.sh'
[22.192s] INFO:colcon.colcon_core.shell:Creating package script '/home/suho/final/install/my_package/share/my_package/package.bash'
[22.196s] INFO:colcon.colcon_core.shell:Creating package script '/home/suho/final/install/my_package/share/my_package/package.zsh'
[22.222s] Level 1:colcon.colcon_core.environment:create_file_with_runtime_dependencies(/home/suho/final/install/my_package/share/colcon-core/packages/my_package)
[22.236s] DEBUG:colcon.colcon_parallel_executor.executor.parallel:closing loop
[22.242s] DEBUG:colcon.colcon_parallel_executor.executor.parallel:loop closed
[22.246s] DEBUG:colcon.colcon_parallel_executor.executor.parallel:run_until_complete finished with '0'
[22.246s] DEBUG:colcon.colcon_core.event_reactor:joining thread
[22.482s] INFO:colcon.colcon_core.plugin_system:Skipping extension 'colcon_notification.desktop_notification.terminal_notifier': Not used on non-Darwin systems
[22.483s] INFO:colcon.colcon_core.plugin_system:Skipping extension 'colcon_notification.desktop_notification.win32': Not used on non-Windows systems
[22.483s] INFO:colcon.colcon_notification.desktop_notification:Sending desktop notification using 'notify2'
[22.556s] DEBUG:colcon.colcon_core.event_reactor:joined thread
[22.768s] INFO:colcon.colcon_core.shell:Creating prefix script '/home/suho/final/install/local_setup.ps1'
[22.772s] INFO:colcon.colcon_core.shell:Creating prefix util module '/home/suho/final/install/_local_setup_util_ps1.py'
[22.776s] INFO:colcon.colcon_core.shell:Creating prefix chain script '/home/suho/final/install/setup.ps1'
[22.969s] INFO:colcon.colcon_core.shell:Creating prefix script '/home/suho/final/install/local_setup.sh'
[22.973s] INFO:colcon.colcon_core.shell:Creating prefix util module '/home/suho/final/install/_local_setup_util_sh.py'
[22.975s] INFO:colcon.colcon_core.shell:Creating prefix chain script '/home/suho/final/install/setup.sh'
[23.174s] INFO:colcon.colcon_core.shell:Creating prefix script '/home/suho/final/install/local_setup.bash'
[23.176s] INFO:colcon.colcon_core.shell:Creating prefix chain script '/home/suho/final/install/setup.bash'
[23.364s] INFO:colcon.colcon_core.shell:Creating prefix script '/home/suho/final/install/local_setup.zsh'
[23.365s] INFO:colcon.colcon_core.shell:Creating prefix chain script '/home/suho/final/install/setup.zsh'
