[16.546s] DEBUG:colcon:Command line arguments: ['/usr/bin/colcon', 'build']
[16.546s] DEBUG:colcon:Parsed command line arguments: Namespace(allow_overriding=[], ament_cmake_args=None, base_paths=['.'], build_base='build', catkin_cmake_args=None, catkin_skip_building_tests=False, cmake_args=None, cmake_clean_cache=False, cmake_clean_first=False, cmake_force_configure=False, cmake_target=None, cmake_target_skip_unavailable=False, continue_on_error=False, event_handlers=None, executor='parallel', ignore_user_meta=False, install_base='install', log_base=None, log_level=None, main=<bound method BuildVerb.main of <colcon_core.verb.build.BuildVerb object at 0x7f9b6f3c0670>>, merge_install=False, metas=['./colcon.meta'], packages_above=None, packages_above_and_dependencies=None, packages_above_depth=None, packages_end=None, packages_ignore=None, packages_ignore_regex=None, packages_select=None, packages_select_build_failed=False, packages_select_by_dep=None, packages_select_regex=None, packages_select_test_failures=False, packages_skip=None, packages_skip_build_finished=False, packages_skip_by_dep=None, packages_skip_regex=None, packages_skip_test_passed=False, packages_skip_up_to=None, packages_start=None, packages_up_to=None, packages_up_to_regex=None, parallel_workers=6, paths=None, symlink_install=False, test_result_base=None, verb_extension=<colcon_core.verb.build.BuildVerb object at 0x7f9b6f3c0670>, verb_name='build', verb_parser=<colcon_defaults.argument_parser.defaults.DefaultArgumentsDecorator object at 0x7f9b6ef936a0>)
[17.195s] Level 1:colcon.colcon_core.package_discovery:discover_packages(colcon_meta) check parameters
[17.204s] Level 1:colcon.colcon_core.package_discovery:discover_packages(recursive) check parameters
[17.205s] Level 1:colcon.colcon_core.package_discovery:discover_packages(ignore) check parameters
[17.205s] Level 1:colcon.colcon_core.package_discovery:discover_packages(path) check parameters
[17.205s] Level 1:colcon.colcon_core.package_discovery:discover_packages(colcon_meta) discover
[17.205s] Level 1:colcon.colcon_core.package_discovery:discover_packages(recursive) discover
[17.206s] INFO:colcon.colcon_core.package_discovery:Crawling recursively for packages in '/home/suho/final'
[17.206s] Level 1:colcon.colcon_core.package_identification:_identify(.) by extensions ['ignore', 'ignore_ament_install']
[17.206s] Level 1:colcon.colcon_core.package_identification:_identify(.) by extension 'ignore'
[17.206s] Level 1:colcon.colcon_core.package_identification:_identify(.) by extension 'ignore_ament_install'
[17.206s] Level 1:colcon.colcon_core.package_identification:_identify(.) by extensions ['colcon_pkg']
[17.207s] Level 1:colcon.colcon_core.package_identification:_identify(.) by extension 'colcon_pkg'
[17.207s] Level 1:colcon.colcon_core.package_identification:_identify(.) by extensions ['colcon_meta']
[17.207s] Level 1:colcon.colcon_core.package_identification:_identify(.) by extension 'colcon_meta'
[17.207s] Level 1:colcon.colcon_core.package_identification:_identify(.) by extensions ['ros']
[17.207s] Level 1:colcon.colcon_core.package_identification:_identify(.) by extension 'ros'
[17.299s] Level 1:colcon.colcon_core.package_identification:_identify(.) by extensions ['cmake', 'python']
[17.306s] Level 1:colcon.colcon_core.package_identification:_identify(.) by extension 'cmake'
[17.306s] Level 1:colcon.colcon_core.package_identification:_identify(.) by extension 'python'
[17.306s] Level 1:colcon.colcon_core.package_identification:_identify(.) by extensions ['python_setup_py']
[17.306s] Level 1:colcon.colcon_core.package_identification:_identify(.) by extension 'python_setup_py'
[17.307s] Level 1:colcon.colcon_core.package_identification:_identify(build) by extensions ['ignore', 'ignore_ament_install']
[17.307s] Level 1:colcon.colcon_core.package_identification:_identify(build) by extension 'ignore'
[17.307s] Level 1:colcon.colcon_core.package_identification:_identify(build) ignored
[17.308s] Level 1:colcon.colcon_core.package_identification:_identify(install) by extensions ['ignore', 'ignore_ament_install']
[17.308s] Level 1:colcon.colcon_core.package_identification:_identify(install) by extension 'ignore'
[17.308s] Level 1:colcon.colcon_core.package_identification:_identify(install) ignored
[17.308s] Level 1:colcon.colcon_core.package_identification:_identify(log) by extensions ['ignore', 'ignore_ament_install']
[17.309s] Level 1:colcon.colcon_core.package_identification:_identify(log) by extension 'ignore'
[17.309s] Level 1:colcon.colcon_core.package_identification:_identify(log) ignored
[17.311s] Level 1:colcon.colcon_core.package_identification:_identify(my_package) by extensions ['ignore', 'ignore_ament_install']
[17.312s] Level 1:colcon.colcon_core.package_identification:_identify(my_package) by extension 'ignore'
[17.312s] Level 1:colcon.colcon_core.package_identification:_identify(my_package) by extension 'ignore_ament_install'
[17.312s] Level 1:colcon.colcon_core.package_identification:_identify(my_package) by extensions ['colcon_pkg']
[17.313s] Level 1:colcon.colcon_core.package_identification:_identify(my_package) by extension 'colcon_pkg'
[17.313s] Level 1:colcon.colcon_core.package_identification:_identify(my_package) by extensions ['colcon_meta']
[17.313s] Level 1:colcon.colcon_core.package_identification:_identify(my_package) by extension 'colcon_meta'
[17.313s] Level 1:colcon.colcon_core.package_identification:_identify(my_package) by extensions ['ros']
[17.313s] Level 1:colcon.colcon_core.package_identification:_identify(my_package) by extension 'ros'
[17.334s] DEBUG:colcon.colcon_core.package_identification:Package 'my_package' with type 'ros.ament_python' and name 'my_package'
[17.347s] Level 1:colcon.colcon_core.package_discovery:discover_packages(recursive) using defaults
[17.348s] Level 1:colcon.colcon_core.package_discovery:discover_packages(ignore) discover
[17.348s] Level 1:colcon.colcon_core.package_discovery:discover_packages(ignore) using defaults
[17.348s] Level 1:colcon.colcon_core.package_discovery:discover_packages(path) discover
[17.348s] Level 1:colcon.colcon_core.package_discovery:discover_packages(path) using defaults
[18.776s] Level 1:colcon.colcon_core.package_discovery:discover_packages(prefix_path) check parameters
[18.777s] Level 1:colcon.colcon_core.package_discovery:discover_packages(prefix_path) discover
[19.309s] DEBUG:colcon.colcon_installed_package_information.package_discovery:Found 2 installed packages in /home/suho/gcamp_ros2_ws/install
[19.603s] DEBUG:colcon.colcon_installed_package_information.package_discovery:Found 307 installed packages in /opt/ros/foxy
[19.610s] Level 1:colcon.colcon_core.package_discovery:discover_packages(prefix_path) using defaults
[20.448s] Level 5:colcon.colcon_core.verb:set package 'my_package' build argument 'cmake_args' from command line to 'None'
[20.449s] Level 5:colcon.colcon_core.verb:set package 'my_package' build argument 'cmake_target' from command line to 'None'
[20.449s] Level 5:colcon.colcon_core.verb:set package 'my_package' build argument 'cmake_target_skip_unavailable' from command line to 'False'
[20.449s] Level 5:colcon.colcon_core.verb:set package 'my_package' build argument 'cmake_clean_cache' from command line to 'False'
[20.450s] Level 5:colcon.colcon_core.verb:set package 'my_package' build argument 'cmake_clean_first' from command line to 'False'
[20.450s] Level 5:colcon.colcon_core.verb:set package 'my_package' build argument 'cmake_force_configure' from command line to 'False'
[20.450s] Level 5:colcon.colcon_core.verb:set package 'my_package' build argument 'ament_cmake_args' from command line to 'None'
[20.450s] Level 5:colcon.colcon_core.verb:set package 'my_package' build argument 'catkin_cmake_args' from command line to 'None'
[20.450s] Level 5:colcon.colcon_core.verb:set package 'my_package' build argument 'catkin_skip_building_tests' from command line to 'False'
[20.450s] DEBUG:colcon.colcon_core.verb:Building package 'my_package' with the following arguments: {'ament_cmake_args': None, 'build_base': '/home/suho/final/build/my_package', 'catkin_cmake_args': None, 'catkin_skip_building_tests': False, 'cmake_args': None, 'cmake_clean_cache': False, 'cmake_clean_first': False, 'cmake_force_configure': False, 'cmake_target': None, 'cmake_target_skip_unavailable': False, 'install_base': '/home/suho/final/install/my_package', 'merge_install': False, 'path': '/home/suho/final/my_package', 'symlink_install': False, 'test_result_base': None}
[20.715s] INFO:colcon.colcon_core.executor:Executing jobs using 'parallel' executor
[20.985s] DEBUG:colcon.colcon_parallel_executor.executor.parallel:run_until_complete
[20.997s] INFO:colcon.colcon_ros.task.ament_python.build:Building ROS package in '/home/suho/final/my_package' with build type 'ament_python'
[21.018s] Level 1:colcon.colcon_core.shell:create_environment_hook('my_package', 'ament_prefix_path')
[21.436s] INFO:colcon.colcon_core.plugin_system:Skipping extension 'colcon_core.shell.bat': Not used on non-Windows systems
[21.438s] INFO:colcon.colcon_core.shell:Creating environment hook '/home/suho/final/install/my_package/share/my_package/hook/ament_prefix_path.ps1'
[21.441s] INFO:colcon.colcon_core.shell:Creating environment descriptor '/home/suho/final/install/my_package/share/my_package/hook/ament_prefix_path.dsv'
[21.443s] INFO:colcon.colcon_core.shell:Creating environment hook '/home/suho/final/install/my_package/share/my_package/hook/ament_prefix_path.sh'
[22.194s] INFO:colcon.colcon_core.shell:Skip shell extension 'powershell' for command environment: Not usable outside of PowerShell
[22.195s] DEBUG:colcon.colcon_core.shell:Skip shell extension 'dsv' for command environment
[24.757s] INFO:colcon.colcon_core.task.python.build:Building Python package in '/home/suho/final/my_package'
[25.128s] INFO:colcon.colcon_core.shell:Skip shell extension 'powershell' for command environment: Not usable outside of PowerShell
[25.129s] DEBUG:colcon.colcon_core.shell:Skip shell extension 'dsv' for command environment
[28.445s] DEBUG:colcon.colcon_core.event_handler.log_command:Invoking command in '/home/suho/final/my_package': PYTHONPATH=/home/suho/final/build/my_package/prefix_override:/home/suho/final/install/my_package/lib/python3.8/site-packages:${PYTHONPATH} /usr/bin/python3 setup.py egg_info --egg-base ../build/my_package build --build-base /home/suho/final/build/my_package/build install --record /home/suho/final/build/my_package/install.log --install-scripts $base/lib/my_package --single-version-externally-managed
[30.099s] DEBUG:colcon.colcon_core.event_handler.log_command:Invoked command in '/home/suho/final/my_package' returned '0': PYTHONPATH=/home/suho/final/build/my_package/prefix_override:/home/suho/final/install/my_package/lib/python3.8/site-packages:${PYTHONPATH} /usr/bin/python3 setup.py egg_info --egg-base ../build/my_package build --build-base /home/suho/final/build/my_package/build install --record /home/suho/final/build/my_package/install.log --install-scripts $base/lib/my_package --single-version-externally-managed
[30.330s] Level 1:colcon.colcon_core.environment:checking '/home/suho/final/install/my_package' for CMake module files
[30.354s] Level 1:colcon.colcon_core.environment:checking '/home/suho/final/install/my_package' for CMake config files
[30.384s] Level 1:colcon.colcon_core.environment:checking '/home/suho/final/install/my_package/lib'
[30.384s] Level 1:colcon.colcon_core.environment:checking '/home/suho/final/install/my_package/bin'
[30.385s] Level 1:colcon.colcon_core.environment:checking '/home/suho/final/install/my_package/lib/pkgconfig/my_package.pc'
[30.392s] Level 1:colcon.colcon_core.environment:checking '/home/suho/final/install/my_package/lib/python3.8/site-packages'
[30.404s] Level 1:colcon.colcon_core.shell:create_environment_hook('my_package', 'pythonpath')
[30.880s] INFO:colcon.colcon_core.shell:Creating environment hook '/home/suho/final/install/my_package/share/my_package/hook/pythonpath.ps1'
[30.892s] INFO:colcon.colcon_core.shell:Creating environment descriptor '/home/suho/final/install/my_package/share/my_package/hook/pythonpath.dsv'
[30.897s] INFO:colcon.colcon_core.shell:Creating environment hook '/home/suho/final/install/my_package/share/my_package/hook/pythonpath.sh'
[30.901s] Level 1:colcon.colcon_core.environment:checking '/home/suho/final/install/my_package/bin'
[30.912s] Level 1:colcon.colcon_core.environment:create_environment_scripts_only(my_package)
[31.359s] INFO:colcon.colcon_core.shell:Creating package script '/home/suho/final/install/my_package/share/my_package/package.ps1'
[31.402s] INFO:colcon.colcon_core.shell:Creating package descriptor '/home/suho/final/install/my_package/share/my_package/package.dsv'
[31.411s] INFO:colcon.colcon_core.shell:Creating package script '/home/suho/final/install/my_package/share/my_package/package.sh'
[31.419s] INFO:colcon.colcon_core.shell:Creating package script '/home/suho/final/install/my_package/share/my_package/package.bash'
[31.441s] INFO:colcon.colcon_core.shell:Creating package script '/home/suho/final/install/my_package/share/my_package/package.zsh'
[31.473s] Level 1:colcon.colcon_core.environment:create_file_with_runtime_dependencies(/home/suho/final/install/my_package/share/colcon-core/packages/my_package)
[31.507s] DEBUG:colcon.colcon_parallel_executor.executor.parallel:closing loop
[31.568s] DEBUG:colcon.colcon_parallel_executor.executor.parallel:loop closed
[31.568s] DEBUG:colcon.colcon_parallel_executor.executor.parallel:run_until_complete finished with '0'
[31.568s] DEBUG:colcon.colcon_core.event_reactor:joining thread
[32.061s] INFO:colcon.colcon_core.plugin_system:Skipping extension 'colcon_notification.desktop_notification.terminal_notifier': Not used on non-Darwin systems
[32.092s] INFO:colcon.colcon_core.plugin_system:Skipping extension 'colcon_notification.desktop_notification.win32': Not used on non-Windows systems
[32.134s] INFO:colcon.colcon_notification.desktop_notification:Sending desktop notification using 'notify2'
[32.402s] DEBUG:colcon.colcon_core.event_reactor:joined thread
[32.743s] INFO:colcon.colcon_core.shell:Creating prefix script '/home/suho/final/install/local_setup.ps1'
[32.775s] INFO:colcon.colcon_core.shell:Creating prefix util module '/home/suho/final/install/_local_setup_util_ps1.py'
[32.780s] INFO:colcon.colcon_core.shell:Creating prefix chain script '/home/suho/final/install/setup.ps1'
[33.067s] INFO:colcon.colcon_core.shell:Creating prefix script '/home/suho/final/install/local_setup.sh'
[33.071s] INFO:colcon.colcon_core.shell:Creating prefix util module '/home/suho/final/install/_local_setup_util_sh.py'
[33.079s] INFO:colcon.colcon_core.shell:Creating prefix chain script '/home/suho/final/install/setup.sh'
[33.418s] INFO:colcon.colcon_core.shell:Creating prefix script '/home/suho/final/install/local_setup.bash'
[33.427s] INFO:colcon.colcon_core.shell:Creating prefix chain script '/home/suho/final/install/setup.bash'
[33.705s] INFO:colcon.colcon_core.shell:Creating prefix script '/home/suho/final/install/local_setup.zsh'
[33.708s] INFO:colcon.colcon_core.shell:Creating prefix chain script '/home/suho/final/install/setup.zsh'
