[3.656s] Invoking command in '/home/suho/final/my_package': PYTHONPATH=/home/suho/final/build/my_package/prefix_override:/home/suho/final/install/my_package/lib/python3.8/site-packages: /usr/bin/python3 setup.py egg_info --egg-base ../build/my_package build --build-base /home/suho/final/build/my_package/build install --record /home/suho/final/build/my_package/install.log --install-scripts $base/lib/my_package --single-version-externally-managed
[4.277s] running egg_info
[4.290s] writing ../build/my_package/my_package.egg-info/PKG-INFO
[4.333s] writing dependency_links to ../build/my_package/my_package.egg-info/dependency_links.txt
[4.361s] writing entry points to ../build/my_package/my_package.egg-info/entry_points.txt
[4.361s] writing requirements to ../build/my_package/my_package.egg-info/requires.txt
[4.382s] writing top-level names to ../build/my_package/my_package.egg-info/top_level.txt
[4.481s] reading manifest file '../build/my_package/my_package.egg-info/SOURCES.txt'
[4.492s] writing manifest file '../build/my_package/my_package.egg-info/SOURCES.txt'
[4.494s] running build
[4.494s] running build_py
[4.506s] copying my_package/motor_node.py -> /home/suho/final/build/my_package/build/lib/my_package
[4.507s] copying my_package/sensor_node.py -> /home/suho/final/build/my_package/build/lib/my_package
[4.507s] running install
[4.533s] running install_lib
[4.534s] copying /home/suho/final/build/my_package/build/lib/my_package/motor_node.py -> /home/suho/final/install/my_package/lib/python3.8/site-packages/my_package
[4.534s] copying /home/suho/final/build/my_package/build/lib/my_package/sensor_node.py -> /home/suho/final/install/my_package/lib/python3.8/site-packages/my_package
[4.534s] byte-compiling /home/suho/final/install/my_package/lib/python3.8/site-packages/my_package/motor_node.py to motor_node.cpython-38.pyc
[4.577s] byte-compiling /home/suho/final/install/my_package/lib/python3.8/site-packages/my_package/sensor_node.py to sensor_node.cpython-38.pyc
[4.577s] running install_data
[4.577s] running install_egg_info
[4.590s] removing '/home/suho/final/install/my_package/lib/python3.8/site-packages/my_package-0.0.0-py3.8.egg-info' (and everything under it)
[4.636s] Copying ../build/my_package/my_package.egg-info to /home/suho/final/install/my_package/lib/python3.8/site-packages/my_package-0.0.0-py3.8.egg-info
[4.637s] running install_scripts
[4.738s] Installing control_node script to /home/suho/final/install/my_package/lib/my_package
[4.773s] Installing flask_node script to /home/suho/final/install/my_package/lib/my_package
[4.815s] Installing monitor_node script to /home/suho/final/install/my_package/lib/my_package
[4.907s] Installing motor_node script to /home/suho/final/install/my_package/lib/my_package
[4.907s] Installing sensor_node script to /home/suho/final/install/my_package/lib/my_package
[4.907s] writing list of installed files to '/home/suho/final/build/my_package/install.log'
[5.080s] Invoked command in '/home/suho/final/my_package' returned '0': PYTHONPATH=/home/suho/final/build/my_package/prefix_override:/home/suho/final/install/my_package/lib/python3.8/site-packages: /usr/bin/python3 setup.py egg_info --egg-base ../build/my_package build --build-base /home/suho/final/build/my_package/build install --record /home/suho/final/build/my_package/install.log --install-scripts $base/lib/my_package --single-version-externally-managed
