[34.188s] DEBUG:colcon:Command line arguments: ['/usr/bin/colcon', 'build', '--packages-select', 'my_package']
[34.188s] DEBUG:colcon:Parsed command line arguments: Namespace(allow_overriding=[], ament_cmake_args=None, base_paths=['.'], build_base='build', catkin_cmake_args=None, catkin_skip_building_tests=False, cmake_args=None, cmake_clean_cache=False, cmake_clean_first=False, cmake_force_configure=False, cmake_target=None, cmake_target_skip_unavailable=False, continue_on_error=False, event_handlers=None, executor='parallel', ignore_user_meta=False, install_base='install', log_base=None, log_level=None, main=<bound method BuildVerb.main of <colcon_core.verb.build.BuildVerb object at 0x7f8104da7e20>>, merge_install=False, metas=['./colcon.meta'], packages_above=None, packages_above_and_dependencies=None, packages_above_depth=None, packages_end=None, packages_ignore=None, packages_ignore_regex=None, packages_select=['my_package'], packages_select_build_failed=False, packages_select_by_dep=None, packages_select_regex=None, packages_select_test_failures=False, packages_skip=None, packages_skip_build_finished=False, packages_skip_by_dep=None, packages_skip_regex=None, packages_skip_test_passed=False, packages_skip_up_to=None, packages_start=None, packages_up_to=None, packages_up_to_regex=None, parallel_workers=6, paths=None, symlink_install=False, test_result_base=None, verb_extension=<colcon_core.verb.build.BuildVerb object at 0x7f8104da7e20>, verb_name='build', verb_parser=<colcon_defaults.argument_parser.defaults.DefaultArgumentsDecorator object at 0x7f8104b9ec40>)
[36.275s] Level 1:colcon.colcon_core.package_discovery:discover_packages(colcon_meta) check parameters
[36.297s] Level 1:colcon.colcon_core.package_discovery:discover_packages(recursive) check parameters
[36.297s] Level 1:colcon.colcon_core.package_discovery:discover_packages(ignore) check parameters
[36.297s] Level 1:colcon.colcon_core.package_discovery:discover_packages(path) check parameters
[36.298s] Level 1:colcon.colcon_core.package_discovery:discover_packages(colcon_meta) discover
[36.298s] Level 1:colcon.colcon_core.package_discovery:discover_packages(recursive) discover
[36.298s] INFO:colcon.colcon_core.package_discovery:Crawling recursively for packages in '/home/suho/final'
[36.298s] Level 1:colcon.colcon_core.package_identification:_identify(.) by extensions ['ignore', 'ignore_ament_install']
[36.299s] Level 1:colcon.colcon_core.package_identification:_identify(.) by extension 'ignore'
[36.299s] Level 1:colcon.colcon_core.package_identification:_identify(.) by extension 'ignore_ament_install'
[36.299s] Level 1:colcon.colcon_core.package_identification:_identify(.) by extensions ['colcon_pkg']
[36.299s] Level 1:colcon.colcon_core.package_identification:_identify(.) by extension 'colcon_pkg'
[36.299s] Level 1:colcon.colcon_core.package_identification:_identify(.) by extensions ['colcon_meta']
[36.299s] Level 1:colcon.colcon_core.package_identification:_identify(.) by extension 'colcon_meta'
[36.299s] Level 1:colcon.colcon_core.package_identification:_identify(.) by extensions ['ros']
[36.299s] Level 1:colcon.colcon_core.package_identification:_identify(.) by extension 'ros'
[36.407s] Level 1:colcon.colcon_core.package_identification:_identify(.) by extensions ['cmake', 'python']
[36.418s] Level 1:colcon.colcon_core.package_identification:_identify(.) by extension 'cmake'
[36.428s] Level 1:colcon.colcon_core.package_identification:_identify(.) by extension 'python'
[36.435s] Level 1:colcon.colcon_core.package_identification:_identify(.) by extensions ['python_setup_py']
[36.436s] Level 1:colcon.colcon_core.package_identification:_identify(.) by extension 'python_setup_py'
[36.436s] Level 1:colcon.colcon_core.package_identification:_identify(build) by extensions ['ignore', 'ignore_ament_install']
[36.437s] Level 1:colcon.colcon_core.package_identification:_identify(build) by extension 'ignore'
[36.437s] Level 1:colcon.colcon_core.package_identification:_identify(build) ignored
[36.437s] Level 1:colcon.colcon_core.package_identification:_identify(install) by extensions ['ignore', 'ignore_ament_install']
[36.451s] Level 1:colcon.colcon_core.package_identification:_identify(install) by extension 'ignore'
[36.451s] Level 1:colcon.colcon_core.package_identification:_identify(install) ignored
[36.456s] Level 1:colcon.colcon_core.package_identification:_identify(log) by extensions ['ignore', 'ignore_ament_install']
[36.467s] Level 1:colcon.colcon_core.package_identification:_identify(log) by extension 'ignore'
[36.467s] Level 1:colcon.colcon_core.package_identification:_identify(log) ignored
[36.467s] Level 1:colcon.colcon_core.package_identification:_identify(my_package) by extensions ['ignore', 'ignore_ament_install']
[36.468s] Level 1:colcon.colcon_core.package_identification:_identify(my_package) by extension 'ignore'
[36.468s] Level 1:colcon.colcon_core.package_identification:_identify(my_package) by extension 'ignore_ament_install'
[36.468s] Level 1:colcon.colcon_core.package_identification:_identify(my_package) by extensions ['colcon_pkg']
[36.468s] Level 1:colcon.colcon_core.package_identification:_identify(my_package) by extension 'colcon_pkg'
[36.468s] Level 1:colcon.colcon_core.package_identification:_identify(my_package) by extensions ['colcon_meta']
[36.468s] Level 1:colcon.colcon_core.package_identification:_identify(my_package) by extension 'colcon_meta'
[36.468s] Level 1:colcon.colcon_core.package_identification:_identify(my_package) by extensions ['ros']
[36.468s] Level 1:colcon.colcon_core.package_identification:_identify(my_package) by extension 'ros'
[36.494s] DEBUG:colcon.colcon_core.package_identification:Package 'my_package' with type 'ros.ament_python' and name 'my_package'
[36.515s] Level 1:colcon.colcon_core.package_discovery:discover_packages(recursive) using defaults
[36.516s] Level 1:colcon.colcon_core.package_discovery:discover_packages(ignore) discover
[36.516s] Level 1:colcon.colcon_core.package_discovery:discover_packages(ignore) using defaults
[36.517s] Level 1:colcon.colcon_core.package_discovery:discover_packages(path) discover
[36.519s] Level 1:colcon.colcon_core.package_discovery:discover_packages(path) using defaults
[41.207s] Level 1:colcon.colcon_core.package_discovery:discover_packages(prefix_path) check parameters
[41.210s] Level 1:colcon.colcon_core.package_discovery:discover_packages(prefix_path) discover
[42.925s] DEBUG:colcon.colcon_installed_package_information.package_discovery:Found 1 installed packages in /home/suho/final/install
[43.568s] DEBUG:colcon.colcon_installed_package_information.package_discovery:Found 329 installed packages in /opt/ros/foxy
[43.574s] Level 1:colcon.colcon_core.package_discovery:discover_packages(prefix_path) using defaults
[45.655s] Level 5:colcon.colcon_core.verb:set package 'my_package' build argument 'cmake_args' from command line to 'None'
[45.656s] Level 5:colcon.colcon_core.verb:set package 'my_package' build argument 'cmake_target' from command line to 'None'
[45.656s] Level 5:colcon.colcon_core.verb:set package 'my_package' build argument 'cmake_target_skip_unavailable' from command line to 'False'
[45.682s] Level 5:colcon.colcon_core.verb:set package 'my_package' build argument 'cmake_clean_cache' from command line to 'False'
[45.682s] Level 5:colcon.colcon_core.verb:set package 'my_package' build argument 'cmake_clean_first' from command line to 'False'
[45.683s] Level 5:colcon.colcon_core.verb:set package 'my_package' build argument 'cmake_force_configure' from command line to 'False'
[45.683s] Level 5:colcon.colcon_core.verb:set package 'my_package' build argument 'ament_cmake_args' from command line to 'None'
[45.683s] Level 5:colcon.colcon_core.verb:set package 'my_package' build argument 'catkin_cmake_args' from command line to 'None'
[45.683s] Level 5:colcon.colcon_core.verb:set package 'my_package' build argument 'catkin_skip_building_tests' from command line to 'False'
[45.683s] DEBUG:colcon.colcon_core.verb:Building package 'my_package' with the following arguments: {'ament_cmake_args': None, 'build_base': '/home/suho/final/build/my_package', 'catkin_cmake_args': None, 'catkin_skip_building_tests': False, 'cmake_args': None, 'cmake_clean_cache': False, 'cmake_clean_first': False, 'cmake_force_configure': False, 'cmake_target': None, 'cmake_target_skip_unavailable': False, 'install_base': '/home/suho/final/install/my_package', 'merge_install': False, 'path': '/home/suho/final/my_package', 'symlink_install': False, 'test_result_base': None}
[46.547s] INFO:colcon.colcon_core.executor:Executing jobs using 'parallel' executor
[47.206s] DEBUG:colcon.colcon_parallel_executor.executor.parallel:run_until_complete
[47.216s] INFO:colcon.colcon_ros.task.ament_python.build:Building ROS package in '/home/suho/final/my_package' with build type 'ament_python'
[47.216s] Level 1:colcon.colcon_core.shell:create_environment_hook('my_package', 'ament_prefix_path')
[48.337s] INFO:colcon.colcon_core.plugin_system:Skipping extension 'colcon_core.shell.bat': Not used on non-Windows systems
[48.338s] INFO:colcon.colcon_core.shell:Creating environment hook '/home/suho/final/install/my_package/share/my_package/hook/ament_prefix_path.ps1'
[48.364s] INFO:colcon.colcon_core.shell:Creating environment descriptor '/home/suho/final/install/my_package/share/my_package/hook/ament_prefix_path.dsv'
[48.379s] INFO:colcon.colcon_core.shell:Creating environment hook '/home/suho/final/install/my_package/share/my_package/hook/ament_prefix_path.sh'
[49.663s] INFO:colcon.colcon_core.shell:Skip shell extension 'powershell' for command environment: Not usable outside of PowerShell
[49.665s] DEBUG:colcon.colcon_core.shell:Skip shell extension 'dsv' for command environment
[56.126s] INFO:colcon.colcon_core.task.python.build:Building Python package in '/home/suho/final/my_package'
[57.385s] INFO:colcon.colcon_core.shell:Skip shell extension 'powershell' for command environment: Not usable outside of PowerShell
[57.386s] DEBUG:colcon.colcon_core.shell:Skip shell extension 'dsv' for command environment
[64.855s] DEBUG:colcon.colcon_core.event_handler.log_command:Invoking command in '/home/suho/final/my_package': PYTHONPATH=/home/suho/final/build/my_package/prefix_override:/home/suho/final/install/my_package/lib/python3.8/site-packages:${PYTHONPATH} /usr/bin/python3 setup.py egg_info --egg-base ../build/my_package build --build-base /home/suho/final/build/my_package/build install --record /home/suho/final/build/my_package/install.log --install-scripts $base/lib/my_package --single-version-externally-managed
[67.885s] DEBUG:colcon.colcon_core.event_handler.log_command:Invoked command in '/home/suho/final/my_package' returned '0': PYTHONPATH=/home/suho/final/build/my_package/prefix_override:/home/suho/final/install/my_package/lib/python3.8/site-packages:${PYTHONPATH} /usr/bin/python3 setup.py egg_info --egg-base ../build/my_package build --build-base /home/suho/final/build/my_package/build install --record /home/suho/final/build/my_package/install.log --install-scripts $base/lib/my_package --single-version-externally-managed
[68.925s] Level 1:colcon.colcon_core.environment:checking '/home/suho/final/install/my_package' for CMake module files
[68.930s] Level 1:colcon.colcon_core.environment:checking '/home/suho/final/install/my_package' for CMake config files
[68.939s] Level 1:colcon.colcon_core.environment:checking '/home/suho/final/install/my_package/lib'
[68.940s] Level 1:colcon.colcon_core.environment:checking '/home/suho/final/install/my_package/bin'
[68.958s] Level 1:colcon.colcon_core.environment:checking '/home/suho/final/install/my_package/lib/pkgconfig/my_package.pc'
[68.959s] Level 1:colcon.colcon_core.environment:checking '/home/suho/final/install/my_package/lib/python3.8/site-packages'
[68.959s] Level 1:colcon.colcon_core.shell:create_environment_hook('my_package', 'pythonpath')
[70.017s] INFO:colcon.colcon_core.shell:Creating environment hook '/home/suho/final/install/my_package/share/my_package/hook/pythonpath.ps1'
[70.028s] INFO:colcon.colcon_core.shell:Creating environment descriptor '/home/suho/final/install/my_package/share/my_package/hook/pythonpath.dsv'
[70.037s] INFO:colcon.colcon_core.shell:Creating environment hook '/home/suho/final/install/my_package/share/my_package/hook/pythonpath.sh'
[70.047s] Level 1:colcon.colcon_core.environment:checking '/home/suho/final/install/my_package/bin'
[70.093s] Level 1:colcon.colcon_core.environment:create_environment_scripts_only(my_package)
[71.432s] INFO:colcon.colcon_core.shell:Creating package script '/home/suho/final/install/my_package/share/my_package/package.ps1'
[71.473s] INFO:colcon.colcon_core.shell:Creating package descriptor '/home/suho/final/install/my_package/share/my_package/package.dsv'
[71.481s] INFO:colcon.colcon_core.shell:Creating package script '/home/suho/final/install/my_package/share/my_package/package.sh'
[71.486s] INFO:colcon.colcon_core.shell:Creating package script '/home/suho/final/install/my_package/share/my_package/package.bash'
[71.493s] INFO:colcon.colcon_core.shell:Creating package script '/home/suho/final/install/my_package/share/my_package/package.zsh'
[71.506s] Level 1:colcon.colcon_core.environment:create_file_with_runtime_dependencies(/home/suho/final/install/my_package/share/colcon-core/packages/my_package)
[71.532s] DEBUG:colcon.colcon_parallel_executor.executor.parallel:closing loop
[71.545s] DEBUG:colcon.colcon_parallel_executor.executor.parallel:loop closed
[71.555s] DEBUG:colcon.colcon_parallel_executor.executor.parallel:run_until_complete finished with '0'
[71.555s] DEBUG:colcon.colcon_core.event_reactor:joining thread
[72.433s] INFO:colcon.colcon_core.plugin_system:Skipping extension 'colcon_notification.desktop_notification.terminal_notifier': Not used on non-Darwin systems
[72.444s] INFO:colcon.colcon_core.plugin_system:Skipping extension 'colcon_notification.desktop_notification.win32': Not used on non-Windows systems
[72.444s] INFO:colcon.colcon_notification.desktop_notification:Sending desktop notification using 'notify2'
[72.775s] DEBUG:colcon.colcon_core.event_reactor:joined thread
[73.447s] INFO:colcon.colcon_core.shell:Creating prefix script '/home/suho/final/install/local_setup.ps1'
[73.469s] INFO:colcon.colcon_core.shell:Creating prefix util module '/home/suho/final/install/_local_setup_util_ps1.py'
[73.486s] INFO:colcon.colcon_core.shell:Creating prefix chain script '/home/suho/final/install/setup.ps1'
[74.120s] INFO:colcon.colcon_core.shell:Creating prefix script '/home/suho/final/install/local_setup.sh'
[74.124s] INFO:colcon.colcon_core.shell:Creating prefix util module '/home/suho/final/install/_local_setup_util_sh.py'
[74.179s] INFO:colcon.colcon_core.shell:Creating prefix chain script '/home/suho/final/install/setup.sh'
[74.961s] INFO:colcon.colcon_core.shell:Creating prefix script '/home/suho/final/install/local_setup.bash'
[74.964s] INFO:colcon.colcon_core.shell:Creating prefix chain script '/home/suho/final/install/setup.bash'
[75.785s] INFO:colcon.colcon_core.shell:Creating prefix script '/home/suho/final/install/local_setup.zsh'
[75.804s] INFO:colcon.colcon_core.shell:Creating prefix chain script '/home/suho/final/install/setup.zsh'
