[7.861s] Invoking command in '/home/suho/final/my_package': PYTHONPATH=/home/suho/final/build/my_package/prefix_override:/home/suho/final/install/my_package/lib/python3.8/site-packages: /usr/bin/python3 setup.py egg_info --egg-base ../build/my_package build --build-base /home/suho/final/build/my_package/build install --record /home/suho/final/build/my_package/install.log --install-scripts $base/lib/my_package --single-version-externally-managed
[8.480s] running egg_info
[8.493s] writing ../build/my_package/my_package.egg-info/PKG-INFO
[8.495s] writing dependency_links to ../build/my_package/my_package.egg-info/dependency_links.txt
[8.496s] writing entry points to ../build/my_package/my_package.egg-info/entry_points.txt
[8.497s] writing requirements to ../build/my_package/my_package.egg-info/requires.txt
[8.497s] writing top-level names to ../build/my_package/my_package.egg-info/top_level.txt
[8.652s] reading manifest file '../build/my_package/my_package.egg-info/SOURCES.txt'
[8.685s] writing manifest file '../build/my_package/my_package.egg-info/SOURCES.txt'
[8.688s] running build
[8.688s] running build_py
[8.689s] copying my_package/flask_node.py -> /home/suho/final/build/my_package/build/lib/my_package
[8.690s] copying my_package/motor_node.py -> /home/suho/final/build/my_package/build/lib/my_package
[8.711s] copying my_package/sensor_node.py -> /home/suho/final/build/my_package/build/lib/my_package
[8.711s] copying my_package/monitor_node.py -> /home/suho/final/build/my_package/build/lib/my_package
[8.711s] copying my_package/control_node.py -> /home/suho/final/build/my_package/build/lib/my_package
[8.747s] running install
[8.748s] running install_lib
[8.748s] copying /home/suho/final/build/my_package/build/lib/my_package/flask_node.py -> /home/suho/final/install/my_package/lib/python3.8/site-packages/my_package
[8.748s] copying /home/suho/final/build/my_package/build/lib/my_package/motor_node.py -> /home/suho/final/install/my_package/lib/python3.8/site-packages/my_package
[8.748s] copying /home/suho/final/build/my_package/build/lib/my_package/sensor_node.py -> /home/suho/final/install/my_package/lib/python3.8/site-packages/my_package
[8.748s] copying /home/suho/final/build/my_package/build/lib/my_package/monitor_node.py -> /home/suho/final/install/my_package/lib/python3.8/site-packages/my_package
[8.748s] copying /home/suho/final/build/my_package/build/lib/my_package/control_node.py -> /home/suho/final/install/my_package/lib/python3.8/site-packages/my_package
[8.749s] byte-compiling /home/suho/final/install/my_package/lib/python3.8/site-packages/my_package/flask_node.py to flask_node.cpython-38.pyc
[8.749s] byte-compiling /home/suho/final/install/my_package/lib/python3.8/site-packages/my_package/motor_node.py to motor_node.cpython-38.pyc
[8.785s] byte-compiling /home/suho/final/install/my_package/lib/python3.8/site-packages/my_package/sensor_node.py to sensor_node.cpython-38.pyc
[8.785s] byte-compiling /home/suho/final/install/my_package/lib/python3.8/site-packages/my_package/monitor_node.py to monitor_node.cpython-38.pyc
[8.892s] byte-compiling /home/suho/final/install/my_package/lib/python3.8/site-packages/my_package/control_node.py to control_node.cpython-38.pyc
[8.892s] running install_data
[8.892s] copying launch/my_launch_file.launch.py -> /home/suho/final/install/my_package/share/my_package
[8.892s] running install_egg_info
[8.997s] removing '/home/suho/final/install/my_package/lib/python3.8/site-packages/my_package-0.0.0-py3.8.egg-info' (and everything under it)
[8.998s] Copying ../build/my_package/my_package.egg-info to /home/suho/final/install/my_package/lib/python3.8/site-packages/my_package-0.0.0-py3.8.egg-info
[9.123s] running install_scripts
[9.171s] Installing control_node script to /home/suho/final/install/my_package/lib/my_package
[9.172s] Installing flask_node script to /home/suho/final/install/my_package/lib/my_package
[9.179s] Installing monitor_node script to /home/suho/final/install/my_package/lib/my_package
[9.181s] Installing motor_node script to /home/suho/final/install/my_package/lib/my_package
[9.264s] Installing sensor_node script to /home/suho/final/install/my_package/lib/my_package
[9.265s] writing list of installed files to '/home/suho/final/build/my_package/install.log'
[9.342s] Invoked command in '/home/suho/final/my_package' returned '0': PYTHONPATH=/home/suho/final/build/my_package/prefix_override:/home/suho/final/install/my_package/lib/python3.8/site-packages: /usr/bin/python3 setup.py egg_info --egg-base ../build/my_package build --build-base /home/suho/final/build/my_package/build install --record /home/suho/final/build/my_package/install.log --install-scripts $base/lib/my_package --single-version-externally-managed
