[16.056s] DEBUG:colcon:Command line arguments: ['/usr/bin/colcon', 'build', '--packages-select', 'my_package']
[16.057s] DEBUG:colcon:Parsed command line arguments: Namespace(allow_overriding=[], ament_cmake_args=None, base_paths=['.'], build_base='build', catkin_cmake_args=None, catkin_skip_building_tests=False, cmake_args=None, cmake_clean_cache=False, cmake_clean_first=False, cmake_force_configure=False, cmake_target=None, cmake_target_skip_unavailable=False, continue_on_error=False, event_handlers=None, executor='parallel', ignore_user_meta=False, install_base='install', log_base=None, log_level=None, main=<bound method BuildVerb.main of <colcon_core.verb.build.BuildVerb object at 0x7f7185f0ee20>>, merge_install=False, metas=['./colcon.meta'], packages_above=None, packages_above_and_dependencies=None, packages_above_depth=None, packages_end=None, packages_ignore=None, packages_ignore_regex=None, packages_select=['my_package'], packages_select_build_failed=False, packages_select_by_dep=None, packages_select_regex=None, packages_select_test_failures=False, packages_skip=None, packages_skip_build_finished=False, packages_skip_by_dep=None, packages_skip_regex=None, packages_skip_test_passed=False, packages_skip_up_to=None, packages_start=None, packages_up_to=None, packages_up_to_regex=None, parallel_workers=6, paths=None, symlink_install=False, test_result_base=None, verb_extension=<colcon_core.verb.build.BuildVerb object at 0x7f7185f0ee20>, verb_name='build', verb_parser=<colcon_defaults.argument_parser.defaults.DefaultArgumentsDecorator object at 0x7f7185c0e4f0>)
[16.750s] Level 1:colcon.colcon_core.package_discovery:discover_packages(colcon_meta) check parameters
[16.758s] Level 1:colcon.colcon_core.package_discovery:discover_packages(recursive) check parameters
[16.758s] Level 1:colcon.colcon_core.package_discovery:discover_packages(ignore) check parameters
[16.758s] Level 1:colcon.colcon_core.package_discovery:discover_packages(path) check parameters
[16.758s] Level 1:colcon.colcon_core.package_discovery:discover_packages(colcon_meta) discover
[16.758s] Level 1:colcon.colcon_core.package_discovery:discover_packages(recursive) discover
[16.759s] INFO:colcon.colcon_core.package_discovery:Crawling recursively for packages in '/home/suho/final'
[16.759s] Level 1:colcon.colcon_core.package_identification:_identify(.) by extensions ['ignore', 'ignore_ament_install']
[16.759s] Level 1:colcon.colcon_core.package_identification:_identify(.) by extension 'ignore'
[16.759s] Level 1:colcon.colcon_core.package_identification:_identify(.) by extension 'ignore_ament_install'
[16.759s] Level 1:colcon.colcon_core.package_identification:_identify(.) by extensions ['colcon_pkg']
[16.760s] Level 1:colcon.colcon_core.package_identification:_identify(.) by extension 'colcon_pkg'
[16.760s] Level 1:colcon.colcon_core.package_identification:_identify(.) by extensions ['colcon_meta']
[16.760s] Level 1:colcon.colcon_core.package_identification:_identify(.) by extension 'colcon_meta'
[16.764s] Level 1:colcon.colcon_core.package_identification:_identify(.) by extensions ['ros']
[16.765s] Level 1:colcon.colcon_core.package_identification:_identify(.) by extension 'ros'
[16.809s] Level 1:colcon.colcon_core.package_identification:_identify(.) by extensions ['cmake', 'python']
[16.810s] Level 1:colcon.colcon_core.package_identification:_identify(.) by extension 'cmake'
[16.810s] Level 1:colcon.colcon_core.package_identification:_identify(.) by extension 'python'
[16.825s] Level 1:colcon.colcon_core.package_identification:_identify(.) by extensions ['python_setup_py']
[16.826s] Level 1:colcon.colcon_core.package_identification:_identify(.) by extension 'python_setup_py'
[16.826s] Level 1:colcon.colcon_core.package_identification:_identify(build) by extensions ['ignore', 'ignore_ament_install']
[16.826s] Level 1:colcon.colcon_core.package_identification:_identify(build) by extension 'ignore'
[16.826s] Level 1:colcon.colcon_core.package_identification:_identify(build) ignored
[16.827s] Level 1:colcon.colcon_core.package_identification:_identify(install) by extensions ['ignore', 'ignore_ament_install']
[16.832s] Level 1:colcon.colcon_core.package_identification:_identify(install) by extension 'ignore'
[16.833s] Level 1:colcon.colcon_core.package_identification:_identify(install) ignored
[16.833s] Level 1:colcon.colcon_core.package_identification:_identify(log) by extensions ['ignore', 'ignore_ament_install']
[16.834s] Level 1:colcon.colcon_core.package_identification:_identify(log) by extension 'ignore'
[16.834s] Level 1:colcon.colcon_core.package_identification:_identify(log) ignored
[16.834s] Level 1:colcon.colcon_core.package_identification:_identify(my_package) by extensions ['ignore', 'ignore_ament_install']
[16.835s] Level 1:colcon.colcon_core.package_identification:_identify(my_package) by extension 'ignore'
[16.835s] Level 1:colcon.colcon_core.package_identification:_identify(my_package) by extension 'ignore_ament_install'
[16.835s] Level 1:colcon.colcon_core.package_identification:_identify(my_package) by extensions ['colcon_pkg']
[16.850s] Level 1:colcon.colcon_core.package_identification:_identify(my_package) by extension 'colcon_pkg'
[16.851s] Level 1:colcon.colcon_core.package_identification:_identify(my_package) by extensions ['colcon_meta']
[16.851s] Level 1:colcon.colcon_core.package_identification:_identify(my_package) by extension 'colcon_meta'
[16.851s] Level 1:colcon.colcon_core.package_identification:_identify(my_package) by extensions ['ros']
[16.851s] Level 1:colcon.colcon_core.package_identification:_identify(my_package) by extension 'ros'
[16.871s] DEBUG:colcon.colcon_core.package_identification:Package 'my_package' with type 'ros.ament_python' and name 'my_package'
[16.871s] Level 1:colcon.colcon_core.package_discovery:discover_packages(recursive) using defaults
[16.872s] Level 1:colcon.colcon_core.package_discovery:discover_packages(ignore) discover
[16.872s] Level 1:colcon.colcon_core.package_discovery:discover_packages(ignore) using defaults
[16.872s] Level 1:colcon.colcon_core.package_discovery:discover_packages(path) discover
[16.872s] Level 1:colcon.colcon_core.package_discovery:discover_packages(path) using defaults
[18.379s] Level 1:colcon.colcon_core.package_discovery:discover_packages(prefix_path) check parameters
[18.379s] Level 1:colcon.colcon_core.package_discovery:discover_packages(prefix_path) discover
[19.009s] DEBUG:colcon.colcon_installed_package_information.package_discovery:Found 1 installed packages in /home/suho/final/install
[19.281s] DEBUG:colcon.colcon_installed_package_information.package_discovery:Found 329 installed packages in /opt/ros/foxy
[19.287s] Level 1:colcon.colcon_core.package_discovery:discover_packages(prefix_path) using defaults
[20.124s] Level 5:colcon.colcon_core.verb:set package 'my_package' build argument 'cmake_args' from command line to 'None'
[20.124s] Level 5:colcon.colcon_core.verb:set package 'my_package' build argument 'cmake_target' from command line to 'None'
[20.124s] Level 5:colcon.colcon_core.verb:set package 'my_package' build argument 'cmake_target_skip_unavailable' from command line to 'False'
[20.124s] Level 5:colcon.colcon_core.verb:set package 'my_package' build argument 'cmake_clean_cache' from command line to 'False'
[20.124s] Level 5:colcon.colcon_core.verb:set package 'my_package' build argument 'cmake_clean_first' from command line to 'False'
[20.124s] Level 5:colcon.colcon_core.verb:set package 'my_package' build argument 'cmake_force_configure' from command line to 'False'
[20.124s] Level 5:colcon.colcon_core.verb:set package 'my_package' build argument 'ament_cmake_args' from command line to 'None'
[20.125s] Level 5:colcon.colcon_core.verb:set package 'my_package' build argument 'catkin_cmake_args' from command line to 'None'
[20.125s] Level 5:colcon.colcon_core.verb:set package 'my_package' build argument 'catkin_skip_building_tests' from command line to 'False'
[20.125s] DEBUG:colcon.colcon_core.verb:Building package 'my_package' with the following arguments: {'ament_cmake_args': None, 'build_base': '/home/suho/final/build/my_package', 'catkin_cmake_args': None, 'catkin_skip_building_tests': False, 'cmake_args': None, 'cmake_clean_cache': False, 'cmake_clean_first': False, 'cmake_force_configure': False, 'cmake_target': None, 'cmake_target_skip_unavailable': False, 'install_base': '/home/suho/final/install/my_package', 'merge_install': False, 'path': '/home/suho/final/my_package', 'symlink_install': False, 'test_result_base': None}
[20.425s] INFO:colcon.colcon_core.executor:Executing jobs using 'parallel' executor
[20.727s] DEBUG:colcon.colcon_parallel_executor.executor.parallel:run_until_complete
[20.733s] INFO:colcon.colcon_ros.task.ament_python.build:Building ROS package in '/home/suho/final/my_package' with build type 'ament_python'
[20.736s] Level 1:colcon.colcon_core.shell:create_environment_hook('my_package', 'ament_prefix_path')
[21.252s] INFO:colcon.colcon_core.plugin_system:Skipping extension 'colcon_core.shell.bat': Not used on non-Windows systems
[21.255s] INFO:colcon.colcon_core.shell:Creating environment hook '/home/suho/final/install/my_package/share/my_package/hook/ament_prefix_path.ps1'
[21.265s] INFO:colcon.colcon_core.shell:Creating environment descriptor '/home/suho/final/install/my_package/share/my_package/hook/ament_prefix_path.dsv'
[21.278s] INFO:colcon.colcon_core.shell:Creating environment hook '/home/suho/final/install/my_package/share/my_package/hook/ament_prefix_path.sh'
[21.653s] INFO:colcon.colcon_core.shell:Skip shell extension 'powershell' for command environment: Not usable outside of PowerShell
[21.653s] DEBUG:colcon.colcon_core.shell:Skip shell extension 'dsv' for command environment
[23.672s] INFO:colcon.colcon_core.task.python.build:Building Python package in '/home/suho/final/my_package'
[23.989s] INFO:colcon.colcon_core.shell:Skip shell extension 'powershell' for command environment: Not usable outside of PowerShell
[23.990s] DEBUG:colcon.colcon_core.shell:Skip shell extension 'dsv' for command environment
[26.612s] DEBUG:colcon.colcon_core.event_handler.log_command:Invoking command in '/home/suho/final/my_package': PYTHONPATH=/home/suho/final/build/my_package/prefix_override:/home/suho/final/install/my_package/lib/python3.8/site-packages:${PYTHONPATH} /usr/bin/python3 setup.py egg_info --egg-base ../build/my_package build --build-base /home/suho/final/build/my_package/build install --record /home/suho/final/build/my_package/install.log --install-scripts $base/lib/my_package --single-version-externally-managed
[28.492s] DEBUG:colcon.colcon_core.event_handler.log_command:Invoked command in '/home/suho/final/my_package' returned '0': PYTHONPATH=/home/suho/final/build/my_package/prefix_override:/home/suho/final/install/my_package/lib/python3.8/site-packages:${PYTHONPATH} /usr/bin/python3 setup.py egg_info --egg-base ../build/my_package build --build-base /home/suho/final/build/my_package/build install --record /home/suho/final/build/my_package/install.log --install-scripts $base/lib/my_package --single-version-externally-managed
[29.403s] Level 1:colcon.colcon_core.environment:checking '/home/suho/final/install/my_package' for CMake module files
[29.414s] Level 1:colcon.colcon_core.environment:checking '/home/suho/final/install/my_package' for CMake config files
[29.420s] Level 1:colcon.colcon_core.environment:checking '/home/suho/final/install/my_package/lib'
[29.458s] Level 1:colcon.colcon_core.environment:checking '/home/suho/final/install/my_package/bin'
[29.458s] Level 1:colcon.colcon_core.environment:checking '/home/suho/final/install/my_package/lib/pkgconfig/my_package.pc'
[29.469s] Level 1:colcon.colcon_core.environment:checking '/home/suho/final/install/my_package/lib/python3.8/site-packages'
[29.469s] Level 1:colcon.colcon_core.shell:create_environment_hook('my_package', 'pythonpath')
[30.218s] INFO:colcon.colcon_core.shell:Creating environment hook '/home/suho/final/install/my_package/share/my_package/hook/pythonpath.ps1'
[30.221s] INFO:colcon.colcon_core.shell:Creating environment descriptor '/home/suho/final/install/my_package/share/my_package/hook/pythonpath.dsv'
[30.229s] INFO:colcon.colcon_core.shell:Creating environment hook '/home/suho/final/install/my_package/share/my_package/hook/pythonpath.sh'
[30.247s] Level 1:colcon.colcon_core.environment:checking '/home/suho/final/install/my_package/bin'
[30.247s] Level 1:colcon.colcon_core.environment:create_environment_scripts_only(my_package)
[30.691s] INFO:colcon.colcon_core.shell:Creating package script '/home/suho/final/install/my_package/share/my_package/package.ps1'
[30.729s] INFO:colcon.colcon_core.shell:Creating package descriptor '/home/suho/final/install/my_package/share/my_package/package.dsv'
[30.733s] INFO:colcon.colcon_core.shell:Creating package script '/home/suho/final/install/my_package/share/my_package/package.sh'
[30.787s] INFO:colcon.colcon_core.shell:Creating package script '/home/suho/final/install/my_package/share/my_package/package.bash'
[30.791s] INFO:colcon.colcon_core.shell:Creating package script '/home/suho/final/install/my_package/share/my_package/package.zsh'
[30.795s] Level 1:colcon.colcon_core.environment:create_file_with_runtime_dependencies(/home/suho/final/install/my_package/share/colcon-core/packages/my_package)
[30.796s] DEBUG:colcon.colcon_parallel_executor.executor.parallel:closing loop
[30.812s] DEBUG:colcon.colcon_parallel_executor.executor.parallel:loop closed
[30.812s] DEBUG:colcon.colcon_parallel_executor.executor.parallel:run_until_complete finished with '0'
[30.812s] DEBUG:colcon.colcon_core.event_reactor:joining thread
[31.270s] INFO:colcon.colcon_core.plugin_system:Skipping extension 'colcon_notification.desktop_notification.terminal_notifier': Not used on non-Darwin systems
[31.271s] INFO:colcon.colcon_core.plugin_system:Skipping extension 'colcon_notification.desktop_notification.win32': Not used on non-Windows systems
[31.271s] INFO:colcon.colcon_notification.desktop_notification:Sending desktop notification using 'notify2'
[31.335s] DEBUG:colcon.colcon_core.event_reactor:joined thread
[31.656s] INFO:colcon.colcon_core.shell:Creating prefix script '/home/suho/final/install/local_setup.ps1'
[31.660s] INFO:colcon.colcon_core.shell:Creating prefix util module '/home/suho/final/install/_local_setup_util_ps1.py'
[31.666s] INFO:colcon.colcon_core.shell:Creating prefix chain script '/home/suho/final/install/setup.ps1'
[32.053s] INFO:colcon.colcon_core.shell:Creating prefix script '/home/suho/final/install/local_setup.sh'
[32.077s] INFO:colcon.colcon_core.shell:Creating prefix util module '/home/suho/final/install/_local_setup_util_sh.py'
[32.109s] INFO:colcon.colcon_core.shell:Creating prefix chain script '/home/suho/final/install/setup.sh'
[32.392s] INFO:colcon.colcon_core.shell:Creating prefix script '/home/suho/final/install/local_setup.bash'
[32.406s] INFO:colcon.colcon_core.shell:Creating prefix chain script '/home/suho/final/install/setup.bash'
[32.719s] INFO:colcon.colcon_core.shell:Creating prefix script '/home/suho/final/install/local_setup.zsh'
[32.725s] INFO:colcon.colcon_core.shell:Creating prefix chain script '/home/suho/final/install/setup.zsh'
