[22.728s] DEBUG:colcon:Command line arguments: ['/usr/bin/colcon', 'build', '--packages-select', 'my_package']
[22.728s] DEBUG:colcon:Parsed command line arguments: Namespace(allow_overriding=[], ament_cmake_args=None, base_paths=['.'], build_base='build', catkin_cmake_args=None, catkin_skip_building_tests=False, cmake_args=None, cmake_clean_cache=False, cmake_clean_first=False, cmake_force_configure=False, cmake_target=None, cmake_target_skip_unavailable=False, continue_on_error=False, event_handlers=None, executor='parallel', ignore_user_meta=False, install_base='install', log_base=None, log_level=None, main=<bound method BuildVerb.main of <colcon_core.verb.build.BuildVerb object at 0x7fec7c860e20>>, merge_install=False, metas=['./colcon.meta'], packages_above=None, packages_above_and_dependencies=None, packages_above_depth=None, packages_end=None, packages_ignore=None, packages_ignore_regex=None, packages_select=['my_package'], packages_select_build_failed=False, packages_select_by_dep=None, packages_select_regex=None, packages_select_test_failures=False, packages_skip=None, packages_skip_build_finished=False, packages_skip_by_dep=None, packages_skip_regex=None, packages_skip_test_passed=False, packages_skip_up_to=None, packages_start=None, packages_up_to=None, packages_up_to_regex=None, parallel_workers=6, paths=None, symlink_install=False, test_result_base=None, verb_extension=<colcon_core.verb.build.BuildVerb object at 0x7fec7c860e20>, verb_name='build', verb_parser=<colcon_defaults.argument_parser.defaults.DefaultArgumentsDecorator object at 0x7fec7c660fa0>)
[23.855s] Level 1:colcon.colcon_core.package_discovery:discover_packages(colcon_meta) check parameters
[23.855s] Level 1:colcon.colcon_core.package_discovery:discover_packages(recursive) check parameters
[23.859s] Level 1:colcon.colcon_core.package_discovery:discover_packages(ignore) check parameters
[23.860s] Level 1:colcon.colcon_core.package_discovery:discover_packages(path) check parameters
[23.860s] Level 1:colcon.colcon_core.package_discovery:discover_packages(colcon_meta) discover
[23.860s] Level 1:colcon.colcon_core.package_discovery:discover_packages(recursive) discover
[23.860s] INFO:colcon.colcon_core.package_discovery:Crawling recursively for packages in '/home/suho/final'
[23.860s] Level 1:colcon.colcon_core.package_identification:_identify(.) by extensions ['ignore', 'ignore_ament_install']
[23.860s] Level 1:colcon.colcon_core.package_identification:_identify(.) by extension 'ignore'
[23.860s] Level 1:colcon.colcon_core.package_identification:_identify(.) by extension 'ignore_ament_install'
[23.860s] Level 1:colcon.colcon_core.package_identification:_identify(.) by extensions ['colcon_pkg']
[23.860s] Level 1:colcon.colcon_core.package_identification:_identify(.) by extension 'colcon_pkg'
[23.861s] Level 1:colcon.colcon_core.package_identification:_identify(.) by extensions ['colcon_meta']
[23.861s] Level 1:colcon.colcon_core.package_identification:_identify(.) by extension 'colcon_meta'
[23.861s] Level 1:colcon.colcon_core.package_identification:_identify(.) by extensions ['ros']
[23.861s] Level 1:colcon.colcon_core.package_identification:_identify(.) by extension 'ros'
[23.900s] Level 1:colcon.colcon_core.package_identification:_identify(.) by extensions ['cmake', 'python']
[23.918s] Level 1:colcon.colcon_core.package_identification:_identify(.) by extension 'cmake'
[23.918s] Level 1:colcon.colcon_core.package_identification:_identify(.) by extension 'python'
[23.918s] Level 1:colcon.colcon_core.package_identification:_identify(.) by extensions ['python_setup_py']
[23.918s] Level 1:colcon.colcon_core.package_identification:_identify(.) by extension 'python_setup_py'
[23.919s] Level 1:colcon.colcon_core.package_identification:_identify(build) by extensions ['ignore', 'ignore_ament_install']
[23.919s] Level 1:colcon.colcon_core.package_identification:_identify(build) by extension 'ignore'
[23.919s] Level 1:colcon.colcon_core.package_identification:_identify(build) ignored
[23.919s] Level 1:colcon.colcon_core.package_identification:_identify(install) by extensions ['ignore', 'ignore_ament_install']
[23.919s] Level 1:colcon.colcon_core.package_identification:_identify(install) by extension 'ignore'
[23.919s] Level 1:colcon.colcon_core.package_identification:_identify(install) ignored
[23.920s] Level 1:colcon.colcon_core.package_identification:_identify(log) by extensions ['ignore', 'ignore_ament_install']
[23.920s] Level 1:colcon.colcon_core.package_identification:_identify(log) by extension 'ignore'
[23.920s] Level 1:colcon.colcon_core.package_identification:_identify(log) ignored
[23.920s] Level 1:colcon.colcon_core.package_identification:_identify(my_package) by extensions ['ignore', 'ignore_ament_install']
[23.920s] Level 1:colcon.colcon_core.package_identification:_identify(my_package) by extension 'ignore'
[23.920s] Level 1:colcon.colcon_core.package_identification:_identify(my_package) by extension 'ignore_ament_install'
[23.920s] Level 1:colcon.colcon_core.package_identification:_identify(my_package) by extensions ['colcon_pkg']
[23.920s] Level 1:colcon.colcon_core.package_identification:_identify(my_package) by extension 'colcon_pkg'
[23.921s] Level 1:colcon.colcon_core.package_identification:_identify(my_package) by extensions ['colcon_meta']
[23.921s] Level 1:colcon.colcon_core.package_identification:_identify(my_package) by extension 'colcon_meta'
[23.921s] Level 1:colcon.colcon_core.package_identification:_identify(my_package) by extensions ['ros']
[23.921s] Level 1:colcon.colcon_core.package_identification:_identify(my_package) by extension 'ros'
[23.933s] DEBUG:colcon.colcon_core.package_identification:Package 'my_package' with type 'ros.ament_python' and name 'my_package'
[23.933s] Level 1:colcon.colcon_core.package_discovery:discover_packages(recursive) using defaults
[23.933s] Level 1:colcon.colcon_core.package_discovery:discover_packages(ignore) discover
[23.933s] Level 1:colcon.colcon_core.package_discovery:discover_packages(ignore) using defaults
[23.933s] Level 1:colcon.colcon_core.package_discovery:discover_packages(path) discover
[23.933s] Level 1:colcon.colcon_core.package_discovery:discover_packages(path) using defaults
[26.049s] Level 1:colcon.colcon_core.package_discovery:discover_packages(prefix_path) check parameters
[26.066s] Level 1:colcon.colcon_core.package_discovery:discover_packages(prefix_path) discover
[26.950s] DEBUG:colcon.colcon_installed_package_information.package_discovery:Found 1 installed packages in /home/suho/final/install
[27.363s] DEBUG:colcon.colcon_installed_package_information.package_discovery:Found 329 installed packages in /opt/ros/foxy
[27.399s] Level 1:colcon.colcon_core.package_discovery:discover_packages(prefix_path) using defaults
[28.679s] Level 5:colcon.colcon_core.verb:set package 'my_package' build argument 'cmake_args' from command line to 'None'
[28.679s] Level 5:colcon.colcon_core.verb:set package 'my_package' build argument 'cmake_target' from command line to 'None'
[28.679s] Level 5:colcon.colcon_core.verb:set package 'my_package' build argument 'cmake_target_skip_unavailable' from command line to 'False'
[28.679s] Level 5:colcon.colcon_core.verb:set package 'my_package' build argument 'cmake_clean_cache' from command line to 'False'
[28.679s] Level 5:colcon.colcon_core.verb:set package 'my_package' build argument 'cmake_clean_first' from command line to 'False'
[28.679s] Level 5:colcon.colcon_core.verb:set package 'my_package' build argument 'cmake_force_configure' from command line to 'False'
[28.679s] Level 5:colcon.colcon_core.verb:set package 'my_package' build argument 'ament_cmake_args' from command line to 'None'
[28.679s] Level 5:colcon.colcon_core.verb:set package 'my_package' build argument 'catkin_cmake_args' from command line to 'None'
[28.679s] Level 5:colcon.colcon_core.verb:set package 'my_package' build argument 'catkin_skip_building_tests' from command line to 'False'
[28.683s] DEBUG:colcon.colcon_core.verb:Building package 'my_package' with the following arguments: {'ament_cmake_args': None, 'build_base': '/home/suho/final/build/my_package', 'catkin_cmake_args': None, 'catkin_skip_building_tests': False, 'cmake_args': None, 'cmake_clean_cache': False, 'cmake_clean_first': False, 'cmake_force_configure': False, 'cmake_target': None, 'cmake_target_skip_unavailable': False, 'install_base': '/home/suho/final/install/my_package', 'merge_install': False, 'path': '/home/suho/final/my_package', 'symlink_install': False, 'test_result_base': None}
[29.182s] INFO:colcon.colcon_core.executor:Executing jobs using 'parallel' executor
[29.716s] DEBUG:colcon.colcon_parallel_executor.executor.parallel:run_until_complete
[29.724s] INFO:colcon.colcon_ros.task.ament_python.build:Building ROS package in '/home/suho/final/my_package' with build type 'ament_python'
[29.725s] Level 1:colcon.colcon_core.shell:create_environment_hook('my_package', 'ament_prefix_path')
[30.508s] INFO:colcon.colcon_core.plugin_system:Skipping extension 'colcon_core.shell.bat': Not used on non-Windows systems
[30.523s] INFO:colcon.colcon_core.shell:Creating environment hook '/home/suho/final/install/my_package/share/my_package/hook/ament_prefix_path.ps1'
[30.526s] INFO:colcon.colcon_core.shell:Creating environment descriptor '/home/suho/final/install/my_package/share/my_package/hook/ament_prefix_path.dsv'
[30.548s] INFO:colcon.colcon_core.shell:Creating environment hook '/home/suho/final/install/my_package/share/my_package/hook/ament_prefix_path.sh'
[31.298s] INFO:colcon.colcon_core.shell:Skip shell extension 'powershell' for command environment: Not usable outside of PowerShell
[31.313s] DEBUG:colcon.colcon_core.shell:Skip shell extension 'dsv' for command environment
[35.046s] INFO:colcon.colcon_core.task.python.build:Building Python package in '/home/suho/final/my_package'
[35.808s] INFO:colcon.colcon_core.shell:Skip shell extension 'powershell' for command environment: Not usable outside of PowerShell
[35.808s] DEBUG:colcon.colcon_core.shell:Skip shell extension 'dsv' for command environment
[41.188s] DEBUG:colcon.colcon_core.event_handler.log_command:Invoking command in '/home/suho/final/my_package': PYTHONPATH=/home/suho/final/build/my_package/prefix_override:/home/suho/final/install/my_package/lib/python3.8/site-packages:${PYTHONPATH} /usr/bin/python3 setup.py egg_info --egg-base ../build/my_package build --build-base /home/suho/final/build/my_package/build install --record /home/suho/final/build/my_package/install.log --install-scripts $base/lib/my_package --single-version-externally-managed
[43.291s] DEBUG:colcon.colcon_core.event_handler.log_command:Invoked command in '/home/suho/final/my_package' returned '0': PYTHONPATH=/home/suho/final/build/my_package/prefix_override:/home/suho/final/install/my_package/lib/python3.8/site-packages:${PYTHONPATH} /usr/bin/python3 setup.py egg_info --egg-base ../build/my_package build --build-base /home/suho/final/build/my_package/build install --record /home/suho/final/build/my_package/install.log --install-scripts $base/lib/my_package --single-version-externally-managed
[43.859s] Level 1:colcon.colcon_core.environment:checking '/home/suho/final/install/my_package' for CMake module files
[43.881s] Level 1:colcon.colcon_core.environment:checking '/home/suho/final/install/my_package' for CMake config files
[43.887s] Level 1:colcon.colcon_core.environment:checking '/home/suho/final/install/my_package/lib'
[43.888s] Level 1:colcon.colcon_core.environment:checking '/home/suho/final/install/my_package/bin'
[43.888s] Level 1:colcon.colcon_core.environment:checking '/home/suho/final/install/my_package/lib/pkgconfig/my_package.pc'
[43.888s] Level 1:colcon.colcon_core.environment:checking '/home/suho/final/install/my_package/lib/python3.8/site-packages'
[43.926s] Level 1:colcon.colcon_core.shell:create_environment_hook('my_package', 'pythonpath')
[44.665s] INFO:colcon.colcon_core.shell:Creating environment hook '/home/suho/final/install/my_package/share/my_package/hook/pythonpath.ps1'
[44.689s] INFO:colcon.colcon_core.shell:Creating environment descriptor '/home/suho/final/install/my_package/share/my_package/hook/pythonpath.dsv'
[44.719s] INFO:colcon.colcon_core.shell:Creating environment hook '/home/suho/final/install/my_package/share/my_package/hook/pythonpath.sh'
[44.765s] Level 1:colcon.colcon_core.environment:checking '/home/suho/final/install/my_package/bin'
[44.780s] Level 1:colcon.colcon_core.environment:create_environment_scripts_only(my_package)
[45.688s] INFO:colcon.colcon_core.shell:Creating package script '/home/suho/final/install/my_package/share/my_package/package.ps1'
[45.708s] INFO:colcon.colcon_core.shell:Creating package descriptor '/home/suho/final/install/my_package/share/my_package/package.dsv'
[45.721s] INFO:colcon.colcon_core.shell:Creating package script '/home/suho/final/install/my_package/share/my_package/package.sh'
[45.729s] INFO:colcon.colcon_core.shell:Creating package script '/home/suho/final/install/my_package/share/my_package/package.bash'
[45.737s] INFO:colcon.colcon_core.shell:Creating package script '/home/suho/final/install/my_package/share/my_package/package.zsh'
[45.740s] Level 1:colcon.colcon_core.environment:create_file_with_runtime_dependencies(/home/suho/final/install/my_package/share/colcon-core/packages/my_package)
[45.757s] DEBUG:colcon.colcon_parallel_executor.executor.parallel:closing loop
[45.758s] DEBUG:colcon.colcon_parallel_executor.executor.parallel:loop closed
[45.758s] DEBUG:colcon.colcon_parallel_executor.executor.parallel:run_until_complete finished with '0'
[45.758s] DEBUG:colcon.colcon_core.event_reactor:joining thread
[46.249s] INFO:colcon.colcon_core.plugin_system:Skipping extension 'colcon_notification.desktop_notification.terminal_notifier': Not used on non-Darwin systems
[46.264s] INFO:colcon.colcon_core.plugin_system:Skipping extension 'colcon_notification.desktop_notification.win32': Not used on non-Windows systems
[46.265s] INFO:colcon.colcon_notification.desktop_notification:Sending desktop notification using 'notify2'
[46.576s] DEBUG:colcon.colcon_core.event_reactor:joined thread
[47.124s] INFO:colcon.colcon_core.shell:Creating prefix script '/home/suho/final/install/local_setup.ps1'
[47.141s] INFO:colcon.colcon_core.shell:Creating prefix util module '/home/suho/final/install/_local_setup_util_ps1.py'
[47.164s] INFO:colcon.colcon_core.shell:Creating prefix chain script '/home/suho/final/install/setup.ps1'
[47.623s] INFO:colcon.colcon_core.shell:Creating prefix script '/home/suho/final/install/local_setup.sh'
[47.648s] INFO:colcon.colcon_core.shell:Creating prefix util module '/home/suho/final/install/_local_setup_util_sh.py'
[47.650s] INFO:colcon.colcon_core.shell:Creating prefix chain script '/home/suho/final/install/setup.sh'
[48.177s] INFO:colcon.colcon_core.shell:Creating prefix script '/home/suho/final/install/local_setup.bash'
[48.181s] INFO:colcon.colcon_core.shell:Creating prefix chain script '/home/suho/final/install/setup.bash'
[48.623s] INFO:colcon.colcon_core.shell:Creating prefix script '/home/suho/final/install/local_setup.zsh'
[48.641s] INFO:colcon.colcon_core.shell:Creating prefix chain script '/home/suho/final/install/setup.zsh'
