[4.460s] Invoking command in '/home/suho/final/my_package': PYTHONPATH=/home/suho/final/build/my_package/prefix_override:/home/suho/final/install/my_package/lib/python3.8/site-packages:${PYTHONPATH} /usr/bin/python3 setup.py egg_info --egg-base ../build/my_package build --build-base /home/suho/final/build/my_package/build install --record /home/suho/final/build/my_package/install.log --install-scripts $base/lib/my_package --single-version-externally-managed
[5.056s] running egg_info
[5.062s] writing ../build/my_package/my_package.egg-info/PKG-INFO
[5.074s] writing dependency_links to ../build/my_package/my_package.egg-info/dependency_links.txt
[5.075s] writing entry points to ../build/my_package/my_package.egg-info/entry_points.txt
[5.075s] writing requirements to ../build/my_package/my_package.egg-info/requires.txt
[5.075s] writing top-level names to ../build/my_package/my_package.egg-info/top_level.txt
[5.170s] reading manifest file '../build/my_package/my_package.egg-info/SOURCES.txt'
[5.173s] writing manifest file '../build/my_package/my_package.egg-info/SOURCES.txt'
[5.174s] running build
[5.175s] running build_py
[5.175s] copying my_package/flask_node.py -> /home/suho/final/build/my_package/build/lib/my_package
[5.176s] copying my_package/motor_node.py -> /home/suho/final/build/my_package/build/lib/my_package
[5.177s] copying my_package/sensor_node.py -> /home/suho/final/build/my_package/build/lib/my_package
[5.177s] copying my_package/monitor_node.py -> /home/suho/final/build/my_package/build/lib/my_package
[5.184s] copying my_package/control_node.py -> /home/suho/final/build/my_package/build/lib/my_package
[5.192s] running install
[5.192s] running install_lib
[5.193s] copying /home/suho/final/build/my_package/build/lib/my_package/flask_node.py -> /home/suho/final/install/my_package/lib/python3.8/site-packages/my_package
[5.193s] copying /home/suho/final/build/my_package/build/lib/my_package/motor_node.py -> /home/suho/final/install/my_package/lib/python3.8/site-packages/my_package
[5.193s] copying /home/suho/final/build/my_package/build/lib/my_package/sensor_node.py -> /home/suho/final/install/my_package/lib/python3.8/site-packages/my_package
[5.193s] copying /home/suho/final/build/my_package/build/lib/my_package/monitor_node.py -> /home/suho/final/install/my_package/lib/python3.8/site-packages/my_package
[5.194s] copying /home/suho/final/build/my_package/build/lib/my_package/control_node.py -> /home/suho/final/install/my_package/lib/python3.8/site-packages/my_package
[5.195s] byte-compiling /home/suho/final/install/my_package/lib/python3.8/site-packages/my_package/flask_node.py to flask_node.cpython-38.pyc
[5.245s] byte-compiling /home/suho/final/install/my_package/lib/python3.8/site-packages/my_package/motor_node.py to motor_node.cpython-38.pyc
[5.246s] byte-compiling /home/suho/final/install/my_package/lib/python3.8/site-packages/my_package/sensor_node.py to sensor_node.cpython-38.pyc
[5.246s] byte-compiling /home/suho/final/install/my_package/lib/python3.8/site-packages/my_package/monitor_node.py to monitor_node.cpython-38.pyc
[5.247s] byte-compiling /home/suho/final/install/my_package/lib/python3.8/site-packages/my_package/control_node.py to control_node.cpython-38.pyc
[5.247s] running install_data
[5.247s] running install_egg_info
[5.249s] removing '/home/suho/final/install/my_package/lib/python3.8/site-packages/my_package-0.0.0-py3.8.egg-info' (and everything under it)
[5.249s] Copying ../build/my_package/my_package.egg-info to /home/suho/final/install/my_package/lib/python3.8/site-packages/my_package-0.0.0-py3.8.egg-info
[5.285s] running install_scripts
[5.344s] Installing control_node script to /home/suho/final/install/my_package/lib/my_package
[5.348s] Installing flask_node script to /home/suho/final/install/my_package/lib/my_package
[5.350s] Installing monitor_node script to /home/suho/final/install/my_package/lib/my_package
[5.409s] Installing motor_node script to /home/suho/final/install/my_package/lib/my_package
[5.409s] Installing sensor_node script to /home/suho/final/install/my_package/lib/my_package
[5.410s] writing list of installed files to '/home/suho/final/build/my_package/install.log'
[5.526s] Invoked command in '/home/suho/final/my_package' returned '0': PYTHONPATH=/home/suho/final/build/my_package/prefix_override:/home/suho/final/install/my_package/lib/python3.8/site-packages:${PYTHONPATH} /usr/bin/python3 setup.py egg_info --egg-base ../build/my_package build --build-base /home/suho/final/build/my_package/build install --record /home/suho/final/build/my_package/install.log --install-scripts $base/lib/my_package --single-version-externally-managed
