[4.072s] Invoking command in '/home/suho/final/my_package': PYTHONPATH=/home/suho/final/build/my_package/prefix_override:/home/suho/final/install/my_package/lib/python3.8/site-packages:${PYTHONPATH} /usr/bin/python3 setup.py egg_info --egg-base ../build/my_package build --build-base /home/suho/final/build/my_package/build install --record /home/suho/final/build/my_package/install.log --install-scripts $base/lib/my_package --single-version-externally-managed
[4.536s] running egg_info
[4.541s] writing ../build/my_package/my_package.egg-info/PKG-INFO
[4.550s] writing dependency_links to ../build/my_package/my_package.egg-info/dependency_links.txt
[4.550s] writing entry points to ../build/my_package/my_package.egg-info/entry_points.txt
[4.551s] writing requirements to ../build/my_package/my_package.egg-info/requires.txt
[4.551s] writing top-level names to ../build/my_package/my_package.egg-info/top_level.txt
[4.692s] reading manifest file '../build/my_package/my_package.egg-info/SOURCES.txt'
[4.692s] writing manifest file '../build/my_package/my_package.egg-info/SOURCES.txt'
[4.692s] running build
[4.693s] running build_py
[4.693s] copying my_package/flask_node.py -> /home/suho/final/build/my_package/build/lib/my_package
[4.693s] copying my_package/control_node.py -> /home/suho/final/build/my_package/build/lib/my_package
[4.693s] running install
[4.693s] running install_lib
[4.693s] copying /home/suho/final/build/my_package/build/lib/my_package/flask_node.py -> /home/suho/final/install/my_package/lib/python3.8/site-packages/my_package
[4.693s] copying /home/suho/final/build/my_package/build/lib/my_package/control_node.py -> /home/suho/final/install/my_package/lib/python3.8/site-packages/my_package
[4.693s] byte-compiling /home/suho/final/install/my_package/lib/python3.8/site-packages/my_package/flask_node.py to flask_node.cpython-38.pyc
[4.728s] byte-compiling /home/suho/final/install/my_package/lib/python3.8/site-packages/my_package/control_node.py to control_node.cpython-38.pyc
[4.728s] running install_data
[4.728s] running install_egg_info
[4.735s] removing '/home/suho/final/install/my_package/lib/python3.8/site-packages/my_package-0.0.0-py3.8.egg-info' (and everything under it)
[4.738s] Copying ../build/my_package/my_package.egg-info to /home/suho/final/install/my_package/lib/python3.8/site-packages/my_package-0.0.0-py3.8.egg-info
[4.782s] running install_scripts
[4.943s] Installing control_node script to /home/suho/final/install/my_package/lib/my_package
[4.945s] Installing flask_node script to /home/suho/final/install/my_package/lib/my_package
[4.945s] Installing monitor_node script to /home/suho/final/install/my_package/lib/my_package
[4.945s] Installing motor_node script to /home/suho/final/install/my_package/lib/my_package
[4.946s] Installing sensor_node script to /home/suho/final/install/my_package/lib/my_package
[4.946s] writing list of installed files to '/home/suho/final/build/my_package/install.log'
[5.171s] Invoked command in '/home/suho/final/my_package' returned '0': PYTHONPATH=/home/suho/final/build/my_package/prefix_override:/home/suho/final/install/my_package/lib/python3.8/site-packages:${PYTHONPATH} /usr/bin/python3 setup.py egg_info --egg-base ../build/my_package build --build-base /home/suho/final/build/my_package/build install --record /home/suho/final/build/my_package/install.log --install-scripts $base/lib/my_package --single-version-externally-managed
