[19.286s] DEBUG:colcon:Command line arguments: ['/usr/bin/colcon', 'build', '--packages-select', 'my_package']
[19.287s] DEBUG:colcon:Parsed command line arguments: Namespace(allow_overriding=[], ament_cmake_args=None, base_paths=['.'], build_base='build', catkin_cmake_args=None, catkin_skip_building_tests=False, cmake_args=None, cmake_clean_cache=False, cmake_clean_first=False, cmake_force_configure=False, cmake_target=None, cmake_target_skip_unavailable=False, continue_on_error=False, event_handlers=None, executor='parallel', ignore_user_meta=False, install_base='install', log_base=None, log_level=None, main=<bound method BuildVerb.main of <colcon_core.verb.build.BuildVerb object at 0x7fa23ce2fa90>>, merge_install=False, metas=['./colcon.meta'], packages_above=None, packages_above_and_dependencies=None, packages_above_depth=None, packages_end=None, packages_ignore=None, packages_ignore_regex=None, packages_select=['my_package'], packages_select_build_failed=False, packages_select_by_dep=None, packages_select_regex=None, packages_select_test_failures=False, packages_skip=None, packages_skip_build_finished=False, packages_skip_by_dep=None, packages_skip_regex=None, packages_skip_test_passed=False, packages_skip_up_to=None, packages_start=None, packages_up_to=None, packages_up_to_regex=None, parallel_workers=6, paths=None, symlink_install=False, test_result_base=None, verb_extension=<colcon_core.verb.build.BuildVerb object at 0x7fa23ce2fa90>, verb_name='build', verb_parser=<colcon_defaults.argument_parser.defaults.DefaultArgumentsDecorator object at 0x7fa23cb08640>)
[20.116s] Level 1:colcon.colcon_core.package_discovery:discover_packages(colcon_meta) check parameters
[20.116s] Level 1:colcon.colcon_core.package_discovery:discover_packages(recursive) check parameters
[20.116s] Level 1:colcon.colcon_core.package_discovery:discover_packages(ignore) check parameters
[20.116s] Level 1:colcon.colcon_core.package_discovery:discover_packages(path) check parameters
[20.116s] Level 1:colcon.colcon_core.package_discovery:discover_packages(colcon_meta) discover
[20.117s] Level 1:colcon.colcon_core.package_discovery:discover_packages(recursive) discover
[20.117s] INFO:colcon.colcon_core.package_discovery:Crawling recursively for packages in '/home/suho/final'
[20.117s] Level 1:colcon.colcon_core.package_identification:_identify(.) by extensions ['ignore', 'ignore_ament_install']
[20.118s] Level 1:colcon.colcon_core.package_identification:_identify(.) by extension 'ignore'
[20.119s] Level 1:colcon.colcon_core.package_identification:_identify(.) by extension 'ignore_ament_install'
[20.119s] Level 1:colcon.colcon_core.package_identification:_identify(.) by extensions ['colcon_pkg']
[20.119s] Level 1:colcon.colcon_core.package_identification:_identify(.) by extension 'colcon_pkg'
[20.119s] Level 1:colcon.colcon_core.package_identification:_identify(.) by extensions ['colcon_meta']
[20.119s] Level 1:colcon.colcon_core.package_identification:_identify(.) by extension 'colcon_meta'
[20.120s] Level 1:colcon.colcon_core.package_identification:_identify(.) by extensions ['ros']
[20.120s] Level 1:colcon.colcon_core.package_identification:_identify(.) by extension 'ros'
[20.212s] Level 1:colcon.colcon_core.package_identification:_identify(.) by extensions ['cmake', 'python']
[20.213s] Level 1:colcon.colcon_core.package_identification:_identify(.) by extension 'cmake'
[20.213s] Level 1:colcon.colcon_core.package_identification:_identify(.) by extension 'python'
[20.215s] Level 1:colcon.colcon_core.package_identification:_identify(.) by extensions ['python_setup_py']
[20.215s] Level 1:colcon.colcon_core.package_identification:_identify(.) by extension 'python_setup_py'
[20.216s] Level 1:colcon.colcon_core.package_identification:_identify(build) by extensions ['ignore', 'ignore_ament_install']
[20.217s] Level 1:colcon.colcon_core.package_identification:_identify(build) by extension 'ignore'
[20.217s] Level 1:colcon.colcon_core.package_identification:_identify(build) ignored
[20.217s] Level 1:colcon.colcon_core.package_identification:_identify(install) by extensions ['ignore', 'ignore_ament_install']
[20.218s] Level 1:colcon.colcon_core.package_identification:_identify(install) by extension 'ignore'
[20.219s] Level 1:colcon.colcon_core.package_identification:_identify(install) ignored
[20.220s] Level 1:colcon.colcon_core.package_identification:_identify(log) by extensions ['ignore', 'ignore_ament_install']
[20.221s] Level 1:colcon.colcon_core.package_identification:_identify(log) by extension 'ignore'
[20.221s] Level 1:colcon.colcon_core.package_identification:_identify(log) ignored
[20.221s] Level 1:colcon.colcon_core.package_identification:_identify(my_package) by extensions ['ignore', 'ignore_ament_install']
[20.223s] Level 1:colcon.colcon_core.package_identification:_identify(my_package) by extension 'ignore'
[20.223s] Level 1:colcon.colcon_core.package_identification:_identify(my_package) by extension 'ignore_ament_install'
[20.224s] Level 1:colcon.colcon_core.package_identification:_identify(my_package) by extensions ['colcon_pkg']
[20.224s] Level 1:colcon.colcon_core.package_identification:_identify(my_package) by extension 'colcon_pkg'
[20.224s] Level 1:colcon.colcon_core.package_identification:_identify(my_package) by extensions ['colcon_meta']
[20.224s] Level 1:colcon.colcon_core.package_identification:_identify(my_package) by extension 'colcon_meta'
[20.224s] Level 1:colcon.colcon_core.package_identification:_identify(my_package) by extensions ['ros']
[20.224s] Level 1:colcon.colcon_core.package_identification:_identify(my_package) by extension 'ros'
[20.243s] DEBUG:colcon.colcon_core.package_identification:Package 'my_package' with type 'ros.ament_python' and name 'my_package'
[20.243s] Level 1:colcon.colcon_core.package_discovery:discover_packages(recursive) using defaults
[20.244s] Level 1:colcon.colcon_core.package_discovery:discover_packages(ignore) discover
[20.244s] Level 1:colcon.colcon_core.package_discovery:discover_packages(ignore) using defaults
[20.244s] Level 1:colcon.colcon_core.package_discovery:discover_packages(path) discover
[20.244s] Level 1:colcon.colcon_core.package_discovery:discover_packages(path) using defaults
[21.457s] Level 1:colcon.colcon_core.package_discovery:discover_packages(prefix_path) check parameters
[21.458s] Level 1:colcon.colcon_core.package_discovery:discover_packages(prefix_path) discover
[21.798s] Level 1:colcon.colcon_core.package_discovery:discover_packages(prefix_path) using defaults
[22.225s] Level 5:colcon.colcon_core.verb:set package 'my_package' build argument 'cmake_args' from command line to 'None'
[22.226s] Level 5:colcon.colcon_core.verb:set package 'my_package' build argument 'cmake_target' from command line to 'None'
[22.227s] Level 5:colcon.colcon_core.verb:set package 'my_package' build argument 'cmake_target_skip_unavailable' from command line to 'False'
[22.227s] Level 5:colcon.colcon_core.verb:set package 'my_package' build argument 'cmake_clean_cache' from command line to 'False'
[22.227s] Level 5:colcon.colcon_core.verb:set package 'my_package' build argument 'cmake_clean_first' from command line to 'False'
[22.227s] Level 5:colcon.colcon_core.verb:set package 'my_package' build argument 'cmake_force_configure' from command line to 'False'
[22.227s] Level 5:colcon.colcon_core.verb:set package 'my_package' build argument 'ament_cmake_args' from command line to 'None'
[22.227s] Level 5:colcon.colcon_core.verb:set package 'my_package' build argument 'catkin_cmake_args' from command line to 'None'
[22.227s] Level 5:colcon.colcon_core.verb:set package 'my_package' build argument 'catkin_skip_building_tests' from command line to 'False'
[22.228s] DEBUG:colcon.colcon_core.verb:Building package 'my_package' with the following arguments: {'ament_cmake_args': None, 'build_base': '/home/suho/final/build/my_package', 'catkin_cmake_args': None, 'catkin_skip_building_tests': False, 'cmake_args': None, 'cmake_clean_cache': False, 'cmake_clean_first': False, 'cmake_force_configure': False, 'cmake_target': None, 'cmake_target_skip_unavailable': False, 'install_base': '/home/suho/final/install/my_package', 'merge_install': False, 'path': '/home/suho/final/my_package', 'symlink_install': False, 'test_result_base': None}
[22.485s] INFO:colcon.colcon_core.executor:Executing jobs using 'parallel' executor
[22.778s] DEBUG:colcon.colcon_parallel_executor.executor.parallel:run_until_complete
[22.779s] INFO:colcon.colcon_ros.task.ament_python.build:Building ROS package in '/home/suho/final/my_package' with build type 'ament_python'
[22.780s] Level 1:colcon.colcon_core.shell:create_environment_hook('my_package', 'ament_prefix_path')
[23.104s] INFO:colcon.colcon_core.plugin_system:Skipping extension 'colcon_core.shell.bat': Not used on non-Windows systems
[23.106s] INFO:colcon.colcon_core.shell:Creating environment hook '/home/suho/final/install/my_package/share/my_package/hook/ament_prefix_path.ps1'
[23.112s] INFO:colcon.colcon_core.shell:Creating environment descriptor '/home/suho/final/install/my_package/share/my_package/hook/ament_prefix_path.dsv'
[23.116s] INFO:colcon.colcon_core.shell:Creating environment hook '/home/suho/final/install/my_package/share/my_package/hook/ament_prefix_path.sh'
[23.458s] INFO:colcon.colcon_core.shell:Skip shell extension 'powershell' for command environment: Not usable outside of PowerShell
[23.458s] DEBUG:colcon.colcon_core.shell:Skip shell extension 'dsv' for command environment
[26.055s] INFO:colcon.colcon_core.task.python.build:Building Python package in '/home/suho/final/my_package'
[26.272s] INFO:colcon.colcon_core.shell:Skip shell extension 'powershell' for command environment: Not usable outside of PowerShell
[26.273s] DEBUG:colcon.colcon_core.shell:Skip shell extension 'dsv' for command environment
[31.385s] DEBUG:colcon.colcon_core.event_handler.log_command:Invoking command in '/home/suho/final/my_package': PYTHONPATH=/home/suho/final/build/my_package/prefix_override:/home/suho/final/install/my_package/lib/python3.8/site-packages: /usr/bin/python3 setup.py egg_info --egg-base ../build/my_package build --build-base /home/suho/final/build/my_package/build install --record /home/suho/final/build/my_package/install.log --install-scripts $base/lib/my_package --single-version-externally-managed
[33.250s] DEBUG:colcon.colcon_core.event_handler.log_command:Invoked command in '/home/suho/final/my_package' returned '0': PYTHONPATH=/home/suho/final/build/my_package/prefix_override:/home/suho/final/install/my_package/lib/python3.8/site-packages: /usr/bin/python3 setup.py egg_info --egg-base ../build/my_package build --build-base /home/suho/final/build/my_package/build install --record /home/suho/final/build/my_package/install.log --install-scripts $base/lib/my_package --single-version-externally-managed
[34.274s] Level 1:colcon.colcon_core.environment:checking '/home/suho/final/install/my_package' for CMake module files
[34.276s] Level 1:colcon.colcon_core.environment:checking '/home/suho/final/install/my_package' for CMake config files
[34.278s] Level 1:colcon.colcon_core.environment:checking '/home/suho/final/install/my_package/lib'
[34.278s] Level 1:colcon.colcon_core.environment:checking '/home/suho/final/install/my_package/bin'
[34.279s] Level 1:colcon.colcon_core.environment:checking '/home/suho/final/install/my_package/lib/pkgconfig/my_package.pc'
[34.285s] Level 1:colcon.colcon_core.environment:checking '/home/suho/final/install/my_package/lib/python3.8/site-packages'
[34.285s] Level 1:colcon.colcon_core.shell:create_environment_hook('my_package', 'pythonpath')
[34.754s] INFO:colcon.colcon_core.shell:Creating environment hook '/home/suho/final/install/my_package/share/my_package/hook/pythonpath.ps1'
[34.760s] INFO:colcon.colcon_core.shell:Creating environment descriptor '/home/suho/final/install/my_package/share/my_package/hook/pythonpath.dsv'
[34.763s] INFO:colcon.colcon_core.shell:Creating environment hook '/home/suho/final/install/my_package/share/my_package/hook/pythonpath.sh'
[34.766s] Level 1:colcon.colcon_core.environment:checking '/home/suho/final/install/my_package/bin'
[34.766s] Level 1:colcon.colcon_core.environment:create_environment_scripts_only(my_package)
[35.067s] INFO:colcon.colcon_core.shell:Creating package script '/home/suho/final/install/my_package/share/my_package/package.ps1'
[35.122s] INFO:colcon.colcon_core.shell:Creating package descriptor '/home/suho/final/install/my_package/share/my_package/package.dsv'
[35.153s] INFO:colcon.colcon_core.shell:Creating package script '/home/suho/final/install/my_package/share/my_package/package.sh'
[35.205s] INFO:colcon.colcon_core.shell:Creating package script '/home/suho/final/install/my_package/share/my_package/package.bash'
[35.319s] INFO:colcon.colcon_core.shell:Creating package script '/home/suho/final/install/my_package/share/my_package/package.zsh'
[35.412s] Level 1:colcon.colcon_core.environment:create_file_with_runtime_dependencies(/home/suho/final/install/my_package/share/colcon-core/packages/my_package)
[35.414s] DEBUG:colcon.colcon_parallel_executor.executor.parallel:closing loop
[35.417s] DEBUG:colcon.colcon_parallel_executor.executor.parallel:loop closed
[35.417s] DEBUG:colcon.colcon_parallel_executor.executor.parallel:run_until_complete finished with '0'
[35.417s] DEBUG:colcon.colcon_core.event_reactor:joining thread
[35.893s] INFO:colcon.colcon_core.plugin_system:Skipping extension 'colcon_notification.desktop_notification.terminal_notifier': Not used on non-Darwin systems
[35.894s] INFO:colcon.colcon_core.plugin_system:Skipping extension 'colcon_notification.desktop_notification.win32': Not used on non-Windows systems
[35.894s] INFO:colcon.colcon_notification.desktop_notification:Sending desktop notification using 'notify2'
[36.184s] DEBUG:colcon.colcon_core.event_reactor:joined thread
[36.544s] INFO:colcon.colcon_core.shell:Creating prefix script '/home/suho/final/install/local_setup.ps1'
[36.570s] INFO:colcon.colcon_core.shell:Creating prefix util module '/home/suho/final/install/_local_setup_util_ps1.py'
[36.603s] INFO:colcon.colcon_core.shell:Creating prefix chain script '/home/suho/final/install/setup.ps1'
[36.839s] INFO:colcon.colcon_core.shell:Creating prefix script '/home/suho/final/install/local_setup.sh'
[36.852s] INFO:colcon.colcon_core.shell:Creating prefix util module '/home/suho/final/install/_local_setup_util_sh.py'
[36.855s] INFO:colcon.colcon_core.shell:Creating prefix chain script '/home/suho/final/install/setup.sh'
[37.081s] INFO:colcon.colcon_core.shell:Creating prefix script '/home/suho/final/install/local_setup.bash'
[37.087s] INFO:colcon.colcon_core.shell:Creating prefix chain script '/home/suho/final/install/setup.bash'
[37.330s] INFO:colcon.colcon_core.shell:Creating prefix script '/home/suho/final/install/local_setup.zsh'
[37.337s] INFO:colcon.colcon_core.shell:Creating prefix chain script '/home/suho/final/install/setup.zsh'
