[14.188s] DEBUG:colcon:Command line arguments: ['/usr/bin/colcon', 'build', '--packages-select', 'my_package']
[14.189s] DEBUG:colcon:Parsed command line arguments: Namespace(allow_overriding=[], ament_cmake_args=None, base_paths=['.'], build_base='build', catkin_cmake_args=None, catkin_skip_building_tests=False, cmake_args=None, cmake_clean_cache=False, cmake_clean_first=False, cmake_force_configure=False, cmake_target=None, cmake_target_skip_unavailable=False, continue_on_error=False, event_handlers=None, executor='parallel', ignore_user_meta=False, install_base='install', log_base=None, log_level=None, main=<bound method BuildVerb.main of <colcon_core.verb.build.BuildVerb object at 0x7f01147e6e20>>, merge_install=False, metas=['./colcon.meta'], packages_above=None, packages_above_and_dependencies=None, packages_above_depth=None, packages_end=None, packages_ignore=None, packages_ignore_regex=None, packages_select=['my_package'], packages_select_build_failed=False, packages_select_by_dep=None, packages_select_regex=None, packages_select_test_failures=False, packages_skip=None, packages_skip_build_finished=False, packages_skip_by_dep=None, packages_skip_regex=None, packages_skip_test_passed=False, packages_skip_up_to=None, packages_start=None, packages_up_to=None, packages_up_to_regex=None, parallel_workers=6, paths=None, symlink_install=False, test_result_base=None, verb_extension=<colcon_core.verb.build.BuildVerb object at 0x7f01147e6e20>, verb_name='build', verb_parser=<colcon_defaults.argument_parser.defaults.DefaultArgumentsDecorator object at 0x7f01144eca60>)
[14.750s] Level 1:colcon.colcon_core.package_discovery:discover_packages(colcon_meta) check parameters
[14.750s] Level 1:colcon.colcon_core.package_discovery:discover_packages(recursive) check parameters
[14.751s] Level 1:colcon.colcon_core.package_discovery:discover_packages(ignore) check parameters
[14.751s] Level 1:colcon.colcon_core.package_discovery:discover_packages(path) check parameters
[14.751s] Level 1:colcon.colcon_core.package_discovery:discover_packages(colcon_meta) discover
[14.752s] Level 1:colcon.colcon_core.package_discovery:discover_packages(recursive) discover
[14.752s] INFO:colcon.colcon_core.package_discovery:Crawling recursively for packages in '/home/suho/final'
[14.752s] Level 1:colcon.colcon_core.package_identification:_identify(.) by extensions ['ignore', 'ignore_ament_install']
[14.752s] Level 1:colcon.colcon_core.package_identification:_identify(.) by extension 'ignore'
[14.752s] Level 1:colcon.colcon_core.package_identification:_identify(.) by extension 'ignore_ament_install'
[14.752s] Level 1:colcon.colcon_core.package_identification:_identify(.) by extensions ['colcon_pkg']
[14.752s] Level 1:colcon.colcon_core.package_identification:_identify(.) by extension 'colcon_pkg'
[14.752s] Level 1:colcon.colcon_core.package_identification:_identify(.) by extensions ['colcon_meta']
[14.752s] Level 1:colcon.colcon_core.package_identification:_identify(.) by extension 'colcon_meta'
[14.752s] Level 1:colcon.colcon_core.package_identification:_identify(.) by extensions ['ros']
[14.753s] Level 1:colcon.colcon_core.package_identification:_identify(.) by extension 'ros'
[14.775s] Level 1:colcon.colcon_core.package_identification:_identify(.) by extensions ['cmake', 'python']
[14.776s] Level 1:colcon.colcon_core.package_identification:_identify(.) by extension 'cmake'
[14.776s] Level 1:colcon.colcon_core.package_identification:_identify(.) by extension 'python'
[14.776s] Level 1:colcon.colcon_core.package_identification:_identify(.) by extensions ['python_setup_py']
[14.776s] Level 1:colcon.colcon_core.package_identification:_identify(.) by extension 'python_setup_py'
[14.777s] Level 1:colcon.colcon_core.package_identification:_identify(build) by extensions ['ignore', 'ignore_ament_install']
[14.777s] Level 1:colcon.colcon_core.package_identification:_identify(build) by extension 'ignore'
[14.778s] Level 1:colcon.colcon_core.package_identification:_identify(build) ignored
[14.778s] Level 1:colcon.colcon_core.package_identification:_identify(install) by extensions ['ignore', 'ignore_ament_install']
[14.779s] Level 1:colcon.colcon_core.package_identification:_identify(install) by extension 'ignore'
[14.781s] Level 1:colcon.colcon_core.package_identification:_identify(install) ignored
[14.781s] Level 1:colcon.colcon_core.package_identification:_identify(log) by extensions ['ignore', 'ignore_ament_install']
[14.782s] Level 1:colcon.colcon_core.package_identification:_identify(log) by extension 'ignore'
[14.782s] Level 1:colcon.colcon_core.package_identification:_identify(log) ignored
[14.782s] Level 1:colcon.colcon_core.package_identification:_identify(my_package) by extensions ['ignore', 'ignore_ament_install']
[14.782s] Level 1:colcon.colcon_core.package_identification:_identify(my_package) by extension 'ignore'
[14.782s] Level 1:colcon.colcon_core.package_identification:_identify(my_package) by extension 'ignore_ament_install'
[14.782s] Level 1:colcon.colcon_core.package_identification:_identify(my_package) by extensions ['colcon_pkg']
[14.782s] Level 1:colcon.colcon_core.package_identification:_identify(my_package) by extension 'colcon_pkg'
[14.782s] Level 1:colcon.colcon_core.package_identification:_identify(my_package) by extensions ['colcon_meta']
[14.782s] Level 1:colcon.colcon_core.package_identification:_identify(my_package) by extension 'colcon_meta'
[14.782s] Level 1:colcon.colcon_core.package_identification:_identify(my_package) by extensions ['ros']
[14.783s] Level 1:colcon.colcon_core.package_identification:_identify(my_package) by extension 'ros'
[14.787s] DEBUG:colcon.colcon_core.package_identification:Package 'my_package' with type 'ros.ament_python' and name 'my_package'
[14.788s] Level 1:colcon.colcon_core.package_discovery:discover_packages(recursive) using defaults
[14.788s] Level 1:colcon.colcon_core.package_discovery:discover_packages(ignore) discover
[14.788s] Level 1:colcon.colcon_core.package_discovery:discover_packages(ignore) using defaults
[14.788s] Level 1:colcon.colcon_core.package_discovery:discover_packages(path) discover
[14.788s] Level 1:colcon.colcon_core.package_discovery:discover_packages(path) using defaults
[15.978s] Level 1:colcon.colcon_core.package_discovery:discover_packages(prefix_path) check parameters
[15.979s] Level 1:colcon.colcon_core.package_discovery:discover_packages(prefix_path) discover
[16.366s] DEBUG:colcon.colcon_installed_package_information.package_discovery:Found 1 installed packages in /home/suho/final/install
[16.557s] DEBUG:colcon.colcon_installed_package_information.package_discovery:Found 329 installed packages in /opt/ros/foxy
[16.562s] Level 1:colcon.colcon_core.package_discovery:discover_packages(prefix_path) using defaults
[17.190s] Level 5:colcon.colcon_core.verb:set package 'my_package' build argument 'cmake_args' from command line to 'None'
[17.191s] Level 5:colcon.colcon_core.verb:set package 'my_package' build argument 'cmake_target' from command line to 'None'
[17.191s] Level 5:colcon.colcon_core.verb:set package 'my_package' build argument 'cmake_target_skip_unavailable' from command line to 'False'
[17.191s] Level 5:colcon.colcon_core.verb:set package 'my_package' build argument 'cmake_clean_cache' from command line to 'False'
[17.191s] Level 5:colcon.colcon_core.verb:set package 'my_package' build argument 'cmake_clean_first' from command line to 'False'
[17.191s] Level 5:colcon.colcon_core.verb:set package 'my_package' build argument 'cmake_force_configure' from command line to 'False'
[17.192s] Level 5:colcon.colcon_core.verb:set package 'my_package' build argument 'ament_cmake_args' from command line to 'None'
[17.192s] Level 5:colcon.colcon_core.verb:set package 'my_package' build argument 'catkin_cmake_args' from command line to 'None'
[17.192s] Level 5:colcon.colcon_core.verb:set package 'my_package' build argument 'catkin_skip_building_tests' from command line to 'False'
[17.192s] DEBUG:colcon.colcon_core.verb:Building package 'my_package' with the following arguments: {'ament_cmake_args': None, 'build_base': '/home/suho/final/build/my_package', 'catkin_cmake_args': None, 'catkin_skip_building_tests': False, 'cmake_args': None, 'cmake_clean_cache': False, 'cmake_clean_first': False, 'cmake_force_configure': False, 'cmake_target': None, 'cmake_target_skip_unavailable': False, 'install_base': '/home/suho/final/install/my_package', 'merge_install': False, 'path': '/home/suho/final/my_package', 'symlink_install': False, 'test_result_base': None}
[17.377s] INFO:colcon.colcon_core.executor:Executing jobs using 'parallel' executor
[17.574s] DEBUG:colcon.colcon_parallel_executor.executor.parallel:run_until_complete
[17.575s] INFO:colcon.colcon_ros.task.ament_python.build:Building ROS package in '/home/suho/final/my_package' with build type 'ament_python'
[17.578s] Level 1:colcon.colcon_core.shell:create_environment_hook('my_package', 'ament_prefix_path')
[17.736s] INFO:colcon.colcon_core.plugin_system:Skipping extension 'colcon_core.shell.bat': Not used on non-Windows systems
[17.737s] INFO:colcon.colcon_core.shell:Creating environment hook '/home/suho/final/install/my_package/share/my_package/hook/ament_prefix_path.ps1'
[17.755s] INFO:colcon.colcon_core.shell:Creating environment descriptor '/home/suho/final/install/my_package/share/my_package/hook/ament_prefix_path.dsv'
[17.818s] INFO:colcon.colcon_core.shell:Creating environment hook '/home/suho/final/install/my_package/share/my_package/hook/ament_prefix_path.sh'
[18.203s] INFO:colcon.colcon_core.shell:Skip shell extension 'powershell' for command environment: Not usable outside of PowerShell
[18.204s] DEBUG:colcon.colcon_core.shell:Skip shell extension 'dsv' for command environment
[19.734s] INFO:colcon.colcon_core.task.python.build:Building Python package in '/home/suho/final/my_package'
[20.053s] INFO:colcon.colcon_core.shell:Skip shell extension 'powershell' for command environment: Not usable outside of PowerShell
[20.054s] DEBUG:colcon.colcon_core.shell:Skip shell extension 'dsv' for command environment
[21.659s] DEBUG:colcon.colcon_core.event_handler.log_command:Invoking command in '/home/suho/final/my_package': PYTHONPATH=/home/suho/final/build/my_package/prefix_override:/home/suho/final/install/my_package/lib/python3.8/site-packages:${PYTHONPATH} /usr/bin/python3 setup.py egg_info --egg-base ../build/my_package build --build-base /home/suho/final/build/my_package/build install --record /home/suho/final/build/my_package/install.log --install-scripts $base/lib/my_package --single-version-externally-managed
[22.757s] DEBUG:colcon.colcon_core.event_handler.log_command:Invoked command in '/home/suho/final/my_package' returned '0': PYTHONPATH=/home/suho/final/build/my_package/prefix_override:/home/suho/final/install/my_package/lib/python3.8/site-packages:${PYTHONPATH} /usr/bin/python3 setup.py egg_info --egg-base ../build/my_package build --build-base /home/suho/final/build/my_package/build install --record /home/suho/final/build/my_package/install.log --install-scripts $base/lib/my_package --single-version-externally-managed
[23.286s] Level 1:colcon.colcon_core.environment:checking '/home/suho/final/install/my_package' for CMake module files
[23.288s] Level 1:colcon.colcon_core.environment:checking '/home/suho/final/install/my_package' for CMake config files
[23.294s] Level 1:colcon.colcon_core.environment:checking '/home/suho/final/install/my_package/lib'
[23.296s] Level 1:colcon.colcon_core.environment:checking '/home/suho/final/install/my_package/bin'
[23.311s] Level 1:colcon.colcon_core.environment:checking '/home/suho/final/install/my_package/lib/pkgconfig/my_package.pc'
[23.313s] Level 1:colcon.colcon_core.environment:checking '/home/suho/final/install/my_package/lib/python3.8/site-packages'
[23.314s] Level 1:colcon.colcon_core.shell:create_environment_hook('my_package', 'pythonpath')
[23.559s] INFO:colcon.colcon_core.shell:Creating environment hook '/home/suho/final/install/my_package/share/my_package/hook/pythonpath.ps1'
[23.561s] INFO:colcon.colcon_core.shell:Creating environment descriptor '/home/suho/final/install/my_package/share/my_package/hook/pythonpath.dsv'
[23.563s] INFO:colcon.colcon_core.shell:Creating environment hook '/home/suho/final/install/my_package/share/my_package/hook/pythonpath.sh'
[23.568s] Level 1:colcon.colcon_core.environment:checking '/home/suho/final/install/my_package/bin'
[23.568s] Level 1:colcon.colcon_core.environment:create_environment_scripts_only(my_package)
[24.084s] INFO:colcon.colcon_core.shell:Creating package script '/home/suho/final/install/my_package/share/my_package/package.ps1'
[24.100s] INFO:colcon.colcon_core.shell:Creating package descriptor '/home/suho/final/install/my_package/share/my_package/package.dsv'
[24.119s] INFO:colcon.colcon_core.shell:Creating package script '/home/suho/final/install/my_package/share/my_package/package.sh'
[24.149s] INFO:colcon.colcon_core.shell:Creating package script '/home/suho/final/install/my_package/share/my_package/package.bash'
[24.184s] INFO:colcon.colcon_core.shell:Creating package script '/home/suho/final/install/my_package/share/my_package/package.zsh'
[24.204s] Level 1:colcon.colcon_core.environment:create_file_with_runtime_dependencies(/home/suho/final/install/my_package/share/colcon-core/packages/my_package)
[24.220s] DEBUG:colcon.colcon_parallel_executor.executor.parallel:closing loop
[24.250s] DEBUG:colcon.colcon_parallel_executor.executor.parallel:loop closed
[24.251s] DEBUG:colcon.colcon_parallel_executor.executor.parallel:run_until_complete finished with '0'
[24.258s] DEBUG:colcon.colcon_core.event_reactor:joining thread
[24.762s] INFO:colcon.colcon_core.plugin_system:Skipping extension 'colcon_notification.desktop_notification.terminal_notifier': Not used on non-Darwin systems
[24.763s] INFO:colcon.colcon_core.plugin_system:Skipping extension 'colcon_notification.desktop_notification.win32': Not used on non-Windows systems
[24.763s] INFO:colcon.colcon_notification.desktop_notification:Sending desktop notification using 'notify2'
[24.824s] DEBUG:colcon.colcon_core.event_reactor:joined thread
[25.149s] INFO:colcon.colcon_core.shell:Creating prefix script '/home/suho/final/install/local_setup.ps1'
[25.152s] INFO:colcon.colcon_core.shell:Creating prefix util module '/home/suho/final/install/_local_setup_util_ps1.py'
[25.156s] INFO:colcon.colcon_core.shell:Creating prefix chain script '/home/suho/final/install/setup.ps1'
[25.355s] INFO:colcon.colcon_core.shell:Creating prefix script '/home/suho/final/install/local_setup.sh'
[25.357s] INFO:colcon.colcon_core.shell:Creating prefix util module '/home/suho/final/install/_local_setup_util_sh.py'
[25.358s] INFO:colcon.colcon_core.shell:Creating prefix chain script '/home/suho/final/install/setup.sh'
[25.545s] INFO:colcon.colcon_core.shell:Creating prefix script '/home/suho/final/install/local_setup.bash'
[25.547s] INFO:colcon.colcon_core.shell:Creating prefix chain script '/home/suho/final/install/setup.bash'
[25.768s] INFO:colcon.colcon_core.shell:Creating prefix script '/home/suho/final/install/local_setup.zsh'
[25.769s] INFO:colcon.colcon_core.shell:Creating prefix chain script '/home/suho/final/install/setup.zsh'
