[20.812s] DEBUG:colcon:Command line arguments: ['/usr/bin/colcon', 'build', '--packages-select', 'my_package']
[20.812s] DEBUG:colcon:Parsed command line arguments: Namespace(allow_overriding=[], ament_cmake_args=None, base_paths=['.'], build_base='build', catkin_cmake_args=None, catkin_skip_building_tests=False, cmake_args=None, cmake_clean_cache=False, cmake_clean_first=False, cmake_force_configure=False, cmake_target=None, cmake_target_skip_unavailable=False, continue_on_error=False, event_handlers=None, executor='parallel', ignore_user_meta=False, install_base='install', log_base=None, log_level=None, main=<bound method BuildVerb.main of <colcon_core.verb.build.BuildVerb object at 0x7f2237ddba90>>, merge_install=False, metas=['./colcon.meta'], packages_above=None, packages_above_and_dependencies=None, packages_above_depth=None, packages_end=None, packages_ignore=None, packages_ignore_regex=None, packages_select=['my_package'], packages_select_build_failed=False, packages_select_by_dep=None, packages_select_regex=None, packages_select_test_failures=False, packages_skip=None, packages_skip_build_finished=False, packages_skip_by_dep=None, packages_skip_regex=None, packages_skip_test_passed=False, packages_skip_up_to=None, packages_start=None, packages_up_to=None, packages_up_to_regex=None, parallel_workers=6, paths=None, symlink_install=False, test_result_base=None, verb_extension=<colcon_core.verb.build.BuildVerb object at 0x7f2237ddba90>, verb_name='build', verb_parser=<colcon_defaults.argument_parser.defaults.DefaultArgumentsDecorator object at 0x7f2237ab57c0>)
[21.670s] Level 1:colcon.colcon_core.package_discovery:discover_packages(colcon_meta) check parameters
[21.678s] Level 1:colcon.colcon_core.package_discovery:discover_packages(recursive) check parameters
[21.678s] Level 1:colcon.colcon_core.package_discovery:discover_packages(ignore) check parameters
[21.678s] Level 1:colcon.colcon_core.package_discovery:discover_packages(path) check parameters
[21.678s] Level 1:colcon.colcon_core.package_discovery:discover_packages(colcon_meta) discover
[21.678s] Level 1:colcon.colcon_core.package_discovery:discover_packages(recursive) discover
[21.678s] INFO:colcon.colcon_core.package_discovery:Crawling recursively for packages in '/home/suho/final'
[21.684s] Level 1:colcon.colcon_core.package_identification:_identify(.) by extensions ['ignore', 'ignore_ament_install']
[21.684s] Level 1:colcon.colcon_core.package_identification:_identify(.) by extension 'ignore'
[21.684s] Level 1:colcon.colcon_core.package_identification:_identify(.) by extension 'ignore_ament_install'
[21.684s] Level 1:colcon.colcon_core.package_identification:_identify(.) by extensions ['colcon_pkg']
[21.684s] Level 1:colcon.colcon_core.package_identification:_identify(.) by extension 'colcon_pkg'
[21.684s] Level 1:colcon.colcon_core.package_identification:_identify(.) by extensions ['colcon_meta']
[21.684s] Level 1:colcon.colcon_core.package_identification:_identify(.) by extension 'colcon_meta'
[21.684s] Level 1:colcon.colcon_core.package_identification:_identify(.) by extensions ['ros']
[21.684s] Level 1:colcon.colcon_core.package_identification:_identify(.) by extension 'ros'
[21.745s] Level 1:colcon.colcon_core.package_identification:_identify(.) by extensions ['cmake', 'python']
[21.745s] Level 1:colcon.colcon_core.package_identification:_identify(.) by extension 'cmake'
[21.745s] Level 1:colcon.colcon_core.package_identification:_identify(.) by extension 'python'
[21.746s] Level 1:colcon.colcon_core.package_identification:_identify(.) by extensions ['python_setup_py']
[21.746s] Level 1:colcon.colcon_core.package_identification:_identify(.) by extension 'python_setup_py'
[21.746s] Level 1:colcon.colcon_core.package_identification:_identify(build) by extensions ['ignore', 'ignore_ament_install']
[21.747s] Level 1:colcon.colcon_core.package_identification:_identify(build) by extension 'ignore'
[21.747s] Level 1:colcon.colcon_core.package_identification:_identify(build) ignored
[21.747s] Level 1:colcon.colcon_core.package_identification:_identify(install) by extensions ['ignore', 'ignore_ament_install']
[21.747s] Level 1:colcon.colcon_core.package_identification:_identify(install) by extension 'ignore'
[21.747s] Level 1:colcon.colcon_core.package_identification:_identify(install) ignored
[21.748s] Level 1:colcon.colcon_core.package_identification:_identify(log) by extensions ['ignore', 'ignore_ament_install']
[21.748s] Level 1:colcon.colcon_core.package_identification:_identify(log) by extension 'ignore'
[21.748s] Level 1:colcon.colcon_core.package_identification:_identify(log) ignored
[21.748s] Level 1:colcon.colcon_core.package_identification:_identify(my_package) by extensions ['ignore', 'ignore_ament_install']
[21.748s] Level 1:colcon.colcon_core.package_identification:_identify(my_package) by extension 'ignore'
[21.748s] Level 1:colcon.colcon_core.package_identification:_identify(my_package) by extension 'ignore_ament_install'
[21.748s] Level 1:colcon.colcon_core.package_identification:_identify(my_package) by extensions ['colcon_pkg']
[21.748s] Level 1:colcon.colcon_core.package_identification:_identify(my_package) by extension 'colcon_pkg'
[21.748s] Level 1:colcon.colcon_core.package_identification:_identify(my_package) by extensions ['colcon_meta']
[21.749s] Level 1:colcon.colcon_core.package_identification:_identify(my_package) by extension 'colcon_meta'
[21.749s] Level 1:colcon.colcon_core.package_identification:_identify(my_package) by extensions ['ros']
[21.749s] Level 1:colcon.colcon_core.package_identification:_identify(my_package) by extension 'ros'
[21.758s] DEBUG:colcon.colcon_core.package_identification:Package 'my_package' with type 'ros.ament_python' and name 'my_package'
[21.766s] Level 1:colcon.colcon_core.package_discovery:discover_packages(recursive) using defaults
[21.766s] Level 1:colcon.colcon_core.package_discovery:discover_packages(ignore) discover
[21.766s] Level 1:colcon.colcon_core.package_discovery:discover_packages(ignore) using defaults
[21.766s] Level 1:colcon.colcon_core.package_discovery:discover_packages(path) discover
[21.767s] Level 1:colcon.colcon_core.package_discovery:discover_packages(path) using defaults
[23.864s] Level 1:colcon.colcon_core.package_discovery:discover_packages(prefix_path) check parameters
[23.864s] Level 1:colcon.colcon_core.package_discovery:discover_packages(prefix_path) discover
[24.241s] Level 1:colcon.colcon_core.package_discovery:discover_packages(prefix_path) using defaults
[25.098s] Level 5:colcon.colcon_core.verb:set package 'my_package' build argument 'cmake_args' from command line to 'None'
[25.098s] Level 5:colcon.colcon_core.verb:set package 'my_package' build argument 'cmake_target' from command line to 'None'
[25.099s] Level 5:colcon.colcon_core.verb:set package 'my_package' build argument 'cmake_target_skip_unavailable' from command line to 'False'
[25.099s] Level 5:colcon.colcon_core.verb:set package 'my_package' build argument 'cmake_clean_cache' from command line to 'False'
[25.099s] Level 5:colcon.colcon_core.verb:set package 'my_package' build argument 'cmake_clean_first' from command line to 'False'
[25.099s] Level 5:colcon.colcon_core.verb:set package 'my_package' build argument 'cmake_force_configure' from command line to 'False'
[25.099s] Level 5:colcon.colcon_core.verb:set package 'my_package' build argument 'ament_cmake_args' from command line to 'None'
[25.099s] Level 5:colcon.colcon_core.verb:set package 'my_package' build argument 'catkin_cmake_args' from command line to 'None'
[25.099s] Level 5:colcon.colcon_core.verb:set package 'my_package' build argument 'catkin_skip_building_tests' from command line to 'False'
[25.099s] DEBUG:colcon.colcon_core.verb:Building package 'my_package' with the following arguments: {'ament_cmake_args': None, 'build_base': '/home/suho/final/build/my_package', 'catkin_cmake_args': None, 'catkin_skip_building_tests': False, 'cmake_args': None, 'cmake_clean_cache': False, 'cmake_clean_first': False, 'cmake_force_configure': False, 'cmake_target': None, 'cmake_target_skip_unavailable': False, 'install_base': '/home/suho/final/install/my_package', 'merge_install': False, 'path': '/home/suho/final/my_package', 'symlink_install': False, 'test_result_base': None}
[25.417s] INFO:colcon.colcon_core.executor:Executing jobs using 'parallel' executor
[25.909s] DEBUG:colcon.colcon_parallel_executor.executor.parallel:run_until_complete
[25.909s] INFO:colcon.colcon_ros.task.ament_python.build:Building ROS package in '/home/suho/final/my_package' with build type 'ament_python'
[25.910s] Level 1:colcon.colcon_core.shell:create_environment_hook('my_package', 'ament_prefix_path')
[26.637s] INFO:colcon.colcon_core.plugin_system:Skipping extension 'colcon_core.shell.bat': Not used on non-Windows systems
[26.638s] INFO:colcon.colcon_core.shell:Creating environment hook '/home/suho/final/install/my_package/share/my_package/hook/ament_prefix_path.ps1'
[26.648s] INFO:colcon.colcon_core.shell:Creating environment descriptor '/home/suho/final/install/my_package/share/my_package/hook/ament_prefix_path.dsv'
[26.660s] INFO:colcon.colcon_core.shell:Creating environment hook '/home/suho/final/install/my_package/share/my_package/hook/ament_prefix_path.sh'
[27.312s] INFO:colcon.colcon_core.shell:Skip shell extension 'powershell' for command environment: Not usable outside of PowerShell
[27.313s] DEBUG:colcon.colcon_core.shell:Skip shell extension 'dsv' for command environment
[29.277s] INFO:colcon.colcon_core.task.python.build:Building Python package in '/home/suho/final/my_package'
[29.843s] INFO:colcon.colcon_core.shell:Skip shell extension 'powershell' for command environment: Not usable outside of PowerShell
[29.847s] DEBUG:colcon.colcon_core.shell:Skip shell extension 'dsv' for command environment
[32.609s] DEBUG:colcon.colcon_core.event_handler.log_command:Invoking command in '/home/suho/final/my_package': PYTHONPATH=/home/suho/final/build/my_package/prefix_override:/home/suho/final/install/my_package/lib/python3.8/site-packages: /usr/bin/python3 setup.py egg_info --egg-base ../build/my_package build --build-base /home/suho/final/build/my_package/build install --record /home/suho/final/build/my_package/install.log --install-scripts $base/lib/my_package --single-version-externally-managed
[34.673s] DEBUG:colcon.colcon_core.event_handler.log_command:Invoked command in '/home/suho/final/my_package' returned '0': PYTHONPATH=/home/suho/final/build/my_package/prefix_override:/home/suho/final/install/my_package/lib/python3.8/site-packages: /usr/bin/python3 setup.py egg_info --egg-base ../build/my_package build --build-base /home/suho/final/build/my_package/build install --record /home/suho/final/build/my_package/install.log --install-scripts $base/lib/my_package --single-version-externally-managed
[35.287s] Level 1:colcon.colcon_core.environment:checking '/home/suho/final/install/my_package' for CMake module files
[35.288s] Level 1:colcon.colcon_core.environment:checking '/home/suho/final/install/my_package' for CMake config files
[35.289s] Level 1:colcon.colcon_core.environment:checking '/home/suho/final/install/my_package/lib'
[35.294s] Level 1:colcon.colcon_core.environment:checking '/home/suho/final/install/my_package/bin'
[35.303s] Level 1:colcon.colcon_core.environment:checking '/home/suho/final/install/my_package/lib/pkgconfig/my_package.pc'
[35.303s] Level 1:colcon.colcon_core.environment:checking '/home/suho/final/install/my_package/lib/python3.8/site-packages'
[35.307s] Level 1:colcon.colcon_core.shell:create_environment_hook('my_package', 'pythonpath')
[35.829s] INFO:colcon.colcon_core.shell:Creating environment hook '/home/suho/final/install/my_package/share/my_package/hook/pythonpath.ps1'
[35.858s] INFO:colcon.colcon_core.shell:Creating environment descriptor '/home/suho/final/install/my_package/share/my_package/hook/pythonpath.dsv'
[35.865s] INFO:colcon.colcon_core.shell:Creating environment hook '/home/suho/final/install/my_package/share/my_package/hook/pythonpath.sh'
[35.878s] Level 1:colcon.colcon_core.environment:checking '/home/suho/final/install/my_package/bin'
[35.878s] Level 1:colcon.colcon_core.environment:create_environment_scripts_only(my_package)
[36.470s] INFO:colcon.colcon_core.shell:Creating package script '/home/suho/final/install/my_package/share/my_package/package.ps1'
[36.475s] INFO:colcon.colcon_core.shell:Creating package descriptor '/home/suho/final/install/my_package/share/my_package/package.dsv'
[36.481s] INFO:colcon.colcon_core.shell:Creating package script '/home/suho/final/install/my_package/share/my_package/package.sh'
[36.519s] INFO:colcon.colcon_core.shell:Creating package script '/home/suho/final/install/my_package/share/my_package/package.bash'
[36.527s] INFO:colcon.colcon_core.shell:Creating package script '/home/suho/final/install/my_package/share/my_package/package.zsh'
[36.539s] Level 1:colcon.colcon_core.environment:create_file_with_runtime_dependencies(/home/suho/final/install/my_package/share/colcon-core/packages/my_package)
[36.555s] DEBUG:colcon.colcon_parallel_executor.executor.parallel:closing loop
[36.564s] DEBUG:colcon.colcon_parallel_executor.executor.parallel:loop closed
[36.564s] DEBUG:colcon.colcon_parallel_executor.executor.parallel:run_until_complete finished with '0'
[36.564s] DEBUG:colcon.colcon_core.event_reactor:joining thread
[37.051s] INFO:colcon.colcon_core.plugin_system:Skipping extension 'colcon_notification.desktop_notification.terminal_notifier': Not used on non-Darwin systems
[37.052s] INFO:colcon.colcon_core.plugin_system:Skipping extension 'colcon_notification.desktop_notification.win32': Not used on non-Windows systems
[37.052s] INFO:colcon.colcon_notification.desktop_notification:Sending desktop notification using 'notify2'
[37.418s] DEBUG:colcon.colcon_core.event_reactor:joined thread
[37.756s] INFO:colcon.colcon_core.shell:Creating prefix script '/home/suho/final/install/local_setup.ps1'
[37.763s] INFO:colcon.colcon_core.shell:Creating prefix util module '/home/suho/final/install/_local_setup_util_ps1.py'
[37.768s] INFO:colcon.colcon_core.shell:Creating prefix chain script '/home/suho/final/install/setup.ps1'
[38.117s] INFO:colcon.colcon_core.shell:Creating prefix script '/home/suho/final/install/local_setup.sh'
[38.137s] INFO:colcon.colcon_core.shell:Creating prefix util module '/home/suho/final/install/_local_setup_util_sh.py'
[38.144s] INFO:colcon.colcon_core.shell:Creating prefix chain script '/home/suho/final/install/setup.sh'
[38.486s] INFO:colcon.colcon_core.shell:Creating prefix script '/home/suho/final/install/local_setup.bash'
[38.499s] INFO:colcon.colcon_core.shell:Creating prefix chain script '/home/suho/final/install/setup.bash'
[38.837s] INFO:colcon.colcon_core.shell:Creating prefix script '/home/suho/final/install/local_setup.zsh'
[38.868s] INFO:colcon.colcon_core.shell:Creating prefix chain script '/home/suho/final/install/setup.zsh'
