[20.953s] Invoking command in '/home/suho/final/my_package': PYTHONPATH=/home/suho/final/build/my_package/prefix_override:/home/suho/final/install/my_package/lib/python3.8/site-packages:${PYTHONPATH} /usr/bin/python3 setup.py egg_info --egg-base ../build/my_package build --build-base /home/suho/final/build/my_package/build install --record /home/suho/final/build/my_package/install.log --install-scripts $base/lib/my_package --single-version-externally-managed
[23.186s] running egg_info
[23.196s] writing ../build/my_package/my_package.egg-info/PKG-INFO
[23.321s] writing dependency_links to ../build/my_package/my_package.egg-info/dependency_links.txt
[23.326s] writing entry points to ../build/my_package/my_package.egg-info/entry_points.txt
[23.326s] writing requirements to ../build/my_package/my_package.egg-info/requires.txt
[23.326s] writing top-level names to ../build/my_package/my_package.egg-info/top_level.txt
[23.623s] reading manifest file '../build/my_package/my_package.egg-info/SOURCES.txt'
[23.623s] writing manifest file '../build/my_package/my_package.egg-info/SOURCES.txt'
[23.640s] running build
[23.640s] running build_py
[23.641s] copying my_package/motor_node.py -> /home/suho/final/build/my_package/build/lib/my_package
[23.641s] copying my_package/monitor_node.py -> /home/suho/final/build/my_package/build/lib/my_package
[23.642s] copying my_package/control_node.py -> /home/suho/final/build/my_package/build/lib/my_package
[23.649s] running install
[23.655s] running install_lib
[23.655s] copying /home/suho/final/build/my_package/build/lib/my_package/motor_node.py -> /home/suho/final/install/my_package/lib/python3.8/site-packages/my_package
[23.718s] copying /home/suho/final/build/my_package/build/lib/my_package/monitor_node.py -> /home/suho/final/install/my_package/lib/python3.8/site-packages/my_package
[23.718s] copying /home/suho/final/build/my_package/build/lib/my_package/control_node.py -> /home/suho/final/install/my_package/lib/python3.8/site-packages/my_package
[23.718s] byte-compiling /home/suho/final/install/my_package/lib/python3.8/site-packages/my_package/motor_node.py to motor_node.cpython-38.pyc
[23.718s] byte-compiling /home/suho/final/install/my_package/lib/python3.8/site-packages/my_package/monitor_node.py to monitor_node.cpython-38.pyc
[23.719s] byte-compiling /home/suho/final/install/my_package/lib/python3.8/site-packages/my_package/control_node.py to control_node.cpython-38.pyc
[23.719s] running install_data
[23.750s] running install_egg_info
[23.843s] removing '/home/suho/final/install/my_package/lib/python3.8/site-packages/my_package-0.0.0-py3.8.egg-info' (and everything under it)
[23.845s] Copying ../build/my_package/my_package.egg-info to /home/suho/final/install/my_package/lib/python3.8/site-packages/my_package-0.0.0-py3.8.egg-info
[23.887s] running install_scripts
[24.052s] Installing control_node script to /home/suho/final/install/my_package/lib/my_package
[24.084s] Installing flask_node script to /home/suho/final/install/my_package/lib/my_package
[24.098s] Installing monitor_node script to /home/suho/final/install/my_package/lib/my_package
[24.134s] Installing motor_node script to /home/suho/final/install/my_package/lib/my_package
[24.159s] Installing sensor_node script to /home/suho/final/install/my_package/lib/my_package
[24.159s] writing list of installed files to '/home/suho/final/build/my_package/install.log'
[24.381s] Invoked command in '/home/suho/final/my_package' returned '0': PYTHONPATH=/home/suho/final/build/my_package/prefix_override:/home/suho/final/install/my_package/lib/python3.8/site-packages:${PYTHONPATH} /usr/bin/python3 setup.py egg_info --egg-base ../build/my_package build --build-base /home/suho/final/build/my_package/build install --record /home/suho/final/build/my_package/install.log --install-scripts $base/lib/my_package --single-version-externally-managed
