[16.075s] DEBUG:colcon:Command line arguments: ['/usr/bin/colcon', 'build']
[16.076s] DEBUG:colcon:Parsed command line arguments: Namespace(allow_overriding=[], ament_cmake_args=None, base_paths=['.'], build_base='build', catkin_cmake_args=None, catkin_skip_building_tests=False, cmake_args=None, cmake_clean_cache=False, cmake_clean_first=False, cmake_force_configure=False, cmake_target=None, cmake_target_skip_unavailable=False, continue_on_error=False, event_handlers=None, executor='parallel', ignore_user_meta=False, install_base='install', log_base=None, log_level=None, main=<bound method BuildVerb.main of <colcon_core.verb.build.BuildVerb object at 0x7efc20536670>>, merge_install=False, metas=['./colcon.meta'], packages_above=None, packages_above_and_dependencies=None, packages_above_depth=None, packages_end=None, packages_ignore=None, packages_ignore_regex=None, packages_select=None, packages_select_build_failed=False, packages_select_by_dep=None, packages_select_regex=None, packages_select_test_failures=False, packages_skip=None, packages_skip_build_finished=False, packages_skip_by_dep=None, packages_skip_regex=None, packages_skip_test_passed=False, packages_skip_up_to=None, packages_start=None, packages_up_to=None, packages_up_to_regex=None, parallel_workers=6, paths=None, symlink_install=False, test_result_base=None, verb_extension=<colcon_core.verb.build.BuildVerb object at 0x7efc20536670>, verb_name='build', verb_parser=<colcon_defaults.argument_parser.defaults.DefaultArgumentsDecorator object at 0x7efc2010a6a0>)
[16.810s] Level 1:colcon.colcon_core.package_discovery:discover_packages(colcon_meta) check parameters
[16.812s] Level 1:colcon.colcon_core.package_discovery:discover_packages(recursive) check parameters
[16.812s] Level 1:colcon.colcon_core.package_discovery:discover_packages(ignore) check parameters
[16.812s] Level 1:colcon.colcon_core.package_discovery:discover_packages(path) check parameters
[16.812s] Level 1:colcon.colcon_core.package_discovery:discover_packages(colcon_meta) discover
[16.813s] Level 1:colcon.colcon_core.package_discovery:discover_packages(recursive) discover
[16.813s] INFO:colcon.colcon_core.package_discovery:Crawling recursively for packages in '/home/suho/final'
[16.813s] Level 1:colcon.colcon_core.package_identification:_identify(.) by extensions ['ignore', 'ignore_ament_install']
[16.813s] Level 1:colcon.colcon_core.package_identification:_identify(.) by extension 'ignore'
[16.813s] Level 1:colcon.colcon_core.package_identification:_identify(.) by extension 'ignore_ament_install'
[16.814s] Level 1:colcon.colcon_core.package_identification:_identify(.) by extensions ['colcon_pkg']
[16.814s] Level 1:colcon.colcon_core.package_identification:_identify(.) by extension 'colcon_pkg'
[16.820s] Level 1:colcon.colcon_core.package_identification:_identify(.) by extensions ['colcon_meta']
[16.820s] Level 1:colcon.colcon_core.package_identification:_identify(.) by extension 'colcon_meta'
[16.820s] Level 1:colcon.colcon_core.package_identification:_identify(.) by extensions ['ros']
[16.820s] Level 1:colcon.colcon_core.package_identification:_identify(.) by extension 'ros'
[16.858s] Level 1:colcon.colcon_core.package_identification:_identify(.) by extensions ['cmake', 'python']
[16.858s] Level 1:colcon.colcon_core.package_identification:_identify(.) by extension 'cmake'
[16.859s] Level 1:colcon.colcon_core.package_identification:_identify(.) by extension 'python'
[16.859s] Level 1:colcon.colcon_core.package_identification:_identify(.) by extensions ['python_setup_py']
[16.859s] Level 1:colcon.colcon_core.package_identification:_identify(.) by extension 'python_setup_py'
[16.859s] Level 1:colcon.colcon_core.package_identification:_identify(build) by extensions ['ignore', 'ignore_ament_install']
[16.860s] Level 1:colcon.colcon_core.package_identification:_identify(build) by extension 'ignore'
[16.860s] Level 1:colcon.colcon_core.package_identification:_identify(build) ignored
[16.862s] Level 1:colcon.colcon_core.package_identification:_identify(install) by extensions ['ignore', 'ignore_ament_install']
[16.862s] Level 1:colcon.colcon_core.package_identification:_identify(install) by extension 'ignore'
[16.862s] Level 1:colcon.colcon_core.package_identification:_identify(install) ignored
[16.863s] Level 1:colcon.colcon_core.package_identification:_identify(log) by extensions ['ignore', 'ignore_ament_install']
[16.863s] Level 1:colcon.colcon_core.package_identification:_identify(log) by extension 'ignore'
[16.863s] Level 1:colcon.colcon_core.package_identification:_identify(log) ignored
[16.863s] Level 1:colcon.colcon_core.package_identification:_identify(my_package) by extensions ['ignore', 'ignore_ament_install']
[16.863s] Level 1:colcon.colcon_core.package_identification:_identify(my_package) by extension 'ignore'
[16.863s] Level 1:colcon.colcon_core.package_identification:_identify(my_package) by extension 'ignore_ament_install'
[16.864s] Level 1:colcon.colcon_core.package_identification:_identify(my_package) by extensions ['colcon_pkg']
[16.871s] Level 1:colcon.colcon_core.package_identification:_identify(my_package) by extension 'colcon_pkg'
[16.871s] Level 1:colcon.colcon_core.package_identification:_identify(my_package) by extensions ['colcon_meta']
[16.871s] Level 1:colcon.colcon_core.package_identification:_identify(my_package) by extension 'colcon_meta'
[16.871s] Level 1:colcon.colcon_core.package_identification:_identify(my_package) by extensions ['ros']
[16.872s] Level 1:colcon.colcon_core.package_identification:_identify(my_package) by extension 'ros'
[16.877s] DEBUG:colcon.colcon_core.package_identification:Package 'my_package' with type 'ros.ament_python' and name 'my_package'
[16.879s] Level 1:colcon.colcon_core.package_discovery:discover_packages(recursive) using defaults
[16.879s] Level 1:colcon.colcon_core.package_discovery:discover_packages(ignore) discover
[16.879s] Level 1:colcon.colcon_core.package_discovery:discover_packages(ignore) using defaults
[16.879s] Level 1:colcon.colcon_core.package_discovery:discover_packages(path) discover
[16.880s] Level 1:colcon.colcon_core.package_discovery:discover_packages(path) using defaults
[18.314s] Level 1:colcon.colcon_core.package_discovery:discover_packages(prefix_path) check parameters
[18.316s] Level 1:colcon.colcon_core.package_discovery:discover_packages(prefix_path) discover
[18.928s] DEBUG:colcon.colcon_installed_package_information.package_discovery:Found 2 installed packages in /home/suho/gcamp_ros2_ws/install
[19.202s] DEBUG:colcon.colcon_installed_package_information.package_discovery:Found 307 installed packages in /opt/ros/foxy
[19.208s] Level 1:colcon.colcon_core.package_discovery:discover_packages(prefix_path) using defaults
[20.022s] Level 5:colcon.colcon_core.verb:set package 'my_package' build argument 'cmake_args' from command line to 'None'
[20.023s] Level 5:colcon.colcon_core.verb:set package 'my_package' build argument 'cmake_target' from command line to 'None'
[20.023s] Level 5:colcon.colcon_core.verb:set package 'my_package' build argument 'cmake_target_skip_unavailable' from command line to 'False'
[20.024s] Level 5:colcon.colcon_core.verb:set package 'my_package' build argument 'cmake_clean_cache' from command line to 'False'
[20.024s] Level 5:colcon.colcon_core.verb:set package 'my_package' build argument 'cmake_clean_first' from command line to 'False'
[20.024s] Level 5:colcon.colcon_core.verb:set package 'my_package' build argument 'cmake_force_configure' from command line to 'False'
[20.024s] Level 5:colcon.colcon_core.verb:set package 'my_package' build argument 'ament_cmake_args' from command line to 'None'
[20.024s] Level 5:colcon.colcon_core.verb:set package 'my_package' build argument 'catkin_cmake_args' from command line to 'None'
[20.024s] Level 5:colcon.colcon_core.verb:set package 'my_package' build argument 'catkin_skip_building_tests' from command line to 'False'
[20.025s] DEBUG:colcon.colcon_core.verb:Building package 'my_package' with the following arguments: {'ament_cmake_args': None, 'build_base': '/home/suho/final/build/my_package', 'catkin_cmake_args': None, 'catkin_skip_building_tests': False, 'cmake_args': None, 'cmake_clean_cache': False, 'cmake_clean_first': False, 'cmake_force_configure': False, 'cmake_target': None, 'cmake_target_skip_unavailable': False, 'install_base': '/home/suho/final/install/my_package', 'merge_install': False, 'path': '/home/suho/final/my_package', 'symlink_install': False, 'test_result_base': None}
[20.289s] INFO:colcon.colcon_core.executor:Executing jobs using 'parallel' executor
[20.603s] DEBUG:colcon.colcon_parallel_executor.executor.parallel:run_until_complete
[20.607s] INFO:colcon.colcon_ros.task.ament_python.build:Building ROS package in '/home/suho/final/my_package' with build type 'ament_python'
[20.617s] Level 1:colcon.colcon_core.shell:create_environment_hook('my_package', 'ament_prefix_path')
[21.356s] INFO:colcon.colcon_core.plugin_system:Skipping extension 'colcon_core.shell.bat': Not used on non-Windows systems
[21.365s] INFO:colcon.colcon_core.shell:Creating environment hook '/home/suho/final/install/my_package/share/my_package/hook/ament_prefix_path.ps1'
[21.383s] INFO:colcon.colcon_core.shell:Creating environment descriptor '/home/suho/final/install/my_package/share/my_package/hook/ament_prefix_path.dsv'
[21.394s] INFO:colcon.colcon_core.shell:Creating environment hook '/home/suho/final/install/my_package/share/my_package/hook/ament_prefix_path.sh'
[22.186s] INFO:colcon.colcon_core.shell:Skip shell extension 'powershell' for command environment: Not usable outside of PowerShell
[22.187s] DEBUG:colcon.colcon_core.shell:Skip shell extension 'dsv' for command environment
[24.656s] INFO:colcon.colcon_core.task.python.build:Building Python package in '/home/suho/final/my_package'
[25.203s] INFO:colcon.colcon_core.shell:Skip shell extension 'powershell' for command environment: Not usable outside of PowerShell
[25.204s] DEBUG:colcon.colcon_core.shell:Skip shell extension 'dsv' for command environment
[29.042s] DEBUG:colcon.colcon_core.event_handler.log_command:Invoking command in '/home/suho/final/my_package': PYTHONPATH=/home/suho/final/build/my_package/prefix_override:/home/suho/final/install/my_package/lib/python3.8/site-packages:${PYTHONPATH} /usr/bin/python3 setup.py egg_info --egg-base ../build/my_package build --build-base /home/suho/final/build/my_package/build install --record /home/suho/final/build/my_package/install.log --install-scripts $base/lib/my_package --single-version-externally-managed
[31.173s] DEBUG:colcon.colcon_core.event_handler.log_command:Invoked command in '/home/suho/final/my_package' returned '0': PYTHONPATH=/home/suho/final/build/my_package/prefix_override:/home/suho/final/install/my_package/lib/python3.8/site-packages:${PYTHONPATH} /usr/bin/python3 setup.py egg_info --egg-base ../build/my_package build --build-base /home/suho/final/build/my_package/build install --record /home/suho/final/build/my_package/install.log --install-scripts $base/lib/my_package --single-version-externally-managed
[31.653s] Level 1:colcon.colcon_core.environment:checking '/home/suho/final/install/my_package' for CMake module files
[31.655s] Level 1:colcon.colcon_core.environment:checking '/home/suho/final/install/my_package' for CMake config files
[31.657s] Level 1:colcon.colcon_core.environment:checking '/home/suho/final/install/my_package/lib'
[31.657s] Level 1:colcon.colcon_core.environment:checking '/home/suho/final/install/my_package/bin'
[31.664s] Level 1:colcon.colcon_core.environment:checking '/home/suho/final/install/my_package/lib/pkgconfig/my_package.pc'
[31.665s] Level 1:colcon.colcon_core.environment:checking '/home/suho/final/install/my_package/lib/python3.8/site-packages'
[31.665s] Level 1:colcon.colcon_core.shell:create_environment_hook('my_package', 'pythonpath')
[32.316s] INFO:colcon.colcon_core.shell:Creating environment hook '/home/suho/final/install/my_package/share/my_package/hook/pythonpath.ps1'
[32.344s] INFO:colcon.colcon_core.shell:Creating environment descriptor '/home/suho/final/install/my_package/share/my_package/hook/pythonpath.dsv'
[32.368s] INFO:colcon.colcon_core.shell:Creating environment hook '/home/suho/final/install/my_package/share/my_package/hook/pythonpath.sh'
[32.402s] Level 1:colcon.colcon_core.environment:checking '/home/suho/final/install/my_package/bin'
[32.403s] Level 1:colcon.colcon_core.environment:create_environment_scripts_only(my_package)
[33.216s] INFO:colcon.colcon_core.shell:Creating package script '/home/suho/final/install/my_package/share/my_package/package.ps1'
[33.234s] INFO:colcon.colcon_core.shell:Creating package descriptor '/home/suho/final/install/my_package/share/my_package/package.dsv'
[33.249s] INFO:colcon.colcon_core.shell:Creating package script '/home/suho/final/install/my_package/share/my_package/package.sh'
[33.259s] INFO:colcon.colcon_core.shell:Creating package script '/home/suho/final/install/my_package/share/my_package/package.bash'
[33.274s] INFO:colcon.colcon_core.shell:Creating package script '/home/suho/final/install/my_package/share/my_package/package.zsh'
[33.283s] Level 1:colcon.colcon_core.environment:create_file_with_runtime_dependencies(/home/suho/final/install/my_package/share/colcon-core/packages/my_package)
[33.293s] DEBUG:colcon.colcon_parallel_executor.executor.parallel:closing loop
[33.314s] DEBUG:colcon.colcon_parallel_executor.executor.parallel:loop closed
[33.334s] DEBUG:colcon.colcon_parallel_executor.executor.parallel:run_until_complete finished with '0'
[33.335s] DEBUG:colcon.colcon_core.event_reactor:joining thread
[33.683s] INFO:colcon.colcon_core.plugin_system:Skipping extension 'colcon_notification.desktop_notification.terminal_notifier': Not used on non-Darwin systems
[33.684s] INFO:colcon.colcon_core.plugin_system:Skipping extension 'colcon_notification.desktop_notification.win32': Not used on non-Windows systems
[33.684s] INFO:colcon.colcon_notification.desktop_notification:Sending desktop notification using 'notify2'
[33.832s] DEBUG:colcon.colcon_core.event_reactor:joined thread
[34.099s] INFO:colcon.colcon_core.shell:Creating prefix script '/home/suho/final/install/local_setup.ps1'
[34.102s] INFO:colcon.colcon_core.shell:Creating prefix util module '/home/suho/final/install/_local_setup_util_ps1.py'
[34.233s] INFO:colcon.colcon_core.shell:Creating prefix chain script '/home/suho/final/install/setup.ps1'
[34.728s] INFO:colcon.colcon_core.shell:Creating prefix script '/home/suho/final/install/local_setup.sh'
[34.749s] INFO:colcon.colcon_core.shell:Creating prefix util module '/home/suho/final/install/_local_setup_util_sh.py'
[34.752s] INFO:colcon.colcon_core.shell:Creating prefix chain script '/home/suho/final/install/setup.sh'
[35.027s] INFO:colcon.colcon_core.shell:Creating prefix script '/home/suho/final/install/local_setup.bash'
[35.031s] INFO:colcon.colcon_core.shell:Creating prefix chain script '/home/suho/final/install/setup.bash'
[35.342s] INFO:colcon.colcon_core.shell:Creating prefix script '/home/suho/final/install/local_setup.zsh'
[35.351s] INFO:colcon.colcon_core.shell:Creating prefix chain script '/home/suho/final/install/setup.zsh'
