[9.383s] Invoking command in '/home/suho/final/my_package': PYTHONPATH=/home/suho/final/build/my_package/prefix_override:/home/suho/final/install/my_package/lib/python3.8/site-packages:${PYTHONPATH} /usr/bin/python3 setup.py egg_info --egg-base ../build/my_package build --build-base /home/suho/final/build/my_package/build install --record /home/suho/final/build/my_package/install.log --install-scripts $base/lib/my_package --single-version-externally-managed
[10.402s] running egg_info
[10.403s] writing ../build/my_package/my_package.egg-info/PKG-INFO
[10.404s] writing dependency_links to ../build/my_package/my_package.egg-info/dependency_links.txt
[10.450s] writing entry points to ../build/my_package/my_package.egg-info/entry_points.txt
[10.451s] writing requirements to ../build/my_package/my_package.egg-info/requires.txt
[10.493s] writing top-level names to ../build/my_package/my_package.egg-info/top_level.txt
[10.631s] reading manifest file '../build/my_package/my_package.egg-info/SOURCES.txt'
[10.671s] writing manifest file '../build/my_package/my_package.egg-info/SOURCES.txt'
[10.671s] running build
[10.671s] running build_py
[10.671s] copying my_package/flask_node.py -> /home/suho/final/build/my_package/build/lib/my_package
[10.685s] running install
[10.686s] running install_lib
[10.703s] copying /home/suho/final/build/my_package/build/lib/my_package/flask_node.py -> /home/suho/final/install/my_package/lib/python3.8/site-packages/my_package
[10.745s] byte-compiling /home/suho/final/install/my_package/lib/python3.8/site-packages/my_package/flask_node.py to flask_node.cpython-38.pyc
[10.747s] running install_data
[10.751s] running install_egg_info
[10.764s] removing '/home/suho/final/install/my_package/lib/python3.8/site-packages/my_package-0.0.0-py3.8.egg-info' (and everything under it)
[10.767s] Copying ../build/my_package/my_package.egg-info to /home/suho/final/install/my_package/lib/python3.8/site-packages/my_package-0.0.0-py3.8.egg-info
[10.770s] running install_scripts
[10.823s] Installing control_node script to /home/suho/final/install/my_package/lib/my_package
[10.847s] Installing flask_node script to /home/suho/final/install/my_package/lib/my_package
[10.847s] Installing monitor_node script to /home/suho/final/install/my_package/lib/my_package
[10.871s] Installing motor_node script to /home/suho/final/install/my_package/lib/my_package
[10.872s] Installing sensor_node script to /home/suho/final/install/my_package/lib/my_package
[10.905s] writing list of installed files to '/home/suho/final/build/my_package/install.log'
[11.004s] Invoked command in '/home/suho/final/my_package' returned '0': PYTHONPATH=/home/suho/final/build/my_package/prefix_override:/home/suho/final/install/my_package/lib/python3.8/site-packages:${PYTHONPATH} /usr/bin/python3 setup.py egg_info --egg-base ../build/my_package build --build-base /home/suho/final/build/my_package/build install --record /home/suho/final/build/my_package/install.log --install-scripts $base/lib/my_package --single-version-externally-managed
