[7.306s] Invoking command in '/home/suho/final/my_package': PYTHONPATH=/home/suho/final/build/my_package/prefix_override:/home/suho/final/install/my_package/lib/python3.8/site-packages:${PYTHONPATH} /usr/bin/python3 setup.py egg_info --egg-base ../build/my_package build --build-base /home/suho/final/build/my_package/build install --record /home/suho/final/build/my_package/install.log --install-scripts $base/lib/my_package --single-version-externally-managed
[8.096s] running egg_info
[8.100s] writing ../build/my_package/my_package.egg-info/PKG-INFO
[8.167s] writing dependency_links to ../build/my_package/my_package.egg-info/dependency_links.txt
[8.198s] writing entry points to ../build/my_package/my_package.egg-info/entry_points.txt
[8.198s] writing requirements to ../build/my_package/my_package.egg-info/requires.txt
[8.247s] writing top-level names to ../build/my_package/my_package.egg-info/top_level.txt
[8.536s] reading manifest file '../build/my_package/my_package.egg-info/SOURCES.txt'
[8.536s] writing manifest file '../build/my_package/my_package.egg-info/SOURCES.txt'
[8.588s] running build
[8.589s] running build_py
[8.595s] copying my_package/sensor_node.py -> /home/suho/final/build/my_package/build/lib/my_package
[8.600s] running install
[8.601s] running install_lib
[8.602s] copying /home/suho/final/build/my_package/build/lib/my_package/sensor_node.py -> /home/suho/final/install/my_package/lib/python3.8/site-packages/my_package
[8.607s] byte-compiling /home/suho/final/install/my_package/lib/python3.8/site-packages/my_package/sensor_node.py to sensor_node.cpython-38.pyc
[8.631s] running install_data
[8.634s] running install_egg_info
[8.639s] removing '/home/suho/final/install/my_package/lib/python3.8/site-packages/my_package-0.0.0-py3.8.egg-info' (and everything under it)
[8.640s] Copying ../build/my_package/my_package.egg-info to /home/suho/final/install/my_package/lib/python3.8/site-packages/my_package-0.0.0-py3.8.egg-info
[8.674s] running install_scripts
[8.772s] Installing control_node script to /home/suho/final/install/my_package/lib/my_package
[8.793s] Installing flask_node script to /home/suho/final/install/my_package/lib/my_package
[8.793s] Installing monitor_node script to /home/suho/final/install/my_package/lib/my_package
[8.841s] Installing motor_node script to /home/suho/final/install/my_package/lib/my_package
[8.866s] Installing sensor_node script to /home/suho/final/install/my_package/lib/my_package
[8.866s] writing list of installed files to '/home/suho/final/build/my_package/install.log'
[8.957s] Invoked command in '/home/suho/final/my_package' returned '0': PYTHONPATH=/home/suho/final/build/my_package/prefix_override:/home/suho/final/install/my_package/lib/python3.8/site-packages:${PYTHONPATH} /usr/bin/python3 setup.py egg_info --egg-base ../build/my_package build --build-base /home/suho/final/build/my_package/build install --record /home/suho/final/build/my_package/install.log --install-scripts $base/lib/my_package --single-version-externally-managed
