[11.343s] Invoking command in '/home/suho/final/my_package': PYTHONPATH=/home/suho/final/build/my_package/prefix_override:/home/suho/final/install/my_package/lib/python3.8/site-packages:${PYTHONPATH} /usr/bin/python3 setup.py egg_info --egg-base ../build/my_package build --build-base /home/suho/final/build/my_package/build install --record /home/suho/final/build/my_package/install.log --install-scripts $base/lib/my_package --single-version-externally-managed
[12.620s] running egg_info
[12.648s] writing ../build/my_package/my_package.egg-info/PKG-INFO
[12.657s] writing dependency_links to ../build/my_package/my_package.egg-info/dependency_links.txt
[12.657s] writing entry points to ../build/my_package/my_package.egg-info/entry_points.txt
[12.658s] writing requirements to ../build/my_package/my_package.egg-info/requires.txt
[12.658s] writing top-level names to ../build/my_package/my_package.egg-info/top_level.txt
[12.868s] reading manifest file '../build/my_package/my_package.egg-info/SOURCES.txt'
[12.871s] writing manifest file '../build/my_package/my_package.egg-info/SOURCES.txt'
[12.875s] running build
[12.876s] running build_py
[12.890s] copying my_package/flask_node.py -> /home/suho/final/build/my_package/build/lib/my_package
[12.890s] running install
[12.890s] running install_lib
[12.902s] copying /home/suho/final/build/my_package/build/lib/my_package/flask_node.py -> /home/suho/final/install/my_package/lib/python3.8/site-packages/my_package
[12.912s] byte-compiling /home/suho/final/install/my_package/lib/python3.8/site-packages/my_package/flask_node.py to flask_node.cpython-38.pyc
[12.912s] running install_data
[12.924s] running install_egg_info
[12.972s] removing '/home/suho/final/install/my_package/lib/python3.8/site-packages/my_package-0.0.0-py3.8.egg-info' (and everything under it)
[12.972s] Copying ../build/my_package/my_package.egg-info to /home/suho/final/install/my_package/lib/python3.8/site-packages/my_package-0.0.0-py3.8.egg-info
[12.997s] running install_scripts
[13.098s] Installing control_node script to /home/suho/final/install/my_package/lib/my_package
[13.098s] Installing flask_node script to /home/suho/final/install/my_package/lib/my_package
[13.118s] Installing monitor_node script to /home/suho/final/install/my_package/lib/my_package
[13.118s] Installing motor_node script to /home/suho/final/install/my_package/lib/my_package
[13.168s] Installing sensor_node script to /home/suho/final/install/my_package/lib/my_package
[13.174s] writing list of installed files to '/home/suho/final/build/my_package/install.log'
[13.449s] Invoked command in '/home/suho/final/my_package' returned '0': PYTHONPATH=/home/suho/final/build/my_package/prefix_override:/home/suho/final/install/my_package/lib/python3.8/site-packages:${PYTHONPATH} /usr/bin/python3 setup.py egg_info --egg-base ../build/my_package build --build-base /home/suho/final/build/my_package/build install --record /home/suho/final/build/my_package/install.log --install-scripts $base/lib/my_package --single-version-externally-managed
