[4.532s] Invoking command in '/home/suho/final/my_package': PYTHONPATH=/home/suho/final/build/my_package/prefix_override:/home/suho/final/install/my_package/lib/python3.8/site-packages:${PYTHONPATH} /usr/bin/python3 setup.py egg_info --egg-base ../build/my_package build --build-base /home/suho/final/build/my_package/build install --record /home/suho/final/build/my_package/install.log --install-scripts $base/lib/my_package --single-version-externally-managed
[5.110s] running egg_info
[5.110s] writing ../build/my_package/my_package.egg-info/PKG-INFO
[5.214s] writing dependency_links to ../build/my_package/my_package.egg-info/dependency_links.txt
[5.214s] writing entry points to ../build/my_package/my_package.egg-info/entry_points.txt
[5.214s] writing requirements to ../build/my_package/my_package.egg-info/requires.txt
[5.215s] writing top-level names to ../build/my_package/my_package.egg-info/top_level.txt
[5.277s] reading manifest file '../build/my_package/my_package.egg-info/SOURCES.txt'
[5.297s] writing manifest file '../build/my_package/my_package.egg-info/SOURCES.txt'
[5.317s] running build
[5.317s] running build_py
[5.336s] copying my_package/flask_node.py -> /home/suho/final/build/my_package/build/lib/my_package
[5.337s] running install
[5.345s] running install_lib
[5.372s] copying /home/suho/final/build/my_package/build/lib/my_package/flask_node.py -> /home/suho/final/install/my_package/lib/python3.8/site-packages/my_package
[5.373s] byte-compiling /home/suho/final/install/my_package/lib/python3.8/site-packages/my_package/flask_node.py to flask_node.cpython-38.pyc
[5.382s] running install_data
[5.382s] running install_egg_info
[5.382s] removing '/home/suho/final/install/my_package/lib/python3.8/site-packages/my_package-0.0.0-py3.8.egg-info' (and everything under it)
[5.388s] Copying ../build/my_package/my_package.egg-info to /home/suho/final/install/my_package/lib/python3.8/site-packages/my_package-0.0.0-py3.8.egg-info
[5.396s] running install_scripts
[5.453s] Installing control_node script to /home/suho/final/install/my_package/lib/my_package
[5.488s] Installing flask_node script to /home/suho/final/install/my_package/lib/my_package
[5.488s] Installing monitor_node script to /home/suho/final/install/my_package/lib/my_package
[5.488s] Installing motor_node script to /home/suho/final/install/my_package/lib/my_package
[5.490s] Installing sensor_node script to /home/suho/final/install/my_package/lib/my_package
[5.490s] writing list of installed files to '/home/suho/final/build/my_package/install.log'
[5.552s] Invoked command in '/home/suho/final/my_package' returned '0': PYTHONPATH=/home/suho/final/build/my_package/prefix_override:/home/suho/final/install/my_package/lib/python3.8/site-packages:${PYTHONPATH} /usr/bin/python3 setup.py egg_info --egg-base ../build/my_package build --build-base /home/suho/final/build/my_package/build install --record /home/suho/final/build/my_package/install.log --install-scripts $base/lib/my_package --single-version-externally-managed
