[12.652s] DEBUG:colcon:Command line arguments: ['/usr/bin/colcon', 'build', '--packages-select', 'my_package']
[12.652s] DEBUG:colcon:Parsed command line arguments: Namespace(allow_overriding=[], ament_cmake_args=None, base_paths=['.'], build_base='build', catkin_cmake_args=None, catkin_skip_building_tests=False, cmake_args=None, cmake_clean_cache=False, cmake_clean_first=False, cmake_force_configure=False, cmake_target=None, cmake_target_skip_unavailable=False, continue_on_error=False, event_handlers=None, executor='parallel', ignore_user_meta=False, install_base='install', log_base=None, log_level=None, main=<bound method BuildVerb.main of <colcon_core.verb.build.BuildVerb object at 0x7f28c7524a90>>, merge_install=False, metas=['./colcon.meta'], packages_above=None, packages_above_and_dependencies=None, packages_above_depth=None, packages_end=None, packages_ignore=None, packages_ignore_regex=None, packages_select=['my_package'], packages_select_build_failed=False, packages_select_by_dep=None, packages_select_regex=None, packages_select_test_failures=False, packages_skip=None, packages_skip_build_finished=False, packages_skip_by_dep=None, packages_skip_regex=None, packages_skip_test_passed=False, packages_skip_up_to=None, packages_start=None, packages_up_to=None, packages_up_to_regex=None, parallel_workers=6, paths=None, symlink_install=False, test_result_base=None, verb_extension=<colcon_core.verb.build.BuildVerb object at 0x7f28c7524a90>, verb_name='build', verb_parser=<colcon_defaults.argument_parser.defaults.DefaultArgumentsDecorator object at 0x7f28c71fe820>)
[13.212s] Level 1:colcon.colcon_core.package_discovery:discover_packages(colcon_meta) check parameters
[13.213s] Level 1:colcon.colcon_core.package_discovery:discover_packages(recursive) check parameters
[13.214s] Level 1:colcon.colcon_core.package_discovery:discover_packages(ignore) check parameters
[13.214s] Level 1:colcon.colcon_core.package_discovery:discover_packages(path) check parameters
[13.214s] Level 1:colcon.colcon_core.package_discovery:discover_packages(colcon_meta) discover
[13.214s] Level 1:colcon.colcon_core.package_discovery:discover_packages(recursive) discover
[13.214s] INFO:colcon.colcon_core.package_discovery:Crawling recursively for packages in '/home/suho/final'
[13.215s] Level 1:colcon.colcon_core.package_identification:_identify(.) by extensions ['ignore', 'ignore_ament_install']
[13.217s] Level 1:colcon.colcon_core.package_identification:_identify(.) by extension 'ignore'
[13.219s] Level 1:colcon.colcon_core.package_identification:_identify(.) by extension 'ignore_ament_install'
[13.219s] Level 1:colcon.colcon_core.package_identification:_identify(.) by extensions ['colcon_pkg']
[13.219s] Level 1:colcon.colcon_core.package_identification:_identify(.) by extension 'colcon_pkg'
[13.221s] Level 1:colcon.colcon_core.package_identification:_identify(.) by extensions ['colcon_meta']
[13.221s] Level 1:colcon.colcon_core.package_identification:_identify(.) by extension 'colcon_meta'
[13.221s] Level 1:colcon.colcon_core.package_identification:_identify(.) by extensions ['ros']
[13.221s] Level 1:colcon.colcon_core.package_identification:_identify(.) by extension 'ros'
[13.262s] Level 1:colcon.colcon_core.package_identification:_identify(.) by extensions ['cmake', 'python']
[13.263s] Level 1:colcon.colcon_core.package_identification:_identify(.) by extension 'cmake'
[13.263s] Level 1:colcon.colcon_core.package_identification:_identify(.) by extension 'python'
[13.263s] Level 1:colcon.colcon_core.package_identification:_identify(.) by extensions ['python_setup_py']
[13.263s] Level 1:colcon.colcon_core.package_identification:_identify(.) by extension 'python_setup_py'
[13.263s] Level 1:colcon.colcon_core.package_identification:_identify(build) by extensions ['ignore', 'ignore_ament_install']
[13.264s] Level 1:colcon.colcon_core.package_identification:_identify(build) by extension 'ignore'
[13.265s] Level 1:colcon.colcon_core.package_identification:_identify(build) ignored
[13.266s] Level 1:colcon.colcon_core.package_identification:_identify(install) by extensions ['ignore', 'ignore_ament_install']
[13.267s] Level 1:colcon.colcon_core.package_identification:_identify(install) by extension 'ignore'
[13.268s] Level 1:colcon.colcon_core.package_identification:_identify(install) ignored
[13.268s] Level 1:colcon.colcon_core.package_identification:_identify(log) by extensions ['ignore', 'ignore_ament_install']
[13.269s] Level 1:colcon.colcon_core.package_identification:_identify(log) by extension 'ignore'
[13.269s] Level 1:colcon.colcon_core.package_identification:_identify(log) ignored
[13.270s] Level 1:colcon.colcon_core.package_identification:_identify(my_package) by extensions ['ignore', 'ignore_ament_install']
[13.270s] Level 1:colcon.colcon_core.package_identification:_identify(my_package) by extension 'ignore'
[13.271s] Level 1:colcon.colcon_core.package_identification:_identify(my_package) by extension 'ignore_ament_install'
[13.271s] Level 1:colcon.colcon_core.package_identification:_identify(my_package) by extensions ['colcon_pkg']
[13.271s] Level 1:colcon.colcon_core.package_identification:_identify(my_package) by extension 'colcon_pkg'
[13.271s] Level 1:colcon.colcon_core.package_identification:_identify(my_package) by extensions ['colcon_meta']
[13.272s] Level 1:colcon.colcon_core.package_identification:_identify(my_package) by extension 'colcon_meta'
[13.272s] Level 1:colcon.colcon_core.package_identification:_identify(my_package) by extensions ['ros']
[13.272s] Level 1:colcon.colcon_core.package_identification:_identify(my_package) by extension 'ros'
[13.283s] DEBUG:colcon.colcon_core.package_identification:Package 'my_package' with type 'ros.ament_python' and name 'my_package'
[13.283s] Level 1:colcon.colcon_core.package_discovery:discover_packages(recursive) using defaults
[13.283s] Level 1:colcon.colcon_core.package_discovery:discover_packages(ignore) discover
[13.283s] Level 1:colcon.colcon_core.package_discovery:discover_packages(ignore) using defaults
[13.283s] Level 1:colcon.colcon_core.package_discovery:discover_packages(path) discover
[13.284s] Level 1:colcon.colcon_core.package_discovery:discover_packages(path) using defaults
[14.813s] Level 1:colcon.colcon_core.package_discovery:discover_packages(prefix_path) check parameters
[14.813s] Level 1:colcon.colcon_core.package_discovery:discover_packages(prefix_path) discover
[15.016s] Level 1:colcon.colcon_core.package_discovery:discover_packages(prefix_path) using defaults
[15.437s] Level 5:colcon.colcon_core.verb:set package 'my_package' build argument 'cmake_args' from command line to 'None'
[15.437s] Level 5:colcon.colcon_core.verb:set package 'my_package' build argument 'cmake_target' from command line to 'None'
[15.437s] Level 5:colcon.colcon_core.verb:set package 'my_package' build argument 'cmake_target_skip_unavailable' from command line to 'False'
[15.438s] Level 5:colcon.colcon_core.verb:set package 'my_package' build argument 'cmake_clean_cache' from command line to 'False'
[15.438s] Level 5:colcon.colcon_core.verb:set package 'my_package' build argument 'cmake_clean_first' from command line to 'False'
[15.438s] Level 5:colcon.colcon_core.verb:set package 'my_package' build argument 'cmake_force_configure' from command line to 'False'
[15.438s] Level 5:colcon.colcon_core.verb:set package 'my_package' build argument 'ament_cmake_args' from command line to 'None'
[15.438s] Level 5:colcon.colcon_core.verb:set package 'my_package' build argument 'catkin_cmake_args' from command line to 'None'
[15.438s] Level 5:colcon.colcon_core.verb:set package 'my_package' build argument 'catkin_skip_building_tests' from command line to 'False'
[15.438s] DEBUG:colcon.colcon_core.verb:Building package 'my_package' with the following arguments: {'ament_cmake_args': None, 'build_base': '/home/suho/final/build/my_package', 'catkin_cmake_args': None, 'catkin_skip_building_tests': False, 'cmake_args': None, 'cmake_clean_cache': False, 'cmake_clean_first': False, 'cmake_force_configure': False, 'cmake_target': None, 'cmake_target_skip_unavailable': False, 'install_base': '/home/suho/final/install/my_package', 'merge_install': False, 'path': '/home/suho/final/my_package', 'symlink_install': False, 'test_result_base': None}
[15.640s] INFO:colcon.colcon_core.executor:Executing jobs using 'parallel' executor
[15.869s] DEBUG:colcon.colcon_parallel_executor.executor.parallel:run_until_complete
[15.870s] INFO:colcon.colcon_ros.task.ament_python.build:Building ROS package in '/home/suho/final/my_package' with build type 'ament_python'
[15.872s] Level 1:colcon.colcon_core.shell:create_environment_hook('my_package', 'ament_prefix_path')
[16.123s] INFO:colcon.colcon_core.plugin_system:Skipping extension 'colcon_core.shell.bat': Not used on non-Windows systems
[16.125s] INFO:colcon.colcon_core.shell:Creating environment hook '/home/suho/final/install/my_package/share/my_package/hook/ament_prefix_path.ps1'
[16.129s] INFO:colcon.colcon_core.shell:Creating environment descriptor '/home/suho/final/install/my_package/share/my_package/hook/ament_prefix_path.dsv'
[16.133s] INFO:colcon.colcon_core.shell:Creating environment hook '/home/suho/final/install/my_package/share/my_package/hook/ament_prefix_path.sh'
[16.424s] INFO:colcon.colcon_core.shell:Skip shell extension 'powershell' for command environment: Not usable outside of PowerShell
[16.425s] DEBUG:colcon.colcon_core.shell:Skip shell extension 'dsv' for command environment
[17.955s] INFO:colcon.colcon_core.task.python.build:Building Python package in '/home/suho/final/my_package'
[19.030s] INFO:colcon.colcon_core.shell:Skip shell extension 'powershell' for command environment: Not usable outside of PowerShell
[19.031s] DEBUG:colcon.colcon_core.shell:Skip shell extension 'dsv' for command environment
[21.201s] DEBUG:colcon.colcon_core.event_handler.log_command:Invoking command in '/home/suho/final/my_package': PYTHONPATH=/home/suho/final/build/my_package/prefix_override:/home/suho/final/install/my_package/lib/python3.8/site-packages: /usr/bin/python3 setup.py egg_info --egg-base ../build/my_package build --build-base /home/suho/final/build/my_package/build install --record /home/suho/final/build/my_package/install.log --install-scripts $base/lib/my_package --single-version-externally-managed
[22.815s] DEBUG:colcon.colcon_core.event_handler.log_command:Invoked command in '/home/suho/final/my_package' returned '0': PYTHONPATH=/home/suho/final/build/my_package/prefix_override:/home/suho/final/install/my_package/lib/python3.8/site-packages: /usr/bin/python3 setup.py egg_info --egg-base ../build/my_package build --build-base /home/suho/final/build/my_package/build install --record /home/suho/final/build/my_package/install.log --install-scripts $base/lib/my_package --single-version-externally-managed
[23.265s] Level 1:colcon.colcon_core.environment:checking '/home/suho/final/install/my_package' for CMake module files
[23.323s] Level 1:colcon.colcon_core.environment:checking '/home/suho/final/install/my_package' for CMake config files
[23.418s] Level 1:colcon.colcon_core.environment:checking '/home/suho/final/install/my_package/lib'
[23.430s] Level 1:colcon.colcon_core.environment:checking '/home/suho/final/install/my_package/bin'
[23.431s] Level 1:colcon.colcon_core.environment:checking '/home/suho/final/install/my_package/lib/pkgconfig/my_package.pc'
[23.450s] Level 1:colcon.colcon_core.environment:checking '/home/suho/final/install/my_package/lib/python3.8/site-packages'
[23.472s] Level 1:colcon.colcon_core.shell:create_environment_hook('my_package', 'pythonpath')
[24.294s] INFO:colcon.colcon_core.shell:Creating environment hook '/home/suho/final/install/my_package/share/my_package/hook/pythonpath.ps1'
[24.297s] INFO:colcon.colcon_core.shell:Creating environment descriptor '/home/suho/final/install/my_package/share/my_package/hook/pythonpath.dsv'
[24.301s] INFO:colcon.colcon_core.shell:Creating environment hook '/home/suho/final/install/my_package/share/my_package/hook/pythonpath.sh'
[24.302s] Level 1:colcon.colcon_core.environment:checking '/home/suho/final/install/my_package/bin'
[24.303s] Level 1:colcon.colcon_core.environment:create_environment_scripts_only(my_package)
[24.697s] INFO:colcon.colcon_core.shell:Creating package script '/home/suho/final/install/my_package/share/my_package/package.ps1'
[24.728s] INFO:colcon.colcon_core.shell:Creating package descriptor '/home/suho/final/install/my_package/share/my_package/package.dsv'
[24.737s] INFO:colcon.colcon_core.shell:Creating package script '/home/suho/final/install/my_package/share/my_package/package.sh'
[24.741s] INFO:colcon.colcon_core.shell:Creating package script '/home/suho/final/install/my_package/share/my_package/package.bash'
[24.744s] INFO:colcon.colcon_core.shell:Creating package script '/home/suho/final/install/my_package/share/my_package/package.zsh'
[24.748s] Level 1:colcon.colcon_core.environment:create_file_with_runtime_dependencies(/home/suho/final/install/my_package/share/colcon-core/packages/my_package)
[24.754s] DEBUG:colcon.colcon_parallel_executor.executor.parallel:closing loop
[24.754s] DEBUG:colcon.colcon_parallel_executor.executor.parallel:loop closed
[24.755s] DEBUG:colcon.colcon_parallel_executor.executor.parallel:run_until_complete finished with '0'
[24.755s] DEBUG:colcon.colcon_core.event_reactor:joining thread
[25.043s] INFO:colcon.colcon_core.plugin_system:Skipping extension 'colcon_notification.desktop_notification.terminal_notifier': Not used on non-Darwin systems
[25.043s] INFO:colcon.colcon_core.plugin_system:Skipping extension 'colcon_notification.desktop_notification.win32': Not used on non-Windows systems
[25.044s] INFO:colcon.colcon_notification.desktop_notification:Sending desktop notification using 'notify2'
[25.141s] DEBUG:colcon.colcon_core.event_reactor:joined thread
[25.502s] INFO:colcon.colcon_core.shell:Creating prefix script '/home/suho/final/install/local_setup.ps1'
[25.507s] INFO:colcon.colcon_core.shell:Creating prefix util module '/home/suho/final/install/_local_setup_util_ps1.py'
[25.511s] INFO:colcon.colcon_core.shell:Creating prefix chain script '/home/suho/final/install/setup.ps1'
[25.741s] INFO:colcon.colcon_core.shell:Creating prefix script '/home/suho/final/install/local_setup.sh'
[25.745s] INFO:colcon.colcon_core.shell:Creating prefix util module '/home/suho/final/install/_local_setup_util_sh.py'
[25.746s] INFO:colcon.colcon_core.shell:Creating prefix chain script '/home/suho/final/install/setup.sh'
[25.964s] INFO:colcon.colcon_core.shell:Creating prefix script '/home/suho/final/install/local_setup.bash'
[25.967s] INFO:colcon.colcon_core.shell:Creating prefix chain script '/home/suho/final/install/setup.bash'
[26.179s] INFO:colcon.colcon_core.shell:Creating prefix script '/home/suho/final/install/local_setup.zsh'
[26.183s] INFO:colcon.colcon_core.shell:Creating prefix chain script '/home/suho/final/install/setup.zsh'
