[16.349s] DEBUG:colcon:Command line arguments: ['/usr/bin/colcon', 'build']
[16.351s] DEBUG:colcon:Parsed command line arguments: Namespace(allow_overriding=[], ament_cmake_args=None, base_paths=['.'], build_base='build', catkin_cmake_args=None, catkin_skip_building_tests=False, cmake_args=None, cmake_clean_cache=False, cmake_clean_first=False, cmake_force_configure=False, cmake_target=None, cmake_target_skip_unavailable=False, continue_on_error=False, event_handlers=None, executor='parallel', ignore_user_meta=False, install_base='install', log_base=None, log_level=None, main=<bound method BuildVerb.main of <colcon_core.verb.build.BuildVerb object at 0x7f918996b670>>, merge_install=False, metas=['./colcon.meta'], packages_above=None, packages_above_and_dependencies=None, packages_above_depth=None, packages_end=None, packages_ignore=None, packages_ignore_regex=None, packages_select=None, packages_select_build_failed=False, packages_select_by_dep=None, packages_select_regex=None, packages_select_test_failures=False, packages_skip=None, packages_skip_build_finished=False, packages_skip_by_dep=None, packages_skip_regex=None, packages_skip_test_passed=False, packages_skip_up_to=None, packages_start=None, packages_up_to=None, packages_up_to_regex=None, parallel_workers=6, paths=None, symlink_install=False, test_result_base=None, verb_extension=<colcon_core.verb.build.BuildVerb object at 0x7f918996b670>, verb_name='build', verb_parser=<colcon_defaults.argument_parser.defaults.DefaultArgumentsDecorator object at 0x7f918953e6a0>)
[16.951s] Level 1:colcon.colcon_core.package_discovery:discover_packages(colcon_meta) check parameters
[16.952s] Level 1:colcon.colcon_core.package_discovery:discover_packages(recursive) check parameters
[16.962s] Level 1:colcon.colcon_core.package_discovery:discover_packages(ignore) check parameters
[16.962s] Level 1:colcon.colcon_core.package_discovery:discover_packages(path) check parameters
[16.962s] Level 1:colcon.colcon_core.package_discovery:discover_packages(colcon_meta) discover
[16.962s] Level 1:colcon.colcon_core.package_discovery:discover_packages(recursive) discover
[16.971s] INFO:colcon.colcon_core.package_discovery:Crawling recursively for packages in '/home/suho/final'
[16.976s] Level 1:colcon.colcon_core.package_identification:_identify(.) by extensions ['ignore', 'ignore_ament_install']
[16.976s] Level 1:colcon.colcon_core.package_identification:_identify(.) by extension 'ignore'
[16.976s] Level 1:colcon.colcon_core.package_identification:_identify(.) by extension 'ignore_ament_install'
[16.977s] Level 1:colcon.colcon_core.package_identification:_identify(.) by extensions ['colcon_pkg']
[16.977s] Level 1:colcon.colcon_core.package_identification:_identify(.) by extension 'colcon_pkg'
[16.977s] Level 1:colcon.colcon_core.package_identification:_identify(.) by extensions ['colcon_meta']
[16.977s] Level 1:colcon.colcon_core.package_identification:_identify(.) by extension 'colcon_meta'
[16.977s] Level 1:colcon.colcon_core.package_identification:_identify(.) by extensions ['ros']
[16.977s] Level 1:colcon.colcon_core.package_identification:_identify(.) by extension 'ros'
[17.008s] Level 1:colcon.colcon_core.package_identification:_identify(.) by extensions ['cmake', 'python']
[17.009s] Level 1:colcon.colcon_core.package_identification:_identify(.) by extension 'cmake'
[17.009s] Level 1:colcon.colcon_core.package_identification:_identify(.) by extension 'python'
[17.009s] Level 1:colcon.colcon_core.package_identification:_identify(.) by extensions ['python_setup_py']
[17.009s] Level 1:colcon.colcon_core.package_identification:_identify(.) by extension 'python_setup_py'
[17.009s] Level 1:colcon.colcon_core.package_identification:_identify(build) by extensions ['ignore', 'ignore_ament_install']
[17.010s] Level 1:colcon.colcon_core.package_identification:_identify(build) by extension 'ignore'
[17.010s] Level 1:colcon.colcon_core.package_identification:_identify(build) ignored
[17.011s] Level 1:colcon.colcon_core.package_identification:_identify(install) by extensions ['ignore', 'ignore_ament_install']
[17.011s] Level 1:colcon.colcon_core.package_identification:_identify(install) by extension 'ignore'
[17.012s] Level 1:colcon.colcon_core.package_identification:_identify(install) ignored
[17.012s] Level 1:colcon.colcon_core.package_identification:_identify(log) by extensions ['ignore', 'ignore_ament_install']
[17.013s] Level 1:colcon.colcon_core.package_identification:_identify(log) by extension 'ignore'
[17.013s] Level 1:colcon.colcon_core.package_identification:_identify(log) ignored
[17.014s] Level 1:colcon.colcon_core.package_identification:_identify(my_package) by extensions ['ignore', 'ignore_ament_install']
[17.015s] Level 1:colcon.colcon_core.package_identification:_identify(my_package) by extension 'ignore'
[17.015s] Level 1:colcon.colcon_core.package_identification:_identify(my_package) by extension 'ignore_ament_install'
[17.015s] Level 1:colcon.colcon_core.package_identification:_identify(my_package) by extensions ['colcon_pkg']
[17.015s] Level 1:colcon.colcon_core.package_identification:_identify(my_package) by extension 'colcon_pkg'
[17.015s] Level 1:colcon.colcon_core.package_identification:_identify(my_package) by extensions ['colcon_meta']
[17.015s] Level 1:colcon.colcon_core.package_identification:_identify(my_package) by extension 'colcon_meta'
[17.016s] Level 1:colcon.colcon_core.package_identification:_identify(my_package) by extensions ['ros']
[17.016s] Level 1:colcon.colcon_core.package_identification:_identify(my_package) by extension 'ros'
[17.022s] DEBUG:colcon.colcon_core.package_identification:Package 'my_package' with type 'ros.ament_python' and name 'my_package'
[17.023s] Level 1:colcon.colcon_core.package_discovery:discover_packages(recursive) using defaults
[17.023s] Level 1:colcon.colcon_core.package_discovery:discover_packages(ignore) discover
[17.023s] Level 1:colcon.colcon_core.package_discovery:discover_packages(ignore) using defaults
[17.023s] Level 1:colcon.colcon_core.package_discovery:discover_packages(path) discover
[17.023s] Level 1:colcon.colcon_core.package_discovery:discover_packages(path) using defaults
[19.441s] Level 1:colcon.colcon_core.package_discovery:discover_packages(prefix_path) check parameters
[19.464s] Level 1:colcon.colcon_core.package_discovery:discover_packages(prefix_path) discover
[20.078s] DEBUG:colcon.colcon_installed_package_information.package_discovery:Found 2 installed packages in /home/suho/gcamp_ros2_ws/install
[20.410s] DEBUG:colcon.colcon_installed_package_information.package_discovery:Found 307 installed packages in /opt/ros/foxy
[20.421s] Level 1:colcon.colcon_core.package_discovery:discover_packages(prefix_path) using defaults
[21.235s] Level 5:colcon.colcon_core.verb:set package 'my_package' build argument 'cmake_args' from command line to 'None'
[21.236s] Level 5:colcon.colcon_core.verb:set package 'my_package' build argument 'cmake_target' from command line to 'None'
[21.236s] Level 5:colcon.colcon_core.verb:set package 'my_package' build argument 'cmake_target_skip_unavailable' from command line to 'False'
[21.236s] Level 5:colcon.colcon_core.verb:set package 'my_package' build argument 'cmake_clean_cache' from command line to 'False'
[21.236s] Level 5:colcon.colcon_core.verb:set package 'my_package' build argument 'cmake_clean_first' from command line to 'False'
[21.236s] Level 5:colcon.colcon_core.verb:set package 'my_package' build argument 'cmake_force_configure' from command line to 'False'
[21.236s] Level 5:colcon.colcon_core.verb:set package 'my_package' build argument 'ament_cmake_args' from command line to 'None'
[21.236s] Level 5:colcon.colcon_core.verb:set package 'my_package' build argument 'catkin_cmake_args' from command line to 'None'
[21.236s] Level 5:colcon.colcon_core.verb:set package 'my_package' build argument 'catkin_skip_building_tests' from command line to 'False'
[21.237s] DEBUG:colcon.colcon_core.verb:Building package 'my_package' with the following arguments: {'ament_cmake_args': None, 'build_base': '/home/suho/final/build/my_package', 'catkin_cmake_args': None, 'catkin_skip_building_tests': False, 'cmake_args': None, 'cmake_clean_cache': False, 'cmake_clean_first': False, 'cmake_force_configure': False, 'cmake_target': None, 'cmake_target_skip_unavailable': False, 'install_base': '/home/suho/final/install/my_package', 'merge_install': False, 'path': '/home/suho/final/my_package', 'symlink_install': False, 'test_result_base': None}
[21.540s] INFO:colcon.colcon_core.executor:Executing jobs using 'parallel' executor
[21.872s] DEBUG:colcon.colcon_parallel_executor.executor.parallel:run_until_complete
[21.873s] INFO:colcon.colcon_ros.task.ament_python.build:Building ROS package in '/home/suho/final/my_package' with build type 'ament_python'
[21.875s] Level 1:colcon.colcon_core.shell:create_environment_hook('my_package', 'ament_prefix_path')
[22.495s] INFO:colcon.colcon_core.plugin_system:Skipping extension 'colcon_core.shell.bat': Not used on non-Windows systems
[22.496s] INFO:colcon.colcon_core.shell:Creating environment hook '/home/suho/final/install/my_package/share/my_package/hook/ament_prefix_path.ps1'
[22.501s] INFO:colcon.colcon_core.shell:Creating environment descriptor '/home/suho/final/install/my_package/share/my_package/hook/ament_prefix_path.dsv'
[22.507s] INFO:colcon.colcon_core.shell:Creating environment hook '/home/suho/final/install/my_package/share/my_package/hook/ament_prefix_path.sh'
[23.603s] INFO:colcon.colcon_core.shell:Skip shell extension 'powershell' for command environment: Not usable outside of PowerShell
[23.603s] DEBUG:colcon.colcon_core.shell:Skip shell extension 'dsv' for command environment
[27.118s] INFO:colcon.colcon_core.task.python.build:Building Python package in '/home/suho/final/my_package'
[27.885s] INFO:colcon.colcon_core.shell:Skip shell extension 'powershell' for command environment: Not usable outside of PowerShell
[27.885s] DEBUG:colcon.colcon_core.shell:Skip shell extension 'dsv' for command environment
[31.877s] DEBUG:colcon.colcon_core.event_handler.log_command:Invoking command in '/home/suho/final/my_package': PYTHONPATH=/home/suho/final/build/my_package/prefix_override:/home/suho/final/install/my_package/lib/python3.8/site-packages:${PYTHONPATH} /usr/bin/python3 setup.py egg_info --egg-base ../build/my_package build --build-base /home/suho/final/build/my_package/build install --record /home/suho/final/build/my_package/install.log --install-scripts $base/lib/my_package --single-version-externally-managed
[33.297s] DEBUG:colcon.colcon_core.event_handler.log_command:Invoked command in '/home/suho/final/my_package' returned '0': PYTHONPATH=/home/suho/final/build/my_package/prefix_override:/home/suho/final/install/my_package/lib/python3.8/site-packages:${PYTHONPATH} /usr/bin/python3 setup.py egg_info --egg-base ../build/my_package build --build-base /home/suho/final/build/my_package/build install --record /home/suho/final/build/my_package/install.log --install-scripts $base/lib/my_package --single-version-externally-managed
[33.934s] Level 1:colcon.colcon_core.environment:checking '/home/suho/final/install/my_package' for CMake module files
[33.937s] Level 1:colcon.colcon_core.environment:checking '/home/suho/final/install/my_package' for CMake config files
[33.955s] Level 1:colcon.colcon_core.environment:checking '/home/suho/final/install/my_package/lib'
[33.956s] Level 1:colcon.colcon_core.environment:checking '/home/suho/final/install/my_package/bin'
[33.964s] Level 1:colcon.colcon_core.environment:checking '/home/suho/final/install/my_package/lib/pkgconfig/my_package.pc'
[33.965s] Level 1:colcon.colcon_core.environment:checking '/home/suho/final/install/my_package/lib/python3.8/site-packages'
[33.965s] Level 1:colcon.colcon_core.shell:create_environment_hook('my_package', 'pythonpath')
[34.549s] INFO:colcon.colcon_core.shell:Creating environment hook '/home/suho/final/install/my_package/share/my_package/hook/pythonpath.ps1'
[34.551s] INFO:colcon.colcon_core.shell:Creating environment descriptor '/home/suho/final/install/my_package/share/my_package/hook/pythonpath.dsv'
[34.553s] INFO:colcon.colcon_core.shell:Creating environment hook '/home/suho/final/install/my_package/share/my_package/hook/pythonpath.sh'
[34.557s] Level 1:colcon.colcon_core.environment:checking '/home/suho/final/install/my_package/bin'
[34.566s] Level 1:colcon.colcon_core.environment:create_environment_scripts_only(my_package)
[34.894s] INFO:colcon.colcon_core.shell:Creating package script '/home/suho/final/install/my_package/share/my_package/package.ps1'
[34.902s] INFO:colcon.colcon_core.shell:Creating package descriptor '/home/suho/final/install/my_package/share/my_package/package.dsv'
[34.935s] INFO:colcon.colcon_core.shell:Creating package script '/home/suho/final/install/my_package/share/my_package/package.sh'
[34.991s] INFO:colcon.colcon_core.shell:Creating package script '/home/suho/final/install/my_package/share/my_package/package.bash'
[34.995s] INFO:colcon.colcon_core.shell:Creating package script '/home/suho/final/install/my_package/share/my_package/package.zsh'
[35.013s] Level 1:colcon.colcon_core.environment:create_file_with_runtime_dependencies(/home/suho/final/install/my_package/share/colcon-core/packages/my_package)
[35.014s] DEBUG:colcon.colcon_parallel_executor.executor.parallel:closing loop
[35.033s] DEBUG:colcon.colcon_parallel_executor.executor.parallel:loop closed
[35.033s] DEBUG:colcon.colcon_parallel_executor.executor.parallel:run_until_complete finished with '0'
[35.034s] DEBUG:colcon.colcon_core.event_reactor:joining thread
[35.536s] INFO:colcon.colcon_core.plugin_system:Skipping extension 'colcon_notification.desktop_notification.terminal_notifier': Not used on non-Darwin systems
[35.537s] INFO:colcon.colcon_core.plugin_system:Skipping extension 'colcon_notification.desktop_notification.win32': Not used on non-Windows systems
[35.537s] INFO:colcon.colcon_notification.desktop_notification:Sending desktop notification using 'notify2'
[35.599s] DEBUG:colcon.colcon_core.event_reactor:joined thread
[35.987s] INFO:colcon.colcon_core.shell:Creating prefix script '/home/suho/final/install/local_setup.ps1'
[35.997s] INFO:colcon.colcon_core.shell:Creating prefix util module '/home/suho/final/install/_local_setup_util_ps1.py'
[36.003s] INFO:colcon.colcon_core.shell:Creating prefix chain script '/home/suho/final/install/setup.ps1'
[36.330s] INFO:colcon.colcon_core.shell:Creating prefix script '/home/suho/final/install/local_setup.sh'
[36.399s] INFO:colcon.colcon_core.shell:Creating prefix util module '/home/suho/final/install/_local_setup_util_sh.py'
[36.423s] INFO:colcon.colcon_core.shell:Creating prefix chain script '/home/suho/final/install/setup.sh'
[36.798s] INFO:colcon.colcon_core.shell:Creating prefix script '/home/suho/final/install/local_setup.bash'
[36.824s] INFO:colcon.colcon_core.shell:Creating prefix chain script '/home/suho/final/install/setup.bash'
[37.125s] INFO:colcon.colcon_core.shell:Creating prefix script '/home/suho/final/install/local_setup.zsh'
[37.132s] INFO:colcon.colcon_core.shell:Creating prefix chain script '/home/suho/final/install/setup.zsh'
