[24.147s] DEBUG:colcon:Command line arguments: ['/usr/bin/colcon', 'build', '--packages-select', 'my_package']
[24.148s] DEBUG:colcon:Parsed command line arguments: Namespace(allow_overriding=[], ament_cmake_args=None, base_paths=['.'], build_base='build', catkin_cmake_args=None, catkin_skip_building_tests=False, cmake_args=None, cmake_clean_cache=False, cmake_clean_first=False, cmake_force_configure=False, cmake_target=None, cmake_target_skip_unavailable=False, continue_on_error=False, event_handlers=None, executor='parallel', ignore_user_meta=False, install_base='install', log_base=None, log_level=None, main=<bound method BuildVerb.main of <colcon_core.verb.build.BuildVerb object at 0x7f3c25950e20>>, merge_install=False, metas=['./colcon.meta'], packages_above=None, packages_above_and_dependencies=None, packages_above_depth=None, packages_end=None, packages_ignore=None, packages_ignore_regex=None, packages_select=['my_package'], packages_select_build_failed=False, packages_select_by_dep=None, packages_select_regex=None, packages_select_test_failures=False, packages_skip=None, packages_skip_build_finished=False, packages_skip_by_dep=None, packages_skip_regex=None, packages_skip_test_passed=False, packages_skip_up_to=None, packages_start=None, packages_up_to=None, packages_up_to_regex=None, parallel_workers=6, paths=None, symlink_install=False, test_result_base=None, verb_extension=<colcon_core.verb.build.BuildVerb object at 0x7f3c25950e20>, verb_name='build', verb_parser=<colcon_defaults.argument_parser.defaults.DefaultArgumentsDecorator object at 0x7f3c2574cfa0>)
[24.758s] Level 1:colcon.colcon_core.package_discovery:discover_packages(colcon_meta) check parameters
[24.759s] Level 1:colcon.colcon_core.package_discovery:discover_packages(recursive) check parameters
[24.759s] Level 1:colcon.colcon_core.package_discovery:discover_packages(ignore) check parameters
[24.759s] Level 1:colcon.colcon_core.package_discovery:discover_packages(path) check parameters
[24.759s] Level 1:colcon.colcon_core.package_discovery:discover_packages(colcon_meta) discover
[24.759s] Level 1:colcon.colcon_core.package_discovery:discover_packages(recursive) discover
[24.760s] INFO:colcon.colcon_core.package_discovery:Crawling recursively for packages in '/home/suho/final'
[24.760s] Level 1:colcon.colcon_core.package_identification:_identify(.) by extensions ['ignore', 'ignore_ament_install']
[24.761s] Level 1:colcon.colcon_core.package_identification:_identify(.) by extension 'ignore'
[24.761s] Level 1:colcon.colcon_core.package_identification:_identify(.) by extension 'ignore_ament_install'
[24.762s] Level 1:colcon.colcon_core.package_identification:_identify(.) by extensions ['colcon_pkg']
[24.762s] Level 1:colcon.colcon_core.package_identification:_identify(.) by extension 'colcon_pkg'
[24.762s] Level 1:colcon.colcon_core.package_identification:_identify(.) by extensions ['colcon_meta']
[24.762s] Level 1:colcon.colcon_core.package_identification:_identify(.) by extension 'colcon_meta'
[24.762s] Level 1:colcon.colcon_core.package_identification:_identify(.) by extensions ['ros']
[24.762s] Level 1:colcon.colcon_core.package_identification:_identify(.) by extension 'ros'
[24.785s] Level 1:colcon.colcon_core.package_identification:_identify(.) by extensions ['cmake', 'python']
[24.785s] Level 1:colcon.colcon_core.package_identification:_identify(.) by extension 'cmake'
[24.785s] Level 1:colcon.colcon_core.package_identification:_identify(.) by extension 'python'
[24.786s] Level 1:colcon.colcon_core.package_identification:_identify(.) by extensions ['python_setup_py']
[24.786s] Level 1:colcon.colcon_core.package_identification:_identify(.) by extension 'python_setup_py'
[24.786s] Level 1:colcon.colcon_core.package_identification:_identify(build) by extensions ['ignore', 'ignore_ament_install']
[24.786s] Level 1:colcon.colcon_core.package_identification:_identify(build) by extension 'ignore'
[24.786s] Level 1:colcon.colcon_core.package_identification:_identify(build) ignored
[24.787s] Level 1:colcon.colcon_core.package_identification:_identify(install) by extensions ['ignore', 'ignore_ament_install']
[24.787s] Level 1:colcon.colcon_core.package_identification:_identify(install) by extension 'ignore'
[24.787s] Level 1:colcon.colcon_core.package_identification:_identify(install) ignored
[24.787s] Level 1:colcon.colcon_core.package_identification:_identify(log) by extensions ['ignore', 'ignore_ament_install']
[24.788s] Level 1:colcon.colcon_core.package_identification:_identify(log) by extension 'ignore'
[24.788s] Level 1:colcon.colcon_core.package_identification:_identify(log) ignored
[24.788s] Level 1:colcon.colcon_core.package_identification:_identify(my_package) by extensions ['ignore', 'ignore_ament_install']
[24.788s] Level 1:colcon.colcon_core.package_identification:_identify(my_package) by extension 'ignore'
[24.788s] Level 1:colcon.colcon_core.package_identification:_identify(my_package) by extension 'ignore_ament_install'
[24.788s] Level 1:colcon.colcon_core.package_identification:_identify(my_package) by extensions ['colcon_pkg']
[24.789s] Level 1:colcon.colcon_core.package_identification:_identify(my_package) by extension 'colcon_pkg'
[24.789s] Level 1:colcon.colcon_core.package_identification:_identify(my_package) by extensions ['colcon_meta']
[24.789s] Level 1:colcon.colcon_core.package_identification:_identify(my_package) by extension 'colcon_meta'
[24.789s] Level 1:colcon.colcon_core.package_identification:_identify(my_package) by extensions ['ros']
[24.789s] Level 1:colcon.colcon_core.package_identification:_identify(my_package) by extension 'ros'
[24.797s] DEBUG:colcon.colcon_core.package_identification:Package 'my_package' with type 'ros.ament_python' and name 'my_package'
[24.805s] Level 1:colcon.colcon_core.package_discovery:discover_packages(recursive) using defaults
[24.805s] Level 1:colcon.colcon_core.package_discovery:discover_packages(ignore) discover
[24.806s] Level 1:colcon.colcon_core.package_discovery:discover_packages(ignore) using defaults
[24.806s] Level 1:colcon.colcon_core.package_discovery:discover_packages(path) discover
[24.806s] Level 1:colcon.colcon_core.package_discovery:discover_packages(path) using defaults
[26.029s] Level 1:colcon.colcon_core.package_discovery:discover_packages(prefix_path) check parameters
[26.030s] Level 1:colcon.colcon_core.package_discovery:discover_packages(prefix_path) discover
[26.447s] DEBUG:colcon.colcon_installed_package_information.package_discovery:Found 1 installed packages in /home/suho/final/install
[26.763s] DEBUG:colcon.colcon_installed_package_information.package_discovery:Found 329 installed packages in /opt/ros/foxy
[26.766s] Level 1:colcon.colcon_core.package_discovery:discover_packages(prefix_path) using defaults
[27.409s] Level 5:colcon.colcon_core.verb:set package 'my_package' build argument 'cmake_args' from command line to 'None'
[27.409s] Level 5:colcon.colcon_core.verb:set package 'my_package' build argument 'cmake_target' from command line to 'None'
[27.409s] Level 5:colcon.colcon_core.verb:set package 'my_package' build argument 'cmake_target_skip_unavailable' from command line to 'False'
[27.409s] Level 5:colcon.colcon_core.verb:set package 'my_package' build argument 'cmake_clean_cache' from command line to 'False'
[27.409s] Level 5:colcon.colcon_core.verb:set package 'my_package' build argument 'cmake_clean_first' from command line to 'False'
[27.409s] Level 5:colcon.colcon_core.verb:set package 'my_package' build argument 'cmake_force_configure' from command line to 'False'
[27.409s] Level 5:colcon.colcon_core.verb:set package 'my_package' build argument 'ament_cmake_args' from command line to 'None'
[27.409s] Level 5:colcon.colcon_core.verb:set package 'my_package' build argument 'catkin_cmake_args' from command line to 'None'
[27.409s] Level 5:colcon.colcon_core.verb:set package 'my_package' build argument 'catkin_skip_building_tests' from command line to 'False'
[27.410s] DEBUG:colcon.colcon_core.verb:Building package 'my_package' with the following arguments: {'ament_cmake_args': None, 'build_base': '/home/suho/final/build/my_package', 'catkin_cmake_args': None, 'catkin_skip_building_tests': False, 'cmake_args': None, 'cmake_clean_cache': False, 'cmake_clean_first': False, 'cmake_force_configure': False, 'cmake_target': None, 'cmake_target_skip_unavailable': False, 'install_base': '/home/suho/final/install/my_package', 'merge_install': False, 'path': '/home/suho/final/my_package', 'symlink_install': False, 'test_result_base': None}
[27.674s] INFO:colcon.colcon_core.executor:Executing jobs using 'parallel' executor
[27.917s] DEBUG:colcon.colcon_parallel_executor.executor.parallel:run_until_complete
[27.927s] INFO:colcon.colcon_ros.task.ament_python.build:Building ROS package in '/home/suho/final/my_package' with build type 'ament_python'
[27.927s] Level 1:colcon.colcon_core.shell:create_environment_hook('my_package', 'ament_prefix_path')
[28.205s] INFO:colcon.colcon_core.plugin_system:Skipping extension 'colcon_core.shell.bat': Not used on non-Windows systems
[28.206s] INFO:colcon.colcon_core.shell:Creating environment hook '/home/suho/final/install/my_package/share/my_package/hook/ament_prefix_path.ps1'
[28.209s] INFO:colcon.colcon_core.shell:Creating environment descriptor '/home/suho/final/install/my_package/share/my_package/hook/ament_prefix_path.dsv'
[28.214s] INFO:colcon.colcon_core.shell:Creating environment hook '/home/suho/final/install/my_package/share/my_package/hook/ament_prefix_path.sh'
[28.887s] INFO:colcon.colcon_core.shell:Skip shell extension 'powershell' for command environment: Not usable outside of PowerShell
[28.887s] DEBUG:colcon.colcon_core.shell:Skip shell extension 'dsv' for command environment
[30.789s] INFO:colcon.colcon_core.task.python.build:Building Python package in '/home/suho/final/my_package'
[31.383s] INFO:colcon.colcon_core.shell:Skip shell extension 'powershell' for command environment: Not usable outside of PowerShell
[31.384s] DEBUG:colcon.colcon_core.shell:Skip shell extension 'dsv' for command environment
[33.349s] DEBUG:colcon.colcon_core.event_handler.log_command:Invoking command in '/home/suho/final/my_package': PYTHONPATH=/home/suho/final/build/my_package/prefix_override:/home/suho/final/install/my_package/lib/python3.8/site-packages:${PYTHONPATH} /usr/bin/python3 setup.py egg_info --egg-base ../build/my_package build --build-base /home/suho/final/build/my_package/build install --record /home/suho/final/build/my_package/install.log --install-scripts $base/lib/my_package --single-version-externally-managed
[34.681s] DEBUG:colcon.colcon_core.event_handler.log_command:Invoked command in '/home/suho/final/my_package' returned '0': PYTHONPATH=/home/suho/final/build/my_package/prefix_override:/home/suho/final/install/my_package/lib/python3.8/site-packages:${PYTHONPATH} /usr/bin/python3 setup.py egg_info --egg-base ../build/my_package build --build-base /home/suho/final/build/my_package/build install --record /home/suho/final/build/my_package/install.log --install-scripts $base/lib/my_package --single-version-externally-managed
[34.991s] Level 1:colcon.colcon_core.environment:checking '/home/suho/final/install/my_package' for CMake module files
[34.993s] Level 1:colcon.colcon_core.environment:checking '/home/suho/final/install/my_package' for CMake config files
[34.996s] Level 1:colcon.colcon_core.environment:checking '/home/suho/final/install/my_package/lib'
[34.997s] Level 1:colcon.colcon_core.environment:checking '/home/suho/final/install/my_package/bin'
[34.998s] Level 1:colcon.colcon_core.environment:checking '/home/suho/final/install/my_package/lib/pkgconfig/my_package.pc'
[34.999s] Level 1:colcon.colcon_core.environment:checking '/home/suho/final/install/my_package/lib/python3.8/site-packages'
[34.999s] Level 1:colcon.colcon_core.shell:create_environment_hook('my_package', 'pythonpath')
[35.705s] INFO:colcon.colcon_core.shell:Creating environment hook '/home/suho/final/install/my_package/share/my_package/hook/pythonpath.ps1'
[35.717s] INFO:colcon.colcon_core.shell:Creating environment descriptor '/home/suho/final/install/my_package/share/my_package/hook/pythonpath.dsv'
[35.726s] INFO:colcon.colcon_core.shell:Creating environment hook '/home/suho/final/install/my_package/share/my_package/hook/pythonpath.sh'
[35.733s] Level 1:colcon.colcon_core.environment:checking '/home/suho/final/install/my_package/bin'
[35.735s] Level 1:colcon.colcon_core.environment:create_environment_scripts_only(my_package)
[35.978s] INFO:colcon.colcon_core.shell:Creating package script '/home/suho/final/install/my_package/share/my_package/package.ps1'
[35.985s] INFO:colcon.colcon_core.shell:Creating package descriptor '/home/suho/final/install/my_package/share/my_package/package.dsv'
[35.989s] INFO:colcon.colcon_core.shell:Creating package script '/home/suho/final/install/my_package/share/my_package/package.sh'
[35.991s] INFO:colcon.colcon_core.shell:Creating package script '/home/suho/final/install/my_package/share/my_package/package.bash'
[35.995s] INFO:colcon.colcon_core.shell:Creating package script '/home/suho/final/install/my_package/share/my_package/package.zsh'
[35.997s] Level 1:colcon.colcon_core.environment:create_file_with_runtime_dependencies(/home/suho/final/install/my_package/share/colcon-core/packages/my_package)
[36.003s] DEBUG:colcon.colcon_parallel_executor.executor.parallel:closing loop
[36.006s] DEBUG:colcon.colcon_parallel_executor.executor.parallel:loop closed
[36.011s] DEBUG:colcon.colcon_parallel_executor.executor.parallel:run_until_complete finished with '0'
[36.011s] DEBUG:colcon.colcon_core.event_reactor:joining thread
[36.341s] INFO:colcon.colcon_core.plugin_system:Skipping extension 'colcon_notification.desktop_notification.terminal_notifier': Not used on non-Darwin systems
[36.341s] INFO:colcon.colcon_core.plugin_system:Skipping extension 'colcon_notification.desktop_notification.win32': Not used on non-Windows systems
[36.341s] INFO:colcon.colcon_notification.desktop_notification:Sending desktop notification using 'notify2'
[36.405s] DEBUG:colcon.colcon_core.event_reactor:joined thread
[36.746s] INFO:colcon.colcon_core.shell:Creating prefix script '/home/suho/final/install/local_setup.ps1'
[36.752s] INFO:colcon.colcon_core.shell:Creating prefix util module '/home/suho/final/install/_local_setup_util_ps1.py'
[36.759s] INFO:colcon.colcon_core.shell:Creating prefix chain script '/home/suho/final/install/setup.ps1'
[36.990s] INFO:colcon.colcon_core.shell:Creating prefix script '/home/suho/final/install/local_setup.sh'
[36.997s] INFO:colcon.colcon_core.shell:Creating prefix util module '/home/suho/final/install/_local_setup_util_sh.py'
[37.001s] INFO:colcon.colcon_core.shell:Creating prefix chain script '/home/suho/final/install/setup.sh'
[37.213s] INFO:colcon.colcon_core.shell:Creating prefix script '/home/suho/final/install/local_setup.bash'
[37.217s] INFO:colcon.colcon_core.shell:Creating prefix chain script '/home/suho/final/install/setup.bash'
[37.465s] INFO:colcon.colcon_core.shell:Creating prefix script '/home/suho/final/install/local_setup.zsh'
[37.470s] INFO:colcon.colcon_core.shell:Creating prefix chain script '/home/suho/final/install/setup.zsh'
