[10.138s] DEBUG:colcon:Command line arguments: ['/usr/bin/colcon', 'build', '--packages-select', 'my_package']
[10.139s] DEBUG:colcon:Parsed command line arguments: Namespace(allow_overriding=[], ament_cmake_args=None, base_paths=['.'], build_base='build', catkin_cmake_args=None, catkin_skip_building_tests=False, cmake_args=None, cmake_clean_cache=False, cmake_clean_first=False, cmake_force_configure=False, cmake_target=None, cmake_target_skip_unavailable=False, continue_on_error=False, event_handlers=None, executor='parallel', ignore_user_meta=False, install_base='install', log_base=None, log_level=None, main=<bound method BuildVerb.main of <colcon_core.verb.build.BuildVerb object at 0x7f9210839400>>, merge_install=False, metas=['./colcon.meta'], packages_above=None, packages_above_and_dependencies=None, packages_above_depth=None, packages_end=None, packages_ignore=None, packages_ignore_regex=None, packages_select=['my_package'], packages_select_build_failed=False, packages_select_by_dep=None, packages_select_regex=None, packages_select_test_failures=False, packages_skip=None, packages_skip_build_finished=False, packages_skip_by_dep=None, packages_skip_regex=None, packages_skip_test_passed=False, packages_skip_up_to=None, packages_start=None, packages_up_to=None, packages_up_to_regex=None, parallel_workers=6, paths=None, symlink_install=False, test_result_base=None, verb_extension=<colcon_core.verb.build.BuildVerb object at 0x7f9210839400>, verb_name='build', verb_parser=<colcon_defaults.argument_parser.defaults.DefaultArgumentsDecorator object at 0x7f92104e7820>)
[10.491s] Level 1:colcon.colcon_core.package_discovery:discover_packages(colcon_meta) check parameters
[10.492s] Level 1:colcon.colcon_core.package_discovery:discover_packages(recursive) check parameters
[10.492s] Level 1:colcon.colcon_core.package_discovery:discover_packages(ignore) check parameters
[10.492s] Level 1:colcon.colcon_core.package_discovery:discover_packages(path) check parameters
[10.492s] Level 1:colcon.colcon_core.package_discovery:discover_packages(colcon_meta) discover
[10.492s] Level 1:colcon.colcon_core.package_discovery:discover_packages(recursive) discover
[10.493s] INFO:colcon.colcon_core.package_discovery:Crawling recursively for packages in '/home/suho/final'
[10.493s] Level 1:colcon.colcon_core.package_identification:_identify(.) by extensions ['ignore', 'ignore_ament_install']
[10.493s] Level 1:colcon.colcon_core.package_identification:_identify(.) by extension 'ignore'
[10.494s] Level 1:colcon.colcon_core.package_identification:_identify(.) by extension 'ignore_ament_install'
[10.494s] Level 1:colcon.colcon_core.package_identification:_identify(.) by extensions ['colcon_pkg']
[10.494s] Level 1:colcon.colcon_core.package_identification:_identify(.) by extension 'colcon_pkg'
[10.495s] Level 1:colcon.colcon_core.package_identification:_identify(.) by extensions ['colcon_meta']
[10.495s] Level 1:colcon.colcon_core.package_identification:_identify(.) by extension 'colcon_meta'
[10.495s] Level 1:colcon.colcon_core.package_identification:_identify(.) by extensions ['ros']
[10.495s] Level 1:colcon.colcon_core.package_identification:_identify(.) by extension 'ros'
[10.534s] Level 1:colcon.colcon_core.package_identification:_identify(.) by extensions ['cmake', 'python']
[10.534s] Level 1:colcon.colcon_core.package_identification:_identify(.) by extension 'cmake'
[10.542s] Level 1:colcon.colcon_core.package_identification:_identify(.) by extension 'python'
[10.542s] DEBUG:colcon.colcon_core.package_identification:Package '.' with type 'cmake' and name 'my_package'
[10.542s] Level 1:colcon.colcon_core.package_discovery:discover_packages(recursive) using defaults
[10.543s] Level 1:colcon.colcon_core.package_discovery:discover_packages(ignore) discover
[10.543s] Level 1:colcon.colcon_core.package_discovery:discover_packages(ignore) using defaults
[10.543s] Level 1:colcon.colcon_core.package_discovery:discover_packages(path) discover
[10.543s] Level 1:colcon.colcon_core.package_discovery:discover_packages(path) using defaults
[11.599s] Level 1:colcon.colcon_core.package_discovery:discover_packages(prefix_path) check parameters
[11.600s] Level 1:colcon.colcon_core.package_discovery:discover_packages(prefix_path) discover
[12.072s] DEBUG:colcon.colcon_installed_package_information.package_discovery:Found 1 installed packages in /home/suho/final/install
[12.073s] Level 1:colcon.colcon_core.package_discovery:discover_packages(prefix_path) using defaults
[12.498s] Level 5:colcon.colcon_core.verb:set package 'my_package' build argument 'cmake_args' from command line to 'None'
[12.498s] Level 5:colcon.colcon_core.verb:set package 'my_package' build argument 'cmake_target' from command line to 'None'
[12.498s] Level 5:colcon.colcon_core.verb:set package 'my_package' build argument 'cmake_target_skip_unavailable' from command line to 'False'
[12.499s] Level 5:colcon.colcon_core.verb:set package 'my_package' build argument 'cmake_clean_cache' from command line to 'False'
[12.499s] Level 5:colcon.colcon_core.verb:set package 'my_package' build argument 'cmake_clean_first' from command line to 'False'
[12.499s] Level 5:colcon.colcon_core.verb:set package 'my_package' build argument 'cmake_force_configure' from command line to 'False'
[12.499s] Level 5:colcon.colcon_core.verb:set package 'my_package' build argument 'ament_cmake_args' from command line to 'None'
[12.499s] Level 5:colcon.colcon_core.verb:set package 'my_package' build argument 'catkin_cmake_args' from command line to 'None'
[12.499s] Level 5:colcon.colcon_core.verb:set package 'my_package' build argument 'catkin_skip_building_tests' from command line to 'False'
[12.499s] DEBUG:colcon.colcon_core.verb:Building package 'my_package' with the following arguments: {'ament_cmake_args': None, 'build_base': '/home/suho/final/build/my_package', 'catkin_cmake_args': None, 'catkin_skip_building_tests': False, 'cmake_args': None, 'cmake_clean_cache': False, 'cmake_clean_first': False, 'cmake_force_configure': False, 'cmake_target': None, 'cmake_target_skip_unavailable': False, 'install_base': '/home/suho/final/install/my_package', 'merge_install': False, 'path': '/home/suho/final', 'symlink_install': False, 'test_result_base': None}
[12.739s] INFO:colcon.colcon_core.executor:Executing jobs using 'parallel' executor
[13.019s] DEBUG:colcon.colcon_parallel_executor.executor.parallel:run_until_complete
[13.019s] INFO:colcon.colcon_cmake.task.cmake.build:Building CMake package in '/home/suho/final'
[13.366s] INFO:colcon.colcon_core.plugin_system:Skipping extension 'colcon_core.shell.bat': Not used on non-Windows systems
[13.368s] INFO:colcon.colcon_core.shell:Skip shell extension 'powershell' for command environment: Not usable outside of PowerShell
[13.379s] DEBUG:colcon.colcon_core.shell:Skip shell extension 'dsv' for command environment
[14.824s] DEBUG:colcon.colcon_core.event_handler.log_command:Invoking command in '/home/suho/final/build/my_package': /usr/bin/cmake /home/suho/final -DCMAKE_INSTALL_PREFIX=/home/suho/final/install/my_package
[15.083s] DEBUG:colcon.colcon_core.event_handler.log_command:Invoked command in '/home/suho/final/build/my_package' returned '1': /usr/bin/cmake /home/suho/final -DCMAKE_INSTALL_PREFIX=/home/suho/final/install/my_package
[15.101s] DEBUG:colcon.colcon_parallel_executor.executor.parallel:closing loop
[15.115s] DEBUG:colcon.colcon_parallel_executor.executor.parallel:loop closed
[15.116s] DEBUG:colcon.colcon_parallel_executor.executor.parallel:run_until_complete finished with '1'
[15.116s] DEBUG:colcon.colcon_core.event_reactor:joining thread
[15.612s] INFO:colcon.colcon_core.plugin_system:Skipping extension 'colcon_notification.desktop_notification.terminal_notifier': Not used on non-Darwin systems
[15.614s] INFO:colcon.colcon_core.plugin_system:Skipping extension 'colcon_notification.desktop_notification.win32': Not used on non-Windows systems
[15.615s] INFO:colcon.colcon_notification.desktop_notification:Sending desktop notification using 'notify2'
[15.753s] DEBUG:colcon.colcon_core.event_reactor:joined thread
[16.023s] INFO:colcon.colcon_core.shell:Creating prefix script '/home/suho/final/install/local_setup.ps1'
[16.035s] INFO:colcon.colcon_core.shell:Creating prefix util module '/home/suho/final/install/_local_setup_util_ps1.py'
[16.049s] INFO:colcon.colcon_core.shell:Creating prefix chain script '/home/suho/final/install/setup.ps1'
[16.294s] INFO:colcon.colcon_core.shell:Creating prefix script '/home/suho/final/install/local_setup.sh'
[16.302s] INFO:colcon.colcon_core.shell:Creating prefix util module '/home/suho/final/install/_local_setup_util_sh.py'
[16.303s] INFO:colcon.colcon_core.shell:Creating prefix chain script '/home/suho/final/install/setup.sh'
[16.510s] INFO:colcon.colcon_core.shell:Creating prefix script '/home/suho/final/install/local_setup.bash'
[16.513s] INFO:colcon.colcon_core.shell:Creating prefix chain script '/home/suho/final/install/setup.bash'
[16.753s] INFO:colcon.colcon_core.shell:Creating prefix script '/home/suho/final/install/local_setup.zsh'
[16.756s] INFO:colcon.colcon_core.shell:Creating prefix chain script '/home/suho/final/install/setup.zsh'
