[14.979s] DEBUG:colcon:Command line arguments: ['/usr/bin/colcon', 'build', '--packages-select', 'my_package']
[14.980s] DEBUG:colcon:Parsed command line arguments: Namespace(allow_overriding=[], ament_cmake_args=None, base_paths=['.'], build_base='build', catkin_cmake_args=None, catkin_skip_building_tests=False, cmake_args=None, cmake_clean_cache=False, cmake_clean_first=False, cmake_force_configure=False, cmake_target=None, cmake_target_skip_unavailable=False, continue_on_error=False, event_handlers=None, executor='parallel', ignore_user_meta=False, install_base='install', log_base=None, log_level=None, main=<bound method BuildVerb.main of <colcon_core.verb.build.BuildVerb object at 0x7f9a1e241e20>>, merge_install=False, metas=['./colcon.meta'], packages_above=None, packages_above_and_dependencies=None, packages_above_depth=None, packages_end=None, packages_ignore=None, packages_ignore_regex=None, packages_select=['my_package'], packages_select_build_failed=False, packages_select_by_dep=None, packages_select_regex=None, packages_select_test_failures=False, packages_skip=None, packages_skip_build_finished=False, packages_skip_by_dep=None, packages_skip_regex=None, packages_skip_test_passed=False, packages_skip_up_to=None, packages_start=None, packages_up_to=None, packages_up_to_regex=None, parallel_workers=6, paths=None, symlink_install=False, test_result_base=None, verb_extension=<colcon_core.verb.build.BuildVerb object at 0x7f9a1e241e20>, verb_name='build', verb_parser=<colcon_defaults.argument_parser.defaults.DefaultArgumentsDecorator object at 0x7f9a1df45ac0>)
[16.546s] Level 1:colcon.colcon_core.package_discovery:discover_packages(colcon_meta) check parameters
[16.570s] Level 1:colcon.colcon_core.package_discovery:discover_packages(recursive) check parameters
[16.571s] Level 1:colcon.colcon_core.package_discovery:discover_packages(ignore) check parameters
[16.571s] Level 1:colcon.colcon_core.package_discovery:discover_packages(path) check parameters
[16.571s] Level 1:colcon.colcon_core.package_discovery:discover_packages(colcon_meta) discover
[16.571s] Level 1:colcon.colcon_core.package_discovery:discover_packages(recursive) discover
[16.571s] INFO:colcon.colcon_core.package_discovery:Crawling recursively for packages in '/home/suho/final'
[16.571s] Level 1:colcon.colcon_core.package_identification:_identify(.) by extensions ['ignore', 'ignore_ament_install']
[16.571s] Level 1:colcon.colcon_core.package_identification:_identify(.) by extension 'ignore'
[16.572s] Level 1:colcon.colcon_core.package_identification:_identify(.) by extension 'ignore_ament_install'
[16.572s] Level 1:colcon.colcon_core.package_identification:_identify(.) by extensions ['colcon_pkg']
[16.572s] Level 1:colcon.colcon_core.package_identification:_identify(.) by extension 'colcon_pkg'
[16.572s] Level 1:colcon.colcon_core.package_identification:_identify(.) by extensions ['colcon_meta']
[16.572s] Level 1:colcon.colcon_core.package_identification:_identify(.) by extension 'colcon_meta'
[16.572s] Level 1:colcon.colcon_core.package_identification:_identify(.) by extensions ['ros']
[16.572s] Level 1:colcon.colcon_core.package_identification:_identify(.) by extension 'ros'
[16.599s] Level 1:colcon.colcon_core.package_identification:_identify(.) by extensions ['cmake', 'python']
[16.607s] Level 1:colcon.colcon_core.package_identification:_identify(.) by extension 'cmake'
[16.607s] Level 1:colcon.colcon_core.package_identification:_identify(.) by extension 'python'
[16.607s] Level 1:colcon.colcon_core.package_identification:_identify(.) by extensions ['python_setup_py']
[16.607s] Level 1:colcon.colcon_core.package_identification:_identify(.) by extension 'python_setup_py'
[16.608s] Level 1:colcon.colcon_core.package_identification:_identify(build) by extensions ['ignore', 'ignore_ament_install']
[16.608s] Level 1:colcon.colcon_core.package_identification:_identify(build) by extension 'ignore'
[16.608s] Level 1:colcon.colcon_core.package_identification:_identify(build) ignored
[16.623s] Level 1:colcon.colcon_core.package_identification:_identify(install) by extensions ['ignore', 'ignore_ament_install']
[16.633s] Level 1:colcon.colcon_core.package_identification:_identify(install) by extension 'ignore'
[16.633s] Level 1:colcon.colcon_core.package_identification:_identify(install) ignored
[16.634s] Level 1:colcon.colcon_core.package_identification:_identify(log) by extensions ['ignore', 'ignore_ament_install']
[16.635s] Level 1:colcon.colcon_core.package_identification:_identify(log) by extension 'ignore'
[16.635s] Level 1:colcon.colcon_core.package_identification:_identify(log) ignored
[16.636s] Level 1:colcon.colcon_core.package_identification:_identify(my_package) by extensions ['ignore', 'ignore_ament_install']
[16.636s] Level 1:colcon.colcon_core.package_identification:_identify(my_package) by extension 'ignore'
[16.637s] Level 1:colcon.colcon_core.package_identification:_identify(my_package) by extension 'ignore_ament_install'
[16.637s] Level 1:colcon.colcon_core.package_identification:_identify(my_package) by extensions ['colcon_pkg']
[16.637s] Level 1:colcon.colcon_core.package_identification:_identify(my_package) by extension 'colcon_pkg'
[16.637s] Level 1:colcon.colcon_core.package_identification:_identify(my_package) by extensions ['colcon_meta']
[16.637s] Level 1:colcon.colcon_core.package_identification:_identify(my_package) by extension 'colcon_meta'
[16.637s] Level 1:colcon.colcon_core.package_identification:_identify(my_package) by extensions ['ros']
[16.639s] Level 1:colcon.colcon_core.package_identification:_identify(my_package) by extension 'ros'
[16.649s] DEBUG:colcon.colcon_core.package_identification:Package 'my_package' with type 'ros.ament_python' and name 'my_package'
[16.649s] Level 1:colcon.colcon_core.package_discovery:discover_packages(recursive) using defaults
[16.649s] Level 1:colcon.colcon_core.package_discovery:discover_packages(ignore) discover
[16.649s] Level 1:colcon.colcon_core.package_discovery:discover_packages(ignore) using defaults
[16.649s] Level 1:colcon.colcon_core.package_discovery:discover_packages(path) discover
[16.649s] Level 1:colcon.colcon_core.package_discovery:discover_packages(path) using defaults
[18.693s] Level 1:colcon.colcon_core.package_discovery:discover_packages(prefix_path) check parameters
[18.698s] Level 1:colcon.colcon_core.package_discovery:discover_packages(prefix_path) discover
[19.666s] DEBUG:colcon.colcon_installed_package_information.package_discovery:Found 1 installed packages in /home/suho/final/install
[20.224s] DEBUG:colcon.colcon_installed_package_information.package_discovery:Found 329 installed packages in /opt/ros/foxy
[20.230s] Level 1:colcon.colcon_core.package_discovery:discover_packages(prefix_path) using defaults
[21.503s] Level 5:colcon.colcon_core.verb:set package 'my_package' build argument 'cmake_args' from command line to 'None'
[21.510s] Level 5:colcon.colcon_core.verb:set package 'my_package' build argument 'cmake_target' from command line to 'None'
[21.510s] Level 5:colcon.colcon_core.verb:set package 'my_package' build argument 'cmake_target_skip_unavailable' from command line to 'False'
[21.510s] Level 5:colcon.colcon_core.verb:set package 'my_package' build argument 'cmake_clean_cache' from command line to 'False'
[21.510s] Level 5:colcon.colcon_core.verb:set package 'my_package' build argument 'cmake_clean_first' from command line to 'False'
[21.510s] Level 5:colcon.colcon_core.verb:set package 'my_package' build argument 'cmake_force_configure' from command line to 'False'
[21.510s] Level 5:colcon.colcon_core.verb:set package 'my_package' build argument 'ament_cmake_args' from command line to 'None'
[21.510s] Level 5:colcon.colcon_core.verb:set package 'my_package' build argument 'catkin_cmake_args' from command line to 'None'
[21.510s] Level 5:colcon.colcon_core.verb:set package 'my_package' build argument 'catkin_skip_building_tests' from command line to 'False'
[21.510s] DEBUG:colcon.colcon_core.verb:Building package 'my_package' with the following arguments: {'ament_cmake_args': None, 'build_base': '/home/suho/final/build/my_package', 'catkin_cmake_args': None, 'catkin_skip_building_tests': False, 'cmake_args': None, 'cmake_clean_cache': False, 'cmake_clean_first': False, 'cmake_force_configure': False, 'cmake_target': None, 'cmake_target_skip_unavailable': False, 'install_base': '/home/suho/final/install/my_package', 'merge_install': False, 'path': '/home/suho/final/my_package', 'symlink_install': False, 'test_result_base': None}
[21.827s] INFO:colcon.colcon_core.executor:Executing jobs using 'parallel' executor
[22.123s] DEBUG:colcon.colcon_parallel_executor.executor.parallel:run_until_complete
[22.123s] INFO:colcon.colcon_ros.task.ament_python.build:Building ROS package in '/home/suho/final/my_package' with build type 'ament_python'
[22.124s] Level 1:colcon.colcon_core.shell:create_environment_hook('my_package', 'ament_prefix_path')
[22.668s] INFO:colcon.colcon_core.plugin_system:Skipping extension 'colcon_core.shell.bat': Not used on non-Windows systems
[22.669s] INFO:colcon.colcon_core.shell:Creating environment hook '/home/suho/final/install/my_package/share/my_package/hook/ament_prefix_path.ps1'
[22.672s] INFO:colcon.colcon_core.shell:Creating environment descriptor '/home/suho/final/install/my_package/share/my_package/hook/ament_prefix_path.dsv'
[22.674s] INFO:colcon.colcon_core.shell:Creating environment hook '/home/suho/final/install/my_package/share/my_package/hook/ament_prefix_path.sh'
[23.805s] INFO:colcon.colcon_core.shell:Skip shell extension 'powershell' for command environment: Not usable outside of PowerShell
[23.807s] DEBUG:colcon.colcon_core.shell:Skip shell extension 'dsv' for command environment
[27.292s] INFO:colcon.colcon_core.task.python.build:Building Python package in '/home/suho/final/my_package'
[27.866s] INFO:colcon.colcon_core.shell:Skip shell extension 'powershell' for command environment: Not usable outside of PowerShell
[27.900s] DEBUG:colcon.colcon_core.shell:Skip shell extension 'dsv' for command environment
[31.629s] DEBUG:colcon.colcon_core.event_handler.log_command:Invoking command in '/home/suho/final/my_package': PYTHONPATH=/home/suho/final/build/my_package/prefix_override:/home/suho/final/install/my_package/lib/python3.8/site-packages:${PYTHONPATH} /usr/bin/python3 setup.py egg_info --egg-base ../build/my_package build --build-base /home/suho/final/build/my_package/build install --record /home/suho/final/build/my_package/install.log --install-scripts $base/lib/my_package --single-version-externally-managed
[33.239s] DEBUG:colcon.colcon_core.event_handler.log_command:Invoked command in '/home/suho/final/my_package' returned '0': PYTHONPATH=/home/suho/final/build/my_package/prefix_override:/home/suho/final/install/my_package/lib/python3.8/site-packages:${PYTHONPATH} /usr/bin/python3 setup.py egg_info --egg-base ../build/my_package build --build-base /home/suho/final/build/my_package/build install --record /home/suho/final/build/my_package/install.log --install-scripts $base/lib/my_package --single-version-externally-managed
[34.171s] Level 1:colcon.colcon_core.environment:checking '/home/suho/final/install/my_package' for CMake module files
[34.172s] Level 1:colcon.colcon_core.environment:checking '/home/suho/final/install/my_package' for CMake config files
[34.175s] Level 1:colcon.colcon_core.environment:checking '/home/suho/final/install/my_package/lib'
[34.176s] Level 1:colcon.colcon_core.environment:checking '/home/suho/final/install/my_package/bin'
[34.177s] Level 1:colcon.colcon_core.environment:checking '/home/suho/final/install/my_package/lib/pkgconfig/my_package.pc'
[34.200s] Level 1:colcon.colcon_core.environment:checking '/home/suho/final/install/my_package/lib/python3.8/site-packages'
[34.202s] Level 1:colcon.colcon_core.shell:create_environment_hook('my_package', 'pythonpath')
[35.147s] INFO:colcon.colcon_core.shell:Creating environment hook '/home/suho/final/install/my_package/share/my_package/hook/pythonpath.ps1'
[35.183s] INFO:colcon.colcon_core.shell:Creating environment descriptor '/home/suho/final/install/my_package/share/my_package/hook/pythonpath.dsv'
[35.186s] INFO:colcon.colcon_core.shell:Creating environment hook '/home/suho/final/install/my_package/share/my_package/hook/pythonpath.sh'
[35.200s] Level 1:colcon.colcon_core.environment:checking '/home/suho/final/install/my_package/bin'
[35.200s] Level 1:colcon.colcon_core.environment:create_environment_scripts_only(my_package)
[36.209s] INFO:colcon.colcon_core.shell:Creating package script '/home/suho/final/install/my_package/share/my_package/package.ps1'
[36.253s] INFO:colcon.colcon_core.shell:Creating package descriptor '/home/suho/final/install/my_package/share/my_package/package.dsv'
[36.264s] INFO:colcon.colcon_core.shell:Creating package script '/home/suho/final/install/my_package/share/my_package/package.sh'
[36.299s] INFO:colcon.colcon_core.shell:Creating package script '/home/suho/final/install/my_package/share/my_package/package.bash'
[36.323s] INFO:colcon.colcon_core.shell:Creating package script '/home/suho/final/install/my_package/share/my_package/package.zsh'
[36.349s] Level 1:colcon.colcon_core.environment:create_file_with_runtime_dependencies(/home/suho/final/install/my_package/share/colcon-core/packages/my_package)
[36.383s] DEBUG:colcon.colcon_parallel_executor.executor.parallel:closing loop
[36.400s] DEBUG:colcon.colcon_parallel_executor.executor.parallel:loop closed
[36.401s] DEBUG:colcon.colcon_parallel_executor.executor.parallel:run_until_complete finished with '0'
[36.401s] DEBUG:colcon.colcon_core.event_reactor:joining thread
[36.755s] INFO:colcon.colcon_core.plugin_system:Skipping extension 'colcon_notification.desktop_notification.terminal_notifier': Not used on non-Darwin systems
[36.756s] INFO:colcon.colcon_core.plugin_system:Skipping extension 'colcon_notification.desktop_notification.win32': Not used on non-Windows systems
[36.756s] INFO:colcon.colcon_notification.desktop_notification:Sending desktop notification using 'notify2'
[36.809s] DEBUG:colcon.colcon_core.event_reactor:joined thread
[37.077s] INFO:colcon.colcon_core.shell:Creating prefix script '/home/suho/final/install/local_setup.ps1'
[37.081s] INFO:colcon.colcon_core.shell:Creating prefix util module '/home/suho/final/install/_local_setup_util_ps1.py'
[37.104s] INFO:colcon.colcon_core.shell:Creating prefix chain script '/home/suho/final/install/setup.ps1'
[37.455s] INFO:colcon.colcon_core.shell:Creating prefix script '/home/suho/final/install/local_setup.sh'
[37.476s] INFO:colcon.colcon_core.shell:Creating prefix util module '/home/suho/final/install/_local_setup_util_sh.py'
[37.481s] INFO:colcon.colcon_core.shell:Creating prefix chain script '/home/suho/final/install/setup.sh'
[37.781s] INFO:colcon.colcon_core.shell:Creating prefix script '/home/suho/final/install/local_setup.bash'
[37.785s] INFO:colcon.colcon_core.shell:Creating prefix chain script '/home/suho/final/install/setup.bash'
[38.083s] INFO:colcon.colcon_core.shell:Creating prefix script '/home/suho/final/install/local_setup.zsh'
[38.095s] INFO:colcon.colcon_core.shell:Creating prefix chain script '/home/suho/final/install/setup.zsh'
