[7.293s] Invoking command in '/home/suho/final/my_package': PYTHONPATH=/home/suho/final/build/my_package/prefix_override:/home/suho/final/install/my_package/lib/python3.8/site-packages: /usr/bin/python3 setup.py egg_info --egg-base ../build/my_package build --build-base /home/suho/final/build/my_package/build install --record /home/suho/final/build/my_package/install.log --install-scripts $base/lib/my_package --single-version-externally-managed
[7.745s] running egg_info
[7.766s] writing ../build/my_package/my_package.egg-info/PKG-INFO
[7.771s] writing dependency_links to ../build/my_package/my_package.egg-info/dependency_links.txt
[7.772s] writing entry points to ../build/my_package/my_package.egg-info/entry_points.txt
[7.790s] writing requirements to ../build/my_package/my_package.egg-info/requires.txt
[7.791s] writing top-level names to ../build/my_package/my_package.egg-info/top_level.txt
[7.884s] reading manifest file '../build/my_package/my_package.egg-info/SOURCES.txt'
[7.887s] writing manifest file '../build/my_package/my_package.egg-info/SOURCES.txt'
[7.889s] running build
[7.890s] running build_py
[7.890s] running install
[7.894s] running install_lib
[7.897s] running install_data
[7.915s] running install_egg_info
[7.918s] removing '/home/suho/final/install/my_package/lib/python3.8/site-packages/my_package-0.0.0-py3.8.egg-info' (and everything under it)
[7.919s] Copying ../build/my_package/my_package.egg-info to /home/suho/final/install/my_package/lib/python3.8/site-packages/my_package-0.0.0-py3.8.egg-info
[7.924s] running install_scripts
[7.961s] Installing control_node script to /home/suho/final/install/my_package/lib/my_package
[7.991s] Installing flask_node script to /home/suho/final/install/my_package/lib/my_package
[7.996s] Installing monitor_node script to /home/suho/final/install/my_package/lib/my_package
[8.026s] Installing motor_node script to /home/suho/final/install/my_package/lib/my_package
[8.035s] Installing sensor_node script to /home/suho/final/install/my_package/lib/my_package
[8.092s] writing list of installed files to '/home/suho/final/build/my_package/install.log'
[8.152s] Invoked command in '/home/suho/final/my_package' returned '0': PYTHONPATH=/home/suho/final/build/my_package/prefix_override:/home/suho/final/install/my_package/lib/python3.8/site-packages: /usr/bin/python3 setup.py egg_info --egg-base ../build/my_package build --build-base /home/suho/final/build/my_package/build install --record /home/suho/final/build/my_package/install.log --install-scripts $base/lib/my_package --single-version-externally-managed
