running egg_info
writing ../build/my_package/my_package.egg-info/PKG-INFO
writing dependency_links to ../build/my_package/my_package.egg-info/dependency_links.txt
writing entry points to ../build/my_package/my_package.egg-info/entry_points.txt
writing requirements to ../build/my_package/my_package.egg-info/requires.txt
writing top-level names to ../build/my_package/my_package.egg-info/top_level.txt
reading manifest file '../build/my_package/my_package.egg-info/SOURCES.txt'
writing manifest file '../build/my_package/my_package.egg-info/SOURCES.txt'
running build
running build_py
running install
running install_lib
running install_data
copying launch/my_launch_file.launch.py -> /home/suho/final/install/my_package/share/my_package
running install_egg_info
removing '/home/suho/final/install/my_package/lib/python3.8/site-packages/my_package-0.0.0-py3.8.egg-info' (and everything under it)
Copying ../build/my_package/my_package.egg-info to /home/suho/final/install/my_package/lib/python3.8/site-packages/my_package-0.0.0-py3.8.egg-info
running install_scripts
Installing control_node script to /home/suho/final/install/my_package/lib/my_package
Installing flask_node script to /home/suho/final/install/my_package/lib/my_package
Installing monitor_node script to /home/suho/final/install/my_package/lib/my_package
Installing motor_node script to /home/suho/final/install/my_package/lib/my_package
Installing sensor_node script to /home/suho/final/install/my_package/lib/my_package
writing list of installed files to '/home/suho/final/build/my_package/install.log'
