[5.693s] Invoking command in '/home/suho/final/my_package': PYTHONPATH=/home/suho/final/build/my_package/prefix_override:/home/suho/final/install/my_package/lib/python3.8/site-packages: /usr/bin/python3 setup.py egg_info --egg-base ../build/my_package build --build-base /home/suho/final/build/my_package/build install --record /home/suho/final/build/my_package/install.log --install-scripts $base/lib/my_package --single-version-externally-managed
[6.911s] running egg_info
[6.920s] writing ../build/my_package/my_package.egg-info/PKG-INFO
[6.955s] writing dependency_links to ../build/my_package/my_package.egg-info/dependency_links.txt
[6.955s] writing entry points to ../build/my_package/my_package.egg-info/entry_points.txt
[6.965s] writing requirements to ../build/my_package/my_package.egg-info/requires.txt
[6.966s] writing top-level names to ../build/my_package/my_package.egg-info/top_level.txt
[7.086s] reading manifest file '../build/my_package/my_package.egg-info/SOURCES.txt'
[7.113s] writing manifest file '../build/my_package/my_package.egg-info/SOURCES.txt'
[7.114s] running build
[7.114s] running build_py
[7.114s] running install
[7.167s] running install_lib
[7.200s] running install_data
[7.203s] copying launch/my_launch_file.launch.py -> /home/suho/final/install/my_package/share/my_package
[7.204s] running install_egg_info
[7.204s] removing '/home/suho/final/install/my_package/lib/python3.8/site-packages/my_package-0.0.0-py3.8.egg-info' (and everything under it)
[7.204s] Copying ../build/my_package/my_package.egg-info to /home/suho/final/install/my_package/lib/python3.8/site-packages/my_package-0.0.0-py3.8.egg-info
[7.265s] running install_scripts
[7.383s] Installing control_node script to /home/suho/final/install/my_package/lib/my_package
[7.392s] Installing flask_node script to /home/suho/final/install/my_package/lib/my_package
[7.393s] Installing monitor_node script to /home/suho/final/install/my_package/lib/my_package
[7.393s] Installing motor_node script to /home/suho/final/install/my_package/lib/my_package
[7.393s] Installing sensor_node script to /home/suho/final/install/my_package/lib/my_package
[7.403s] writing list of installed files to '/home/suho/final/build/my_package/install.log'
[7.751s] Invoked command in '/home/suho/final/my_package' returned '0': PYTHONPATH=/home/suho/final/build/my_package/prefix_override:/home/suho/final/install/my_package/lib/python3.8/site-packages: /usr/bin/python3 setup.py egg_info --egg-base ../build/my_package build --build-base /home/suho/final/build/my_package/build install --record /home/suho/final/build/my_package/install.log --install-scripts $base/lib/my_package --single-version-externally-managed
