[17.069s] Invoking command in '/home/suho/final/my_package': PYTHONPATH=/home/suho/final/build/my_package/prefix_override:/home/suho/final/install/my_package/lib/python3.8/site-packages:${PYTHONPATH} /usr/bin/python3 setup.py egg_info --egg-base ../build/my_package build --build-base /home/suho/final/build/my_package/build install --record /home/suho/final/build/my_package/install.log --install-scripts $base/lib/my_package --single-version-externally-managed
[19.092s] running egg_info
[19.093s] writing ../build/my_package/my_package.egg-info/PKG-INFO
[19.093s] writing dependency_links to ../build/my_package/my_package.egg-info/dependency_links.txt
[19.093s] writing entry points to ../build/my_package/my_package.egg-info/entry_points.txt
[19.094s] writing requirements to ../build/my_package/my_package.egg-info/requires.txt
[19.095s] writing top-level names to ../build/my_package/my_package.egg-info/top_level.txt
[19.507s] reading manifest file '../build/my_package/my_package.egg-info/SOURCES.txt'
[19.514s] writing manifest file '../build/my_package/my_package.egg-info/SOURCES.txt'
[19.514s] running build
[19.515s] running build_py
[19.515s] copying my_package/sensor_node.py -> /home/suho/final/build/my_package/build/lib/my_package
[19.525s] running install
[19.526s] running install_lib
[19.537s] copying /home/suho/final/build/my_package/build/lib/my_package/sensor_node.py -> /home/suho/final/install/my_package/lib/python3.8/site-packages/my_package
[19.555s] byte-compiling /home/suho/final/install/my_package/lib/python3.8/site-packages/my_package/sensor_node.py to sensor_node.cpython-38.pyc
[19.645s] running install_data
[19.669s] running install_egg_info
[19.670s] removing '/home/suho/final/install/my_package/lib/python3.8/site-packages/my_package-0.0.0-py3.8.egg-info' (and everything under it)
[19.670s] Copying ../build/my_package/my_package.egg-info to /home/suho/final/install/my_package/lib/python3.8/site-packages/my_package-0.0.0-py3.8.egg-info
[19.729s] running install_scripts
[19.899s] Installing control_node script to /home/suho/final/install/my_package/lib/my_package
[19.939s] Installing flask_node script to /home/suho/final/install/my_package/lib/my_package
[19.956s] Installing monitor_node script to /home/suho/final/install/my_package/lib/my_package
[19.989s] Installing motor_node script to /home/suho/final/install/my_package/lib/my_package
[19.989s] Installing sensor_node script to /home/suho/final/install/my_package/lib/my_package
[20.054s] writing list of installed files to '/home/suho/final/build/my_package/install.log'
[20.376s] Invoked command in '/home/suho/final/my_package' returned '0': PYTHONPATH=/home/suho/final/build/my_package/prefix_override:/home/suho/final/install/my_package/lib/python3.8/site-packages:${PYTHONPATH} /usr/bin/python3 setup.py egg_info --egg-base ../build/my_package build --build-base /home/suho/final/build/my_package/build install --record /home/suho/final/build/my_package/install.log --install-scripts $base/lib/my_package --single-version-externally-managed
