[6.636s] Invoking command in '/home/suho/final/my_package': PYTHONPATH=/home/suho/final/build/my_package/prefix_override:/home/suho/final/install/my_package/lib/python3.8/site-packages: /usr/bin/python3 setup.py egg_info --egg-base ../build/my_package build --build-base /home/suho/final/build/my_package/build install --record /home/suho/final/build/my_package/install.log --install-scripts $base/lib/my_package --single-version-externally-managed
[7.901s] running egg_info
[7.901s] writing ../build/my_package/my_package.egg-info/PKG-INFO
[7.931s] writing dependency_links to ../build/my_package/my_package.egg-info/dependency_links.txt
[7.990s] writing entry points to ../build/my_package/my_package.egg-info/entry_points.txt
[7.990s] writing requirements to ../build/my_package/my_package.egg-info/requires.txt
[7.990s] writing top-level names to ../build/my_package/my_package.egg-info/top_level.txt
[8.147s] reading manifest file '../build/my_package/my_package.egg-info/SOURCES.txt'
[8.174s] writing manifest file '../build/my_package/my_package.egg-info/SOURCES.txt'
[8.219s] running build
[8.219s] running build_py
[8.220s] running install
[8.220s] running install_lib
[8.220s] running install_data
[8.220s] copying launch/my_launch_file.launch.py -> /home/suho/final/install/my_package/share/my_package
[8.225s] running install_egg_info
[8.238s] removing '/home/suho/final/install/my_package/lib/python3.8/site-packages/my_package-0.0.0-py3.8.egg-info' (and everything under it)
[8.239s] Copying ../build/my_package/my_package.egg-info to /home/suho/final/install/my_package/lib/python3.8/site-packages/my_package-0.0.0-py3.8.egg-info
[8.271s] running install_scripts
[8.363s] Installing control_node script to /home/suho/final/install/my_package/lib/my_package
[8.363s] Installing flask_node script to /home/suho/final/install/my_package/lib/my_package
[8.378s] Installing monitor_node script to /home/suho/final/install/my_package/lib/my_package
[8.409s] Installing motor_node script to /home/suho/final/install/my_package/lib/my_package
[8.410s] Installing sensor_node script to /home/suho/final/install/my_package/lib/my_package
[8.421s] writing list of installed files to '/home/suho/final/build/my_package/install.log'
[8.701s] Invoked command in '/home/suho/final/my_package' returned '0': PYTHONPATH=/home/suho/final/build/my_package/prefix_override:/home/suho/final/install/my_package/lib/python3.8/site-packages: /usr/bin/python3 setup.py egg_info --egg-base ../build/my_package build --build-base /home/suho/final/build/my_package/build install --record /home/suho/final/build/my_package/install.log --install-scripts $base/lib/my_package --single-version-externally-managed
