[6.992s] Invoking command in '/home/suho/final/my_package': PYTHONPATH=/home/suho/final/build/my_package/prefix_override:/home/suho/final/install/my_package/lib/python3.8/site-packages:${PYTHONPATH} /usr/bin/python3 setup.py egg_info --egg-base ../build/my_package build --build-base /home/suho/final/build/my_package/build install --record /home/suho/final/build/my_package/install.log --install-scripts $base/lib/my_package --single-version-externally-managed
[8.365s] running egg_info
[8.438s] writing ../build/my_package/my_package.egg-info/PKG-INFO
[8.474s] writing dependency_links to ../build/my_package/my_package.egg-info/dependency_links.txt
[8.474s] writing entry points to ../build/my_package/my_package.egg-info/entry_points.txt
[8.474s] writing requirements to ../build/my_package/my_package.egg-info/requires.txt
[8.475s] writing top-level names to ../build/my_package/my_package.egg-info/top_level.txt
[8.640s] reading manifest file '../build/my_package/my_package.egg-info/SOURCES.txt'
[8.678s] writing manifest file '../build/my_package/my_package.egg-info/SOURCES.txt'
[8.678s] running build
[8.678s] running build_py
[8.679s] copying my_package/motor_node.py -> /home/suho/final/build/my_package/build/lib/my_package
[8.692s] copying my_package/sensor_node.py -> /home/suho/final/build/my_package/build/lib/my_package
[8.693s] copying my_package/monitor_node.py -> /home/suho/final/build/my_package/build/lib/my_package
[8.693s] copying my_package/control_node.py -> /home/suho/final/build/my_package/build/lib/my_package
[8.693s] running install
[8.694s] running install_lib
[8.694s] copying /home/suho/final/build/my_package/build/lib/my_package/motor_node.py -> /home/suho/final/install/my_package/lib/python3.8/site-packages/my_package
[8.694s] copying /home/suho/final/build/my_package/build/lib/my_package/sensor_node.py -> /home/suho/final/install/my_package/lib/python3.8/site-packages/my_package
[8.748s] copying /home/suho/final/build/my_package/build/lib/my_package/monitor_node.py -> /home/suho/final/install/my_package/lib/python3.8/site-packages/my_package
[8.748s] copying /home/suho/final/build/my_package/build/lib/my_package/control_node.py -> /home/suho/final/install/my_package/lib/python3.8/site-packages/my_package
[8.749s] byte-compiling /home/suho/final/install/my_package/lib/python3.8/site-packages/my_package/motor_node.py to motor_node.cpython-38.pyc
[8.805s] byte-compiling /home/suho/final/install/my_package/lib/python3.8/site-packages/my_package/sensor_node.py to sensor_node.cpython-38.pyc
[8.819s] byte-compiling /home/suho/final/install/my_package/lib/python3.8/site-packages/my_package/monitor_node.py to monitor_node.cpython-38.pyc
[8.820s] byte-compiling /home/suho/final/install/my_package/lib/python3.8/site-packages/my_package/control_node.py to control_node.cpython-38.pyc
[8.821s] running install_data
[8.821s] running install_egg_info
[8.822s] removing '/home/suho/final/install/my_package/lib/python3.8/site-packages/my_package-0.0.0-py3.8.egg-info' (and everything under it)
[8.822s] Copying ../build/my_package/my_package.egg-info to /home/suho/final/install/my_package/lib/python3.8/site-packages/my_package-0.0.0-py3.8.egg-info
[8.824s] running install_scripts
[8.888s] Installing control_node script to /home/suho/final/install/my_package/lib/my_package
[8.889s] Installing monitor_node script to /home/suho/final/install/my_package/lib/my_package
[8.892s] Installing motor_node script to /home/suho/final/install/my_package/lib/my_package
[8.948s] Installing my_node script to /home/suho/final/install/my_package/lib/my_package
[8.968s] Installing sensor_node script to /home/suho/final/install/my_package/lib/my_package
[8.969s] writing list of installed files to '/home/suho/final/build/my_package/install.log'
[9.099s] Invoked command in '/home/suho/final/my_package' returned '0': PYTHONPATH=/home/suho/final/build/my_package/prefix_override:/home/suho/final/install/my_package/lib/python3.8/site-packages:${PYTHONPATH} /usr/bin/python3 setup.py egg_info --egg-base ../build/my_package build --build-base /home/suho/final/build/my_package/build install --record /home/suho/final/build/my_package/install.log --install-scripts $base/lib/my_package --single-version-externally-managed
