[18.887s] Invoking command in '/home/suho/final/my_package': PYTHONPATH=/home/suho/final/build/my_package/prefix_override:/home/suho/final/install/my_package/lib/python3.8/site-packages:${PYTHONPATH} /usr/bin/python3 setup.py egg_info --egg-base ../build/my_package build --build-base /home/suho/final/build/my_package/build install --record /home/suho/final/build/my_package/install.log --install-scripts $base/lib/my_package --single-version-externally-managed
[20.953s] running egg_info
[20.953s] writing ../build/my_package/my_package.egg-info/PKG-INFO
[20.953s] writing dependency_links to ../build/my_package/my_package.egg-info/dependency_links.txt
[20.989s] writing entry points to ../build/my_package/my_package.egg-info/entry_points.txt
[20.989s] writing requirements to ../build/my_package/my_package.egg-info/requires.txt
[20.994s] writing top-level names to ../build/my_package/my_package.egg-info/top_level.txt
[21.277s] reading manifest file '../build/my_package/my_package.egg-info/SOURCES.txt'
[21.298s] writing manifest file '../build/my_package/my_package.egg-info/SOURCES.txt'
[21.299s] running build
[21.299s] running build_py
[21.299s] running install
[21.299s] running install_lib
[21.324s] running install_data
[21.324s] running install_egg_info
[21.343s] removing '/home/suho/final/install/my_package/lib/python3.8/site-packages/my_package-0.0.0-py3.8.egg-info' (and everything under it)
[21.344s] Copying ../build/my_package/my_package.egg-info to /home/suho/final/install/my_package/lib/python3.8/site-packages/my_package-0.0.0-py3.8.egg-info
[21.344s] running install_scripts
[21.595s] Installing control_node script to /home/suho/final/install/my_package/lib/my_package
[21.595s] Installing flask_node script to /home/suho/final/install/my_package/lib/my_package
[21.609s] Installing monitor_node script to /home/suho/final/install/my_package/lib/my_package
[21.609s] Installing motor_node script to /home/suho/final/install/my_package/lib/my_package
[21.609s] Installing sensor_node script to /home/suho/final/install/my_package/lib/my_package
[21.624s] writing list of installed files to '/home/suho/final/build/my_package/install.log'
[21.984s] Invoked command in '/home/suho/final/my_package' returned '0': PYTHONPATH=/home/suho/final/build/my_package/prefix_override:/home/suho/final/install/my_package/lib/python3.8/site-packages:${PYTHONPATH} /usr/bin/python3 setup.py egg_info --egg-base ../build/my_package build --build-base /home/suho/final/build/my_package/build install --record /home/suho/final/build/my_package/install.log --install-scripts $base/lib/my_package --single-version-externally-managed
