[6.449s] Invoking command in '/home/suho/final/my_package': PYTHONPATH=/home/suho/final/build/my_package/prefix_override:/home/suho/final/install/my_package/lib/python3.8/site-packages:${PYTHONPATH} /usr/bin/python3 setup.py egg_info --egg-base ../build/my_package build --build-base /home/suho/final/build/my_package/build install --record /home/suho/final/build/my_package/install.log --install-scripts $base/lib/my_package --single-version-externally-managed
[7.095s] running egg_info
[7.154s] writing ../build/my_package/my_package.egg-info/PKG-INFO
[7.161s] writing dependency_links to ../build/my_package/my_package.egg-info/dependency_links.txt
[7.208s] writing entry points to ../build/my_package/my_package.egg-info/entry_points.txt
[7.209s] writing requirements to ../build/my_package/my_package.egg-info/requires.txt
[7.243s] writing top-level names to ../build/my_package/my_package.egg-info/top_level.txt
[7.390s] reading manifest file '../build/my_package/my_package.egg-info/SOURCES.txt'
[7.417s] writing manifest file '../build/my_package/my_package.egg-info/SOURCES.txt'
[7.425s] running build
[7.425s] running build_py
[7.425s] copying my_package/motor_node.py -> /home/suho/final/build/my_package/build/lib/my_package
[7.425s] copying my_package/monitor_node.py -> /home/suho/final/build/my_package/build/lib/my_package
[7.425s] copying my_package/control_node.py -> /home/suho/final/build/my_package/build/lib/my_package
[7.426s] running install
[7.452s] running install_lib
[7.508s] copying /home/suho/final/build/my_package/build/lib/my_package/motor_node.py -> /home/suho/final/install/my_package/lib/python3.8/site-packages/my_package
[7.525s] copying /home/suho/final/build/my_package/build/lib/my_package/monitor_node.py -> /home/suho/final/install/my_package/lib/python3.8/site-packages/my_package
[7.541s] copying /home/suho/final/build/my_package/build/lib/my_package/control_node.py -> /home/suho/final/install/my_package/lib/python3.8/site-packages/my_package
[7.542s] byte-compiling /home/suho/final/install/my_package/lib/python3.8/site-packages/my_package/motor_node.py to motor_node.cpython-38.pyc
[7.543s] byte-compiling /home/suho/final/install/my_package/lib/python3.8/site-packages/my_package/monitor_node.py to monitor_node.cpython-38.pyc
[7.546s] byte-compiling /home/suho/final/install/my_package/lib/python3.8/site-packages/my_package/control_node.py to control_node.cpython-38.pyc
[7.547s] running install_data
[7.547s] copying package.xml -> /home/suho/final/install/my_package/share/my_package
[7.570s] creating /home/suho/final/install/my_package/share/my_package/action
[7.571s] running install_egg_info
[7.573s] removing '/home/suho/final/install/my_package/lib/python3.8/site-packages/my_package-0.0.0-py3.8.egg-info' (and everything under it)
[7.574s] Copying ../build/my_package/my_package.egg-info to /home/suho/final/install/my_package/lib/python3.8/site-packages/my_package-0.0.0-py3.8.egg-info
[7.578s] running install_scripts
[7.624s] Installing control_node script to /home/suho/final/install/my_package/lib/my_package
[7.655s] Installing flask_node script to /home/suho/final/install/my_package/lib/my_package
[7.708s] Installing monitor_node script to /home/suho/final/install/my_package/lib/my_package
[7.708s] Installing motor_node script to /home/suho/final/install/my_package/lib/my_package
[7.709s] Installing sensor_node script to /home/suho/final/install/my_package/lib/my_package
[7.709s] writing list of installed files to '/home/suho/final/build/my_package/install.log'
[7.763s] Invoked command in '/home/suho/final/my_package' returned '0': PYTHONPATH=/home/suho/final/build/my_package/prefix_override:/home/suho/final/install/my_package/lib/python3.8/site-packages:${PYTHONPATH} /usr/bin/python3 setup.py egg_info --egg-base ../build/my_package build --build-base /home/suho/final/build/my_package/build install --record /home/suho/final/build/my_package/install.log --install-scripts $base/lib/my_package --single-version-externally-managed
