[6.339s] Invoking command in '/home/suho/final/my_package': PYTHONPATH=/home/suho/final/build/my_package/prefix_override:/home/suho/final/install/my_package/lib/python3.8/site-packages:${PYTHONPATH} /usr/bin/python3 setup.py egg_info --egg-base ../build/my_package build --build-base /home/suho/final/build/my_package/build install --record /home/suho/final/build/my_package/install.log --install-scripts $base/lib/my_package --single-version-externally-managed
[6.855s] running egg_info
[6.890s] writing ../build/my_package/my_package.egg-info/PKG-INFO
[6.891s] writing dependency_links to ../build/my_package/my_package.egg-info/dependency_links.txt
[6.916s] writing entry points to ../build/my_package/my_package.egg-info/entry_points.txt
[6.935s] writing requirements to ../build/my_package/my_package.egg-info/requires.txt
[6.997s] writing top-level names to ../build/my_package/my_package.egg-info/top_level.txt
[7.147s] reading manifest file '../build/my_package/my_package.egg-info/SOURCES.txt'
[7.150s] writing manifest file '../build/my_package/my_package.egg-info/SOURCES.txt'
[7.152s] running build
[7.152s] running build_py
[7.152s] running install
[7.158s] running install_lib
[7.162s] running install_data
[7.195s] running install_egg_info
[7.196s] removing '/home/suho/final/install/my_package/lib/python3.8/site-packages/my_package-0.0.0-py3.8.egg-info' (and everything under it)
[7.196s] Copying ../build/my_package/my_package.egg-info to /home/suho/final/install/my_package/lib/python3.8/site-packages/my_package-0.0.0-py3.8.egg-info
[7.196s] running install_scripts
[7.315s] Installing control_node script to /home/suho/final/install/my_package/lib/my_package
[7.333s] Installing flask_node script to /home/suho/final/install/my_package/lib/my_package
[7.343s] Installing monitor_node script to /home/suho/final/install/my_package/lib/my_package
[7.344s] Installing motor_node script to /home/suho/final/install/my_package/lib/my_package
[7.376s] Installing sensor_node script to /home/suho/final/install/my_package/lib/my_package
[7.415s] writing list of installed files to '/home/suho/final/build/my_package/install.log'
[7.600s] Invoked command in '/home/suho/final/my_package' returned '0': PYTHONPATH=/home/suho/final/build/my_package/prefix_override:/home/suho/final/install/my_package/lib/python3.8/site-packages:${PYTHONPATH} /usr/bin/python3 setup.py egg_info --egg-base ../build/my_package build --build-base /home/suho/final/build/my_package/build install --record /home/suho/final/build/my_package/install.log --install-scripts $base/lib/my_package --single-version-externally-managed
