[10.470s] DEBUG:colcon:Command line arguments: ['/usr/bin/colcon', 'build', '--packages-select', 'my_package']
[10.481s] DEBUG:colcon:Parsed command line arguments: Namespace(allow_overriding=[], ament_cmake_args=None, base_paths=['.'], build_base='build', catkin_cmake_args=None, catkin_skip_building_tests=False, cmake_args=None, cmake_clean_cache=False, cmake_clean_first=False, cmake_force_configure=False, cmake_target=None, cmake_target_skip_unavailable=False, continue_on_error=False, event_handlers=None, executor='parallel', ignore_user_meta=False, install_base='install', log_base=None, log_level=None, main=<bound method BuildVerb.main of <colcon_core.verb.build.BuildVerb object at 0x7f0910867e20>>, merge_install=False, metas=['./colcon.meta'], packages_above=None, packages_above_and_dependencies=None, packages_above_depth=None, packages_end=None, packages_ignore=None, packages_ignore_regex=None, packages_select=['my_package'], packages_select_build_failed=False, packages_select_by_dep=None, packages_select_regex=None, packages_select_test_failures=False, packages_skip=None, packages_skip_build_finished=False, packages_skip_by_dep=None, packages_skip_regex=None, packages_skip_test_passed=False, packages_skip_up_to=None, packages_start=None, packages_up_to=None, packages_up_to_regex=None, parallel_workers=6, paths=None, symlink_install=False, test_result_base=None, verb_extension=<colcon_core.verb.build.BuildVerb object at 0x7f0910867e20>, verb_name='build', verb_parser=<colcon_defaults.argument_parser.defaults.DefaultArgumentsDecorator object at 0x7f0910567a00>)
[10.966s] Level 1:colcon.colcon_core.package_discovery:discover_packages(colcon_meta) check parameters
[10.966s] Level 1:colcon.colcon_core.package_discovery:discover_packages(recursive) check parameters
[10.967s] Level 1:colcon.colcon_core.package_discovery:discover_packages(ignore) check parameters
[10.967s] Level 1:colcon.colcon_core.package_discovery:discover_packages(path) check parameters
[10.967s] Level 1:colcon.colcon_core.package_discovery:discover_packages(colcon_meta) discover
[10.967s] Level 1:colcon.colcon_core.package_discovery:discover_packages(recursive) discover
[10.967s] INFO:colcon.colcon_core.package_discovery:Crawling recursively for packages in '/home/suho/final'
[10.967s] Level 1:colcon.colcon_core.package_identification:_identify(.) by extensions ['ignore', 'ignore_ament_install']
[10.967s] Level 1:colcon.colcon_core.package_identification:_identify(.) by extension 'ignore'
[10.967s] Level 1:colcon.colcon_core.package_identification:_identify(.) by extension 'ignore_ament_install'
[10.968s] Level 1:colcon.colcon_core.package_identification:_identify(.) by extensions ['colcon_pkg']
[10.968s] Level 1:colcon.colcon_core.package_identification:_identify(.) by extension 'colcon_pkg'
[10.968s] Level 1:colcon.colcon_core.package_identification:_identify(.) by extensions ['colcon_meta']
[10.968s] Level 1:colcon.colcon_core.package_identification:_identify(.) by extension 'colcon_meta'
[10.968s] Level 1:colcon.colcon_core.package_identification:_identify(.) by extensions ['ros']
[10.968s] Level 1:colcon.colcon_core.package_identification:_identify(.) by extension 'ros'
[11.007s] Level 1:colcon.colcon_core.package_identification:_identify(.) by extensions ['cmake', 'python']
[11.008s] Level 1:colcon.colcon_core.package_identification:_identify(.) by extension 'cmake'
[11.008s] Level 1:colcon.colcon_core.package_identification:_identify(.) by extension 'python'
[11.008s] Level 1:colcon.colcon_core.package_identification:_identify(.) by extensions ['python_setup_py']
[11.008s] Level 1:colcon.colcon_core.package_identification:_identify(.) by extension 'python_setup_py'
[11.008s] Level 1:colcon.colcon_core.package_identification:_identify(build) by extensions ['ignore', 'ignore_ament_install']
[11.009s] Level 1:colcon.colcon_core.package_identification:_identify(build) by extension 'ignore'
[11.009s] Level 1:colcon.colcon_core.package_identification:_identify(build) ignored
[11.009s] Level 1:colcon.colcon_core.package_identification:_identify(install) by extensions ['ignore', 'ignore_ament_install']
[11.010s] Level 1:colcon.colcon_core.package_identification:_identify(install) by extension 'ignore'
[11.011s] Level 1:colcon.colcon_core.package_identification:_identify(install) ignored
[11.011s] Level 1:colcon.colcon_core.package_identification:_identify(log) by extensions ['ignore', 'ignore_ament_install']
[11.012s] Level 1:colcon.colcon_core.package_identification:_identify(log) by extension 'ignore'
[11.012s] Level 1:colcon.colcon_core.package_identification:_identify(log) ignored
[11.012s] Level 1:colcon.colcon_core.package_identification:_identify(my_package) by extensions ['ignore', 'ignore_ament_install']
[11.012s] Level 1:colcon.colcon_core.package_identification:_identify(my_package) by extension 'ignore'
[11.012s] Level 1:colcon.colcon_core.package_identification:_identify(my_package) by extension 'ignore_ament_install'
[11.012s] Level 1:colcon.colcon_core.package_identification:_identify(my_package) by extensions ['colcon_pkg']
[11.012s] Level 1:colcon.colcon_core.package_identification:_identify(my_package) by extension 'colcon_pkg'
[11.012s] Level 1:colcon.colcon_core.package_identification:_identify(my_package) by extensions ['colcon_meta']
[11.013s] Level 1:colcon.colcon_core.package_identification:_identify(my_package) by extension 'colcon_meta'
[11.013s] Level 1:colcon.colcon_core.package_identification:_identify(my_package) by extensions ['ros']
[11.013s] Level 1:colcon.colcon_core.package_identification:_identify(my_package) by extension 'ros'
[11.019s] DEBUG:colcon.colcon_core.package_identification:Package 'my_package' with type 'ros.ament_python' and name 'my_package'
[11.019s] Level 1:colcon.colcon_core.package_discovery:discover_packages(recursive) using defaults
[11.019s] Level 1:colcon.colcon_core.package_discovery:discover_packages(ignore) discover
[11.020s] Level 1:colcon.colcon_core.package_discovery:discover_packages(ignore) using defaults
[11.020s] Level 1:colcon.colcon_core.package_discovery:discover_packages(path) discover
[11.020s] Level 1:colcon.colcon_core.package_discovery:discover_packages(path) using defaults
[12.156s] Level 1:colcon.colcon_core.package_discovery:discover_packages(prefix_path) check parameters
[12.157s] Level 1:colcon.colcon_core.package_discovery:discover_packages(prefix_path) discover
[12.522s] DEBUG:colcon.colcon_installed_package_information.package_discovery:Found 1 installed packages in /home/suho/final/install
[12.729s] DEBUG:colcon.colcon_installed_package_information.package_discovery:Found 329 installed packages in /opt/ros/foxy
[12.733s] Level 1:colcon.colcon_core.package_discovery:discover_packages(prefix_path) using defaults
[13.308s] Level 5:colcon.colcon_core.verb:set package 'my_package' build argument 'cmake_args' from command line to 'None'
[13.309s] Level 5:colcon.colcon_core.verb:set package 'my_package' build argument 'cmake_target' from command line to 'None'
[13.309s] Level 5:colcon.colcon_core.verb:set package 'my_package' build argument 'cmake_target_skip_unavailable' from command line to 'False'
[13.309s] Level 5:colcon.colcon_core.verb:set package 'my_package' build argument 'cmake_clean_cache' from command line to 'False'
[13.309s] Level 5:colcon.colcon_core.verb:set package 'my_package' build argument 'cmake_clean_first' from command line to 'False'
[13.309s] Level 5:colcon.colcon_core.verb:set package 'my_package' build argument 'cmake_force_configure' from command line to 'False'
[13.309s] Level 5:colcon.colcon_core.verb:set package 'my_package' build argument 'ament_cmake_args' from command line to 'None'
[13.309s] Level 5:colcon.colcon_core.verb:set package 'my_package' build argument 'catkin_cmake_args' from command line to 'None'
[13.309s] Level 5:colcon.colcon_core.verb:set package 'my_package' build argument 'catkin_skip_building_tests' from command line to 'False'
[13.309s] DEBUG:colcon.colcon_core.verb:Building package 'my_package' with the following arguments: {'ament_cmake_args': None, 'build_base': '/home/suho/final/build/my_package', 'catkin_cmake_args': None, 'catkin_skip_building_tests': False, 'cmake_args': None, 'cmake_clean_cache': False, 'cmake_clean_first': False, 'cmake_force_configure': False, 'cmake_target': None, 'cmake_target_skip_unavailable': False, 'install_base': '/home/suho/final/install/my_package', 'merge_install': False, 'path': '/home/suho/final/my_package', 'symlink_install': False, 'test_result_base': None}
[13.489s] INFO:colcon.colcon_core.executor:Executing jobs using 'parallel' executor
[13.689s] DEBUG:colcon.colcon_parallel_executor.executor.parallel:run_until_complete
[13.704s] INFO:colcon.colcon_ros.task.ament_python.build:Building ROS package in '/home/suho/final/my_package' with build type 'ament_python'
[13.715s] Level 1:colcon.colcon_core.shell:create_environment_hook('my_package', 'ament_prefix_path')
[13.971s] INFO:colcon.colcon_core.plugin_system:Skipping extension 'colcon_core.shell.bat': Not used on non-Windows systems
[13.972s] INFO:colcon.colcon_core.shell:Creating environment hook '/home/suho/final/install/my_package/share/my_package/hook/ament_prefix_path.ps1'
[13.975s] INFO:colcon.colcon_core.shell:Creating environment descriptor '/home/suho/final/install/my_package/share/my_package/hook/ament_prefix_path.dsv'
[13.997s] INFO:colcon.colcon_core.shell:Creating environment hook '/home/suho/final/install/my_package/share/my_package/hook/ament_prefix_path.sh'
[14.271s] INFO:colcon.colcon_core.shell:Skip shell extension 'powershell' for command environment: Not usable outside of PowerShell
[14.278s] DEBUG:colcon.colcon_core.shell:Skip shell extension 'dsv' for command environment
[16.015s] INFO:colcon.colcon_core.task.python.build:Building Python package in '/home/suho/final/my_package'
[16.223s] INFO:colcon.colcon_core.shell:Skip shell extension 'powershell' for command environment: Not usable outside of PowerShell
[16.224s] DEBUG:colcon.colcon_core.shell:Skip shell extension 'dsv' for command environment
[18.920s] DEBUG:colcon.colcon_core.event_handler.log_command:Invoking command in '/home/suho/final/my_package': PYTHONPATH=/home/suho/final/build/my_package/prefix_override:/home/suho/final/install/my_package/lib/python3.8/site-packages:${PYTHONPATH} /usr/bin/python3 setup.py egg_info --egg-base ../build/my_package build --build-base /home/suho/final/build/my_package/build install --record /home/suho/final/build/my_package/install.log --install-scripts $base/lib/my_package --single-version-externally-managed
[19.867s] DEBUG:colcon.colcon_core.event_handler.log_command:Invoked command in '/home/suho/final/my_package' returned '0': PYTHONPATH=/home/suho/final/build/my_package/prefix_override:/home/suho/final/install/my_package/lib/python3.8/site-packages:${PYTHONPATH} /usr/bin/python3 setup.py egg_info --egg-base ../build/my_package build --build-base /home/suho/final/build/my_package/build install --record /home/suho/final/build/my_package/install.log --install-scripts $base/lib/my_package --single-version-externally-managed
[20.122s] Level 1:colcon.colcon_core.environment:checking '/home/suho/final/install/my_package' for CMake module files
[20.123s] Level 1:colcon.colcon_core.environment:checking '/home/suho/final/install/my_package' for CMake config files
[20.125s] Level 1:colcon.colcon_core.environment:checking '/home/suho/final/install/my_package/lib'
[20.128s] Level 1:colcon.colcon_core.environment:checking '/home/suho/final/install/my_package/bin'
[20.128s] Level 1:colcon.colcon_core.environment:checking '/home/suho/final/install/my_package/lib/pkgconfig/my_package.pc'
[20.129s] Level 1:colcon.colcon_core.environment:checking '/home/suho/final/install/my_package/lib/python3.8/site-packages'
[20.129s] Level 1:colcon.colcon_core.shell:create_environment_hook('my_package', 'pythonpath')
[20.503s] INFO:colcon.colcon_core.shell:Creating environment hook '/home/suho/final/install/my_package/share/my_package/hook/pythonpath.ps1'
[20.506s] INFO:colcon.colcon_core.shell:Creating environment descriptor '/home/suho/final/install/my_package/share/my_package/hook/pythonpath.dsv'
[20.509s] INFO:colcon.colcon_core.shell:Creating environment hook '/home/suho/final/install/my_package/share/my_package/hook/pythonpath.sh'
[20.521s] Level 1:colcon.colcon_core.environment:checking '/home/suho/final/install/my_package/bin'
[20.563s] Level 1:colcon.colcon_core.environment:create_environment_scripts_only(my_package)
[20.884s] INFO:colcon.colcon_core.shell:Creating package script '/home/suho/final/install/my_package/share/my_package/package.ps1'
[20.895s] INFO:colcon.colcon_core.shell:Creating package descriptor '/home/suho/final/install/my_package/share/my_package/package.dsv'
[20.918s] INFO:colcon.colcon_core.shell:Creating package script '/home/suho/final/install/my_package/share/my_package/package.sh'
[20.953s] INFO:colcon.colcon_core.shell:Creating package script '/home/suho/final/install/my_package/share/my_package/package.bash'
[20.979s] INFO:colcon.colcon_core.shell:Creating package script '/home/suho/final/install/my_package/share/my_package/package.zsh'
[21.071s] Level 1:colcon.colcon_core.environment:create_file_with_runtime_dependencies(/home/suho/final/install/my_package/share/colcon-core/packages/my_package)
[21.105s] DEBUG:colcon.colcon_parallel_executor.executor.parallel:closing loop
[21.115s] DEBUG:colcon.colcon_parallel_executor.executor.parallel:loop closed
[21.132s] DEBUG:colcon.colcon_parallel_executor.executor.parallel:run_until_complete finished with '0'
[21.194s] DEBUG:colcon.colcon_core.event_reactor:joining thread
[21.450s] INFO:colcon.colcon_core.plugin_system:Skipping extension 'colcon_notification.desktop_notification.terminal_notifier': Not used on non-Darwin systems
[21.450s] INFO:colcon.colcon_core.plugin_system:Skipping extension 'colcon_notification.desktop_notification.win32': Not used on non-Windows systems
[21.451s] INFO:colcon.colcon_notification.desktop_notification:Sending desktop notification using 'notify2'
[21.539s] DEBUG:colcon.colcon_core.event_reactor:joined thread
[21.777s] INFO:colcon.colcon_core.shell:Creating prefix script '/home/suho/final/install/local_setup.ps1'
[21.780s] INFO:colcon.colcon_core.shell:Creating prefix util module '/home/suho/final/install/_local_setup_util_ps1.py'
[21.792s] INFO:colcon.colcon_core.shell:Creating prefix chain script '/home/suho/final/install/setup.ps1'
[21.999s] INFO:colcon.colcon_core.shell:Creating prefix script '/home/suho/final/install/local_setup.sh'
[22.010s] INFO:colcon.colcon_core.shell:Creating prefix util module '/home/suho/final/install/_local_setup_util_sh.py'
[22.021s] INFO:colcon.colcon_core.shell:Creating prefix chain script '/home/suho/final/install/setup.sh'
[22.215s] INFO:colcon.colcon_core.shell:Creating prefix script '/home/suho/final/install/local_setup.bash'
[22.219s] INFO:colcon.colcon_core.shell:Creating prefix chain script '/home/suho/final/install/setup.bash'
[22.438s] INFO:colcon.colcon_core.shell:Creating prefix script '/home/suho/final/install/local_setup.zsh'
[22.440s] INFO:colcon.colcon_core.shell:Creating prefix chain script '/home/suho/final/install/setup.zsh'
