/home/suho/final/install/my_package/lib/python3.8/site-packages/my_package/flask_node.py
/home/suho/final/install/my_package/lib/python3.8/site-packages/my_package/__init__.py
/home/suho/final/install/my_package/lib/python3.8/site-packages/my_package/motor_node.py
/home/suho/final/install/my_package/lib/python3.8/site-packages/my_package/sensor_node.py
/home/suho/final/install/my_package/lib/python3.8/site-packages/my_package/monitor_node.py
/home/suho/final/install/my_package/lib/python3.8/site-packages/my_package/control_node.py
/home/suho/final/install/my_package/lib/python3.8/site-packages/my_package/__pycache__/flask_node.cpython-38.pyc
/home/suho/final/install/my_package/lib/python3.8/site-packages/my_package/__pycache__/__init__.cpython-38.pyc
/home/suho/final/install/my_package/lib/python3.8/site-packages/my_package/__pycache__/motor_node.cpython-38.pyc
/home/suho/final/install/my_package/lib/python3.8/site-packages/my_package/__pycache__/sensor_node.cpython-38.pyc
/home/suho/final/install/my_package/lib/python3.8/site-packages/my_package/__pycache__/monitor_node.cpython-38.pyc
/home/suho/final/install/my_package/lib/python3.8/site-packages/my_package/__pycache__/control_node.cpython-38.pyc
/home/suho/final/install/my_package/share/ament_index/resource_index/packages/my_package
/home/suho/final/install/my_package/share/my_package/package.xml
/home/suho/final/install/my_package/share/my_package
/home/suho/final/install/my_package/lib/python3.8/site-packages/my_package-0.0.0-py3.8.egg-info/dependency_links.txt
/home/suho/final/install/my_package/lib/python3.8/site-packages/my_package-0.0.0-py3.8.egg-info/SOURCES.txt
/home/suho/final/install/my_package/lib/python3.8/site-packages/my_package-0.0.0-py3.8.egg-info/requires.txt
/home/suho/final/install/my_package/lib/python3.8/site-packages/my_package-0.0.0-py3.8.egg-info/PKG-INFO
/home/suho/final/install/my_package/lib/python3.8/site-packages/my_package-0.0.0-py3.8.egg-info/entry_points.txt
/home/suho/final/install/my_package/lib/python3.8/site-packages/my_package-0.0.0-py3.8.egg-info/zip-safe
/home/suho/final/install/my_package/lib/python3.8/site-packages/my_package-0.0.0-py3.8.egg-info/top_level.txt
/home/suho/final/install/my_package/lib/my_package/control_node
/home/suho/final/install/my_package/lib/my_package/flask_node
/home/suho/final/install/my_package/lib/my_package/monitor_node
/home/suho/final/install/my_package/lib/my_package/motor_node
/home/suho/final/install/my_package/lib/my_package/sensor_node
