[9.988s] Invoking command in '/home/suho/final/my_package': PYTHONPATH=/home/suho/final/build/my_package/prefix_override:/home/suho/final/install/my_package/lib/python3.8/site-packages:${PYTHONPATH} /usr/bin/python3 setup.py egg_info --egg-base ../build/my_package build --build-base /home/suho/final/build/my_package/build install --record /home/suho/final/build/my_package/install.log --install-scripts $base/lib/my_package --single-version-externally-managed
[10.836s] running egg_info
[10.878s] writing ../build/my_package/my_package.egg-info/PKG-INFO
[10.879s] writing dependency_links to ../build/my_package/my_package.egg-info/dependency_links.txt
[10.885s] writing entry points to ../build/my_package/my_package.egg-info/entry_points.txt
[10.886s] writing requirements to ../build/my_package/my_package.egg-info/requires.txt
[10.886s] writing top-level names to ../build/my_package/my_package.egg-info/top_level.txt
[11.021s] reading manifest file '../build/my_package/my_package.egg-info/SOURCES.txt'
[11.041s] writing manifest file '../build/my_package/my_package.egg-info/SOURCES.txt'
[11.075s] running build
[11.075s] running build_py
[11.075s] copying my_package/flask_node.py -> /home/suho/final/build/my_package/build/lib/my_package
[11.075s] copying my_package/motor_node.py -> /home/suho/final/build/my_package/build/lib/my_package
[11.076s] copying my_package/sensor_node.py -> /home/suho/final/build/my_package/build/lib/my_package
[11.076s] copying my_package/monitor_node.py -> /home/suho/final/build/my_package/build/lib/my_package
[11.076s] copying my_package/control_node.py -> /home/suho/final/build/my_package/build/lib/my_package
[11.077s] running install
[11.131s] running install_lib
[11.131s] copying /home/suho/final/build/my_package/build/lib/my_package/flask_node.py -> /home/suho/final/install/my_package/lib/python3.8/site-packages/my_package
[11.132s] copying /home/suho/final/build/my_package/build/lib/my_package/motor_node.py -> /home/suho/final/install/my_package/lib/python3.8/site-packages/my_package
[11.132s] copying /home/suho/final/build/my_package/build/lib/my_package/sensor_node.py -> /home/suho/final/install/my_package/lib/python3.8/site-packages/my_package
[11.147s] copying /home/suho/final/build/my_package/build/lib/my_package/monitor_node.py -> /home/suho/final/install/my_package/lib/python3.8/site-packages/my_package
[11.148s] copying /home/suho/final/build/my_package/build/lib/my_package/control_node.py -> /home/suho/final/install/my_package/lib/python3.8/site-packages/my_package
[11.160s] byte-compiling /home/suho/final/install/my_package/lib/python3.8/site-packages/my_package/flask_node.py to flask_node.cpython-38.pyc
[11.160s] byte-compiling /home/suho/final/install/my_package/lib/python3.8/site-packages/my_package/motor_node.py to motor_node.cpython-38.pyc
[11.220s] byte-compiling /home/suho/final/install/my_package/lib/python3.8/site-packages/my_package/sensor_node.py to sensor_node.cpython-38.pyc
[11.221s] byte-compiling /home/suho/final/install/my_package/lib/python3.8/site-packages/my_package/monitor_node.py to monitor_node.cpython-38.pyc
[11.221s] byte-compiling /home/suho/final/install/my_package/lib/python3.8/site-packages/my_package/control_node.py to control_node.cpython-38.pyc
[11.223s] running install_data
[11.236s] running install_egg_info
[11.254s] removing '/home/suho/final/install/my_package/lib/python3.8/site-packages/my_package-0.0.0-py3.8.egg-info' (and everything under it)
[11.255s] Copying ../build/my_package/my_package.egg-info to /home/suho/final/install/my_package/lib/python3.8/site-packages/my_package-0.0.0-py3.8.egg-info
[11.256s] running install_scripts
[11.311s] Installing control_node script to /home/suho/final/install/my_package/lib/my_package
[11.330s] Installing flask_node script to /home/suho/final/install/my_package/lib/my_package
[11.333s] Installing monitor_node script to /home/suho/final/install/my_package/lib/my_package
[11.333s] Installing motor_node script to /home/suho/final/install/my_package/lib/my_package
[11.334s] Installing sensor_node script to /home/suho/final/install/my_package/lib/my_package
[11.334s] writing list of installed files to '/home/suho/final/build/my_package/install.log'
[11.408s] Invoked command in '/home/suho/final/my_package' returned '0': PYTHONPATH=/home/suho/final/build/my_package/prefix_override:/home/suho/final/install/my_package/lib/python3.8/site-packages:${PYTHONPATH} /usr/bin/python3 setup.py egg_info --egg-base ../build/my_package build --build-base /home/suho/final/build/my_package/build install --record /home/suho/final/build/my_package/install.log --install-scripts $base/lib/my_package --single-version-externally-managed
