[14.501s] DEBUG:colcon:Command line arguments: ['/usr/bin/colcon', 'build', '--packages-select', 'my_package']
[14.503s] DEBUG:colcon:Parsed command line arguments: Namespace(allow_overriding=[], ament_cmake_args=None, base_paths=['.'], build_base='build', catkin_cmake_args=None, catkin_skip_building_tests=False, cmake_args=None, cmake_clean_cache=False, cmake_clean_first=False, cmake_force_configure=False, cmake_target=None, cmake_target_skip_unavailable=False, continue_on_error=False, event_handlers=None, executor='parallel', ignore_user_meta=False, install_base='install', log_base=None, log_level=None, main=<bound method BuildVerb.main of <colcon_core.verb.build.BuildVerb object at 0x7f6a20882a90>>, merge_install=False, metas=['./colcon.meta'], packages_above=None, packages_above_and_dependencies=None, packages_above_depth=None, packages_end=None, packages_ignore=None, packages_ignore_regex=None, packages_select=['my_package'], packages_select_build_failed=False, packages_select_by_dep=None, packages_select_regex=None, packages_select_test_failures=False, packages_skip=None, packages_skip_build_finished=False, packages_skip_by_dep=None, packages_skip_regex=None, packages_skip_test_passed=False, packages_skip_up_to=None, packages_start=None, packages_up_to=None, packages_up_to_regex=None, parallel_workers=6, paths=None, symlink_install=False, test_result_base=None, verb_extension=<colcon_core.verb.build.BuildVerb object at 0x7f6a20882a90>, verb_name='build', verb_parser=<colcon_defaults.argument_parser.defaults.DefaultArgumentsDecorator object at 0x7f6a2055a370>)
[15.446s] Level 1:colcon.colcon_core.package_discovery:discover_packages(colcon_meta) check parameters
[15.446s] Level 1:colcon.colcon_core.package_discovery:discover_packages(recursive) check parameters
[15.447s] Level 1:colcon.colcon_core.package_discovery:discover_packages(ignore) check parameters
[15.447s] Level 1:colcon.colcon_core.package_discovery:discover_packages(path) check parameters
[15.447s] Level 1:colcon.colcon_core.package_discovery:discover_packages(colcon_meta) discover
[15.447s] Level 1:colcon.colcon_core.package_discovery:discover_packages(recursive) discover
[15.447s] INFO:colcon.colcon_core.package_discovery:Crawling recursively for packages in '/home/suho/final'
[15.447s] Level 1:colcon.colcon_core.package_identification:_identify(.) by extensions ['ignore', 'ignore_ament_install']
[15.448s] Level 1:colcon.colcon_core.package_identification:_identify(.) by extension 'ignore'
[15.448s] Level 1:colcon.colcon_core.package_identification:_identify(.) by extension 'ignore_ament_install'
[15.448s] Level 1:colcon.colcon_core.package_identification:_identify(.) by extensions ['colcon_pkg']
[15.449s] Level 1:colcon.colcon_core.package_identification:_identify(.) by extension 'colcon_pkg'
[15.449s] Level 1:colcon.colcon_core.package_identification:_identify(.) by extensions ['colcon_meta']
[15.449s] Level 1:colcon.colcon_core.package_identification:_identify(.) by extension 'colcon_meta'
[15.450s] Level 1:colcon.colcon_core.package_identification:_identify(.) by extensions ['ros']
[15.450s] Level 1:colcon.colcon_core.package_identification:_identify(.) by extension 'ros'
[15.548s] Level 1:colcon.colcon_core.package_identification:_identify(.) by extensions ['cmake', 'python']
[15.578s] Level 1:colcon.colcon_core.package_identification:_identify(.) by extension 'cmake'
[15.589s] Level 1:colcon.colcon_core.package_identification:_identify(.) by extension 'python'
[15.589s] Level 1:colcon.colcon_core.package_identification:_identify(.) by extensions ['python_setup_py']
[15.590s] Level 1:colcon.colcon_core.package_identification:_identify(.) by extension 'python_setup_py'
[15.595s] Level 1:colcon.colcon_core.package_identification:_identify(build) by extensions ['ignore', 'ignore_ament_install']
[15.595s] Level 1:colcon.colcon_core.package_identification:_identify(build) by extension 'ignore'
[15.595s] Level 1:colcon.colcon_core.package_identification:_identify(build) ignored
[15.595s] Level 1:colcon.colcon_core.package_identification:_identify(install) by extensions ['ignore', 'ignore_ament_install']
[15.597s] Level 1:colcon.colcon_core.package_identification:_identify(install) by extension 'ignore'
[15.597s] Level 1:colcon.colcon_core.package_identification:_identify(install) ignored
[15.598s] Level 1:colcon.colcon_core.package_identification:_identify(log) by extensions ['ignore', 'ignore_ament_install']
[15.598s] Level 1:colcon.colcon_core.package_identification:_identify(log) by extension 'ignore'
[15.598s] Level 1:colcon.colcon_core.package_identification:_identify(log) ignored
[15.598s] Level 1:colcon.colcon_core.package_identification:_identify(my_package) by extensions ['ignore', 'ignore_ament_install']
[15.598s] Level 1:colcon.colcon_core.package_identification:_identify(my_package) by extension 'ignore'
[15.598s] Level 1:colcon.colcon_core.package_identification:_identify(my_package) by extension 'ignore_ament_install'
[15.599s] Level 1:colcon.colcon_core.package_identification:_identify(my_package) by extensions ['colcon_pkg']
[15.599s] Level 1:colcon.colcon_core.package_identification:_identify(my_package) by extension 'colcon_pkg'
[15.599s] Level 1:colcon.colcon_core.package_identification:_identify(my_package) by extensions ['colcon_meta']
[15.599s] Level 1:colcon.colcon_core.package_identification:_identify(my_package) by extension 'colcon_meta'
[15.604s] Level 1:colcon.colcon_core.package_identification:_identify(my_package) by extensions ['ros']
[15.604s] Level 1:colcon.colcon_core.package_identification:_identify(my_package) by extension 'ros'
[15.651s] DEBUG:colcon.colcon_core.package_identification:Package 'my_package' with type 'ros.ament_python' and name 'my_package'
[15.651s] Level 1:colcon.colcon_core.package_discovery:discover_packages(recursive) using defaults
[15.651s] Level 1:colcon.colcon_core.package_discovery:discover_packages(ignore) discover
[15.651s] Level 1:colcon.colcon_core.package_discovery:discover_packages(ignore) using defaults
[15.651s] Level 1:colcon.colcon_core.package_discovery:discover_packages(path) discover
[15.651s] Level 1:colcon.colcon_core.package_discovery:discover_packages(path) using defaults
[16.810s] Level 1:colcon.colcon_core.package_discovery:discover_packages(prefix_path) check parameters
[16.811s] Level 1:colcon.colcon_core.package_discovery:discover_packages(prefix_path) discover
[17.048s] Level 1:colcon.colcon_core.package_discovery:discover_packages(prefix_path) using defaults
[17.544s] Level 5:colcon.colcon_core.verb:set package 'my_package' build argument 'cmake_args' from command line to 'None'
[17.544s] Level 5:colcon.colcon_core.verb:set package 'my_package' build argument 'cmake_target' from command line to 'None'
[17.545s] Level 5:colcon.colcon_core.verb:set package 'my_package' build argument 'cmake_target_skip_unavailable' from command line to 'False'
[17.545s] Level 5:colcon.colcon_core.verb:set package 'my_package' build argument 'cmake_clean_cache' from command line to 'False'
[17.545s] Level 5:colcon.colcon_core.verb:set package 'my_package' build argument 'cmake_clean_first' from command line to 'False'
[17.546s] Level 5:colcon.colcon_core.verb:set package 'my_package' build argument 'cmake_force_configure' from command line to 'False'
[17.546s] Level 5:colcon.colcon_core.verb:set package 'my_package' build argument 'ament_cmake_args' from command line to 'None'
[17.546s] Level 5:colcon.colcon_core.verb:set package 'my_package' build argument 'catkin_cmake_args' from command line to 'None'
[17.546s] Level 5:colcon.colcon_core.verb:set package 'my_package' build argument 'catkin_skip_building_tests' from command line to 'False'
[17.546s] DEBUG:colcon.colcon_core.verb:Building package 'my_package' with the following arguments: {'ament_cmake_args': None, 'build_base': '/home/suho/final/build/my_package', 'catkin_cmake_args': None, 'catkin_skip_building_tests': False, 'cmake_args': None, 'cmake_clean_cache': False, 'cmake_clean_first': False, 'cmake_force_configure': False, 'cmake_target': None, 'cmake_target_skip_unavailable': False, 'install_base': '/home/suho/final/install/my_package', 'merge_install': False, 'path': '/home/suho/final/my_package', 'symlink_install': False, 'test_result_base': None}
[17.727s] INFO:colcon.colcon_core.executor:Executing jobs using 'parallel' executor
[17.907s] DEBUG:colcon.colcon_parallel_executor.executor.parallel:run_until_complete
[17.930s] INFO:colcon.colcon_ros.task.ament_python.build:Building ROS package in '/home/suho/final/my_package' with build type 'ament_python'
[17.931s] Level 1:colcon.colcon_core.shell:create_environment_hook('my_package', 'ament_prefix_path')
[18.235s] INFO:colcon.colcon_core.plugin_system:Skipping extension 'colcon_core.shell.bat': Not used on non-Windows systems
[18.236s] INFO:colcon.colcon_core.shell:Creating environment hook '/home/suho/final/install/my_package/share/my_package/hook/ament_prefix_path.ps1'
[18.243s] INFO:colcon.colcon_core.shell:Creating environment descriptor '/home/suho/final/install/my_package/share/my_package/hook/ament_prefix_path.dsv'
[18.259s] INFO:colcon.colcon_core.shell:Creating environment hook '/home/suho/final/install/my_package/share/my_package/hook/ament_prefix_path.sh'
[19.047s] INFO:colcon.colcon_core.shell:Skip shell extension 'powershell' for command environment: Not usable outside of PowerShell
[19.047s] DEBUG:colcon.colcon_core.shell:Skip shell extension 'dsv' for command environment
[20.930s] INFO:colcon.colcon_core.task.python.build:Building Python package in '/home/suho/final/my_package'
[21.144s] INFO:colcon.colcon_core.shell:Skip shell extension 'powershell' for command environment: Not usable outside of PowerShell
[21.144s] DEBUG:colcon.colcon_core.shell:Skip shell extension 'dsv' for command environment
[25.792s] DEBUG:colcon.colcon_core.event_handler.log_command:Invoking command in '/home/suho/final/my_package': PYTHONPATH=/home/suho/final/build/my_package/prefix_override:/home/suho/final/install/my_package/lib/python3.8/site-packages: /usr/bin/python3 setup.py egg_info --egg-base ../build/my_package build --build-base /home/suho/final/build/my_package/build install --record /home/suho/final/build/my_package/install.log --install-scripts $base/lib/my_package --single-version-externally-managed
[27.274s] DEBUG:colcon.colcon_core.event_handler.log_command:Invoked command in '/home/suho/final/my_package' returned '0': PYTHONPATH=/home/suho/final/build/my_package/prefix_override:/home/suho/final/install/my_package/lib/python3.8/site-packages: /usr/bin/python3 setup.py egg_info --egg-base ../build/my_package build --build-base /home/suho/final/build/my_package/build install --record /home/suho/final/build/my_package/install.log --install-scripts $base/lib/my_package --single-version-externally-managed
[27.542s] Level 1:colcon.colcon_core.environment:checking '/home/suho/final/install/my_package' for CMake module files
[27.545s] Level 1:colcon.colcon_core.environment:checking '/home/suho/final/install/my_package' for CMake config files
[27.550s] Level 1:colcon.colcon_core.environment:checking '/home/suho/final/install/my_package/lib'
[27.551s] Level 1:colcon.colcon_core.environment:checking '/home/suho/final/install/my_package/bin'
[27.553s] Level 1:colcon.colcon_core.environment:checking '/home/suho/final/install/my_package/lib/pkgconfig/my_package.pc'
[27.554s] Level 1:colcon.colcon_core.environment:checking '/home/suho/final/install/my_package/lib/python3.8/site-packages'
[27.554s] Level 1:colcon.colcon_core.shell:create_environment_hook('my_package', 'pythonpath')
[27.836s] INFO:colcon.colcon_core.shell:Creating environment hook '/home/suho/final/install/my_package/share/my_package/hook/pythonpath.ps1'
[27.838s] INFO:colcon.colcon_core.shell:Creating environment descriptor '/home/suho/final/install/my_package/share/my_package/hook/pythonpath.dsv'
[27.841s] INFO:colcon.colcon_core.shell:Creating environment hook '/home/suho/final/install/my_package/share/my_package/hook/pythonpath.sh'
[27.844s] Level 1:colcon.colcon_core.environment:checking '/home/suho/final/install/my_package/bin'
[27.845s] Level 1:colcon.colcon_core.environment:create_environment_scripts_only(my_package)
[28.270s] INFO:colcon.colcon_core.shell:Creating package script '/home/suho/final/install/my_package/share/my_package/package.ps1'
[28.299s] INFO:colcon.colcon_core.shell:Creating package descriptor '/home/suho/final/install/my_package/share/my_package/package.dsv'
[28.306s] INFO:colcon.colcon_core.shell:Creating package script '/home/suho/final/install/my_package/share/my_package/package.sh'
[28.313s] INFO:colcon.colcon_core.shell:Creating package script '/home/suho/final/install/my_package/share/my_package/package.bash'
[28.327s] INFO:colcon.colcon_core.shell:Creating package script '/home/suho/final/install/my_package/share/my_package/package.zsh'
[28.417s] Level 1:colcon.colcon_core.environment:create_file_with_runtime_dependencies(/home/suho/final/install/my_package/share/colcon-core/packages/my_package)
[28.430s] DEBUG:colcon.colcon_parallel_executor.executor.parallel:closing loop
[28.456s] DEBUG:colcon.colcon_parallel_executor.executor.parallel:loop closed
[28.456s] DEBUG:colcon.colcon_parallel_executor.executor.parallel:run_until_complete finished with '0'
[28.457s] DEBUG:colcon.colcon_core.event_reactor:joining thread
[28.932s] INFO:colcon.colcon_core.plugin_system:Skipping extension 'colcon_notification.desktop_notification.terminal_notifier': Not used on non-Darwin systems
[28.932s] INFO:colcon.colcon_core.plugin_system:Skipping extension 'colcon_notification.desktop_notification.win32': Not used on non-Windows systems
[28.934s] INFO:colcon.colcon_notification.desktop_notification:Sending desktop notification using 'notify2'
[29.231s] DEBUG:colcon.colcon_core.event_reactor:joined thread
[29.589s] INFO:colcon.colcon_core.shell:Creating prefix script '/home/suho/final/install/local_setup.ps1'
[29.615s] INFO:colcon.colcon_core.shell:Creating prefix util module '/home/suho/final/install/_local_setup_util_ps1.py'
[29.646s] INFO:colcon.colcon_core.shell:Creating prefix chain script '/home/suho/final/install/setup.ps1'
[29.913s] INFO:colcon.colcon_core.shell:Creating prefix script '/home/suho/final/install/local_setup.sh'
[29.918s] INFO:colcon.colcon_core.shell:Creating prefix util module '/home/suho/final/install/_local_setup_util_sh.py'
[29.919s] INFO:colcon.colcon_core.shell:Creating prefix chain script '/home/suho/final/install/setup.sh'
[30.203s] INFO:colcon.colcon_core.shell:Creating prefix script '/home/suho/final/install/local_setup.bash'
[30.213s] INFO:colcon.colcon_core.shell:Creating prefix chain script '/home/suho/final/install/setup.bash'
[30.412s] INFO:colcon.colcon_core.shell:Creating prefix script '/home/suho/final/install/local_setup.zsh'
[30.417s] INFO:colcon.colcon_core.shell:Creating prefix chain script '/home/suho/final/install/setup.zsh'
