[15.765s] DEBUG:colcon:Command line arguments: ['/usr/bin/colcon', 'build']
[15.766s] DEBUG:colcon:Parsed command line arguments: Namespace(allow_overriding=[], ament_cmake_args=None, base_paths=['.'], build_base='build', catkin_cmake_args=None, catkin_skip_building_tests=False, cmake_args=None, cmake_clean_cache=False, cmake_clean_first=False, cmake_force_configure=False, cmake_target=None, cmake_target_skip_unavailable=False, continue_on_error=False, event_handlers=None, executor='parallel', ignore_user_meta=False, install_base='install', log_base=None, log_level=None, main=<bound method BuildVerb.main of <colcon_core.verb.build.BuildVerb object at 0x7f4fe9bb5670>>, merge_install=False, metas=['./colcon.meta'], packages_above=None, packages_above_and_dependencies=None, packages_above_depth=None, packages_end=None, packages_ignore=None, packages_ignore_regex=None, packages_select=None, packages_select_build_failed=False, packages_select_by_dep=None, packages_select_regex=None, packages_select_test_failures=False, packages_skip=None, packages_skip_build_finished=False, packages_skip_by_dep=None, packages_skip_regex=None, packages_skip_test_passed=False, packages_skip_up_to=None, packages_start=None, packages_up_to=None, packages_up_to_regex=None, parallel_workers=6, paths=None, symlink_install=False, test_result_base=None, verb_extension=<colcon_core.verb.build.BuildVerb object at 0x7f4fe9bb5670>, verb_name='build', verb_parser=<colcon_defaults.argument_parser.defaults.DefaultArgumentsDecorator object at 0x7f4fe9788670>)
[16.463s] Level 1:colcon.colcon_core.package_discovery:discover_packages(colcon_meta) check parameters
[16.464s] Level 1:colcon.colcon_core.package_discovery:discover_packages(recursive) check parameters
[16.465s] Level 1:colcon.colcon_core.package_discovery:discover_packages(ignore) check parameters
[16.465s] Level 1:colcon.colcon_core.package_discovery:discover_packages(path) check parameters
[16.465s] Level 1:colcon.colcon_core.package_discovery:discover_packages(colcon_meta) discover
[16.465s] Level 1:colcon.colcon_core.package_discovery:discover_packages(recursive) discover
[16.468s] INFO:colcon.colcon_core.package_discovery:Crawling recursively for packages in '/home/suho/final'
[16.468s] Level 1:colcon.colcon_core.package_identification:_identify(.) by extensions ['ignore', 'ignore_ament_install']
[16.469s] Level 1:colcon.colcon_core.package_identification:_identify(.) by extension 'ignore'
[16.469s] Level 1:colcon.colcon_core.package_identification:_identify(.) by extension 'ignore_ament_install'
[16.470s] Level 1:colcon.colcon_core.package_identification:_identify(.) by extensions ['colcon_pkg']
[16.470s] Level 1:colcon.colcon_core.package_identification:_identify(.) by extension 'colcon_pkg'
[16.470s] Level 1:colcon.colcon_core.package_identification:_identify(.) by extensions ['colcon_meta']
[16.470s] Level 1:colcon.colcon_core.package_identification:_identify(.) by extension 'colcon_meta'
[16.471s] Level 1:colcon.colcon_core.package_identification:_identify(.) by extensions ['ros']
[16.471s] Level 1:colcon.colcon_core.package_identification:_identify(.) by extension 'ros'
[16.502s] Level 1:colcon.colcon_core.package_identification:_identify(.) by extensions ['cmake', 'python']
[16.503s] Level 1:colcon.colcon_core.package_identification:_identify(.) by extension 'cmake'
[16.503s] Level 1:colcon.colcon_core.package_identification:_identify(.) by extension 'python'
[16.503s] Level 1:colcon.colcon_core.package_identification:_identify(.) by extensions ['python_setup_py']
[16.503s] Level 1:colcon.colcon_core.package_identification:_identify(.) by extension 'python_setup_py'
[16.504s] Level 1:colcon.colcon_core.package_identification:_identify(build) by extensions ['ignore', 'ignore_ament_install']
[16.505s] Level 1:colcon.colcon_core.package_identification:_identify(build) by extension 'ignore'
[16.505s] Level 1:colcon.colcon_core.package_identification:_identify(build) ignored
[16.506s] Level 1:colcon.colcon_core.package_identification:_identify(install) by extensions ['ignore', 'ignore_ament_install']
[16.508s] Level 1:colcon.colcon_core.package_identification:_identify(install) by extension 'ignore'
[16.508s] Level 1:colcon.colcon_core.package_identification:_identify(install) ignored
[16.509s] Level 1:colcon.colcon_core.package_identification:_identify(log) by extensions ['ignore', 'ignore_ament_install']
[16.509s] Level 1:colcon.colcon_core.package_identification:_identify(log) by extension 'ignore'
[16.510s] Level 1:colcon.colcon_core.package_identification:_identify(log) ignored
[16.510s] Level 1:colcon.colcon_core.package_identification:_identify(my_package) by extensions ['ignore', 'ignore_ament_install']
[16.510s] Level 1:colcon.colcon_core.package_identification:_identify(my_package) by extension 'ignore'
[16.511s] Level 1:colcon.colcon_core.package_identification:_identify(my_package) by extension 'ignore_ament_install'
[16.511s] Level 1:colcon.colcon_core.package_identification:_identify(my_package) by extensions ['colcon_pkg']
[16.511s] Level 1:colcon.colcon_core.package_identification:_identify(my_package) by extension 'colcon_pkg'
[16.511s] Level 1:colcon.colcon_core.package_identification:_identify(my_package) by extensions ['colcon_meta']
[16.511s] Level 1:colcon.colcon_core.package_identification:_identify(my_package) by extension 'colcon_meta'
[16.515s] Level 1:colcon.colcon_core.package_identification:_identify(my_package) by extensions ['ros']
[16.516s] Level 1:colcon.colcon_core.package_identification:_identify(my_package) by extension 'ros'
[16.524s] DEBUG:colcon.colcon_core.package_identification:Package 'my_package' with type 'ros.ament_python' and name 'my_package'
[16.525s] Level 1:colcon.colcon_core.package_discovery:discover_packages(recursive) using defaults
[16.526s] Level 1:colcon.colcon_core.package_discovery:discover_packages(ignore) discover
[16.527s] Level 1:colcon.colcon_core.package_discovery:discover_packages(ignore) using defaults
[16.527s] Level 1:colcon.colcon_core.package_discovery:discover_packages(path) discover
[16.527s] Level 1:colcon.colcon_core.package_discovery:discover_packages(path) using defaults
[17.953s] Level 1:colcon.colcon_core.package_discovery:discover_packages(prefix_path) check parameters
[17.954s] Level 1:colcon.colcon_core.package_discovery:discover_packages(prefix_path) discover
[18.536s] DEBUG:colcon.colcon_installed_package_information.package_discovery:Found 2 installed packages in /home/suho/gcamp_ros2_ws/install
[18.816s] DEBUG:colcon.colcon_installed_package_information.package_discovery:Found 307 installed packages in /opt/ros/foxy
[18.820s] Level 1:colcon.colcon_core.package_discovery:discover_packages(prefix_path) using defaults
[19.636s] Level 5:colcon.colcon_core.verb:set package 'my_package' build argument 'cmake_args' from command line to 'None'
[19.637s] Level 5:colcon.colcon_core.verb:set package 'my_package' build argument 'cmake_target' from command line to 'None'
[19.637s] Level 5:colcon.colcon_core.verb:set package 'my_package' build argument 'cmake_target_skip_unavailable' from command line to 'False'
[19.639s] Level 5:colcon.colcon_core.verb:set package 'my_package' build argument 'cmake_clean_cache' from command line to 'False'
[19.639s] Level 5:colcon.colcon_core.verb:set package 'my_package' build argument 'cmake_clean_first' from command line to 'False'
[19.640s] Level 5:colcon.colcon_core.verb:set package 'my_package' build argument 'cmake_force_configure' from command line to 'False'
[19.640s] Level 5:colcon.colcon_core.verb:set package 'my_package' build argument 'ament_cmake_args' from command line to 'None'
[19.640s] Level 5:colcon.colcon_core.verb:set package 'my_package' build argument 'catkin_cmake_args' from command line to 'None'
[19.641s] Level 5:colcon.colcon_core.verb:set package 'my_package' build argument 'catkin_skip_building_tests' from command line to 'False'
[19.641s] DEBUG:colcon.colcon_core.verb:Building package 'my_package' with the following arguments: {'ament_cmake_args': None, 'build_base': '/home/suho/final/build/my_package', 'catkin_cmake_args': None, 'catkin_skip_building_tests': False, 'cmake_args': None, 'cmake_clean_cache': False, 'cmake_clean_first': False, 'cmake_force_configure': False, 'cmake_target': None, 'cmake_target_skip_unavailable': False, 'install_base': '/home/suho/final/install/my_package', 'merge_install': False, 'path': '/home/suho/final/my_package', 'symlink_install': False, 'test_result_base': None}
[19.913s] INFO:colcon.colcon_core.executor:Executing jobs using 'parallel' executor
[20.229s] DEBUG:colcon.colcon_parallel_executor.executor.parallel:run_until_complete
[20.258s] INFO:colcon.colcon_ros.task.ament_python.build:Building ROS package in '/home/suho/final/my_package' with build type 'ament_python'
[20.259s] Level 1:colcon.colcon_core.shell:create_environment_hook('my_package', 'ament_prefix_path')
[20.672s] INFO:colcon.colcon_core.plugin_system:Skipping extension 'colcon_core.shell.bat': Not used on non-Windows systems
[20.673s] INFO:colcon.colcon_core.shell:Creating environment hook '/home/suho/final/install/my_package/share/my_package/hook/ament_prefix_path.ps1'
[20.677s] INFO:colcon.colcon_core.shell:Creating environment descriptor '/home/suho/final/install/my_package/share/my_package/hook/ament_prefix_path.dsv'
[20.681s] INFO:colcon.colcon_core.shell:Creating environment hook '/home/suho/final/install/my_package/share/my_package/hook/ament_prefix_path.sh'
[21.113s] INFO:colcon.colcon_core.shell:Skip shell extension 'powershell' for command environment: Not usable outside of PowerShell
[21.113s] DEBUG:colcon.colcon_core.shell:Skip shell extension 'dsv' for command environment
[23.830s] INFO:colcon.colcon_core.task.python.build:Building Python package in '/home/suho/final/my_package'
[24.544s] INFO:colcon.colcon_core.shell:Skip shell extension 'powershell' for command environment: Not usable outside of PowerShell
[24.553s] DEBUG:colcon.colcon_core.shell:Skip shell extension 'dsv' for command environment
[27.253s] DEBUG:colcon.colcon_core.event_handler.log_command:Invoking command in '/home/suho/final/my_package': PYTHONPATH=/home/suho/final/build/my_package/prefix_override:/home/suho/final/install/my_package/lib/python3.8/site-packages:${PYTHONPATH} /usr/bin/python3 setup.py egg_info --egg-base ../build/my_package build --build-base /home/suho/final/build/my_package/build install --record /home/suho/final/build/my_package/install.log --install-scripts $base/lib/my_package --single-version-externally-managed
[29.508s] DEBUG:colcon.colcon_core.event_handler.log_command:Invoked command in '/home/suho/final/my_package' returned '0': PYTHONPATH=/home/suho/final/build/my_package/prefix_override:/home/suho/final/install/my_package/lib/python3.8/site-packages:${PYTHONPATH} /usr/bin/python3 setup.py egg_info --egg-base ../build/my_package build --build-base /home/suho/final/build/my_package/build install --record /home/suho/final/build/my_package/install.log --install-scripts $base/lib/my_package --single-version-externally-managed
[29.896s] Level 1:colcon.colcon_core.environment:checking '/home/suho/final/install/my_package' for CMake module files
[29.897s] Level 1:colcon.colcon_core.environment:checking '/home/suho/final/install/my_package' for CMake config files
[29.909s] Level 1:colcon.colcon_core.environment:checking '/home/suho/final/install/my_package/lib'
[29.913s] Level 1:colcon.colcon_core.environment:checking '/home/suho/final/install/my_package/bin'
[29.913s] Level 1:colcon.colcon_core.environment:checking '/home/suho/final/install/my_package/lib/pkgconfig/my_package.pc'
[29.915s] Level 1:colcon.colcon_core.environment:checking '/home/suho/final/install/my_package/lib/python3.8/site-packages'
[29.916s] Level 1:colcon.colcon_core.shell:create_environment_hook('my_package', 'pythonpath')
[30.358s] INFO:colcon.colcon_core.shell:Creating environment hook '/home/suho/final/install/my_package/share/my_package/hook/pythonpath.ps1'
[30.368s] INFO:colcon.colcon_core.shell:Creating environment descriptor '/home/suho/final/install/my_package/share/my_package/hook/pythonpath.dsv'
[30.404s] INFO:colcon.colcon_core.shell:Creating environment hook '/home/suho/final/install/my_package/share/my_package/hook/pythonpath.sh'
[30.430s] Level 1:colcon.colcon_core.environment:checking '/home/suho/final/install/my_package/bin'
[30.430s] Level 1:colcon.colcon_core.environment:create_environment_scripts_only(my_package)
[30.989s] INFO:colcon.colcon_core.shell:Creating package script '/home/suho/final/install/my_package/share/my_package/package.ps1'
[31.001s] INFO:colcon.colcon_core.shell:Creating package descriptor '/home/suho/final/install/my_package/share/my_package/package.dsv'
[31.004s] INFO:colcon.colcon_core.shell:Creating package script '/home/suho/final/install/my_package/share/my_package/package.sh'
[31.023s] INFO:colcon.colcon_core.shell:Creating package script '/home/suho/final/install/my_package/share/my_package/package.bash'
[31.034s] INFO:colcon.colcon_core.shell:Creating package script '/home/suho/final/install/my_package/share/my_package/package.zsh'
[31.037s] Level 1:colcon.colcon_core.environment:create_file_with_runtime_dependencies(/home/suho/final/install/my_package/share/colcon-core/packages/my_package)
[31.048s] DEBUG:colcon.colcon_parallel_executor.executor.parallel:closing loop
[31.100s] DEBUG:colcon.colcon_parallel_executor.executor.parallel:loop closed
[31.100s] DEBUG:colcon.colcon_parallel_executor.executor.parallel:run_until_complete finished with '0'
[31.128s] DEBUG:colcon.colcon_core.event_reactor:joining thread
[31.656s] INFO:colcon.colcon_core.plugin_system:Skipping extension 'colcon_notification.desktop_notification.terminal_notifier': Not used on non-Darwin systems
[31.656s] INFO:colcon.colcon_core.plugin_system:Skipping extension 'colcon_notification.desktop_notification.win32': Not used on non-Windows systems
[31.658s] INFO:colcon.colcon_notification.desktop_notification:Sending desktop notification using 'notify2'
[31.878s] DEBUG:colcon.colcon_core.event_reactor:joined thread
[32.248s] INFO:colcon.colcon_core.shell:Creating prefix script '/home/suho/final/install/local_setup.ps1'
[32.264s] INFO:colcon.colcon_core.shell:Creating prefix util module '/home/suho/final/install/_local_setup_util_ps1.py'
[32.297s] INFO:colcon.colcon_core.shell:Creating prefix chain script '/home/suho/final/install/setup.ps1'
[32.599s] INFO:colcon.colcon_core.shell:Creating prefix script '/home/suho/final/install/local_setup.sh'
[32.603s] INFO:colcon.colcon_core.shell:Creating prefix util module '/home/suho/final/install/_local_setup_util_sh.py'
[32.607s] INFO:colcon.colcon_core.shell:Creating prefix chain script '/home/suho/final/install/setup.sh'
[32.886s] INFO:colcon.colcon_core.shell:Creating prefix script '/home/suho/final/install/local_setup.bash'
[32.889s] INFO:colcon.colcon_core.shell:Creating prefix chain script '/home/suho/final/install/setup.bash'
[33.216s] INFO:colcon.colcon_core.shell:Creating prefix script '/home/suho/final/install/local_setup.zsh'
[33.224s] INFO:colcon.colcon_core.shell:Creating prefix chain script '/home/suho/final/install/setup.zsh'
