[7.837s] Invoking command in '/home/suho/final/my_package': PYTHONPATH=/home/suho/final/build/my_package/prefix_override:/home/suho/final/install/my_package/lib/python3.8/site-packages:${PYTHONPATH} /usr/bin/python3 setup.py egg_info --egg-base ../build/my_package build --build-base /home/suho/final/build/my_package/build install --record /home/suho/final/build/my_package/install.log --install-scripts $base/lib/my_package --single-version-externally-managed
[8.803s] running egg_info
[8.803s] writing ../build/my_package/my_package.egg-info/PKG-INFO
[8.844s] writing dependency_links to ../build/my_package/my_package.egg-info/dependency_links.txt
[8.845s] writing entry points to ../build/my_package/my_package.egg-info/entry_points.txt
[8.910s] writing requirements to ../build/my_package/my_package.egg-info/requires.txt
[9.036s] writing top-level names to ../build/my_package/my_package.egg-info/top_level.txt
[9.228s] reading manifest file '../build/my_package/my_package.egg-info/SOURCES.txt'
[9.263s] writing manifest file '../build/my_package/my_package.egg-info/SOURCES.txt'
[9.264s] running build
[9.264s] running build_py
[9.265s] copying my_package/my_node.py -> /home/suho/final/build/my_package/build/lib/my_package
[9.278s] copying my_package/control_node.py -> /home/suho/final/build/my_package/build/lib/my_package
[9.280s] running install
[9.281s] running install_lib
[9.281s] copying /home/suho/final/build/my_package/build/lib/my_package/my_node.py -> /home/suho/final/install/my_package/lib/python3.8/site-packages/my_package
[9.282s] copying /home/suho/final/build/my_package/build/lib/my_package/control_node.py -> /home/suho/final/install/my_package/lib/python3.8/site-packages/my_package
[9.283s] byte-compiling /home/suho/final/install/my_package/lib/python3.8/site-packages/my_package/my_node.py to my_node.cpython-38.pyc
[9.365s] byte-compiling /home/suho/final/install/my_package/lib/python3.8/site-packages/my_package/control_node.py to control_node.cpython-38.pyc
[9.386s] running install_data
[9.398s] running install_egg_info
[9.420s] removing '/home/suho/final/install/my_package/lib/python3.8/site-packages/my_package-0.0.0-py3.8.egg-info' (and everything under it)
[9.420s] Copying ../build/my_package/my_package.egg-info to /home/suho/final/install/my_package/lib/python3.8/site-packages/my_package-0.0.0-py3.8.egg-info
[9.421s] running install_scripts
[9.619s] Installing control_node script to /home/suho/final/install/my_package/lib/my_package
[9.623s] Installing monitor_node script to /home/suho/final/install/my_package/lib/my_package
[9.624s] Installing motor_node script to /home/suho/final/install/my_package/lib/my_package
[9.624s] Installing my_node script to /home/suho/final/install/my_package/lib/my_package
[9.625s] Installing sensor_node script to /home/suho/final/install/my_package/lib/my_package
[9.625s] writing list of installed files to '/home/suho/final/build/my_package/install.log'
[9.863s] Invoked command in '/home/suho/final/my_package' returned '0': PYTHONPATH=/home/suho/final/build/my_package/prefix_override:/home/suho/final/install/my_package/lib/python3.8/site-packages:${PYTHONPATH} /usr/bin/python3 setup.py egg_info --egg-base ../build/my_package build --build-base /home/suho/final/build/my_package/build install --record /home/suho/final/build/my_package/install.log --install-scripts $base/lib/my_package --single-version-externally-managed
