[17.630s] Invoking command in '/home/suho/final/my_package': PYTHONPATH=/home/suho/final/build/my_package/prefix_override:/home/suho/final/install/my_package/lib/python3.8/site-packages:${PYTHONPATH} /usr/bin/python3 setup.py egg_info --egg-base ../build/my_package build --build-base /home/suho/final/build/my_package/build install --record /home/suho/final/build/my_package/install.log --install-scripts $base/lib/my_package --single-version-externally-managed
[19.584s] running egg_info
[19.584s] writing ../build/my_package/my_package.egg-info/PKG-INFO
[19.584s] writing dependency_links to ../build/my_package/my_package.egg-info/dependency_links.txt
[19.584s] writing entry points to ../build/my_package/my_package.egg-info/entry_points.txt
[19.585s] writing requirements to ../build/my_package/my_package.egg-info/requires.txt
[19.586s] writing top-level names to ../build/my_package/my_package.egg-info/top_level.txt
[19.922s] reading manifest file '../build/my_package/my_package.egg-info/SOURCES.txt'
[19.922s] writing manifest file '../build/my_package/my_package.egg-info/SOURCES.txt'
[19.923s] running build
[19.924s] running build_py
[19.941s] copying my_package/flask_node.py -> /home/suho/final/build/my_package/build/lib/my_package
[19.941s] running install
[19.942s] running install_lib
[19.976s] copying /home/suho/final/build/my_package/build/lib/my_package/flask_node.py -> /home/suho/final/install/my_package/lib/python3.8/site-packages/my_package
[19.977s] byte-compiling /home/suho/final/install/my_package/lib/python3.8/site-packages/my_package/flask_node.py to flask_node.cpython-38.pyc
[19.977s] running install_data
[19.977s] running install_egg_info
[20.085s] removing '/home/suho/final/install/my_package/lib/python3.8/site-packages/my_package-0.0.0-py3.8.egg-info' (and everything under it)
[20.150s] Copying ../build/my_package/my_package.egg-info to /home/suho/final/install/my_package/lib/python3.8/site-packages/my_package-0.0.0-py3.8.egg-info
[20.151s] running install_scripts
[20.290s] Installing control_node script to /home/suho/final/install/my_package/lib/my_package
[20.320s] Installing flask_node script to /home/suho/final/install/my_package/lib/my_package
[20.364s] Installing monitor_node script to /home/suho/final/install/my_package/lib/my_package
[20.364s] Installing motor_node script to /home/suho/final/install/my_package/lib/my_package
[20.365s] Installing sensor_node script to /home/suho/final/install/my_package/lib/my_package
[20.413s] writing list of installed files to '/home/suho/final/build/my_package/install.log'
[20.661s] Invoked command in '/home/suho/final/my_package' returned '0': PYTHONPATH=/home/suho/final/build/my_package/prefix_override:/home/suho/final/install/my_package/lib/python3.8/site-packages:${PYTHONPATH} /usr/bin/python3 setup.py egg_info --egg-base ../build/my_package build --build-base /home/suho/final/build/my_package/build install --record /home/suho/final/build/my_package/install.log --install-scripts $base/lib/my_package --single-version-externally-managed
