[8.601s] Invoking command in '/home/suho/final/my_package': PYTHONPATH=/home/suho/final/build/my_package/prefix_override:/home/suho/final/install/my_package/lib/python3.8/site-packages: /usr/bin/python3 setup.py egg_info --egg-base ../build/my_package build --build-base /home/suho/final/build/my_package/build install --record /home/suho/final/build/my_package/install.log --install-scripts $base/lib/my_package --single-version-externally-managed
[9.356s] running egg_info
[9.544s] writing ../build/my_package/my_package.egg-info/PKG-INFO
[9.545s] writing dependency_links to ../build/my_package/my_package.egg-info/dependency_links.txt
[9.545s] writing entry points to ../build/my_package/my_package.egg-info/entry_points.txt
[9.546s] writing requirements to ../build/my_package/my_package.egg-info/requires.txt
[9.582s] writing top-level names to ../build/my_package/my_package.egg-info/top_level.txt
[9.799s] reading manifest file '../build/my_package/my_package.egg-info/SOURCES.txt'
[9.838s] writing manifest file '../build/my_package/my_package.egg-info/SOURCES.txt'
[9.891s] running build
[9.898s] running build_py
[9.898s] copying my_package/motor_node.py -> /home/suho/final/build/my_package/build/lib/my_package
[9.906s] copying my_package/monitor_node.py -> /home/suho/final/build/my_package/build/lib/my_package
[9.906s] copying my_package/control_node.py -> /home/suho/final/build/my_package/build/lib/my_package
[9.907s] running install
[9.907s] running install_lib
[9.908s] copying /home/suho/final/build/my_package/build/lib/my_package/motor_node.py -> /home/suho/final/install/my_package/lib/python3.8/site-packages/my_package
[9.908s] copying /home/suho/final/build/my_package/build/lib/my_package/monitor_node.py -> /home/suho/final/install/my_package/lib/python3.8/site-packages/my_package
[9.909s] copying /home/suho/final/build/my_package/build/lib/my_package/control_node.py -> /home/suho/final/install/my_package/lib/python3.8/site-packages/my_package
[9.924s] byte-compiling /home/suho/final/install/my_package/lib/python3.8/site-packages/my_package/motor_node.py to motor_node.cpython-38.pyc
[9.942s] byte-compiling /home/suho/final/install/my_package/lib/python3.8/site-packages/my_package/monitor_node.py to monitor_node.cpython-38.pyc
[9.961s] byte-compiling /home/suho/final/install/my_package/lib/python3.8/site-packages/my_package/control_node.py to control_node.cpython-38.pyc
[10.085s] running install_data
[10.085s] running install_egg_info
[10.085s] removing '/home/suho/final/install/my_package/lib/python3.8/site-packages/my_package-0.0.0-py3.8.egg-info' (and everything under it)
[10.086s] Copying ../build/my_package/my_package.egg-info to /home/suho/final/install/my_package/lib/python3.8/site-packages/my_package-0.0.0-py3.8.egg-info
[10.086s] running install_scripts
[10.143s] Installing control_node script to /home/suho/final/install/my_package/lib/my_package
[10.178s] Installing flask_node script to /home/suho/final/install/my_package/lib/my_package
[10.221s] Installing monitor_node script to /home/suho/final/install/my_package/lib/my_package
[10.252s] Installing motor_node script to /home/suho/final/install/my_package/lib/my_package
[10.285s] Installing sensor_node script to /home/suho/final/install/my_package/lib/my_package
[10.285s] writing list of installed files to '/home/suho/final/build/my_package/install.log'
[10.466s] Invoked command in '/home/suho/final/my_package' returned '0': PYTHONPATH=/home/suho/final/build/my_package/prefix_override:/home/suho/final/install/my_package/lib/python3.8/site-packages: /usr/bin/python3 setup.py egg_info --egg-base ../build/my_package build --build-base /home/suho/final/build/my_package/build install --record /home/suho/final/build/my_package/install.log --install-scripts $base/lib/my_package --single-version-externally-managed
